<?xml version="1.0" encoding="UTF-8"?>
<testsuite xmlns:xsi="http://www.w3.org/2001/XMLSchema-instance" xsi:noNamespaceSchemaLocation="https://maven.apache.org/surefire/maven-surefire-plugin/xsd/surefire-test-report-3.0.xsd" version="3.0" name="TestSuite" time="435.471" tests="1" errors="0" skipped="0" failures="0">
  <properties>
    <property name="gopherProxySet" value="false"/>
    <property name="awt.toolkit" value="sun.lwawt.macosx.LWCToolkit"/>
    <property name="file.encoding.pkg" value="sun.io"/>
    <property name="java.specification.version" value="1.8"/>
    <property name="sun.cpu.isalist" value=""/>
    <property name="sun.jnu.encoding" value="UTF-8"/>
    <property name="java.class.path" value="/Users/ramin.karimi/eclipse-workspace/IOS/target/test-classes:/Users/ramin.karimi/eclipse-workspace/IOS/target/classes:/Users/ramin.karimi/.m2/repository/io/appium/java-client/7.5.1/java-client-7.5.1.jar:/Users/ramin.karimi/.m2/repository/org/seleniumhq/selenium/selenium-support/3.141.59/selenium-support-3.141.59.jar:/Users/ramin.karimi/.m2/repository/org/seleniumhq/selenium/selenium-api/3.141.59/selenium-api-3.141.59.jar:/Users/ramin.karimi/.m2/repository/com/google/code/gson/gson/2.8.6/gson-2.8.6.jar:/Users/ramin.karimi/.m2/repository/org/apache/httpcomponents/httpclient/4.5.13/httpclient-4.5.13.jar:/Users/ramin.karimi/.m2/repository/org/apache/httpcomponents/httpcore/4.4.13/httpcore-4.4.13.jar:/Users/ramin.karimi/.m2/repository/commons-codec/commons-codec/1.11/commons-codec-1.11.jar:/Users/ramin.karimi/.m2/repository/cglib/cglib/3.3.0/cglib-3.3.0.jar:/Users/ramin.karimi/.m2/repository/org/ow2/asm/asm/7.1/asm-7.1.jar:/Users/ramin.karimi/.m2/repository/org/springframework/spring-context/5.3.4/spring-context-5.3.4.jar:/Users/ramin.karimi/.m2/repository/org/springframework/spring-aop/5.3.4/spring-aop-5.3.4.jar:/Users/ramin.karimi/.m2/repository/org/springframework/spring-beans/5.3.4/spring-beans-5.3.4.jar:/Users/ramin.karimi/.m2/repository/org/springframework/spring-core/5.3.4/spring-core-5.3.4.jar:/Users/ramin.karimi/.m2/repository/org/springframework/spring-jcl/5.3.4/spring-jcl-5.3.4.jar:/Users/ramin.karimi/.m2/repository/org/springframework/spring-expression/5.3.4/spring-expression-5.3.4.jar:/Users/ramin.karimi/.m2/repository/org/aspectj/aspectjweaver/1.9.6/aspectjweaver-1.9.6.jar:/Users/ramin.karimi/.m2/repository/org/seleniumhq/selenium/selenium-java/3.141.59/selenium-java-3.141.59.jar:/Users/ramin.karimi/.m2/repository/org/seleniumhq/selenium/selenium-chrome-driver/3.141.59/selenium-chrome-driver-3.141.59.jar:/Users/ramin.karimi/.m2/repository/org/seleniumhq/selenium/selenium-edge-driver/3.141.59/selenium-edge-driver-3.141.59.jar:/Users/ramin.karimi/.m2/repository/org/seleniumhq/selenium/selenium-firefox-driver/3.141.59/selenium-firefox-driver-3.141.59.jar:/Users/ramin.karimi/.m2/repository/org/seleniumhq/selenium/selenium-ie-driver/3.141.59/selenium-ie-driver-3.141.59.jar:/Users/ramin.karimi/.m2/repository/org/seleniumhq/selenium/selenium-opera-driver/3.141.59/selenium-opera-driver-3.141.59.jar:/Users/ramin.karimi/.m2/repository/org/seleniumhq/selenium/selenium-remote-driver/3.141.59/selenium-remote-driver-3.141.59.jar:/Users/ramin.karimi/.m2/repository/org/seleniumhq/selenium/selenium-safari-driver/3.141.59/selenium-safari-driver-3.141.59.jar:/Users/ramin.karimi/.m2/repository/net/bytebuddy/byte-buddy/1.8.15/byte-buddy-1.8.15.jar:/Users/ramin.karimi/.m2/repository/org/apache/commons/commons-exec/1.3/commons-exec-1.3.jar:/Users/ramin.karimi/.m2/repository/com/google/guava/guava/25.0-jre/guava-25.0-jre.jar:/Users/ramin.karimi/.m2/repository/com/google/code/findbugs/jsr305/1.3.9/jsr305-1.3.9.jar:/Users/ramin.karimi/.m2/repository/org/checkerframework/checker-compat-qual/2.0.0/checker-compat-qual-2.0.0.jar:/Users/ramin.karimi/.m2/repository/com/google/errorprone/error_prone_annotations/2.1.3/error_prone_annotations-2.1.3.jar:/Users/ramin.karimi/.m2/repository/com/google/j2objc/j2objc-annotations/1.1/j2objc-annotations-1.1.jar:/Users/ramin.karimi/.m2/repository/org/codehaus/mojo/animal-sniffer-annotations/1.14/animal-sniffer-annotations-1.14.jar:/Users/ramin.karimi/.m2/repository/com/squareup/okhttp3/okhttp/3.11.0/okhttp-3.11.0.jar:/Users/ramin.karimi/.m2/repository/com/squareup/okio/okio/1.14.0/okio-1.14.0.jar:/Users/ramin.karimi/.m2/repository/org/testng/testng/7.4.0/testng-7.4.0.jar:/Users/ramin.karimi/.m2/repository/com/beust/jcommander/1.78/jcommander-1.78.jar:/Users/ramin.karimi/.m2/repository/org/webjars/jquery/3.5.1/jquery-3.5.1.jar:/Users/ramin.karimi/.m2/repository/org/slf4j/slf4j-simple/1.7.32/slf4j-simple-1.7.32.jar:/Users/ramin.karimi/.m2/repository/org/slf4j/slf4j-api/1.7.32/slf4j-api-1.7.32.jar:/Users/ramin.karimi/.m2/repository/org/apache/commons/commons-lang3/3.12.0/commons-lang3-3.12.0.jar:/Users/ramin.karimi/.m2/repository/commons-io/commons-io/2.11.0/commons-io-2.11.0.jar:/Users/ramin.karimi/.m2/repository/commons-validator/commons-validator/1.7/commons-validator-1.7.jar:/Users/ramin.karimi/.m2/repository/commons-beanutils/commons-beanutils/1.9.4/commons-beanutils-1.9.4.jar:/Users/ramin.karimi/.m2/repository/commons-digester/commons-digester/2.1/commons-digester-2.1.jar:/Users/ramin.karimi/.m2/repository/commons-logging/commons-logging/1.2/commons-logging-1.2.jar:/Users/ramin.karimi/.m2/repository/commons-collections/commons-collections/3.2.2/commons-collections-3.2.2.jar:/Users/ramin.karimi/.m2/repository/com/aventstack/extentreports/3.0.0/extentreports-3.0.0.jar:/Users/ramin.karimi/.m2/repository/org/freemarker/freemarker/2.3.23/freemarker-2.3.23.jar:/Users/ramin.karimi/.m2/repository/org/mongodb/mongodb-driver/3.3.0/mongodb-driver-3.3.0.jar:/Users/ramin.karimi/.m2/repository/org/mongodb/bson/3.3.0/bson-3.3.0.jar:/Users/ramin.karimi/.m2/repository/org/mongodb/mongodb-driver-core/3.3.0/mongodb-driver-core-3.3.0.jar:/Users/ramin.karimi/.m2/repository/org/apache/httpcomponents/httpmime/4.5.2/httpmime-4.5.2.jar:"/>
    <property name="java.vm.vendor" value="Oracle Corporation"/>
    <property name="sun.arch.data.model" value="64"/>
    <property name="java.vendor.url" value="http://java.oracle.com/"/>
    <property name="user.timezone" value="America/Toronto"/>
    <property name="java.vm.specification.version" value="1.8"/>
    <property name="os.name" value="Mac OS X"/>
    <property name="user.country" value="CA"/>
    <property name="sun.java.launcher" value="SUN_STANDARD"/>
    <property name="sun.boot.library.path" value="/Library/Java/JavaVirtualMachines/jdk1.8.0_202.jdk/Contents/Home/jre/lib"/>
    <property name="sun.java.command" value="/Users/ramin.karimi/eclipse-workspace/IOS/target/surefire/surefirebooter6181829431819436013.jar /Users/ramin.karimi/eclipse-workspace/IOS/target/surefire 2022-02-25T12-14-26_059-jvmRun1 surefire6222404488845552184tmp surefire_06682481222204096159tmp"/>
    <property name="http.nonProxyHosts" value="local|*.local|169.254/16|*.169.254/16"/>
    <property name="surefire.test.class.path" value="/Users/ramin.karimi/eclipse-workspace/IOS/target/test-classes:/Users/ramin.karimi/eclipse-workspace/IOS/target/classes:/Users/ramin.karimi/.m2/repository/io/appium/java-client/7.5.1/java-client-7.5.1.jar:/Users/ramin.karimi/.m2/repository/org/seleniumhq/selenium/selenium-support/3.141.59/selenium-support-3.141.59.jar:/Users/ramin.karimi/.m2/repository/org/seleniumhq/selenium/selenium-api/3.141.59/selenium-api-3.141.59.jar:/Users/ramin.karimi/.m2/repository/com/google/code/gson/gson/2.8.6/gson-2.8.6.jar:/Users/ramin.karimi/.m2/repository/org/apache/httpcomponents/httpclient/4.5.13/httpclient-4.5.13.jar:/Users/ramin.karimi/.m2/repository/org/apache/httpcomponents/httpcore/4.4.13/httpcore-4.4.13.jar:/Users/ramin.karimi/.m2/repository/commons-codec/commons-codec/1.11/commons-codec-1.11.jar:/Users/ramin.karimi/.m2/repository/cglib/cglib/3.3.0/cglib-3.3.0.jar:/Users/ramin.karimi/.m2/repository/org/ow2/asm/asm/7.1/asm-7.1.jar:/Users/ramin.karimi/.m2/repository/org/springframework/spring-context/5.3.4/spring-context-5.3.4.jar:/Users/ramin.karimi/.m2/repository/org/springframework/spring-aop/5.3.4/spring-aop-5.3.4.jar:/Users/ramin.karimi/.m2/repository/org/springframework/spring-beans/5.3.4/spring-beans-5.3.4.jar:/Users/ramin.karimi/.m2/repository/org/springframework/spring-core/5.3.4/spring-core-5.3.4.jar:/Users/ramin.karimi/.m2/repository/org/springframework/spring-jcl/5.3.4/spring-jcl-5.3.4.jar:/Users/ramin.karimi/.m2/repository/org/springframework/spring-expression/5.3.4/spring-expression-5.3.4.jar:/Users/ramin.karimi/.m2/repository/org/aspectj/aspectjweaver/1.9.6/aspectjweaver-1.9.6.jar:/Users/ramin.karimi/.m2/repository/org/seleniumhq/selenium/selenium-java/3.141.59/selenium-java-3.141.59.jar:/Users/ramin.karimi/.m2/repository/org/seleniumhq/selenium/selenium-chrome-driver/3.141.59/selenium-chrome-driver-3.141.59.jar:/Users/ramin.karimi/.m2/repository/org/seleniumhq/selenium/selenium-edge-driver/3.141.59/selenium-edge-driver-3.141.59.jar:/Users/ramin.karimi/.m2/repository/org/seleniumhq/selenium/selenium-firefox-driver/3.141.59/selenium-firefox-driver-3.141.59.jar:/Users/ramin.karimi/.m2/repository/org/seleniumhq/selenium/selenium-ie-driver/3.141.59/selenium-ie-driver-3.141.59.jar:/Users/ramin.karimi/.m2/repository/org/seleniumhq/selenium/selenium-opera-driver/3.141.59/selenium-opera-driver-3.141.59.jar:/Users/ramin.karimi/.m2/repository/org/seleniumhq/selenium/selenium-remote-driver/3.141.59/selenium-remote-driver-3.141.59.jar:/Users/ramin.karimi/.m2/repository/org/seleniumhq/selenium/selenium-safari-driver/3.141.59/selenium-safari-driver-3.141.59.jar:/Users/ramin.karimi/.m2/repository/net/bytebuddy/byte-buddy/1.8.15/byte-buddy-1.8.15.jar:/Users/ramin.karimi/.m2/repository/org/apache/commons/commons-exec/1.3/commons-exec-1.3.jar:/Users/ramin.karimi/.m2/repository/com/google/guava/guava/25.0-jre/guava-25.0-jre.jar:/Users/ramin.karimi/.m2/repository/com/google/code/findbugs/jsr305/1.3.9/jsr305-1.3.9.jar:/Users/ramin.karimi/.m2/repository/org/checkerframework/checker-compat-qual/2.0.0/checker-compat-qual-2.0.0.jar:/Users/ramin.karimi/.m2/repository/com/google/errorprone/error_prone_annotations/2.1.3/error_prone_annotations-2.1.3.jar:/Users/ramin.karimi/.m2/repository/com/google/j2objc/j2objc-annotations/1.1/j2objc-annotations-1.1.jar:/Users/ramin.karimi/.m2/repository/org/codehaus/mojo/animal-sniffer-annotations/1.14/animal-sniffer-annotations-1.14.jar:/Users/ramin.karimi/.m2/repository/com/squareup/okhttp3/okhttp/3.11.0/okhttp-3.11.0.jar:/Users/ramin.karimi/.m2/repository/com/squareup/okio/okio/1.14.0/okio-1.14.0.jar:/Users/ramin.karimi/.m2/repository/org/testng/testng/7.4.0/testng-7.4.0.jar:/Users/ramin.karimi/.m2/repository/com/beust/jcommander/1.78/jcommander-1.78.jar:/Users/ramin.karimi/.m2/repository/org/webjars/jquery/3.5.1/jquery-3.5.1.jar:/Users/ramin.karimi/.m2/repository/org/slf4j/slf4j-simple/1.7.32/slf4j-simple-1.7.32.jar:/Users/ramin.karimi/.m2/repository/org/slf4j/slf4j-api/1.7.32/slf4j-api-1.7.32.jar:/Users/ramin.karimi/.m2/repository/org/apache/commons/commons-lang3/3.12.0/commons-lang3-3.12.0.jar:/Users/ramin.karimi/.m2/repository/commons-io/commons-io/2.11.0/commons-io-2.11.0.jar:/Users/ramin.karimi/.m2/repository/commons-validator/commons-validator/1.7/commons-validator-1.7.jar:/Users/ramin.karimi/.m2/repository/commons-beanutils/commons-beanutils/1.9.4/commons-beanutils-1.9.4.jar:/Users/ramin.karimi/.m2/repository/commons-digester/commons-digester/2.1/commons-digester-2.1.jar:/Users/ramin.karimi/.m2/repository/commons-logging/commons-logging/1.2/commons-logging-1.2.jar:/Users/ramin.karimi/.m2/repository/commons-collections/commons-collections/3.2.2/commons-collections-3.2.2.jar:/Users/ramin.karimi/.m2/repository/com/aventstack/extentreports/3.0.0/extentreports-3.0.0.jar:/Users/ramin.karimi/.m2/repository/org/freemarker/freemarker/2.3.23/freemarker-2.3.23.jar:/Users/ramin.karimi/.m2/repository/org/mongodb/mongodb-driver/3.3.0/mongodb-driver-3.3.0.jar:/Users/ramin.karimi/.m2/repository/org/mongodb/bson/3.3.0/bson-3.3.0.jar:/Users/ramin.karimi/.m2/repository/org/mongodb/mongodb-driver-core/3.3.0/mongodb-driver-core-3.3.0.jar:/Users/ramin.karimi/.m2/repository/org/apache/httpcomponents/httpmime/4.5.2/httpmime-4.5.2.jar:"/>
    <property name="sun.cpu.endian" value="little"/>
    <property name="user.home" value="/Users/ramin.karimi"/>
    <property name="user.language" value="en"/>
    <property name="java.specification.vendor" value="Oracle Corporation"/>
    <property name="java.home" value="/Library/Java/JavaVirtualMachines/jdk1.8.0_202.jdk/Contents/Home/jre"/>
    <property name="basedir" value="/Users/ramin.karimi/eclipse-workspace/IOS"/>
    <property name="file.separator" value="/"/>
    <property name="line.separator" value="&#10;"/>
    <property name="java.vm.specification.vendor" value="Oracle Corporation"/>
    <property name="java.specification.name" value="Java Platform API Specification"/>
    <property name="java.awt.graphicsenv" value="sun.awt.CGraphicsEnvironment"/>
    <property name="surefire.real.class.path" value="/Users/ramin.karimi/eclipse-workspace/IOS/target/surefire/surefirebooter6181829431819436013.jar"/>
    <property name="sun.boot.class.path" value="/Library/Java/JavaVirtualMachines/jdk1.8.0_202.jdk/Contents/Home/jre/lib/resources.jar:/Library/Java/JavaVirtualMachines/jdk1.8.0_202.jdk/Contents/Home/jre/lib/rt.jar:/Library/Java/JavaVirtualMachines/jdk1.8.0_202.jdk/Contents/Home/jre/lib/sunrsasign.jar:/Library/Java/JavaVirtualMachines/jdk1.8.0_202.jdk/Contents/Home/jre/lib/jsse.jar:/Library/Java/JavaVirtualMachines/jdk1.8.0_202.jdk/Contents/Home/jre/lib/jce.jar:/Library/Java/JavaVirtualMachines/jdk1.8.0_202.jdk/Contents/Home/jre/lib/charsets.jar:/Library/Java/JavaVirtualMachines/jdk1.8.0_202.jdk/Contents/Home/jre/lib/jfr.jar:/Library/Java/JavaVirtualMachines/jdk1.8.0_202.jdk/Contents/Home/jre/classes"/>
    <property name="sun.management.compiler" value="HotSpot 64-Bit Tiered Compilers"/>
    <property name="ftp.nonProxyHosts" value="local|*.local|169.254/16|*.169.254/16"/>
    <property name="java.runtime.version" value="1.8.0_202-b08"/>
    <property name="user.name" value="ramin.karimi"/>
    <property name="path.separator" value=":"/>
    <property name="os.version" value="10.16"/>
    <property name="java.endorsed.dirs" value="/Library/Java/JavaVirtualMachines/jdk1.8.0_202.jdk/Contents/Home/jre/lib/endorsed"/>
    <property name="java.runtime.name" value="Java(TM) SE Runtime Environment"/>
    <property name="file.encoding" value="UTF-8"/>
    <property name="java.vm.name" value="Java HotSpot(TM) 64-Bit Server VM"/>
    <property name="localRepository" value="/Users/ramin.karimi/.m2/repository"/>
    <property name="java.vendor.url.bug" value="http://bugreport.sun.com/bugreport/"/>
    <property name="java.io.tmpdir" value="/var/folders/r8/j410hbxj31n09438mj9pjg6d124h42/T/"/>
    <property name="java.version" value="1.8.0_202"/>
    <property name="user.dir" value="/Users/ramin.karimi/eclipse-workspace/IOS"/>
    <property name="os.arch" value="x86_64"/>
    <property name="java.vm.specification.name" value="Java Virtual Machine Specification"/>
    <property name="java.awt.printerjob" value="sun.lwawt.macosx.CPrinterJob"/>
    <property name="sun.os.patch.level" value="unknown"/>
    <property name="java.library.path" value="/Users/ramin.karimi/Library/Java/Extensions:/Library/Java/Extensions:/Network/Library/Java/Extensions:/System/Library/Java/Extensions:/usr/lib/java:."/>
    <property name="java.vm.info" value="mixed mode"/>
    <property name="java.vendor" value="Oracle Corporation"/>
    <property name="java.vm.version" value="25.202-b08"/>
    <property name="java.ext.dirs" value="/Users/ramin.karimi/Library/Java/Extensions:/Library/Java/JavaVirtualMachines/jdk1.8.0_202.jdk/Contents/Home/jre/lib/ext:/Library/Java/Extensions:/Network/Library/Java/Extensions:/System/Library/Java/Extensions:/usr/lib/java"/>
    <property name="sun.io.unicode.encoding" value="UnicodeBig"/>
    <property name="java.class.version" value="52.0"/>
    <property name="socksNonProxyHosts" value="local|*.local|169.254/16|*.169.254/16"/>
  </properties>
  <testcase name="GeneralRental" classname="ZeppelinRental.GeneralRentTest" time="430.736">
    <system-out><![CDATA[Server runing status is false
&amp#27;[35m[Appium]&amp#27;[39m Welcome to Appium v1.22.0
&amp#27;[35m[Appium]&amp#27;[39m Non-default server args:
&amp#27;[35m[Appium]&amp#27;[39m   address: 127.0.0.1
&amp#27;[35m[Appium]&amp#27;[39m Appium REST http interface listener started on 127.0.0.1:4723
&amp#27;[35m[HTTP]&amp#27;[39m &amp#27;[37m-->&amp#27;[39m &amp#27;[37mGET&amp#27;[39m &amp#27;[37m/wd/hub/status&amp#27;[39m
&amp#27;[35m[HTTP]&amp#27;[39m &amp#27;[90m{}&amp#27;[39m
[debug] &amp#27;[35m[GENERIC]&amp#27;[39m Calling AppiumDriver.getStatus() with args: []
[debug] &amp#27;[35m[GENERIC]&amp#27;[39m Responding to client with driver.getStatus() result: {"build":{"version":"1.22.0"}}
&amp#27;[35m[HTTP]&amp#27;[39m &amp#27;[37m<-- GET /wd/hub/status &amp#27;[39m&amp#27;[32m200&amp#27;[39m &amp#27;[90m5 ms - 68&amp#27;[39m
&amp#27;[35m[HTTP]&amp#27;[39m &amp#27;[90m&amp#27;[39m
[debug] &amp#27;[35m[HTTP]&amp#27;[39m Request idempotency key: 0750200d-32a8-40ab-89a8-319e6dceffa0
&amp#27;[35m[HTTP]&amp#27;[39m &amp#27;[37m-->&amp#27;[39m &amp#27;[37mPOST&amp#27;[39m &amp#27;[37m/wd/hub/session&amp#27;[39m
&amp#27;[35m[HTTP]&amp#27;[39m &amp#27;[90m{"desiredCapabilities":{"app":"/Users/ramin.karimi/eclipse-workspace/IOS/src/main/java/resources/irdeto-Zeppelin.ipa","simpleIsVisibleCheck":"true","commandTimeouts":"750000","xcodeOrgId":"XMS468WL7M","deviceName":"iPhone","launchTimeout":"500000","updatedWDABundleId":"com.irdetosecurity.keystone.clr.zeppelin.internal","xcodeSigningId":"iPhone Developer","platformVersion":"14.0.1","automationName":"XCuiTest","platformName":"iOS","udid":"00008030-001241C821F2402E"},"capabilities":{"firstMatch":[{"appium:app":"/Users/ramin.karimi/eclipse-workspace/IOS/src/main/java/resources/irdeto-Zeppelin.ipa","appium:automationName":"XCuiTest","appium:commandTimeouts":"750000","appium:deviceName":"iPhone","appium:launchTimeout":"500000","platformName":"ios","appium:platformVersion":"14.0.1","appium:simpleIsVisibleCheck":"true","appium:udid":"00008030-001241C821F2402E","appium:updatedWDABundleId":"com.irdetosecurity.keystone.clr.zeppelin.internal","appium:xcodeOrgId":"XMS468WL7M","appium:xcodeSigningId":"iPhone Developer"}]}}&amp#27;[39m
[debug] &amp#27;[35m[W3C]&amp#27;[39m Calling AppiumDriver.createSession() with args: [{"app":"/Users/ramin.karimi/eclipse-workspace/IOS/src/main/java/resources/irdeto-Zeppelin.ipa","simpleIsVisibleCheck":"true","commandTimeouts":"750000","xcodeOrgId":"XMS468WL7M","deviceName":"iPhone","launchTimeout":"500000","updatedWDABundleId":"com.irdetosecurity.keystone.clr.zeppelin.internal","xcodeSigningId":"iPhone Developer","platformVersion":"14.0.1","automationName":"XCuiTest","platformName":"iOS","udid":"00008030-001241C821F2402E"},null,{"firstMatch":[{"appium:app":"/Users/ramin.karimi/eclipse-workspace/IOS/src/main/java/resources/irdeto-Zeppelin.ipa","appium:automationName":"XCuiTest","appium:commandTimeouts":"750000","appium:deviceName":"iPhone","appium:launchTimeout":"500000","platformName":"ios","appium:platformVersion":"14.0.1","appium:simpleIsVisibleCheck":"true","appium:udid":"00008030-001241C821F2402E","appium:updatedWDABundleId":"com.irdetosecurity.keystone.clr.zeppelin.internal","appium:xcodeOrgId":"XMS468WL7M","appium:xcodeSigningId":"iPhone Developer"}]}]
[debug] &amp#27;[35m[BaseDriver]&amp#27;[39m Event 'newSessionRequested' logged at 1645809273177 (12:14:33 GMT-0500 (Eastern Standard Time))
&amp#27;[35m[Appium]&amp#27;[39m Appium v1.22.0 creating new XCUITestDriver (v3.53.1) session
[debug] &amp#27;[35m[BaseDriver]&amp#27;[39m W3C capabilities and MJSONWP desired capabilities were provided
[debug] &amp#27;[35m[BaseDriver]&amp#27;[39m Creating session with W3C capabilities: {
[debug] &amp#27;[35m[BaseDriver]&amp#27;[39m   "alwaysMatch": {
[debug] &amp#27;[35m[BaseDriver]&amp#27;[39m     "platformName": "ios",
[debug] &amp#27;[35m[BaseDriver]&amp#27;[39m     "appium:app": "/Users/ramin.karimi/eclipse-workspace/IOS/src/main/java/resources/irdeto-Zeppelin.ipa",
[debug] &amp#27;[35m[BaseDriver]&amp#27;[39m     "appium:automationName": "XCuiTest",
[debug] &amp#27;[35m[BaseDriver]&amp#27;[39m     "appium:commandTimeouts": "750000",
[debug] &amp#27;[35m[BaseDriver]&amp#27;[39m     "appium:deviceName": "iPhone",
[debug] &amp#27;[35m[BaseDriver]&amp#27;[39m     "appium:launchTimeout": "500000",
[debug] &amp#27;[35m[BaseDriver]&amp#27;[39m     "appium:platformVersion": "14.0.1",
[debug] &amp#27;[35m[BaseDriver]&amp#27;[39m     "appium:simpleIsVisibleCheck": "true",
[debug] &amp#27;[35m[BaseDriver]&amp#27;[39m     "appium:udid": "00008030-001241C821F2402E",
[debug] &amp#27;[35m[BaseDriver]&amp#27;[39m     "appium:updatedWDABundleId": "com.irdetosecurity.keystone.clr.zeppelin.internal",
[debug] &amp#27;[35m[BaseDriver]&amp#27;[39m     "appium:xcodeOrgId": "XMS468WL7M",
[debug] &amp#27;[35m[BaseDriver]&amp#27;[39m     "appium:xcodeSigningId": "iPhone Developer"
[debug] &amp#27;[35m[BaseDriver]&amp#27;[39m   },
[debug] &amp#27;[35m[BaseDriver]&amp#27;[39m   "firstMatch": [
[debug] &amp#27;[35m[BaseDriver]&amp#27;[39m     {}
[debug] &amp#27;[35m[BaseDriver]&amp#27;[39m   ]
[debug] &amp#27;[35m[BaseDriver]&amp#27;[39m }
&amp#27;[35m[BaseDriver]&amp#27;[39m Capability 'simpleIsVisibleCheck' changed from string to boolean. This may cause unexpected behavior
&amp#27;[35m[BaseDriver]&amp#27;[39m The following capabilities were provided, but are not recognized by Appium:
&amp#27;[35m[BaseDriver]&amp#27;[39m   launchTimeout
&amp#27;[35m[BaseDriver]&amp#27;[39m Session created with session id: fa22c5fe-5ae1-4114-abfe-4bea6798cb79
[debug] &amp#27;[35m[XCUITest]&amp#27;[39m Current user: 'ramin.karimi'
[debug] &amp#27;[35m[XCUITest]&amp#27;[39m Available devices: 00008030-001241C821F2402E
[debug] &amp#27;[35m[XCUITest]&amp#27;[39m Creating iDevice object with udid '00008030-001241C821F2402E'
&amp#27;[35m[XCUITest]&amp#27;[39m Determining device to run tests on: udid: '00008030-001241C821F2402E', real device: true
&amp#27;[35m[XCUITest]&amp#27;[39m Normalized platformVersion capability value '14.0.1' to '14.0'
[debug] &amp#27;[35m[BaseDriver]&amp#27;[39m Event 'xcodeDetailsRetrieved' logged at 1645809273406 (12:14:33 GMT-0500 (Eastern Standard Time))
&amp#27;[35m[BaseDriver]&amp#27;[39m Using local app '/Users/ramin.karimi/eclipse-workspace/IOS/src/main/java/resources/irdeto-Zeppelin.ipa'
[debug] &amp#27;[35m[BaseDriver]&amp#27;[39m Unzipping '/Users/ramin.karimi/eclipse-workspace/IOS/src/main/java/resources/irdeto-Zeppelin.ipa'
[debug] &amp#27;[35m[BaseDriver]&amp#27;[39m Enforcing UTF-8 encoding on the extracted file names for 'irdeto-Zeppelin.ipa'
dbug Support Found '%s' at '%s'
dbug Support unzip
dbug Support /usr/bin/unzip
[debug] &amp#27;[35m[BaseDriver]&amp#27;[39m Extracted 1 bundle item from '/Users/ramin.karimi/eclipse-workspace/IOS/src/main/java/resources/irdeto-Zeppelin.ipa' in 736ms: Payload/irdeto-zeppelin.app
&amp#27;[35m[BaseDriver]&amp#27;[39m Assuming 'Payload/irdeto-zeppelin.app' is the correct bundle
&amp#27;[35m[BaseDriver]&amp#27;[39m Unzipped local app to '/var/folders/r8/j410hbxj31n09438mj9pjg6d124h42/T/2022125-81669-1iyw3b6.z71b/irdeto-zeppelin.app'
[debug] &amp#27;[35m[BaseDriver]&amp#27;[39m Event 'appConfigured' logged at 1645809274272 (12:14:34 GMT-0500 (Eastern Standard Time))
[debug] &amp#27;[35m[XCUITest]&amp#27;[39m Checking whether app '/var/folders/r8/j410hbxj31n09438mj9pjg6d124h42/T/2022125-81669-1iyw3b6.z71b/irdeto-zeppelin.app' is actually present on file system
[debug] &amp#27;[35m[XCUITest]&amp#27;[39m App is present
[debug] &amp#27;[35m[XCUITest]&amp#27;[39m Getting bundle ID from app '/var/folders/r8/j410hbxj31n09438mj9pjg6d124h42/T/2022125-81669-1iyw3b6.z71b/irdeto-zeppelin.app': 'com.irdetosecurity.keystone.clr.zeppelin.internal'
[debug] &amp#27;[35m[BaseDriver]&amp#27;[39m Event 'resetStarted' logged at 1645809274274 (12:14:34 GMT-0500 (Eastern Standard Time))
[debug] &amp#27;[35m[XCUITest]&amp#27;[39m Reset: running ios real device reset flow
[debug] &amp#27;[35m[BaseDriver]&amp#27;[39m Event 'resetComplete' logged at 1645809274275 (12:14:34 GMT-0500 (Eastern Standard Time))
&amp#27;[35m[WebDriverAgent]&amp#27;[39m Using WDA path: '/usr/local/lib/node_modules/appium/node_modules/appium-webdriveragent'
&amp#27;[35m[WebDriverAgent]&amp#27;[39m Using WDA agent: '/usr/local/lib/node_modules/appium/node_modules/appium-webdriveragent/WebDriverAgent.xcodeproj'
[debug] &amp#27;[35m[XCUITest]&amp#27;[39m Crash reports root '/Users/ramin.karimi/Library/Logs/CrashReporter/MobileDevice/iPhone' does not exist. Got nothing to gather.
[debug] &amp#27;[35m[BaseDriver]&amp#27;[39m Event 'logCaptureStarted' logged at 1645809274465 (12:14:34 GMT-0500 (Eastern Standard Time))
&amp#27;[35m[XCUITest]&amp#27;[39m Setting up real device
[debug] &amp#27;[35m[XCUITest]&amp#27;[39m Verifying application platform
[debug] &amp#27;[35m[XCUITest]&amp#27;[39m CFBundleSupportedPlatforms: ["iPhoneOS"]
[debug] &amp#27;[35m[XCUITest]&amp#27;[39m Reset requested. Removing app with id 'com.irdetosecurity.keystone.clr.zeppelin.internal' from the device
[debug] &amp#27;[35m[XCUITest]&amp#27;[39m Installing '/var/folders/r8/j410hbxj31n09438mj9pjg6d124h42/T/2022125-81669-1iyw3b6.z71b/irdeto-zeppelin.app' on device with UUID '00008030-001241C821F2402E'...
[debug] &amp#27;[35m[WebDriverAgent]&amp#27;[39m Parsed BUILD_DIR configuration value: '/Users/ramin.karimi/Library/Developer/Xcode/DerivedData/WebDriverAgent-ciegwgvxzxdrqthilmrmczmqvrgu/Build/Products'
[debug] &amp#27;[35m[WebDriverAgent]&amp#27;[39m Got derived data root: '/Users/ramin.karimi/Library/Developer/Xcode/DerivedData/WebDriverAgent-ciegwgvxzxdrqthilmrmczmqvrgu'
dbug Support Traversed 84 directories and 254 files in 6248ms
[debug] &amp#27;[35m[XCUITest]&amp#27;[39m Pushed the app files successfully after 6358ms
&amp#27;[35m[XCUITest]&amp#27;[39m App installation succeeded after 7056ms
[debug] &amp#27;[35m[XCUITest]&amp#27;[39m The app has been installed successfully.
[debug] &amp#27;[35m[BaseDriver]&amp#27;[39m Event 'appInstalled' logged at 1645809281956 (12:14:41 GMT-0500 (Eastern Standard Time))
[debug] &amp#27;[35m[WebDriverAgent]&amp#27;[39m No obsolete cached processes from previous WDA sessions listening on port 8100 have been found
&amp#27;[35m[DevCon Factory]&amp#27;[39m Requesting connection for device 00008030-001241C821F2402E on local port 8100, device port 8100
[debug] &amp#27;[35m[DevCon Factory]&amp#27;[39m Cached connections count: 0
&amp#27;[35m[DevCon Factory]&amp#27;[39m Successfully requested the connection for 00008030-001241C821F2402E:8100
[debug] &amp#27;[35m[XCUITest]&amp#27;[39m Starting WebDriverAgent initialization with the synchronization key 'XCUITestDriver'
[debug] &amp#27;[35m[WD Proxy]&amp#27;[39m Matched '/status' to command name 'getStatus'
[debug] &amp#27;[35m[WD Proxy]&amp#27;[39m Proxying [GET /status] to [GET http://127.0.0.1:8100/status] with no body
[debug] &amp#27;[35m[WD Proxy]&amp#27;[39m Got response with status 200: {"value":{"message":"WebDriverAgent is ready to accept commands","state":"success","os":{"testmanagerdVersion":28,"name":"iOS","sdkVersion":"15.2","version":"14.0.1"},"ios":{"ip":"169.254.81.228"},"ready":true,"build":{"upgradedAt":"1633230450059","time":"Feb 25 2022 11:47:33","productBundleIdentifier":"com.irdetosecurity.keystone.clr.zeppelin.internal"}},"sessionId":"01CB655A-D4F3-4969-A7F5-4179A1ABCAA3"}
[debug] &amp#27;[35m[WebDriverAgent]&amp#27;[39m Upgrade timestamp of the currently bundled WDA: 1633230450059
[debug] &amp#27;[35m[WebDriverAgent]&amp#27;[39m Upgrade timestamp of the WDA on the device: 1633230450059
&amp#27;[35m[WebDriverAgent]&amp#27;[39m Will reuse previously cached WDA instance at 'http://127.0.0.1:8100/' with 'com.irdetosecurity.keystone.clr.zeppelin.internal'. Set the wdaLocalPort capability to a value different from 8100 if this is an undesired behavior.
[debug] &amp#27;[35m[XCUITest]&amp#27;[39m Trying to start WebDriverAgent 1 times with 10000ms interval
[debug] &amp#27;[35m[XCUITest]&amp#27;[39m These values can be customized by changing wdaStartupRetries/wdaStartupRetryInterval capabilities
[debug] &amp#27;[35m[BaseDriver]&amp#27;[39m Event 'wdaStartAttempted' logged at 1645809282198 (12:14:42 GMT-0500 (Eastern Standard Time))
&amp#27;[35m[WebDriverAgent]&amp#27;[39m Using provided WebdriverAgent at 'http://127.0.0.1:8100/'
[debug] &amp#27;[35m[WD Proxy]&amp#27;[39m Matched '/status' to command name 'getStatus'
[debug] &amp#27;[35m[WD Proxy]&amp#27;[39m Proxying [GET /status] to [GET http://127.0.0.1:8100/status] with no body
[debug] &amp#27;[35m[WD Proxy]&amp#27;[39m Got response with status 200: {"value":{"message":"WebDriverAgent is ready to accept commands","state":"success","os":{"testmanagerdVersion":28,"name":"iOS","sdkVersion":"15.2","version":"14.0.1"},"ios":{"ip":"169.254.81.228"},"ready":true,"build":{"upgradedAt":"1633230450059","time":"Feb 25 2022 11:47:33","productBundleIdentifier":"com.irdetosecurity.keystone.clr.zeppelin.internal"}},"sessionId":"01CB655A-D4F3-4969-A7F5-4179A1ABCAA3"}
[debug] &amp#27;[35m[BaseDriver]&amp#27;[39m Event 'wdaSessionAttempted' logged at 1645809282206 (12:14:42 GMT-0500 (Eastern Standard Time))
[debug] &amp#27;[35m[XCUITest]&amp#27;[39m Sending createSession command to WDA
[debug] &amp#27;[35m[XCUITest]&amp#27;[39m Setting custom timeout to 750000 ms for 'createSession' command
[debug] &amp#27;[35m[WD Proxy]&amp#27;[39m Matched '/session' to command name 'createSession'
[debug] &amp#27;[35m[WD Proxy]&amp#27;[39m Proxying [POST /session] to [POST http://127.0.0.1:8100/session] with body: {"capabilities":{"firstMatch":[{"bundleId":"com.irdetosecurity.keystone.clr.zeppelin.internal","arguments":[],"environment":{},"eventloopIdleDelaySec":0,"shouldWaitForQuiescence":true,"shouldUseTestManagerForVisibilityDetection":true,"maxTypingFrequency":60,"shouldUseSingletonTestManager":true,"shouldTerminateApp":true,"forceAppLaunch":true,"useNativeCachingStrategy":true,"forceSimulatorSoftwareKeyboardPresence":true}],"alwaysMatch":{}}}
[debug] &amp#27;[35m[WD Proxy]&amp#27;[39m Got response with status 200: {"value":{"sessionId":"60DEF1F0-4A14-4727-943C-DB82535553CA","capabilities":{"device":"iphone","browserName":" ","sdkVersion":"14.0.1","CFBundleIdentifier":"com.apple.springboard"}},"sessionId":"60DEF1F0-4A14-4727-943C-DB82535553CA"}
&amp#27;[35m[WD Proxy]&amp#27;[39m Determined the downstream protocol as 'W3C'
[debug] &amp#27;[35m[BaseDriver]&amp#27;[39m Event 'wdaSessionStarted' logged at 1645809289025 (12:14:49 GMT-0500 (Eastern Standard Time))
[debug] &amp#27;[35m[BaseDriver]&amp#27;[39m Event 'wdaStarted' logged at 1645809289025 (12:14:49 GMT-0500 (Eastern Standard Time))
&amp#27;[35m[XCUITest]&amp#27;[39m Skipping setting of the initial display orientation. Set the "orientation" capability to either "LANDSCAPE" or "PORTRAIT", if this is an undesired behavior.
[debug] &amp#27;[35m[BaseDriver]&amp#27;[39m Event 'orientationSet' logged at 1645809289026 (12:14:49 GMT-0500 (Eastern Standard Time))
[debug] &amp#27;[35m[BaseDriver]&amp#27;[39m The value of 'elementResponseAttributes' setting did not change. Skipping the update for it
[debug] &amp#27;[35m[BaseDriver]&amp#27;[39m The value of 'shouldUseCompactResponses' setting did not change. Skipping the update for it
&amp#27;[35m[Appium]&amp#27;[39m New XCUITestDriver session created successfully, session fa22c5fe-5ae1-4114-abfe-4bea6798cb79 added to master session list
[debug] &amp#27;[35m[BaseDriver]&amp#27;[39m Event 'newSessionStarted' logged at 1645809289027 (12:14:49 GMT-0500 (Eastern Standard Time))
[debug] &amp#27;[35m[W3C (fa22c5fe)]&amp#27;[39m Cached the protocol value 'W3C' for the new session fa22c5fe-5ae1-4114-abfe-4bea6798cb79
[debug] &amp#27;[35m[W3C (fa22c5fe)]&amp#27;[39m Responding to client with driver.createSession() result: {"capabilities":{"webStorageEnabled":false,"locationContextEnabled":false,"browserName":"","platform":"MAC","javascriptEnabled":true,"databaseEnabled":false,"takesScreenshot":true,"networkConnectionEnabled":false,"platformName":"ios","app":"/Users/ramin.karimi/eclipse-workspace/IOS/src/main/java/resources/irdeto-Zeppelin.ipa","automationName":"XCuiTest","commandTimeouts":{"default":750000},"deviceName":"iPhone","launchTimeout":"500000","platformVersion":"14.0.1","simpleIsVisibleCheck":true,"udid":"00008030-001241C821F2402E","updatedWDABundleId":"com.irdetosecurity.keystone.clr.zeppelin.internal","xcodeOrgId":"XMS468WL7M","xcodeSigningId":"iPhone Developer"}}
&amp#27;[35m[HTTP]&amp#27;[39m &amp#27;[37m<-- POST /wd/hub/session &amp#27;[39m&amp#27;[32m200&amp#27;[39m &amp#27;[90m15854 ms - 727&amp#27;[39m
&amp#27;[35m[HTTP]&amp#27;[39m &amp#27;[90m&amp#27;[39m
&amp#27;[35m[HTTP]&amp#27;[39m &amp#27;[37m-->&amp#27;[39m &amp#27;[37mPOST&amp#27;[39m &amp#27;[37m/wd/hub/session/fa22c5fe-5ae1-4114-abfe-4bea6798cb79/timeouts&amp#27;[39m
&amp#27;[35m[HTTP]&amp#27;[39m &amp#27;[90m{"implicit":25000}&amp#27;[39m
[debug] &amp#27;[35m[W3C (fa22c5fe)]&amp#27;[39m Calling AppiumDriver.timeouts() with args: [null,null,null,null,25000,"fa22c5fe-5ae1-4114-abfe-4bea6798cb79"]
[debug] &amp#27;[35m[XCUITest]&amp#27;[39m Executing command 'timeouts'
[debug] &amp#27;[35m[BaseDriver]&amp#27;[39m W3C timeout argument: {"implicit":25000}}
[debug] &amp#27;[35m[BaseDriver]&amp#27;[39m Set implicit wait to 25000ms
[debug] &amp#27;[35m[W3C (fa22c5fe)]&amp#27;[39m Responding to client with driver.timeouts() result: null
&amp#27;[35m[HTTP]&amp#27;[39m &amp#27;[37m<-- POST /wd/hub/session/fa22c5fe-5ae1-4114-abfe-4bea6798cb79/timeouts &amp#27;[39m&amp#27;[32m200&amp#27;[39m &amp#27;[90m4 ms - 14&amp#27;[39m
&amp#27;[35m[HTTP]&amp#27;[39m &amp#27;[90m&amp#27;[39m
&amp#27;[35m[HTTP]&amp#27;[39m &amp#27;[37m-->&amp#27;[39m &amp#27;[37mPOST&amp#27;[39m &amp#27;[37m/wd/hub/session/fa22c5fe-5ae1-4114-abfe-4bea6798cb79/elements&amp#27;[39m
&amp#27;[35m[HTTP]&amp#27;[39m &amp#27;[90m{"using":"xpath","value":"//XCUIElementTypeAlert[contains(@name,'Allow')]"}&amp#27;[39m
[debug] &amp#27;[35m[W3C (fa22c5fe)]&amp#27;[39m Calling AppiumDriver.findElements() with args: ["xpath","//XCUIElementTypeAlert[contains(@name,'Allow')]","fa22c5fe-5ae1-4114-abfe-4bea6798cb79"]
[debug] &amp#27;[35m[XCUITest]&amp#27;[39m Executing command 'findElements'
[debug] &amp#27;[35m[BaseDriver]&amp#27;[39m Valid locator strategies for this request: xpath, id, name, class name, -ios predicate string, -ios class chain, accessibility id, css selector
[debug] &amp#27;[35m[BaseDriver]&amp#27;[39m Waiting up to 25000 ms for condition
[debug] &amp#27;[35m[XCUITest]&amp#27;[39m Setting custom timeout to 750000 ms for 'findElements' command
[debug] &amp#27;[35m[WD Proxy]&amp#27;[39m Matched '/elements' to command name 'findElements'
[debug] &amp#27;[35m[WD Proxy]&amp#27;[39m Proxying [POST /elements] to [POST http://127.0.0.1:8100/session/60DEF1F0-4A14-4727-943C-DB82535553CA/elements] with body: {"using":"xpath","value":"//XCUIElementTypeAlert[contains(@name,'Allow')]"}
[debug] &amp#27;[35m[WD Proxy]&amp#27;[39m Got response with status 200: {"value":[{"ELEMENT":"35010000-0000-0000-3C00-000000000000","element-6066-11e4-a52e-4f735466cecf":"35010000-0000-0000-3C00-000000000000"}],"sessionId":"60DEF1F0-4A14-4727-943C-DB82535553CA"}
[debug] &amp#27;[35m[W3C (fa22c5fe)]&amp#27;[39m Responding to client with driver.findElements() result: [{"element-6066-11e4-a52e-4f735466cecf":"35010000-0000-0000-3C00-000000000000","ELEMENT":"35010000-0000-0000-3C00-000000000000"}]
&amp#27;[35m[HTTP]&amp#27;[39m &amp#27;[37m<-- POST /wd/hub/session/fa22c5fe-5ae1-4114-abfe-4bea6798cb79/elements &amp#27;[39m&amp#27;[32m200&amp#27;[39m &amp#27;[90m1346 ms - 139&amp#27;[39m
&amp#27;[35m[HTTP]&amp#27;[39m &amp#27;[90m&amp#27;[39m
&amp#27;[35m[HTTP]&amp#27;[39m &amp#27;[37m-->&amp#27;[39m &amp#27;[37mPOST&amp#27;[39m &amp#27;[37m/wd/hub/session/fa22c5fe-5ae1-4114-abfe-4bea6798cb79/element&amp#27;[39m
&amp#27;[35m[HTTP]&amp#27;[39m &amp#27;[90m{"using":"xpath","value":"//XCUIElementTypeButton[@name='Allow While Using App']"}&amp#27;[39m
[debug] &amp#27;[35m[W3C (fa22c5fe)]&amp#27;[39m Calling AppiumDriver.findElement() with args: ["xpath","//XCUIElementTypeButton[@name='Allow While Using App']","fa22c5fe-5ae1-4114-abfe-4bea6798cb79"]
[debug] &amp#27;[35m[XCUITest]&amp#27;[39m Executing command 'findElement'
[debug] &amp#27;[35m[BaseDriver]&amp#27;[39m Valid locator strategies for this request: xpath, id, name, class name, -ios predicate string, -ios class chain, accessibility id, css selector
[debug] &amp#27;[35m[BaseDriver]&amp#27;[39m Waiting up to 25000 ms for condition
[debug] &amp#27;[35m[XCUITest]&amp#27;[39m Setting custom timeout to 750000 ms for 'findElement' command
[debug] &amp#27;[35m[WD Proxy]&amp#27;[39m Matched '/element' to command name 'findElement'
[debug] &amp#27;[35m[WD Proxy]&amp#27;[39m Proxying [POST /element] to [POST http://127.0.0.1:8100/session/60DEF1F0-4A14-4727-943C-DB82535553CA/element] with body: {"using":"xpath","value":"//XCUIElementTypeButton[@name='Allow While Using App']"}
[debug] &amp#27;[35m[WD Proxy]&amp#27;[39m Got response with status 200: {"value":{"ELEMENT":"64010000-0000-0000-3C00-000000000000","element-6066-11e4-a52e-4f735466cecf":"64010000-0000-0000-3C00-000000000000"},"sessionId":"60DEF1F0-4A14-4727-943C-DB82535553CA"}
[debug] &amp#27;[35m[W3C (fa22c5fe)]&amp#27;[39m Responding to client with driver.findElement() result: {"element-6066-11e4-a52e-4f735466cecf":"64010000-0000-0000-3C00-000000000000","ELEMENT":"64010000-0000-0000-3C00-000000000000"}
&amp#27;[35m[HTTP]&amp#27;[39m &amp#27;[37m<-- POST /wd/hub/session/fa22c5fe-5ae1-4114-abfe-4bea6798cb79/element &amp#27;[39m&amp#27;[32m200&amp#27;[39m &amp#27;[90m1350 ms - 137&amp#27;[39m
&amp#27;[35m[HTTP]&amp#27;[39m &amp#27;[90m&amp#27;[39m
&amp#27;[35m[HTTP]&amp#27;[39m &amp#27;[37m-->&amp#27;[39m &amp#27;[37mGET&amp#27;[39m &amp#27;[37m/wd/hub/session/fa22c5fe-5ae1-4114-abfe-4bea6798cb79/element/64010000-0000-0000-3C00-000000000000/text&amp#27;[39m
&amp#27;[35m[HTTP]&amp#27;[39m &amp#27;[90m{}&amp#27;[39m
&amp#27;[35m[W3C (fa22c5fe)]&amp#27;[39m Driver proxy active, passing request on via HTTP proxy
[debug] &amp#27;[35m[XCUITest]&amp#27;[39m Executing command 'proxyReqRes'
[debug] &amp#27;[35m[WD Proxy]&amp#27;[39m Matched '/wd/hub/session/fa22c5fe-5ae1-4114-abfe-4bea6798cb79/element/64010000-0000-0000-3C00-000000000000/text' to command name 'getText'
[debug] &amp#27;[35m[WD Proxy]&amp#27;[39m Proxying [GET /wd/hub/session/fa22c5fe-5ae1-4114-abfe-4bea6798cb79/element/64010000-0000-0000-3C00-000000000000/text] to [GET http://127.0.0.1:8100/session/60DEF1F0-4A14-4727-943C-DB82535553CA/element/64010000-0000-0000-3C00-000000000000/text] with no body
[debug] &amp#27;[35m[WD Proxy]&amp#27;[39m Got response with status 200: {"value":"Allow While Using App","sessionId":"60DEF1F0-4A14-4727-943C-DB82535553CA"}
&amp#27;[35m[WD Proxy]&amp#27;[39m Replacing sessionId 60DEF1F0-4A14-4727-943C-DB82535553CA with fa22c5fe-5ae1-4114-abfe-4bea6798cb79
&amp#27;[35m[HTTP]&amp#27;[39m &amp#27;[37m<-- GET /wd/hub/session/fa22c5fe-5ae1-4114-abfe-4bea6798cb79/element/64010000-0000-0000-3C00-000000000000/text &amp#27;[39m&amp#27;[32m200&amp#27;[39m &amp#27;[90m110 ms - 84&amp#27;[39m
&amp#27;[35m[HTTP]&amp#27;[39m &amp#27;[90m&amp#27;[39m
&amp#27;[35m[HTTP]&amp#27;[39m &amp#27;[37m-->&amp#27;[39m &amp#27;[37mPOST&amp#27;[39m &amp#27;[37m/wd/hub/session/fa22c5fe-5ae1-4114-abfe-4bea6798cb79/element&amp#27;[39m
&amp#27;[35m[HTTP]&amp#27;[39m &amp#27;[90m{"using":"accessibility id","value":"Allow While Using App"}&amp#27;[39m
[debug] &amp#27;[35m[W3C (fa22c5fe)]&amp#27;[39m Calling AppiumDriver.findElement() with args: ["accessibility id","Allow While Using App","fa22c5fe-5ae1-4114-abfe-4bea6798cb79"]
[debug] &amp#27;[35m[XCUITest]&amp#27;[39m Executing command 'findElement'
[debug] &amp#27;[35m[BaseDriver]&amp#27;[39m Valid locator strategies for this request: xpath, id, name, class name, -ios predicate string, -ios class chain, accessibility id, css selector
[debug] &amp#27;[35m[BaseDriver]&amp#27;[39m Waiting up to 25000 ms for condition
[debug] &amp#27;[35m[XCUITest]&amp#27;[39m Setting custom timeout to 750000 ms for 'findElement' command
[debug] &amp#27;[35m[WD Proxy]&amp#27;[39m Matched '/element' to command name 'findElement'
[debug] &amp#27;[35m[WD Proxy]&amp#27;[39m Proxying [POST /element] to [POST http://127.0.0.1:8100/session/60DEF1F0-4A14-4727-943C-DB82535553CA/element] with body: {"using":"accessibility id","value":"Allow While Using App"}
[debug] &amp#27;[35m[WD Proxy]&amp#27;[39m Got response with status 200: {"value":{"ELEMENT":"64010000-0000-0000-3C00-000000000000","element-6066-11e4-a52e-4f735466cecf":"64010000-0000-0000-3C00-000000000000"},"sessionId":"60DEF1F0-4A14-4727-943C-DB82535553CA"}
[debug] &amp#27;[35m[W3C (fa22c5fe)]&amp#27;[39m Responding to client with driver.findElement() result: {"element-6066-11e4-a52e-4f735466cecf":"64010000-0000-0000-3C00-000000000000","ELEMENT":"64010000-0000-0000-3C00-000000000000"}
&amp#27;[35m[HTTP]&amp#27;[39m &amp#27;[37m<-- POST /wd/hub/session/fa22c5fe-5ae1-4114-abfe-4bea6798cb79/element &amp#27;[39m&amp#27;[32m200&amp#27;[39m &amp#27;[90m256 ms - 137&amp#27;[39m
&amp#27;[35m[HTTP]&amp#27;[39m &amp#27;[90m&amp#27;[39m
&amp#27;[35m[HTTP]&amp#27;[39m &amp#27;[37m-->&amp#27;[39m &amp#27;[37mGET&amp#27;[39m &amp#27;[37m/wd/hub/session/fa22c5fe-5ae1-4114-abfe-4bea6798cb79/element/64010000-0000-0000-3C00-000000000000/location&amp#27;[39m
&amp#27;[35m[HTTP]&amp#27;[39m &amp#27;[90m{}&amp#27;[39m
[debug] &amp#27;[35m[W3C (fa22c5fe)]&amp#27;[39m Calling AppiumDriver.getLocation() with args: ["64010000-0000-0000-3C00-000000000000","fa22c5fe-5ae1-4114-abfe-4bea6798cb79"]
[debug] &amp#27;[35m[XCUITest]&amp#27;[39m Executing command 'getLocation'
[debug] &amp#27;[35m[XCUITest]&amp#27;[39m Setting custom timeout to 750000 ms for 'getElementRect' command
[debug] &amp#27;[35m[WD Proxy]&amp#27;[39m Matched '/element/64010000-0000-0000-3C00-000000000000/rect' to command name 'getElementRect'
[debug] &amp#27;[35m[WD Proxy]&amp#27;[39m Proxying [GET /element/64010000-0000-0000-3C00-000000000000/rect] to [GET http://127.0.0.1:8100/session/60DEF1F0-4A14-4727-943C-DB82535553CA/element/64010000-0000-0000-3C00-000000000000/rect] with no body
[debug] &amp#27;[35m[WD Proxy]&amp#27;[39m Got response with status 200: {"value":{"y":485,"x":52,"width":271,"height":44},"sessionId":"60DEF1F0-4A14-4727-943C-DB82535553CA"}
[debug] &amp#27;[35m[W3C (fa22c5fe)]&amp#27;[39m Responding to client with driver.getLocation() result: {"x":52,"y":485}
&amp#27;[35m[HTTP]&amp#27;[39m &amp#27;[37m<-- GET /wd/hub/session/fa22c5fe-5ae1-4114-abfe-4bea6798cb79/element/64010000-0000-0000-3C00-000000000000/location &amp#27;[39m&amp#27;[32m200&amp#27;[39m &amp#27;[90m139 ms - 26&amp#27;[39m
&amp#27;[35m[HTTP]&amp#27;[39m &amp#27;[90m&amp#27;[39m
&amp#27;[35m[HTTP]&amp#27;[39m &amp#27;[37m-->&amp#27;[39m &amp#27;[37mGET&amp#27;[39m &amp#27;[37m/wd/hub/session/fa22c5fe-5ae1-4114-abfe-4bea6798cb79/element/64010000-0000-0000-3C00-000000000000/location&amp#27;[39m
&amp#27;[35m[HTTP]&amp#27;[39m &amp#27;[90m{}&amp#27;[39m
[debug] &amp#27;[35m[W3C (fa22c5fe)]&amp#27;[39m Calling AppiumDriver.getLocation() with args: ["64010000-0000-0000-3C00-000000000000","fa22c5fe-5ae1-4114-abfe-4bea6798cb79"]
[debug] &amp#27;[35m[XCUITest]&amp#27;[39m Executing command 'getLocation'
[debug] &amp#27;[35m[XCUITest]&amp#27;[39m Setting custom timeout to 750000 ms for 'getElementRect' command
[debug] &amp#27;[35m[WD Proxy]&amp#27;[39m Matched '/element/64010000-0000-0000-3C00-000000000000/rect' to command name 'getElementRect'
[debug] &amp#27;[35m[WD Proxy]&amp#27;[39m Proxying [GET /element/64010000-0000-0000-3C00-000000000000/rect] to [GET http://127.0.0.1:8100/session/60DEF1F0-4A14-4727-943C-DB82535553CA/element/64010000-0000-0000-3C00-000000000000/rect] with no body
[debug] &amp#27;[35m[WD Proxy]&amp#27;[39m Got response with status 200: {"value":{"y":485,"x":52,"width":271,"height":44},"sessionId":"60DEF1F0-4A14-4727-943C-DB82535553CA"}
[debug] &amp#27;[35m[W3C (fa22c5fe)]&amp#27;[39m Responding to client with driver.getLocation() result: {"x":52,"y":485}
&amp#27;[35m[HTTP]&amp#27;[39m &amp#27;[37m<-- GET /wd/hub/session/fa22c5fe-5ae1-4114-abfe-4bea6798cb79/element/64010000-0000-0000-3C00-000000000000/location &amp#27;[39m&amp#27;[32m200&amp#27;[39m &amp#27;[90m132 ms - 26&amp#27;[39m
&amp#27;[35m[HTTP]&amp#27;[39m &amp#27;[90m&amp#27;[39m
&amp#27;[35m[HTTP]&amp#27;[39m &amp#27;[37m-->&amp#27;[39m &amp#27;[37mPOST&amp#27;[39m &amp#27;[37m/wd/hub/session/fa22c5fe-5ae1-4114-abfe-4bea6798cb79/touch/perform&amp#27;[39m
&amp#27;[35m[HTTP]&amp#27;[39m &amp#27;[90m{"actions":[{"action":"tap","options":{"x":122,"y":515}}]}&amp#27;[39m
[debug] &amp#27;[35m[W3C (fa22c5fe)]&amp#27;[39m Calling AppiumDriver.performTouch() with args: [[{"action":"tap","options":{"x":122,"y":515}}],"fa22c5fe-5ae1-4114-abfe-4bea6798cb79"]
[debug] &amp#27;[35m[XCUITest]&amp#27;[39m Executing command 'performTouch'
[debug] &amp#27;[35m[XCUITest]&amp#27;[39m Received the following touch action: tap(options={"x":122,"y":515})
[debug] &amp#27;[35m[XCUITest]&amp#27;[39m Setting custom timeout to 750000 ms for 'performTouch' command
[debug] &amp#27;[35m[WD Proxy]&amp#27;[39m Proxying [POST /wda/touch/perform] to [POST http://127.0.0.1:8100/session/60DEF1F0-4A14-4727-943C-DB82535553CA/wda/touch/perform] with body: {"actions":[{"action":"tap","options":{"x":122,"y":515}}]}
[debug] &amp#27;[35m[WD Proxy]&amp#27;[39m Got response with status 200: {"value":null,"sessionId":"60DEF1F0-4A14-4727-943C-DB82535553CA"}
[debug] &amp#27;[35m[W3C (fa22c5fe)]&amp#27;[39m Responding to client with driver.performTouch() result: null
&amp#27;[35m[HTTP]&amp#27;[39m &amp#27;[37m<-- POST /wd/hub/session/fa22c5fe-5ae1-4114-abfe-4bea6798cb79/touch/perform &amp#27;[39m&amp#27;[32m200&amp#27;[39m &amp#27;[90m735 ms - 14&amp#27;[39m
&amp#27;[35m[HTTP]&amp#27;[39m &amp#27;[90m&amp#27;[39m
&amp#27;[35m[HTTP]&amp#27;[39m &amp#27;[37m-->&amp#27;[39m &amp#27;[37mPOST&amp#27;[39m &amp#27;[37m/wd/hub/session/fa22c5fe-5ae1-4114-abfe-4bea6798cb79/element&amp#27;[39m
&amp#27;[35m[HTTP]&amp#27;[39m &amp#27;[90m{"using":"id","value":"Skip"}&amp#27;[39m
[debug] &amp#27;[35m[W3C (fa22c5fe)]&amp#27;[39m Calling AppiumDriver.findElement() with args: ["id","Skip","fa22c5fe-5ae1-4114-abfe-4bea6798cb79"]
[debug] &amp#27;[35m[XCUITest]&amp#27;[39m Executing command 'findElement'
[debug] &amp#27;[35m[BaseDriver]&amp#27;[39m Valid locator strategies for this request: xpath, id, name, class name, -ios predicate string, -ios class chain, accessibility id, css selector
[debug] &amp#27;[35m[BaseDriver]&amp#27;[39m Waiting up to 25000 ms for condition
[debug] &amp#27;[35m[XCUITest]&amp#27;[39m Setting custom timeout to 750000 ms for 'findElement' command
[debug] &amp#27;[35m[WD Proxy]&amp#27;[39m Matched '/element' to command name 'findElement'
[debug] &amp#27;[35m[WD Proxy]&amp#27;[39m Proxying [POST /element] to [POST http://127.0.0.1:8100/session/60DEF1F0-4A14-4727-943C-DB82535553CA/element] with body: {"using":"id","value":"Skip"}
[debug] &amp#27;[35m[WD Proxy]&amp#27;[39m Got response with status 200: {"value":{"ELEMENT":"14000000-0000-0000-5301-000000000000","element-6066-11e4-a52e-4f735466cecf":"14000000-0000-0000-5301-000000000000"},"sessionId":"60DEF1F0-4A14-4727-943C-DB82535553CA"}
[debug] &amp#27;[35m[W3C (fa22c5fe)]&amp#27;[39m Responding to client with driver.findElement() result: {"element-6066-11e4-a52e-4f735466cecf":"14000000-0000-0000-5301-000000000000","ELEMENT":"14000000-0000-0000-5301-000000000000"}
&amp#27;[35m[HTTP]&amp#27;[39m &amp#27;[37m<-- POST /wd/hub/session/fa22c5fe-5ae1-4114-abfe-4bea6798cb79/element &amp#27;[39m&amp#27;[32m200&amp#27;[39m &amp#27;[90m109 ms - 137&amp#27;[39m
&amp#27;[35m[HTTP]&amp#27;[39m &amp#27;[90m&amp#27;[39m
&amp#27;[35m[HTTP]&amp#27;[39m &amp#27;[37m-->&amp#27;[39m &amp#27;[37mPOST&amp#27;[39m &amp#27;[37m/wd/hub/session/fa22c5fe-5ae1-4114-abfe-4bea6798cb79/element/14000000-0000-0000-5301-000000000000/click&amp#27;[39m
&amp#27;[35m[HTTP]&amp#27;[39m &amp#27;[90m{"id":"14000000-0000-0000-5301-000000000000"}&amp#27;[39m
&amp#27;[35m[W3C (fa22c5fe)]&amp#27;[39m Driver proxy active, passing request on via HTTP proxy
[debug] &amp#27;[35m[XCUITest]&amp#27;[39m Executing command 'proxyReqRes'
[debug] &amp#27;[35m[WD Proxy]&amp#27;[39m Matched '/wd/hub/session/fa22c5fe-5ae1-4114-abfe-4bea6798cb79/element/14000000-0000-0000-5301-000000000000/click' to command name 'click'
[debug] &amp#27;[35m[WD Proxy]&amp#27;[39m Proxying [POST /wd/hub/session/fa22c5fe-5ae1-4114-abfe-4bea6798cb79/element/14000000-0000-0000-5301-000000000000/click] to [POST http://127.0.0.1:8100/session/60DEF1F0-4A14-4727-943C-DB82535553CA/element/14000000-0000-0000-5301-000000000000/click] with body: {"id":"14000000-0000-0000-5301-000000000000"}
[debug] &amp#27;[35m[WD Proxy]&amp#27;[39m Got response with status 200: {"value":null,"sessionId":"60DEF1F0-4A14-4727-943C-DB82535553CA"}
&amp#27;[35m[WD Proxy]&amp#27;[39m Replacing sessionId 60DEF1F0-4A14-4727-943C-DB82535553CA with fa22c5fe-5ae1-4114-abfe-4bea6798cb79
&amp#27;[35m[HTTP]&amp#27;[39m &amp#27;[37m<-- POST /wd/hub/session/fa22c5fe-5ae1-4114-abfe-4bea6798cb79/element/14000000-0000-0000-5301-000000000000/click &amp#27;[39m&amp#27;[32m200&amp#27;[39m &amp#27;[90m234 ms - 65&amp#27;[39m
&amp#27;[35m[HTTP]&amp#27;[39m &amp#27;[90m&amp#27;[39m
&amp#27;[35m[HTTP]&amp#27;[39m &amp#27;[37m-->&amp#27;[39m &amp#27;[37mPOST&amp#27;[39m &amp#27;[37m/wd/hub/session/fa22c5fe-5ae1-4114-abfe-4bea6798cb79/element&amp#27;[39m
&amp#27;[35m[HTTP]&amp#27;[39m &amp#27;[90m{"using":"xpath","value":"//XCUIElementTypeTextField[@value='Username']"}&amp#27;[39m
[debug] &amp#27;[35m[W3C (fa22c5fe)]&amp#27;[39m Calling AppiumDriver.findElement() with args: ["xpath","//XCUIElementTypeTextField[@value='Username']","fa22c5fe-5ae1-4114-abfe-4bea6798cb79"]
[debug] &amp#27;[35m[XCUITest]&amp#27;[39m Executing command 'findElement'
[debug] &amp#27;[35m[BaseDriver]&amp#27;[39m Valid locator strategies for this request: xpath, id, name, class name, -ios predicate string, -ios class chain, accessibility id, css selector
[debug] &amp#27;[35m[BaseDriver]&amp#27;[39m Waiting up to 25000 ms for condition
[debug] &amp#27;[35m[XCUITest]&amp#27;[39m Setting custom timeout to 750000 ms for 'findElement' command
[debug] &amp#27;[35m[WD Proxy]&amp#27;[39m Matched '/element' to command name 'findElement'
[debug] &amp#27;[35m[WD Proxy]&amp#27;[39m Proxying [POST /element] to [POST http://127.0.0.1:8100/session/60DEF1F0-4A14-4727-943C-DB82535553CA/element] with body: {"using":"xpath","value":"//XCUIElementTypeTextField[@value='Username']"}
[debug] &amp#27;[35m[WD Proxy]&amp#27;[39m Got response with status 200: {"value":{"ELEMENT":"26000000-0000-0000-5301-000000000000","element-6066-11e4-a52e-4f735466cecf":"26000000-0000-0000-5301-000000000000"},"sessionId":"60DEF1F0-4A14-4727-943C-DB82535553CA"}
[debug] &amp#27;[35m[W3C (fa22c5fe)]&amp#27;[39m Responding to client with driver.findElement() result: {"element-6066-11e4-a52e-4f735466cecf":"26000000-0000-0000-5301-000000000000","ELEMENT":"26000000-0000-0000-5301-000000000000"}
&amp#27;[35m[HTTP]&amp#27;[39m &amp#27;[37m<-- POST /wd/hub/session/fa22c5fe-5ae1-4114-abfe-4bea6798cb79/element &amp#27;[39m&amp#27;[32m200&amp#27;[39m &amp#27;[90m341 ms - 137&amp#27;[39m
&amp#27;[35m[HTTP]&amp#27;[39m &amp#27;[90m&amp#27;[39m
&amp#27;[35m[HTTP]&amp#27;[39m &amp#27;[37m-->&amp#27;[39m &amp#27;[37mPOST&amp#27;[39m &amp#27;[37m/wd/hub/session/fa22c5fe-5ae1-4114-abfe-4bea6798cb79/element/26000000-0000-0000-5301-000000000000/value&amp#27;[39m
&amp#27;[35m[HTTP]&amp#27;[39m &amp#27;[90m{"id":"26000000-0000-0000-5301-000000000000","text":"ramingop1","value":["r","a","m","i","n","g","o","p","1"]}&amp#27;[39m
[debug] &amp#27;[35m[W3C (fa22c5fe)]&amp#27;[39m Calling AppiumDriver.setValue() with args: [["r","a","m","i","n","g","o","p","1"],"26000000-0000-0000-5301-000000000000","fa22c5fe-5ae1-4114-abfe-4bea6798cb79"]
[debug] &amp#27;[35m[XCUITest]&amp#27;[39m Executing command 'setValue'
[debug] &amp#27;[35m[XCUITest]&amp#27;[39m Setting custom timeout to 750000 ms for 'setValue' command
[debug] &amp#27;[35m[WD Proxy]&amp#27;[39m Matched '/element/26000000-0000-0000-5301-000000000000/value' to command name 'setValue'
[debug] &amp#27;[35m[Protocol Converter]&amp#27;[39m Added 'text' property "ramingop1" to 'setValue' request body
[debug] &amp#27;[35m[WD Proxy]&amp#27;[39m Proxying [POST /element/26000000-0000-0000-5301-000000000000/value] to [POST http://127.0.0.1:8100/session/60DEF1F0-4A14-4727-943C-DB82535553CA/element/26000000-0000-0000-5301-000000000000/value] with body: {"value":["r","a","m","i","n","g","o","p","1"],"text":"ramingop1"}
[debug] &amp#27;[35m[WD Proxy]&amp#27;[39m Got response with status 200: {"value":null,"sessionId":"60DEF1F0-4A14-4727-943C-DB82535553CA"}
[debug] &amp#27;[35m[W3C (fa22c5fe)]&amp#27;[39m Responding to client with driver.setValue() result: null
&amp#27;[35m[HTTP]&amp#27;[39m &amp#27;[37m<-- POST /wd/hub/session/fa22c5fe-5ae1-4114-abfe-4bea6798cb79/element/26000000-0000-0000-5301-000000000000/value &amp#27;[39m&amp#27;[32m200&amp#27;[39m &amp#27;[90m681 ms - 14&amp#27;[39m
&amp#27;[35m[HTTP]&amp#27;[39m &amp#27;[90m&amp#27;[39m
&amp#27;[35m[HTTP]&amp#27;[39m &amp#27;[37m-->&amp#27;[39m &amp#27;[37mPOST&amp#27;[39m &amp#27;[37m/wd/hub/session/fa22c5fe-5ae1-4114-abfe-4bea6798cb79/element&amp#27;[39m
&amp#27;[35m[HTTP]&amp#27;[39m &amp#27;[90m{"using":"xpath","value":"//XCUIElementTypeSecureTextField[@value='Password']"}&amp#27;[39m
[debug] &amp#27;[35m[W3C (fa22c5fe)]&amp#27;[39m Calling AppiumDriver.findElement() with args: ["xpath","//XCUIElementTypeSecureTextField[@value='Password']","fa22c5fe-5ae1-4114-abfe-4bea6798cb79"]
[debug] &amp#27;[35m[XCUITest]&amp#27;[39m Executing command 'findElement'
[debug] &amp#27;[35m[BaseDriver]&amp#27;[39m Valid locator strategies for this request: xpath, id, name, class name, -ios predicate string, -ios class chain, accessibility id, css selector
[debug] &amp#27;[35m[BaseDriver]&amp#27;[39m Waiting up to 25000 ms for condition
[debug] &amp#27;[35m[XCUITest]&amp#27;[39m Setting custom timeout to 750000 ms for 'findElement' command
[debug] &amp#27;[35m[WD Proxy]&amp#27;[39m Matched '/element' to command name 'findElement'
[debug] &amp#27;[35m[WD Proxy]&amp#27;[39m Proxying [POST /element] to [POST http://127.0.0.1:8100/session/60DEF1F0-4A14-4727-943C-DB82535553CA/element] with body: {"using":"xpath","value":"//XCUIElementTypeSecureTextField[@value='Password']"}
[debug] &amp#27;[35m[WD Proxy]&amp#27;[39m Got response with status 200: {"value":{"ELEMENT":"27000000-0000-0000-5301-000000000000","element-6066-11e4-a52e-4f735466cecf":"27000000-0000-0000-5301-000000000000"},"sessionId":"60DEF1F0-4A14-4727-943C-DB82535553CA"}
[debug] &amp#27;[35m[W3C (fa22c5fe)]&amp#27;[39m Responding to client with driver.findElement() result: {"element-6066-11e4-a52e-4f735466cecf":"27000000-0000-0000-5301-000000000000","ELEMENT":"27000000-0000-0000-5301-000000000000"}
&amp#27;[35m[HTTP]&amp#27;[39m &amp#27;[37m<-- POST /wd/hub/session/fa22c5fe-5ae1-4114-abfe-4bea6798cb79/element &amp#27;[39m&amp#27;[32m200&amp#27;[39m &amp#27;[90m631 ms - 137&amp#27;[39m
&amp#27;[35m[HTTP]&amp#27;[39m &amp#27;[90m&amp#27;[39m
&amp#27;[35m[HTTP]&amp#27;[39m &amp#27;[37m-->&amp#27;[39m &amp#27;[37mPOST&amp#27;[39m &amp#27;[37m/wd/hub/session/fa22c5fe-5ae1-4114-abfe-4bea6798cb79/element/27000000-0000-0000-5301-000000000000/value&amp#27;[39m
&amp#27;[35m[HTTP]&amp#27;[39m &amp#27;[90m{"id":"27000000-0000-0000-5301-000000000000","text":"123456","value":["1","2","3","4","5","6"]}&amp#27;[39m
[debug] &amp#27;[35m[W3C (fa22c5fe)]&amp#27;[39m Calling AppiumDriver.setValue() with args: [["1","2","3","4","5","6"],"27000000-0000-0000-5301-000000000000","fa22c5fe-5ae1-4114-abfe-4bea6798cb79"]
[debug] &amp#27;[35m[XCUITest]&amp#27;[39m Executing command 'setValue'
[debug] &amp#27;[35m[XCUITest]&amp#27;[39m Setting custom timeout to 750000 ms for 'setValue' command
[debug] &amp#27;[35m[WD Proxy]&amp#27;[39m Matched '/element/27000000-0000-0000-5301-000000000000/value' to command name 'setValue'
[debug] &amp#27;[35m[Protocol Converter]&amp#27;[39m Added 'text' property "123456" to 'setValue' request body
[debug] &amp#27;[35m[WD Proxy]&amp#27;[39m Proxying [POST /element/27000000-0000-0000-5301-000000000000/value] to [POST http://127.0.0.1:8100/session/60DEF1F0-4A14-4727-943C-DB82535553CA/element/27000000-0000-0000-5301-000000000000/value] with body: {"value":["1","2","3","4","5","6"],"text":"123456"}
[debug] &amp#27;[35m[WD Proxy]&amp#27;[39m Got response with status 200: {"value":null,"sessionId":"60DEF1F0-4A14-4727-943C-DB82535553CA"}
[debug] &amp#27;[35m[W3C (fa22c5fe)]&amp#27;[39m Responding to client with driver.setValue() result: null
&amp#27;[35m[HTTP]&amp#27;[39m &amp#27;[37m<-- POST /wd/hub/session/fa22c5fe-5ae1-4114-abfe-4bea6798cb79/element/27000000-0000-0000-5301-000000000000/value &amp#27;[39m&amp#27;[32m200&amp#27;[39m &amp#27;[90m503 ms - 14&amp#27;[39m
&amp#27;[35m[HTTP]&amp#27;[39m &amp#27;[90m&amp#27;[39m
&amp#27;[35m[HTTP]&amp#27;[39m &amp#27;[37m-->&amp#27;[39m &amp#27;[37mPOST&amp#27;[39m &amp#27;[37m/wd/hub/session/fa22c5fe-5ae1-4114-abfe-4bea6798cb79/element&amp#27;[39m
&amp#27;[35m[HTTP]&amp#27;[39m &amp#27;[90m{"using":"id","value":"checkbox outline"}&amp#27;[39m
[debug] &amp#27;[35m[W3C (fa22c5fe)]&amp#27;[39m Calling AppiumDriver.findElement() with args: ["id","checkbox outline","fa22c5fe-5ae1-4114-abfe-4bea6798cb79"]
[debug] &amp#27;[35m[XCUITest]&amp#27;[39m Executing command 'findElement'
[debug] &amp#27;[35m[BaseDriver]&amp#27;[39m Valid locator strategies for this request: xpath, id, name, class name, -ios predicate string, -ios class chain, accessibility id, css selector
[debug] &amp#27;[35m[BaseDriver]&amp#27;[39m Waiting up to 25000 ms for condition
[debug] &amp#27;[35m[XCUITest]&amp#27;[39m Setting custom timeout to 750000 ms for 'findElement' command
[debug] &amp#27;[35m[WD Proxy]&amp#27;[39m Matched '/element' to command name 'findElement'
[debug] &amp#27;[35m[WD Proxy]&amp#27;[39m Proxying [POST /element] to [POST http://127.0.0.1:8100/session/60DEF1F0-4A14-4727-943C-DB82535553CA/element] with body: {"using":"id","value":"checkbox outline"}
[debug] &amp#27;[35m[WD Proxy]&amp#27;[39m Got response with status 200: {"value":{"ELEMENT":"29000000-0000-0000-5301-000000000000","element-6066-11e4-a52e-4f735466cecf":"29000000-0000-0000-5301-000000000000"},"sessionId":"60DEF1F0-4A14-4727-943C-DB82535553CA"}
[debug] &amp#27;[35m[W3C (fa22c5fe)]&amp#27;[39m Responding to client with driver.findElement() result: {"element-6066-11e4-a52e-4f735466cecf":"29000000-0000-0000-5301-000000000000","ELEMENT":"29000000-0000-0000-5301-000000000000"}
&amp#27;[35m[HTTP]&amp#27;[39m &amp#27;[37m<-- POST /wd/hub/session/fa22c5fe-5ae1-4114-abfe-4bea6798cb79/element &amp#27;[39m&amp#27;[32m200&amp#27;[39m &amp#27;[90m196 ms - 137&amp#27;[39m
&amp#27;[35m[HTTP]&amp#27;[39m &amp#27;[90m&amp#27;[39m
&amp#27;[35m[HTTP]&amp#27;[39m &amp#27;[37m-->&amp#27;[39m &amp#27;[37mPOST&amp#27;[39m &amp#27;[37m/wd/hub/session/fa22c5fe-5ae1-4114-abfe-4bea6798cb79/element/29000000-0000-0000-5301-000000000000/click&amp#27;[39m
&amp#27;[35m[HTTP]&amp#27;[39m &amp#27;[90m{"id":"29000000-0000-0000-5301-000000000000"}&amp#27;[39m
&amp#27;[35m[W3C (fa22c5fe)]&amp#27;[39m Driver proxy active, passing request on via HTTP proxy
[debug] &amp#27;[35m[XCUITest]&amp#27;[39m Executing command 'proxyReqRes'
[debug] &amp#27;[35m[WD Proxy]&amp#27;[39m Matched '/wd/hub/session/fa22c5fe-5ae1-4114-abfe-4bea6798cb79/element/29000000-0000-0000-5301-000000000000/click' to command name 'click'
[debug] &amp#27;[35m[WD Proxy]&amp#27;[39m Proxying [POST /wd/hub/session/fa22c5fe-5ae1-4114-abfe-4bea6798cb79/element/29000000-0000-0000-5301-000000000000/click] to [POST http://127.0.0.1:8100/session/60DEF1F0-4A14-4727-943C-DB82535553CA/element/29000000-0000-0000-5301-000000000000/click] with body: {"id":"29000000-0000-0000-5301-000000000000"}
[debug] &amp#27;[35m[WD Proxy]&amp#27;[39m Got response with status 200: {"value":null,"sessionId":"60DEF1F0-4A14-4727-943C-DB82535553CA"}
&amp#27;[35m[WD Proxy]&amp#27;[39m Replacing sessionId 60DEF1F0-4A14-4727-943C-DB82535553CA with fa22c5fe-5ae1-4114-abfe-4bea6798cb79
&amp#27;[35m[HTTP]&amp#27;[39m &amp#27;[37m<-- POST /wd/hub/session/fa22c5fe-5ae1-4114-abfe-4bea6798cb79/element/29000000-0000-0000-5301-000000000000/click &amp#27;[39m&amp#27;[32m200&amp#27;[39m &amp#27;[90m284 ms - 65&amp#27;[39m
&amp#27;[35m[HTTP]&amp#27;[39m &amp#27;[90m&amp#27;[39m
&amp#27;[35m[HTTP]&amp#27;[39m &amp#27;[37m-->&amp#27;[39m &amp#27;[37mPOST&amp#27;[39m &amp#27;[37m/wd/hub/session/fa22c5fe-5ae1-4114-abfe-4bea6798cb79/appium/device/hide_keyboard&amp#27;[39m
&amp#27;[35m[HTTP]&amp#27;[39m &amp#27;[90m{}&amp#27;[39m
[debug] &amp#27;[35m[W3C (fa22c5fe)]&amp#27;[39m Calling AppiumDriver.hideKeyboard() with args: [null,null,null,null,"fa22c5fe-5ae1-4114-abfe-4bea6798cb79"]
[debug] &amp#27;[35m[XCUITest]&amp#27;[39m Executing command 'hideKeyboard'
[debug] &amp#27;[35m[XCUITest]&amp#27;[39m Setting custom timeout to 750000 ms for 'hideKeyboard' command
[debug] &amp#27;[35m[WD Proxy]&amp#27;[39m Proxying [POST /wda/keyboard/dismiss] to [POST http://127.0.0.1:8100/session/60DEF1F0-4A14-4727-943C-DB82535553CA/wda/keyboard/dismiss] with body: {"keyNames":["done"]}
[debug] &amp#27;[35m[WD Proxy]&amp#27;[39m Got response with status 200: {"value":null,"sessionId":"60DEF1F0-4A14-4727-943C-DB82535553CA"}
[debug] &amp#27;[35m[W3C (fa22c5fe)]&amp#27;[39m Responding to client with driver.hideKeyboard() result: null
&amp#27;[35m[HTTP]&amp#27;[39m &amp#27;[37m<-- POST /wd/hub/session/fa22c5fe-5ae1-4114-abfe-4bea6798cb79/appium/device/hide_keyboard &amp#27;[39m&amp#27;[32m200&amp#27;[39m &amp#27;[90m1128 ms - 14&amp#27;[39m
&amp#27;[35m[HTTP]&amp#27;[39m &amp#27;[90m&amp#27;[39m
&amp#27;[35m[HTTP]&amp#27;[39m &amp#27;[37m-->&amp#27;[39m &amp#27;[37mPOST&amp#27;[39m &amp#27;[37m/wd/hub/session/fa22c5fe-5ae1-4114-abfe-4bea6798cb79/element&amp#27;[39m
&amp#27;[35m[HTTP]&amp#27;[39m &amp#27;[90m{"using":"xpath","value":"//XCUIElementTypeStaticText[@label='LOG IN']"}&amp#27;[39m
[debug] &amp#27;[35m[W3C (fa22c5fe)]&amp#27;[39m Calling AppiumDriver.findElement() with args: ["xpath","//XCUIElementTypeStaticText[@label='LOG IN']","fa22c5fe-5ae1-4114-abfe-4bea6798cb79"]
[debug] &amp#27;[35m[XCUITest]&amp#27;[39m Executing command 'findElement'
[debug] &amp#27;[35m[BaseDriver]&amp#27;[39m Valid locator strategies for this request: xpath, id, name, class name, -ios predicate string, -ios class chain, accessibility id, css selector
[debug] &amp#27;[35m[BaseDriver]&amp#27;[39m Waiting up to 25000 ms for condition
[debug] &amp#27;[35m[XCUITest]&amp#27;[39m Setting custom timeout to 750000 ms for 'findElement' command
[debug] &amp#27;[35m[WD Proxy]&amp#27;[39m Matched '/element' to command name 'findElement'
[debug] &amp#27;[35m[WD Proxy]&amp#27;[39m Proxying [POST /element] to [POST http://127.0.0.1:8100/session/60DEF1F0-4A14-4727-943C-DB82535553CA/element] with body: {"using":"xpath","value":"//XCUIElementTypeStaticText[@label='LOG IN']"}
[debug] &amp#27;[35m[WD Proxy]&amp#27;[39m Got response with status 200: {"value":{"ELEMENT":"2C000000-0000-0000-5301-000000000000","element-6066-11e4-a52e-4f735466cecf":"2C000000-0000-0000-5301-000000000000"},"sessionId":"60DEF1F0-4A14-4727-943C-DB82535553CA"}
[debug] &amp#27;[35m[W3C (fa22c5fe)]&amp#27;[39m Responding to client with driver.findElement() result: {"element-6066-11e4-a52e-4f735466cecf":"2C000000-0000-0000-5301-000000000000","ELEMENT":"2C000000-0000-0000-5301-000000000000"}
&amp#27;[35m[HTTP]&amp#27;[39m &amp#27;[37m<-- POST /wd/hub/session/fa22c5fe-5ae1-4114-abfe-4bea6798cb79/element &amp#27;[39m&amp#27;[32m200&amp#27;[39m &amp#27;[90m323 ms - 137&amp#27;[39m
&amp#27;[35m[HTTP]&amp#27;[39m &amp#27;[90m&amp#27;[39m
&amp#27;[35m[HTTP]&amp#27;[39m &amp#27;[37m-->&amp#27;[39m &amp#27;[37mPOST&amp#27;[39m &amp#27;[37m/wd/hub/session/fa22c5fe-5ae1-4114-abfe-4bea6798cb79/element/2C000000-0000-0000-5301-000000000000/click&amp#27;[39m
&amp#27;[35m[HTTP]&amp#27;[39m &amp#27;[90m{"id":"2C000000-0000-0000-5301-000000000000"}&amp#27;[39m
&amp#27;[35m[W3C (fa22c5fe)]&amp#27;[39m Driver proxy active, passing request on via HTTP proxy
[debug] &amp#27;[35m[XCUITest]&amp#27;[39m Executing command 'proxyReqRes'
[debug] &amp#27;[35m[WD Proxy]&amp#27;[39m Matched '/wd/hub/session/fa22c5fe-5ae1-4114-abfe-4bea6798cb79/element/2C000000-0000-0000-5301-000000000000/click' to command name 'click'
[debug] &amp#27;[35m[WD Proxy]&amp#27;[39m Proxying [POST /wd/hub/session/fa22c5fe-5ae1-4114-abfe-4bea6798cb79/element/2C000000-0000-0000-5301-000000000000/click] to [POST http://127.0.0.1:8100/session/60DEF1F0-4A14-4727-943C-DB82535553CA/element/2C000000-0000-0000-5301-000000000000/click] with body: {"id":"2C000000-0000-0000-5301-000000000000"}
[debug] &amp#27;[35m[WD Proxy]&amp#27;[39m Got response with status 200: {"value":null,"sessionId":"60DEF1F0-4A14-4727-943C-DB82535553CA"}
&amp#27;[35m[WD Proxy]&amp#27;[39m Replacing sessionId 60DEF1F0-4A14-4727-943C-DB82535553CA with fa22c5fe-5ae1-4114-abfe-4bea6798cb79
&amp#27;[35m[HTTP]&amp#27;[39m &amp#27;[37m<-- POST /wd/hub/session/fa22c5fe-5ae1-4114-abfe-4bea6798cb79/element/2C000000-0000-0000-5301-000000000000/click &amp#27;[39m&amp#27;[32m200&amp#27;[39m &amp#27;[90m135 ms - 65&amp#27;[39m
&amp#27;[35m[HTTP]&amp#27;[39m &amp#27;[90m&amp#27;[39m
&amp#27;[35m[HTTP]&amp#27;[39m &amp#27;[37m-->&amp#27;[39m &amp#27;[37mPOST&amp#27;[39m &amp#27;[37m/wd/hub/session/fa22c5fe-5ae1-4114-abfe-4bea6798cb79/element&amp#27;[39m
&amp#27;[35m[HTTP]&amp#27;[39m &amp#27;[90m{"using":"xpath","value":"//XCUIElementTypeKey[@label='1']"}&amp#27;[39m
[debug] &amp#27;[35m[W3C (fa22c5fe)]&amp#27;[39m Calling AppiumDriver.findElement() with args: ["xpath","//XCUIElementTypeKey[@label='1']","fa22c5fe-5ae1-4114-abfe-4bea6798cb79"]
[debug] &amp#27;[35m[XCUITest]&amp#27;[39m Executing command 'findElement'
[debug] &amp#27;[35m[BaseDriver]&amp#27;[39m Valid locator strategies for this request: xpath, id, name, class name, -ios predicate string, -ios class chain, accessibility id, css selector
[debug] &amp#27;[35m[BaseDriver]&amp#27;[39m Waiting up to 25000 ms for condition
[debug] &amp#27;[35m[XCUITest]&amp#27;[39m Setting custom timeout to 750000 ms for 'findElement' command
[debug] &amp#27;[35m[WD Proxy]&amp#27;[39m Matched '/element' to command name 'findElement'
[debug] &amp#27;[35m[WD Proxy]&amp#27;[39m Proxying [POST /element] to [POST http://127.0.0.1:8100/session/60DEF1F0-4A14-4727-943C-DB82535553CA/element] with body: {"using":"xpath","value":"//XCUIElementTypeKey[@label='1']"}
&amp#27;[35m[WD Proxy]&amp#27;[39m Got response with status 404: {"value":{"error":"no such element","message":"unable to find an element using 'xpath', value '//XCUIElementTypeKey[@label='1']'","traceback":"(\n\t0   WebDriverAgentLib                   0x0000000107fadc70 FBNoSuchElementErrorResponseForRequest + 288\n\t1   WebDriverAgentLib                   0x0000000107fada74 +[FBFindElementCommands handleFindElement:] + 336\n\t2   WebDriverAgentLib                   0x0000000107f77c70 -[FBRoute_TargetAction mountRequest:intoResponse:] + 180\n\t3   WebDriverAgentLib                   0x0000000107f64a8c __37-[FBWebServer registerRouteHandlers:]_block_invoke + 420\n\t4   WebDriverAgentLib                   0x0000000107f971e0 -[RoutingHTTPServer handleRoute:withRequest:response:] + 164\n\t5   WebDriverAgentLib                   0x0000000107f97c64 __72-[RoutingHTTPServer routeMethod:withPath:parameters:request:connection:]_block_invoke + 64\n\t6   libdispatch.dylib                   0x00000001a0c3cac8 8E662F82-B1E4-3E7E-A376-18E9755A8F51 + 15048\n\t7   libdispatch.dylib    ...
[debug] &amp#27;[35m[W3C]&amp#27;[39m Matched W3C error code 'no such element' to NoSuchElementError
[debug] &amp#27;[35m[BaseDriver]&amp#27;[39m Waited for 128 ms so far
[debug] &amp#27;[35m[XCUITest]&amp#27;[39m Setting custom timeout to 750000 ms for 'findElement' command
[debug] &amp#27;[35m[WD Proxy]&amp#27;[39m Matched '/element' to command name 'findElement'
[debug] &amp#27;[35m[WD Proxy]&amp#27;[39m Proxying [POST /element] to [POST http://127.0.0.1:8100/session/60DEF1F0-4A14-4727-943C-DB82535553CA/element] with body: {"using":"xpath","value":"//XCUIElementTypeKey[@label='1']"}
&amp#27;[35m[WD Proxy]&amp#27;[39m Got response with status 404: {"value":{"error":"no such element","message":"unable to find an element using 'xpath', value '//XCUIElementTypeKey[@label='1']'","traceback":"(\n\t0   WebDriverAgentLib                   0x0000000107fadc70 FBNoSuchElementErrorResponseForRequest + 288\n\t1   WebDriverAgentLib                   0x0000000107fada74 +[FBFindElementCommands handleFindElement:] + 336\n\t2   WebDriverAgentLib                   0x0000000107f77c70 -[FBRoute_TargetAction mountRequest:intoResponse:] + 180\n\t3   WebDriverAgentLib                   0x0000000107f64a8c __37-[FBWebServer registerRouteHandlers:]_block_invoke + 420\n\t4   WebDriverAgentLib                   0x0000000107f971e0 -[RoutingHTTPServer handleRoute:withRequest:response:] + 164\n\t5   WebDriverAgentLib                   0x0000000107f97c64 __72-[RoutingHTTPServer routeMethod:withPath:parameters:request:connection:]_block_invoke + 64\n\t6   libdispatch.dylib                   0x00000001a0c3cac8 8E662F82-B1E4-3E7E-A376-18E9755A8F51 + 15048\n\t7   libdispatch.dylib    ...
[debug] &amp#27;[35m[W3C]&amp#27;[39m Matched W3C error code 'no such element' to NoSuchElementError
[debug] &amp#27;[35m[BaseDriver]&amp#27;[39m Waited for 819 ms so far
[debug] &amp#27;[35m[XCUITest]&amp#27;[39m Setting custom timeout to 750000 ms for 'findElement' command
[debug] &amp#27;[35m[WD Proxy]&amp#27;[39m Matched '/element' to command name 'findElement'
[debug] &amp#27;[35m[WD Proxy]&amp#27;[39m Proxying [POST /element] to [POST http://127.0.0.1:8100/session/60DEF1F0-4A14-4727-943C-DB82535553CA/element] with body: {"using":"xpath","value":"//XCUIElementTypeKey[@label='1']"}
&amp#27;[35m[WD Proxy]&amp#27;[39m Got response with status 404: {"value":{"error":"no such element","message":"unable to find an element using 'xpath', value '//XCUIElementTypeKey[@label='1']'","traceback":"(\n\t0   WebDriverAgentLib                   0x0000000107fadc70 FBNoSuchElementErrorResponseForRequest + 288\n\t1   WebDriverAgentLib                   0x0000000107fada74 +[FBFindElementCommands handleFindElement:] + 336\n\t2   WebDriverAgentLib                   0x0000000107f77c70 -[FBRoute_TargetAction mountRequest:intoResponse:] + 180\n\t3   WebDriverAgentLib                   0x0000000107f64a8c __37-[FBWebServer registerRouteHandlers:]_block_invoke + 420\n\t4   WebDriverAgentLib                   0x0000000107f971e0 -[RoutingHTTPServer handleRoute:withRequest:response:] + 164\n\t5   WebDriverAgentLib                   0x0000000107f97c64 __72-[RoutingHTTPServer routeMethod:withPath:parameters:request:connection:]_block_invoke + 64\n\t6   libdispatch.dylib                   0x00000001a0c3cac8 8E662F82-B1E4-3E7E-A376-18E9755A8F51 + 15048\n\t7   libdispatch.dylib    ...
[debug] &amp#27;[35m[W3C]&amp#27;[39m Matched W3C error code 'no such element' to NoSuchElementError
[debug] &amp#27;[35m[BaseDriver]&amp#27;[39m Waited for 1511 ms so far
[debug] &amp#27;[35m[XCUITest]&amp#27;[39m Setting custom timeout to 750000 ms for 'findElement' command
[debug] &amp#27;[35m[WD Proxy]&amp#27;[39m Matched '/element' to command name 'findElement'
[debug] &amp#27;[35m[WD Proxy]&amp#27;[39m Proxying [POST /element] to [POST http://127.0.0.1:8100/session/60DEF1F0-4A14-4727-943C-DB82535553CA/element] with body: {"using":"xpath","value":"//XCUIElementTypeKey[@label='1']"}
&amp#27;[35m[WD Proxy]&amp#27;[39m Got response with status 404: {"value":{"error":"no such element","message":"unable to find an element using 'xpath', value '//XCUIElementTypeKey[@label='1']'","traceback":"(\n\t0   WebDriverAgentLib                   0x0000000107fadc70 FBNoSuchElementErrorResponseForRequest + 288\n\t1   WebDriverAgentLib                   0x0000000107fada74 +[FBFindElementCommands handleFindElement:] + 336\n\t2   WebDriverAgentLib                   0x0000000107f77c70 -[FBRoute_TargetAction mountRequest:intoResponse:] + 180\n\t3   WebDriverAgentLib                   0x0000000107f64a8c __37-[FBWebServer registerRouteHandlers:]_block_invoke + 420\n\t4   WebDriverAgentLib                   0x0000000107f971e0 -[RoutingHTTPServer handleRoute:withRequest:response:] + 164\n\t5   WebDriverAgentLib                   0x0000000107f97c64 __72-[RoutingHTTPServer routeMethod:withPath:parameters:request:connection:]_block_invoke + 64\n\t6   libdispatch.dylib                   0x00000001a0c3cac8 8E662F82-B1E4-3E7E-A376-18E9755A8F51 + 15048\n\t7   libdispatch.dylib    ...
[debug] &amp#27;[35m[W3C]&amp#27;[39m Matched W3C error code 'no such element' to NoSuchElementError
[debug] &amp#27;[35m[BaseDriver]&amp#27;[39m Waited for 2229 ms so far
[debug] &amp#27;[35m[XCUITest]&amp#27;[39m Setting custom timeout to 750000 ms for 'findElement' command
[debug] &amp#27;[35m[WD Proxy]&amp#27;[39m Matched '/element' to command name 'findElement'
[debug] &amp#27;[35m[WD Proxy]&amp#27;[39m Proxying [POST /element] to [POST http://127.0.0.1:8100/session/60DEF1F0-4A14-4727-943C-DB82535553CA/element] with body: {"using":"xpath","value":"//XCUIElementTypeKey[@label='1']"}
&amp#27;[35m[WD Proxy]&amp#27;[39m Got response with status 404: {"value":{"error":"no such element","message":"unable to find an element using 'xpath', value '//XCUIElementTypeKey[@label='1']'","traceback":"(\n\t0   WebDriverAgentLib                   0x0000000107fadc70 FBNoSuchElementErrorResponseForRequest + 288\n\t1   WebDriverAgentLib                   0x0000000107fada74 +[FBFindElementCommands handleFindElement:] + 336\n\t2   WebDriverAgentLib                   0x0000000107f77c70 -[FBRoute_TargetAction mountRequest:intoResponse:] + 180\n\t3   WebDriverAgentLib                   0x0000000107f64a8c __37-[FBWebServer registerRouteHandlers:]_block_invoke + 420\n\t4   WebDriverAgentLib                   0x0000000107f971e0 -[RoutingHTTPServer handleRoute:withRequest:response:] + 164\n\t5   WebDriverAgentLib                   0x0000000107f97c64 __72-[RoutingHTTPServer routeMethod:withPath:parameters:request:connection:]_block_invoke + 64\n\t6   libdispatch.dylib                   0x00000001a0c3cac8 8E662F82-B1E4-3E7E-A376-18E9755A8F51 + 15048\n\t7   libdispatch.dylib    ...
[debug] &amp#27;[35m[W3C]&amp#27;[39m Matched W3C error code 'no such element' to NoSuchElementError
[debug] &amp#27;[35m[BaseDriver]&amp#27;[39m Waited for 2914 ms so far
[debug] &amp#27;[35m[XCUITest]&amp#27;[39m Setting custom timeout to 750000 ms for 'findElement' command
[debug] &amp#27;[35m[WD Proxy]&amp#27;[39m Matched '/element' to command name 'findElement'
[debug] &amp#27;[35m[WD Proxy]&amp#27;[39m Proxying [POST /element] to [POST http://127.0.0.1:8100/session/60DEF1F0-4A14-4727-943C-DB82535553CA/element] with body: {"using":"xpath","value":"//XCUIElementTypeKey[@label='1']"}
&amp#27;[35m[WD Proxy]&amp#27;[39m Got response with status 404: {"value":{"error":"no such element","message":"unable to find an element using 'xpath', value '//XCUIElementTypeKey[@label='1']'","traceback":"(\n\t0   WebDriverAgentLib                   0x0000000107fadc70 FBNoSuchElementErrorResponseForRequest + 288\n\t1   WebDriverAgentLib                   0x0000000107fada74 +[FBFindElementCommands handleFindElement:] + 336\n\t2   WebDriverAgentLib                   0x0000000107f77c70 -[FBRoute_TargetAction mountRequest:intoResponse:] + 180\n\t3   WebDriverAgentLib                   0x0000000107f64a8c __37-[FBWebServer registerRouteHandlers:]_block_invoke + 420\n\t4   WebDriverAgentLib                   0x0000000107f971e0 -[RoutingHTTPServer handleRoute:withRequest:response:] + 164\n\t5   WebDriverAgentLib                   0x0000000107f97c64 __72-[RoutingHTTPServer routeMethod:withPath:parameters:request:connection:]_block_invoke + 64\n\t6   libdispatch.dylib                   0x00000001a0c3cac8 8E662F82-B1E4-3E7E-A376-18E9755A8F51 + 15048\n\t7   libdispatch.dylib    ...
[debug] &amp#27;[35m[W3C]&amp#27;[39m Matched W3C error code 'no such element' to NoSuchElementError
[debug] &amp#27;[35m[BaseDriver]&amp#27;[39m Waited for 3585 ms so far
[debug] &amp#27;[35m[XCUITest]&amp#27;[39m Setting custom timeout to 750000 ms for 'findElement' command
[debug] &amp#27;[35m[WD Proxy]&amp#27;[39m Matched '/element' to command name 'findElement'
[debug] &amp#27;[35m[WD Proxy]&amp#27;[39m Proxying [POST /element] to [POST http://127.0.0.1:8100/session/60DEF1F0-4A14-4727-943C-DB82535553CA/element] with body: {"using":"xpath","value":"//XCUIElementTypeKey[@label='1']"}
&amp#27;[35m[WD Proxy]&amp#27;[39m Got response with status 404: {"value":{"error":"no such element","message":"unable to find an element using 'xpath', value '//XCUIElementTypeKey[@label='1']'","traceback":"(\n\t0   WebDriverAgentLib                   0x0000000107fadc70 FBNoSuchElementErrorResponseForRequest + 288\n\t1   WebDriverAgentLib                   0x0000000107fada74 +[FBFindElementCommands handleFindElement:] + 336\n\t2   WebDriverAgentLib                   0x0000000107f77c70 -[FBRoute_TargetAction mountRequest:intoResponse:] + 180\n\t3   WebDriverAgentLib                   0x0000000107f64a8c __37-[FBWebServer registerRouteHandlers:]_block_invoke + 420\n\t4   WebDriverAgentLib                   0x0000000107f971e0 -[RoutingHTTPServer handleRoute:withRequest:response:] + 164\n\t5   WebDriverAgentLib                   0x0000000107f97c64 __72-[RoutingHTTPServer routeMethod:withPath:parameters:request:connection:]_block_invoke + 64\n\t6   libdispatch.dylib                   0x00000001a0c3cac8 8E662F82-B1E4-3E7E-A376-18E9755A8F51 + 15048\n\t7   libdispatch.dylib    ...
[debug] &amp#27;[35m[W3C]&amp#27;[39m Matched W3C error code 'no such element' to NoSuchElementError
[debug] &amp#27;[35m[BaseDriver]&amp#27;[39m Waited for 4264 ms so far
[debug] &amp#27;[35m[XCUITest]&amp#27;[39m Setting custom timeout to 750000 ms for 'findElement' command
[debug] &amp#27;[35m[WD Proxy]&amp#27;[39m Matched '/element' to command name 'findElement'
[debug] &amp#27;[35m[WD Proxy]&amp#27;[39m Proxying [POST /element] to [POST http://127.0.0.1:8100/session/60DEF1F0-4A14-4727-943C-DB82535553CA/element] with body: {"using":"xpath","value":"//XCUIElementTypeKey[@label='1']"}
&amp#27;[35m[WD Proxy]&amp#27;[39m Got response with status 404: {"value":{"error":"no such element","message":"unable to find an element using 'xpath', value '//XCUIElementTypeKey[@label='1']'","traceback":"(\n\t0   WebDriverAgentLib                   0x0000000107fadc70 FBNoSuchElementErrorResponseForRequest + 288\n\t1   WebDriverAgentLib                   0x0000000107fada74 +[FBFindElementCommands handleFindElement:] + 336\n\t2   WebDriverAgentLib                   0x0000000107f77c70 -[FBRoute_TargetAction mountRequest:intoResponse:] + 180\n\t3   WebDriverAgentLib                   0x0000000107f64a8c __37-[FBWebServer registerRouteHandlers:]_block_invoke + 420\n\t4   WebDriverAgentLib                   0x0000000107f971e0 -[RoutingHTTPServer handleRoute:withRequest:response:] + 164\n\t5   WebDriverAgentLib                   0x0000000107f97c64 __72-[RoutingHTTPServer routeMethod:withPath:parameters:request:connection:]_block_invoke + 64\n\t6   libdispatch.dylib                   0x00000001a0c3cac8 8E662F82-B1E4-3E7E-A376-18E9755A8F51 + 15048\n\t7   libdispatch.dylib    ...
[debug] &amp#27;[35m[W3C]&amp#27;[39m Matched W3C error code 'no such element' to NoSuchElementError
[debug] &amp#27;[35m[BaseDriver]&amp#27;[39m Waited for 4953 ms so far
[debug] &amp#27;[35m[XCUITest]&amp#27;[39m Setting custom timeout to 750000 ms for 'findElement' command
[debug] &amp#27;[35m[WD Proxy]&amp#27;[39m Matched '/element' to command name 'findElement'
[debug] &amp#27;[35m[WD Proxy]&amp#27;[39m Proxying [POST /element] to [POST http://127.0.0.1:8100/session/60DEF1F0-4A14-4727-943C-DB82535553CA/element] with body: {"using":"xpath","value":"//XCUIElementTypeKey[@label='1']"}
&amp#27;[35m[WD Proxy]&amp#27;[39m Got response with status 404: {"value":{"error":"no such element","message":"unable to find an element using 'xpath', value '//XCUIElementTypeKey[@label='1']'","traceback":"(\n\t0   WebDriverAgentLib                   0x0000000107fadc70 FBNoSuchElementErrorResponseForRequest + 288\n\t1   WebDriverAgentLib                   0x0000000107fada74 +[FBFindElementCommands handleFindElement:] + 336\n\t2   WebDriverAgentLib                   0x0000000107f77c70 -[FBRoute_TargetAction mountRequest:intoResponse:] + 180\n\t3   WebDriverAgentLib                   0x0000000107f64a8c __37-[FBWebServer registerRouteHandlers:]_block_invoke + 420\n\t4   WebDriverAgentLib                   0x0000000107f971e0 -[RoutingHTTPServer handleRoute:withRequest:response:] + 164\n\t5   WebDriverAgentLib                   0x0000000107f97c64 __72-[RoutingHTTPServer routeMethod:withPath:parameters:request:connection:]_block_invoke + 64\n\t6   libdispatch.dylib                   0x00000001a0c3cac8 8E662F82-B1E4-3E7E-A376-18E9755A8F51 + 15048\n\t7   libdispatch.dylib    ...
[debug] &amp#27;[35m[W3C]&amp#27;[39m Matched W3C error code 'no such element' to NoSuchElementError
[debug] &amp#27;[35m[BaseDriver]&amp#27;[39m Waited for 5579 ms so far
[debug] &amp#27;[35m[XCUITest]&amp#27;[39m Setting custom timeout to 750000 ms for 'findElement' command
[debug] &amp#27;[35m[WD Proxy]&amp#27;[39m Matched '/element' to command name 'findElement'
[debug] &amp#27;[35m[WD Proxy]&amp#27;[39m Proxying [POST /element] to [POST http://127.0.0.1:8100/session/60DEF1F0-4A14-4727-943C-DB82535553CA/element] with body: {"using":"xpath","value":"//XCUIElementTypeKey[@label='1']"}
&amp#27;[35m[WD Proxy]&amp#27;[39m Got response with status 404: {"value":{"error":"no such element","message":"unable to find an element using 'xpath', value '//XCUIElementTypeKey[@label='1']'","traceback":"(\n\t0   WebDriverAgentLib                   0x0000000107fadc70 FBNoSuchElementErrorResponseForRequest + 288\n\t1   WebDriverAgentLib                   0x0000000107fada74 +[FBFindElementCommands handleFindElement:] + 336\n\t2   WebDriverAgentLib                   0x0000000107f77c70 -[FBRoute_TargetAction mountRequest:intoResponse:] + 180\n\t3   WebDriverAgentLib                   0x0000000107f64a8c __37-[FBWebServer registerRouteHandlers:]_block_invoke + 420\n\t4   WebDriverAgentLib                   0x0000000107f971e0 -[RoutingHTTPServer handleRoute:withRequest:response:] + 164\n\t5   WebDriverAgentLib                   0x0000000107f97c64 __72-[RoutingHTTPServer routeMethod:withPath:parameters:request:connection:]_block_invoke + 64\n\t6   libdispatch.dylib                   0x00000001a0c3cac8 8E662F82-B1E4-3E7E-A376-18E9755A8F51 + 15048\n\t7   libdispatch.dylib    ...
[debug] &amp#27;[35m[W3C]&amp#27;[39m Matched W3C error code 'no such element' to NoSuchElementError
[debug] &amp#27;[35m[BaseDriver]&amp#27;[39m Waited for 6310 ms so far
[debug] &amp#27;[35m[XCUITest]&amp#27;[39m Setting custom timeout to 750000 ms for 'findElement' command
[debug] &amp#27;[35m[WD Proxy]&amp#27;[39m Matched '/element' to command name 'findElement'
[debug] &amp#27;[35m[WD Proxy]&amp#27;[39m Proxying [POST /element] to [POST http://127.0.0.1:8100/session/60DEF1F0-4A14-4727-943C-DB82535553CA/element] with body: {"using":"xpath","value":"//XCUIElementTypeKey[@label='1']"}
[debug] &amp#27;[35m[WD Proxy]&amp#27;[39m Got response with status 200: {"value":{"ELEMENT":"C2000000-0000-0000-5301-000000000000","element-6066-11e4-a52e-4f735466cecf":"C2000000-0000-0000-5301-000000000000"},"sessionId":"60DEF1F0-4A14-4727-943C-DB82535553CA"}
[debug] &amp#27;[35m[W3C (fa22c5fe)]&amp#27;[39m Responding to client with driver.findElement() result: {"element-6066-11e4-a52e-4f735466cecf":"C2000000-0000-0000-5301-000000000000","ELEMENT":"C2000000-0000-0000-5301-000000000000"}
&amp#27;[35m[HTTP]&amp#27;[39m &amp#27;[37m<-- POST /wd/hub/session/fa22c5fe-5ae1-4114-abfe-4bea6798cb79/element &amp#27;[39m&amp#27;[32m200&amp#27;[39m &amp#27;[90m7101 ms - 137&amp#27;[39m
&amp#27;[35m[HTTP]&amp#27;[39m &amp#27;[90m&amp#27;[39m
&amp#27;[35m[HTTP]&amp#27;[39m &amp#27;[37m-->&amp#27;[39m &amp#27;[37mPOST&amp#27;[39m &amp#27;[37m/wd/hub/session/fa22c5fe-5ae1-4114-abfe-4bea6798cb79/element/C2000000-0000-0000-5301-000000000000/click&amp#27;[39m
&amp#27;[35m[HTTP]&amp#27;[39m &amp#27;[90m{"id":"C2000000-0000-0000-5301-000000000000"}&amp#27;[39m
&amp#27;[35m[W3C (fa22c5fe)]&amp#27;[39m Driver proxy active, passing request on via HTTP proxy
[debug] &amp#27;[35m[XCUITest]&amp#27;[39m Executing command 'proxyReqRes'
[debug] &amp#27;[35m[WD Proxy]&amp#27;[39m Matched '/wd/hub/session/fa22c5fe-5ae1-4114-abfe-4bea6798cb79/element/C2000000-0000-0000-5301-000000000000/click' to command name 'click'
[debug] &amp#27;[35m[WD Proxy]&amp#27;[39m Proxying [POST /wd/hub/session/fa22c5fe-5ae1-4114-abfe-4bea6798cb79/element/C2000000-0000-0000-5301-000000000000/click] to [POST http://127.0.0.1:8100/session/60DEF1F0-4A14-4727-943C-DB82535553CA/element/C2000000-0000-0000-5301-000000000000/click] with body: {"id":"C2000000-0000-0000-5301-000000000000"}
[debug] &amp#27;[35m[WD Proxy]&amp#27;[39m Got response with status 200: {"value":null,"sessionId":"60DEF1F0-4A14-4727-943C-DB82535553CA"}
&amp#27;[35m[WD Proxy]&amp#27;[39m Replacing sessionId 60DEF1F0-4A14-4727-943C-DB82535553CA with fa22c5fe-5ae1-4114-abfe-4bea6798cb79
&amp#27;[35m[HTTP]&amp#27;[39m &amp#27;[37m<-- POST /wd/hub/session/fa22c5fe-5ae1-4114-abfe-4bea6798cb79/element/C2000000-0000-0000-5301-000000000000/click &amp#27;[39m&amp#27;[32m200&amp#27;[39m &amp#27;[90m197 ms - 65&amp#27;[39m
&amp#27;[35m[HTTP]&amp#27;[39m &amp#27;[90m&amp#27;[39m
&amp#27;[35m[HTTP]&amp#27;[39m &amp#27;[37m-->&amp#27;[39m &amp#27;[37mPOST&amp#27;[39m &amp#27;[37m/wd/hub/session/fa22c5fe-5ae1-4114-abfe-4bea6798cb79/element&amp#27;[39m
&amp#27;[35m[HTTP]&amp#27;[39m &amp#27;[90m{"using":"xpath","value":"//XCUIElementTypeKey[@label='2']"}&amp#27;[39m
[debug] &amp#27;[35m[W3C (fa22c5fe)]&amp#27;[39m Calling AppiumDriver.findElement() with args: ["xpath","//XCUIElementTypeKey[@label='2']","fa22c5fe-5ae1-4114-abfe-4bea6798cb79"]
[debug] &amp#27;[35m[XCUITest]&amp#27;[39m Executing command 'findElement'
[debug] &amp#27;[35m[BaseDriver]&amp#27;[39m Valid locator strategies for this request: xpath, id, name, class name, -ios predicate string, -ios class chain, accessibility id, css selector
[debug] &amp#27;[35m[BaseDriver]&amp#27;[39m Waiting up to 25000 ms for condition
[debug] &amp#27;[35m[XCUITest]&amp#27;[39m Setting custom timeout to 750000 ms for 'findElement' command
[debug] &amp#27;[35m[WD Proxy]&amp#27;[39m Matched '/element' to command name 'findElement'
[debug] &amp#27;[35m[WD Proxy]&amp#27;[39m Proxying [POST /element] to [POST http://127.0.0.1:8100/session/60DEF1F0-4A14-4727-943C-DB82535553CA/element] with body: {"using":"xpath","value":"//XCUIElementTypeKey[@label='2']"}
[debug] &amp#27;[35m[WD Proxy]&amp#27;[39m Got response with status 200: {"value":{"ELEMENT":"C1000000-0000-0000-5301-000000000000","element-6066-11e4-a52e-4f735466cecf":"C1000000-0000-0000-5301-000000000000"},"sessionId":"60DEF1F0-4A14-4727-943C-DB82535553CA"}
[debug] &amp#27;[35m[W3C (fa22c5fe)]&amp#27;[39m Responding to client with driver.findElement() result: {"element-6066-11e4-a52e-4f735466cecf":"C1000000-0000-0000-5301-000000000000","ELEMENT":"C1000000-0000-0000-5301-000000000000"}
&amp#27;[35m[HTTP]&amp#27;[39m &amp#27;[37m<-- POST /wd/hub/session/fa22c5fe-5ae1-4114-abfe-4bea6798cb79/element &amp#27;[39m&amp#27;[32m200&amp#27;[39m &amp#27;[90m320 ms - 137&amp#27;[39m
&amp#27;[35m[HTTP]&amp#27;[39m &amp#27;[90m&amp#27;[39m
&amp#27;[35m[HTTP]&amp#27;[39m &amp#27;[37m-->&amp#27;[39m &amp#27;[37mPOST&amp#27;[39m &amp#27;[37m/wd/hub/session/fa22c5fe-5ae1-4114-abfe-4bea6798cb79/element/C1000000-0000-0000-5301-000000000000/click&amp#27;[39m
&amp#27;[35m[HTTP]&amp#27;[39m &amp#27;[90m{"id":"C1000000-0000-0000-5301-000000000000"}&amp#27;[39m
&amp#27;[35m[W3C (fa22c5fe)]&amp#27;[39m Driver proxy active, passing request on via HTTP proxy
[debug] &amp#27;[35m[XCUITest]&amp#27;[39m Executing command 'proxyReqRes'
[debug] &amp#27;[35m[WD Proxy]&amp#27;[39m Matched '/wd/hub/session/fa22c5fe-5ae1-4114-abfe-4bea6798cb79/element/C1000000-0000-0000-5301-000000000000/click' to command name 'click'
[debug] &amp#27;[35m[WD Proxy]&amp#27;[39m Proxying [POST /wd/hub/session/fa22c5fe-5ae1-4114-abfe-4bea6798cb79/element/C1000000-0000-0000-5301-000000000000/click] to [POST http://127.0.0.1:8100/session/60DEF1F0-4A14-4727-943C-DB82535553CA/element/C1000000-0000-0000-5301-000000000000/click] with body: {"id":"C1000000-0000-0000-5301-000000000000"}
[debug] &amp#27;[35m[WD Proxy]&amp#27;[39m Got response with status 200: {"value":null,"sessionId":"60DEF1F0-4A14-4727-943C-DB82535553CA"}
&amp#27;[35m[WD Proxy]&amp#27;[39m Replacing sessionId 60DEF1F0-4A14-4727-943C-DB82535553CA with fa22c5fe-5ae1-4114-abfe-4bea6798cb79
&amp#27;[35m[HTTP]&amp#27;[39m &amp#27;[37m<-- POST /wd/hub/session/fa22c5fe-5ae1-4114-abfe-4bea6798cb79/element/C1000000-0000-0000-5301-000000000000/click &amp#27;[39m&amp#27;[32m200&amp#27;[39m &amp#27;[90m234 ms - 65&amp#27;[39m
&amp#27;[35m[HTTP]&amp#27;[39m &amp#27;[90m&amp#27;[39m
&amp#27;[35m[HTTP]&amp#27;[39m &amp#27;[37m-->&amp#27;[39m &amp#27;[37mPOST&amp#27;[39m &amp#27;[37m/wd/hub/session/fa22c5fe-5ae1-4114-abfe-4bea6798cb79/element&amp#27;[39m
&amp#27;[35m[HTTP]&amp#27;[39m &amp#27;[90m{"using":"xpath","value":"//XCUIElementTypeKey[@label='3']"}&amp#27;[39m
[debug] &amp#27;[35m[W3C (fa22c5fe)]&amp#27;[39m Calling AppiumDriver.findElement() with args: ["xpath","//XCUIElementTypeKey[@label='3']","fa22c5fe-5ae1-4114-abfe-4bea6798cb79"]
[debug] &amp#27;[35m[XCUITest]&amp#27;[39m Executing command 'findElement'
[debug] &amp#27;[35m[BaseDriver]&amp#27;[39m Valid locator strategies for this request: xpath, id, name, class name, -ios predicate string, -ios class chain, accessibility id, css selector
[debug] &amp#27;[35m[BaseDriver]&amp#27;[39m Waiting up to 25000 ms for condition
[debug] &amp#27;[35m[XCUITest]&amp#27;[39m Setting custom timeout to 750000 ms for 'findElement' command
[debug] &amp#27;[35m[WD Proxy]&amp#27;[39m Matched '/element' to command name 'findElement'
[debug] &amp#27;[35m[WD Proxy]&amp#27;[39m Proxying [POST /element] to [POST http://127.0.0.1:8100/session/60DEF1F0-4A14-4727-943C-DB82535553CA/element] with body: {"using":"xpath","value":"//XCUIElementTypeKey[@label='3']"}
[debug] &amp#27;[35m[WD Proxy]&amp#27;[39m Got response with status 200: {"value":{"ELEMENT":"C0000000-0000-0000-5301-000000000000","element-6066-11e4-a52e-4f735466cecf":"C0000000-0000-0000-5301-000000000000"},"sessionId":"60DEF1F0-4A14-4727-943C-DB82535553CA"}
[debug] &amp#27;[35m[W3C (fa22c5fe)]&amp#27;[39m Responding to client with driver.findElement() result: {"element-6066-11e4-a52e-4f735466cecf":"C0000000-0000-0000-5301-000000000000","ELEMENT":"C0000000-0000-0000-5301-000000000000"}
&amp#27;[35m[HTTP]&amp#27;[39m &amp#27;[37m<-- POST /wd/hub/session/fa22c5fe-5ae1-4114-abfe-4bea6798cb79/element &amp#27;[39m&amp#27;[32m200&amp#27;[39m &amp#27;[90m336 ms - 137&amp#27;[39m
&amp#27;[35m[HTTP]&amp#27;[39m &amp#27;[90m&amp#27;[39m
&amp#27;[35m[HTTP]&amp#27;[39m &amp#27;[37m-->&amp#27;[39m &amp#27;[37mPOST&amp#27;[39m &amp#27;[37m/wd/hub/session/fa22c5fe-5ae1-4114-abfe-4bea6798cb79/element/C0000000-0000-0000-5301-000000000000/click&amp#27;[39m
&amp#27;[35m[HTTP]&amp#27;[39m &amp#27;[90m{"id":"C0000000-0000-0000-5301-000000000000"}&amp#27;[39m
&amp#27;[35m[W3C (fa22c5fe)]&amp#27;[39m Driver proxy active, passing request on via HTTP proxy
[debug] &amp#27;[35m[XCUITest]&amp#27;[39m Executing command 'proxyReqRes'
[debug] &amp#27;[35m[WD Proxy]&amp#27;[39m Matched '/wd/hub/session/fa22c5fe-5ae1-4114-abfe-4bea6798cb79/element/C0000000-0000-0000-5301-000000000000/click' to command name 'click'
[debug] &amp#27;[35m[WD Proxy]&amp#27;[39m Proxying [POST /wd/hub/session/fa22c5fe-5ae1-4114-abfe-4bea6798cb79/element/C0000000-0000-0000-5301-000000000000/click] to [POST http://127.0.0.1:8100/session/60DEF1F0-4A14-4727-943C-DB82535553CA/element/C0000000-0000-0000-5301-000000000000/click] with body: {"id":"C0000000-0000-0000-5301-000000000000"}
[debug] &amp#27;[35m[WD Proxy]&amp#27;[39m Got response with status 200: {"value":null,"sessionId":"60DEF1F0-4A14-4727-943C-DB82535553CA"}
&amp#27;[35m[WD Proxy]&amp#27;[39m Replacing sessionId 60DEF1F0-4A14-4727-943C-DB82535553CA with fa22c5fe-5ae1-4114-abfe-4bea6798cb79
&amp#27;[35m[HTTP]&amp#27;[39m &amp#27;[37m<-- POST /wd/hub/session/fa22c5fe-5ae1-4114-abfe-4bea6798cb79/element/C0000000-0000-0000-5301-000000000000/click &amp#27;[39m&amp#27;[32m200&amp#27;[39m &amp#27;[90m220 ms - 65&amp#27;[39m
&amp#27;[35m[HTTP]&amp#27;[39m &amp#27;[90m&amp#27;[39m
&amp#27;[35m[HTTP]&amp#27;[39m &amp#27;[37m-->&amp#27;[39m &amp#27;[37mPOST&amp#27;[39m &amp#27;[37m/wd/hub/session/fa22c5fe-5ae1-4114-abfe-4bea6798cb79/element&amp#27;[39m
&amp#27;[35m[HTTP]&amp#27;[39m &amp#27;[90m{"using":"xpath","value":"//XCUIElementTypeKey[@label='4']"}&amp#27;[39m
[debug] &amp#27;[35m[W3C (fa22c5fe)]&amp#27;[39m Calling AppiumDriver.findElement() with args: ["xpath","//XCUIElementTypeKey[@label='4']","fa22c5fe-5ae1-4114-abfe-4bea6798cb79"]
[debug] &amp#27;[35m[XCUITest]&amp#27;[39m Executing command 'findElement'
[debug] &amp#27;[35m[BaseDriver]&amp#27;[39m Valid locator strategies for this request: xpath, id, name, class name, -ios predicate string, -ios class chain, accessibility id, css selector
[debug] &amp#27;[35m[BaseDriver]&amp#27;[39m Waiting up to 25000 ms for condition
[debug] &amp#27;[35m[XCUITest]&amp#27;[39m Setting custom timeout to 750000 ms for 'findElement' command
[debug] &amp#27;[35m[WD Proxy]&amp#27;[39m Matched '/element' to command name 'findElement'
[debug] &amp#27;[35m[WD Proxy]&amp#27;[39m Proxying [POST /element] to [POST http://127.0.0.1:8100/session/60DEF1F0-4A14-4727-943C-DB82535553CA/element] with body: {"using":"xpath","value":"//XCUIElementTypeKey[@label='4']"}
[debug] &amp#27;[35m[WD Proxy]&amp#27;[39m Got response with status 200: {"value":{"ELEMENT":"BF000000-0000-0000-5301-000000000000","element-6066-11e4-a52e-4f735466cecf":"BF000000-0000-0000-5301-000000000000"},"sessionId":"60DEF1F0-4A14-4727-943C-DB82535553CA"}
[debug] &amp#27;[35m[W3C (fa22c5fe)]&amp#27;[39m Responding to client with driver.findElement() result: {"element-6066-11e4-a52e-4f735466cecf":"BF000000-0000-0000-5301-000000000000","ELEMENT":"BF000000-0000-0000-5301-000000000000"}
&amp#27;[35m[HTTP]&amp#27;[39m &amp#27;[37m<-- POST /wd/hub/session/fa22c5fe-5ae1-4114-abfe-4bea6798cb79/element &amp#27;[39m&amp#27;[32m200&amp#27;[39m &amp#27;[90m320 ms - 137&amp#27;[39m
&amp#27;[35m[HTTP]&amp#27;[39m &amp#27;[90m&amp#27;[39m
&amp#27;[35m[HTTP]&amp#27;[39m &amp#27;[37m-->&amp#27;[39m &amp#27;[37mPOST&amp#27;[39m &amp#27;[37m/wd/hub/session/fa22c5fe-5ae1-4114-abfe-4bea6798cb79/element/BF000000-0000-0000-5301-000000000000/click&amp#27;[39m
&amp#27;[35m[HTTP]&amp#27;[39m &amp#27;[90m{"id":"BF000000-0000-0000-5301-000000000000"}&amp#27;[39m
&amp#27;[35m[W3C (fa22c5fe)]&amp#27;[39m Driver proxy active, passing request on via HTTP proxy
[debug] &amp#27;[35m[XCUITest]&amp#27;[39m Executing command 'proxyReqRes'
[debug] &amp#27;[35m[WD Proxy]&amp#27;[39m Matched '/wd/hub/session/fa22c5fe-5ae1-4114-abfe-4bea6798cb79/element/BF000000-0000-0000-5301-000000000000/click' to command name 'click'
[debug] &amp#27;[35m[WD Proxy]&amp#27;[39m Proxying [POST /wd/hub/session/fa22c5fe-5ae1-4114-abfe-4bea6798cb79/element/BF000000-0000-0000-5301-000000000000/click] to [POST http://127.0.0.1:8100/session/60DEF1F0-4A14-4727-943C-DB82535553CA/element/BF000000-0000-0000-5301-000000000000/click] with body: {"id":"BF000000-0000-0000-5301-000000000000"}
[debug] &amp#27;[35m[WD Proxy]&amp#27;[39m Got response with status 200: {"value":null,"sessionId":"60DEF1F0-4A14-4727-943C-DB82535553CA"}
&amp#27;[35m[WD Proxy]&amp#27;[39m Replacing sessionId 60DEF1F0-4A14-4727-943C-DB82535553CA with fa22c5fe-5ae1-4114-abfe-4bea6798cb79
&amp#27;[35m[HTTP]&amp#27;[39m &amp#27;[37m<-- POST /wd/hub/session/fa22c5fe-5ae1-4114-abfe-4bea6798cb79/element/BF000000-0000-0000-5301-000000000000/click &amp#27;[39m&amp#27;[32m200&amp#27;[39m &amp#27;[90m234 ms - 65&amp#27;[39m
&amp#27;[35m[HTTP]&amp#27;[39m &amp#27;[90m&amp#27;[39m
&amp#27;[35m[HTTP]&amp#27;[39m &amp#27;[37m-->&amp#27;[39m &amp#27;[37mPOST&amp#27;[39m &amp#27;[37m/wd/hub/session/fa22c5fe-5ae1-4114-abfe-4bea6798cb79/element&amp#27;[39m
&amp#27;[35m[HTTP]&amp#27;[39m &amp#27;[90m{"using":"xpath","value":"//XCUIElementTypeKey[@label='5']"}&amp#27;[39m
[debug] &amp#27;[35m[W3C (fa22c5fe)]&amp#27;[39m Calling AppiumDriver.findElement() with args: ["xpath","//XCUIElementTypeKey[@label='5']","fa22c5fe-5ae1-4114-abfe-4bea6798cb79"]
[debug] &amp#27;[35m[XCUITest]&amp#27;[39m Executing command 'findElement'
[debug] &amp#27;[35m[BaseDriver]&amp#27;[39m Valid locator strategies for this request: xpath, id, name, class name, -ios predicate string, -ios class chain, accessibility id, css selector
[debug] &amp#27;[35m[BaseDriver]&amp#27;[39m Waiting up to 25000 ms for condition
[debug] &amp#27;[35m[XCUITest]&amp#27;[39m Setting custom timeout to 750000 ms for 'findElement' command
[debug] &amp#27;[35m[WD Proxy]&amp#27;[39m Matched '/element' to command name 'findElement'
[debug] &amp#27;[35m[WD Proxy]&amp#27;[39m Proxying [POST /element] to [POST http://127.0.0.1:8100/session/60DEF1F0-4A14-4727-943C-DB82535553CA/element] with body: {"using":"xpath","value":"//XCUIElementTypeKey[@label='5']"}
[debug] &amp#27;[35m[WD Proxy]&amp#27;[39m Got response with status 200: {"value":{"ELEMENT":"BE000000-0000-0000-5301-000000000000","element-6066-11e4-a52e-4f735466cecf":"BE000000-0000-0000-5301-000000000000"},"sessionId":"60DEF1F0-4A14-4727-943C-DB82535553CA"}
[debug] &amp#27;[35m[W3C (fa22c5fe)]&amp#27;[39m Responding to client with driver.findElement() result: {"element-6066-11e4-a52e-4f735466cecf":"BE000000-0000-0000-5301-000000000000","ELEMENT":"BE000000-0000-0000-5301-000000000000"}
&amp#27;[35m[HTTP]&amp#27;[39m &amp#27;[37m<-- POST /wd/hub/session/fa22c5fe-5ae1-4114-abfe-4bea6798cb79/element &amp#27;[39m&amp#27;[32m200&amp#27;[39m &amp#27;[90m329 ms - 137&amp#27;[39m
&amp#27;[35m[HTTP]&amp#27;[39m &amp#27;[90m&amp#27;[39m
&amp#27;[35m[HTTP]&amp#27;[39m &amp#27;[37m-->&amp#27;[39m &amp#27;[37mPOST&amp#27;[39m &amp#27;[37m/wd/hub/session/fa22c5fe-5ae1-4114-abfe-4bea6798cb79/element/BE000000-0000-0000-5301-000000000000/click&amp#27;[39m
&amp#27;[35m[HTTP]&amp#27;[39m &amp#27;[90m{"id":"BE000000-0000-0000-5301-000000000000"}&amp#27;[39m
&amp#27;[35m[W3C (fa22c5fe)]&amp#27;[39m Driver proxy active, passing request on via HTTP proxy
[debug] &amp#27;[35m[XCUITest]&amp#27;[39m Executing command 'proxyReqRes'
[debug] &amp#27;[35m[WD Proxy]&amp#27;[39m Matched '/wd/hub/session/fa22c5fe-5ae1-4114-abfe-4bea6798cb79/element/BE000000-0000-0000-5301-000000000000/click' to command name 'click'
[debug] &amp#27;[35m[WD Proxy]&amp#27;[39m Proxying [POST /wd/hub/session/fa22c5fe-5ae1-4114-abfe-4bea6798cb79/element/BE000000-0000-0000-5301-000000000000/click] to [POST http://127.0.0.1:8100/session/60DEF1F0-4A14-4727-943C-DB82535553CA/element/BE000000-0000-0000-5301-000000000000/click] with body: {"id":"BE000000-0000-0000-5301-000000000000"}
[debug] &amp#27;[35m[WD Proxy]&amp#27;[39m Got response with status 200: {"value":null,"sessionId":"60DEF1F0-4A14-4727-943C-DB82535553CA"}
&amp#27;[35m[WD Proxy]&amp#27;[39m Replacing sessionId 60DEF1F0-4A14-4727-943C-DB82535553CA with fa22c5fe-5ae1-4114-abfe-4bea6798cb79
&amp#27;[35m[HTTP]&amp#27;[39m &amp#27;[37m<-- POST /wd/hub/session/fa22c5fe-5ae1-4114-abfe-4bea6798cb79/element/BE000000-0000-0000-5301-000000000000/click &amp#27;[39m&amp#27;[32m200&amp#27;[39m &amp#27;[90m209 ms - 65&amp#27;[39m
&amp#27;[35m[HTTP]&amp#27;[39m &amp#27;[90m&amp#27;[39m
&amp#27;[35m[HTTP]&amp#27;[39m &amp#27;[37m-->&amp#27;[39m &amp#27;[37mPOST&amp#27;[39m &amp#27;[37m/wd/hub/session/fa22c5fe-5ae1-4114-abfe-4bea6798cb79/element&amp#27;[39m
&amp#27;[35m[HTTP]&amp#27;[39m &amp#27;[90m{"using":"xpath","value":"//XCUIElementTypeKey[@label='6']"}&amp#27;[39m
[debug] &amp#27;[35m[W3C (fa22c5fe)]&amp#27;[39m Calling AppiumDriver.findElement() with args: ["xpath","//XCUIElementTypeKey[@label='6']","fa22c5fe-5ae1-4114-abfe-4bea6798cb79"]
[debug] &amp#27;[35m[XCUITest]&amp#27;[39m Executing command 'findElement'
[debug] &amp#27;[35m[BaseDriver]&amp#27;[39m Valid locator strategies for this request: xpath, id, name, class name, -ios predicate string, -ios class chain, accessibility id, css selector
[debug] &amp#27;[35m[BaseDriver]&amp#27;[39m Waiting up to 25000 ms for condition
[debug] &amp#27;[35m[XCUITest]&amp#27;[39m Setting custom timeout to 750000 ms for 'findElement' command
[debug] &amp#27;[35m[WD Proxy]&amp#27;[39m Matched '/element' to command name 'findElement'
[debug] &amp#27;[35m[WD Proxy]&amp#27;[39m Proxying [POST /element] to [POST http://127.0.0.1:8100/session/60DEF1F0-4A14-4727-943C-DB82535553CA/element] with body: {"using":"xpath","value":"//XCUIElementTypeKey[@label='6']"}
[debug] &amp#27;[35m[WD Proxy]&amp#27;[39m Got response with status 200: {"value":{"ELEMENT":"BD000000-0000-0000-5301-000000000000","element-6066-11e4-a52e-4f735466cecf":"BD000000-0000-0000-5301-000000000000"},"sessionId":"60DEF1F0-4A14-4727-943C-DB82535553CA"}
[debug] &amp#27;[35m[W3C (fa22c5fe)]&amp#27;[39m Responding to client with driver.findElement() result: {"element-6066-11e4-a52e-4f735466cecf":"BD000000-0000-0000-5301-000000000000","ELEMENT":"BD000000-0000-0000-5301-000000000000"}
&amp#27;[35m[HTTP]&amp#27;[39m &amp#27;[37m<-- POST /wd/hub/session/fa22c5fe-5ae1-4114-abfe-4bea6798cb79/element &amp#27;[39m&amp#27;[32m200&amp#27;[39m &amp#27;[90m322 ms - 137&amp#27;[39m
&amp#27;[35m[HTTP]&amp#27;[39m &amp#27;[90m&amp#27;[39m
&amp#27;[35m[HTTP]&amp#27;[39m &amp#27;[37m-->&amp#27;[39m &amp#27;[37mPOST&amp#27;[39m &amp#27;[37m/wd/hub/session/fa22c5fe-5ae1-4114-abfe-4bea6798cb79/element/BD000000-0000-0000-5301-000000000000/click&amp#27;[39m
&amp#27;[35m[HTTP]&amp#27;[39m &amp#27;[90m{"id":"BD000000-0000-0000-5301-000000000000"}&amp#27;[39m
&amp#27;[35m[W3C (fa22c5fe)]&amp#27;[39m Driver proxy active, passing request on via HTTP proxy
[debug] &amp#27;[35m[XCUITest]&amp#27;[39m Executing command 'proxyReqRes'
[debug] &amp#27;[35m[WD Proxy]&amp#27;[39m Matched '/wd/hub/session/fa22c5fe-5ae1-4114-abfe-4bea6798cb79/element/BD000000-0000-0000-5301-000000000000/click' to command name 'click'
[debug] &amp#27;[35m[WD Proxy]&amp#27;[39m Proxying [POST /wd/hub/session/fa22c5fe-5ae1-4114-abfe-4bea6798cb79/element/BD000000-0000-0000-5301-000000000000/click] to [POST http://127.0.0.1:8100/session/60DEF1F0-4A14-4727-943C-DB82535553CA/element/BD000000-0000-0000-5301-000000000000/click] with body: {"id":"BD000000-0000-0000-5301-000000000000"}
[debug] &amp#27;[35m[WD Proxy]&amp#27;[39m Got response with status 200: {"value":null,"sessionId":"60DEF1F0-4A14-4727-943C-DB82535553CA"}
&amp#27;[35m[WD Proxy]&amp#27;[39m Replacing sessionId 60DEF1F0-4A14-4727-943C-DB82535553CA with fa22c5fe-5ae1-4114-abfe-4bea6798cb79
&amp#27;[35m[HTTP]&amp#27;[39m &amp#27;[37m<-- POST /wd/hub/session/fa22c5fe-5ae1-4114-abfe-4bea6798cb79/element/BD000000-0000-0000-5301-000000000000/click &amp#27;[39m&amp#27;[32m200&amp#27;[39m &amp#27;[90m860 ms - 65&amp#27;[39m
&amp#27;[35m[HTTP]&amp#27;[39m &amp#27;[90m&amp#27;[39m
&amp#27;[35m[HTTP]&amp#27;[39m &amp#27;[37m-->&amp#27;[39m &amp#27;[37mPOST&amp#27;[39m &amp#27;[37m/wd/hub/session/fa22c5fe-5ae1-4114-abfe-4bea6798cb79/element&amp#27;[39m
&amp#27;[35m[HTTP]&amp#27;[39m &amp#27;[90m{"using":"xpath","value":"//XCUIElementTypeKey[@label='1']"}&amp#27;[39m
[debug] &amp#27;[35m[W3C (fa22c5fe)]&amp#27;[39m Calling AppiumDriver.findElement() with args: ["xpath","//XCUIElementTypeKey[@label='1']","fa22c5fe-5ae1-4114-abfe-4bea6798cb79"]
[debug] &amp#27;[35m[XCUITest]&amp#27;[39m Executing command 'findElement'
[debug] &amp#27;[35m[BaseDriver]&amp#27;[39m Valid locator strategies for this request: xpath, id, name, class name, -ios predicate string, -ios class chain, accessibility id, css selector
[debug] &amp#27;[35m[BaseDriver]&amp#27;[39m Waiting up to 25000 ms for condition
[debug] &amp#27;[35m[XCUITest]&amp#27;[39m Setting custom timeout to 750000 ms for 'findElement' command
[debug] &amp#27;[35m[WD Proxy]&amp#27;[39m Matched '/element' to command name 'findElement'
[debug] &amp#27;[35m[WD Proxy]&amp#27;[39m Proxying [POST /element] to [POST http://127.0.0.1:8100/session/60DEF1F0-4A14-4727-943C-DB82535553CA/element] with body: {"using":"xpath","value":"//XCUIElementTypeKey[@label='1']"}
[debug] &amp#27;[35m[WD Proxy]&amp#27;[39m Got response with status 200: {"value":{"ELEMENT":"D8000000-0000-0000-5301-000000000000","element-6066-11e4-a52e-4f735466cecf":"D8000000-0000-0000-5301-000000000000"},"sessionId":"60DEF1F0-4A14-4727-943C-DB82535553CA"}
[debug] &amp#27;[35m[W3C (fa22c5fe)]&amp#27;[39m Responding to client with driver.findElement() result: {"element-6066-11e4-a52e-4f735466cecf":"D8000000-0000-0000-5301-000000000000","ELEMENT":"D8000000-0000-0000-5301-000000000000"}
&amp#27;[35m[HTTP]&amp#27;[39m &amp#27;[37m<-- POST /wd/hub/session/fa22c5fe-5ae1-4114-abfe-4bea6798cb79/element &amp#27;[39m&amp#27;[32m200&amp#27;[39m &amp#27;[90m341 ms - 137&amp#27;[39m
&amp#27;[35m[HTTP]&amp#27;[39m &amp#27;[90m&amp#27;[39m
&amp#27;[35m[HTTP]&amp#27;[39m &amp#27;[37m-->&amp#27;[39m &amp#27;[37mPOST&amp#27;[39m &amp#27;[37m/wd/hub/session/fa22c5fe-5ae1-4114-abfe-4bea6798cb79/element/D8000000-0000-0000-5301-000000000000/click&amp#27;[39m
&amp#27;[35m[HTTP]&amp#27;[39m &amp#27;[90m{"id":"D8000000-0000-0000-5301-000000000000"}&amp#27;[39m
&amp#27;[35m[W3C (fa22c5fe)]&amp#27;[39m Driver proxy active, passing request on via HTTP proxy
[debug] &amp#27;[35m[XCUITest]&amp#27;[39m Executing command 'proxyReqRes'
[debug] &amp#27;[35m[WD Proxy]&amp#27;[39m Matched '/wd/hub/session/fa22c5fe-5ae1-4114-abfe-4bea6798cb79/element/D8000000-0000-0000-5301-000000000000/click' to command name 'click'
[debug] &amp#27;[35m[WD Proxy]&amp#27;[39m Proxying [POST /wd/hub/session/fa22c5fe-5ae1-4114-abfe-4bea6798cb79/element/D8000000-0000-0000-5301-000000000000/click] to [POST http://127.0.0.1:8100/session/60DEF1F0-4A14-4727-943C-DB82535553CA/element/D8000000-0000-0000-5301-000000000000/click] with body: {"id":"D8000000-0000-0000-5301-000000000000"}
[debug] &amp#27;[35m[WD Proxy]&amp#27;[39m Got response with status 200: {"value":null,"sessionId":"60DEF1F0-4A14-4727-943C-DB82535553CA"}
&amp#27;[35m[WD Proxy]&amp#27;[39m Replacing sessionId 60DEF1F0-4A14-4727-943C-DB82535553CA with fa22c5fe-5ae1-4114-abfe-4bea6798cb79
&amp#27;[35m[HTTP]&amp#27;[39m &amp#27;[37m<-- POST /wd/hub/session/fa22c5fe-5ae1-4114-abfe-4bea6798cb79/element/D8000000-0000-0000-5301-000000000000/click &amp#27;[39m&amp#27;[32m200&amp#27;[39m &amp#27;[90m234 ms - 65&amp#27;[39m
&amp#27;[35m[HTTP]&amp#27;[39m &amp#27;[90m&amp#27;[39m
&amp#27;[35m[HTTP]&amp#27;[39m &amp#27;[37m-->&amp#27;[39m &amp#27;[37mPOST&amp#27;[39m &amp#27;[37m/wd/hub/session/fa22c5fe-5ae1-4114-abfe-4bea6798cb79/element&amp#27;[39m
&amp#27;[35m[HTTP]&amp#27;[39m &amp#27;[90m{"using":"xpath","value":"//XCUIElementTypeKey[@label='2']"}&amp#27;[39m
[debug] &amp#27;[35m[W3C (fa22c5fe)]&amp#27;[39m Calling AppiumDriver.findElement() with args: ["xpath","//XCUIElementTypeKey[@label='2']","fa22c5fe-5ae1-4114-abfe-4bea6798cb79"]
[debug] &amp#27;[35m[XCUITest]&amp#27;[39m Executing command 'findElement'
[debug] &amp#27;[35m[BaseDriver]&amp#27;[39m Valid locator strategies for this request: xpath, id, name, class name, -ios predicate string, -ios class chain, accessibility id, css selector
[debug] &amp#27;[35m[BaseDriver]&amp#27;[39m Waiting up to 25000 ms for condition
[debug] &amp#27;[35m[XCUITest]&amp#27;[39m Setting custom timeout to 750000 ms for 'findElement' command
[debug] &amp#27;[35m[WD Proxy]&amp#27;[39m Matched '/element' to command name 'findElement'
[debug] &amp#27;[35m[WD Proxy]&amp#27;[39m Proxying [POST /element] to [POST http://127.0.0.1:8100/session/60DEF1F0-4A14-4727-943C-DB82535553CA/element] with body: {"using":"xpath","value":"//XCUIElementTypeKey[@label='2']"}
[debug] &amp#27;[35m[WD Proxy]&amp#27;[39m Got response with status 200: {"value":{"ELEMENT":"D7000000-0000-0000-5301-000000000000","element-6066-11e4-a52e-4f735466cecf":"D7000000-0000-0000-5301-000000000000"},"sessionId":"60DEF1F0-4A14-4727-943C-DB82535553CA"}
[debug] &amp#27;[35m[W3C (fa22c5fe)]&amp#27;[39m Responding to client with driver.findElement() result: {"element-6066-11e4-a52e-4f735466cecf":"D7000000-0000-0000-5301-000000000000","ELEMENT":"D7000000-0000-0000-5301-000000000000"}
&amp#27;[35m[HTTP]&amp#27;[39m &amp#27;[37m<-- POST /wd/hub/session/fa22c5fe-5ae1-4114-abfe-4bea6798cb79/element &amp#27;[39m&amp#27;[32m200&amp#27;[39m &amp#27;[90m306 ms - 137&amp#27;[39m
&amp#27;[35m[HTTP]&amp#27;[39m &amp#27;[90m&amp#27;[39m
&amp#27;[35m[HTTP]&amp#27;[39m &amp#27;[37m-->&amp#27;[39m &amp#27;[37mPOST&amp#27;[39m &amp#27;[37m/wd/hub/session/fa22c5fe-5ae1-4114-abfe-4bea6798cb79/element/D7000000-0000-0000-5301-000000000000/click&amp#27;[39m
&amp#27;[35m[HTTP]&amp#27;[39m &amp#27;[90m{"id":"D7000000-0000-0000-5301-000000000000"}&amp#27;[39m
&amp#27;[35m[W3C (fa22c5fe)]&amp#27;[39m Driver proxy active, passing request on via HTTP proxy
[debug] &amp#27;[35m[XCUITest]&amp#27;[39m Executing command 'proxyReqRes'
[debug] &amp#27;[35m[WD Proxy]&amp#27;[39m Matched '/wd/hub/session/fa22c5fe-5ae1-4114-abfe-4bea6798cb79/element/D7000000-0000-0000-5301-000000000000/click' to command name 'click'
[debug] &amp#27;[35m[WD Proxy]&amp#27;[39m Proxying [POST /wd/hub/session/fa22c5fe-5ae1-4114-abfe-4bea6798cb79/element/D7000000-0000-0000-5301-000000000000/click] to [POST http://127.0.0.1:8100/session/60DEF1F0-4A14-4727-943C-DB82535553CA/element/D7000000-0000-0000-5301-000000000000/click] with body: {"id":"D7000000-0000-0000-5301-000000000000"}
[debug] &amp#27;[35m[WD Proxy]&amp#27;[39m Got response with status 200: {"value":null,"sessionId":"60DEF1F0-4A14-4727-943C-DB82535553CA"}
&amp#27;[35m[WD Proxy]&amp#27;[39m Replacing sessionId 60DEF1F0-4A14-4727-943C-DB82535553CA with fa22c5fe-5ae1-4114-abfe-4bea6798cb79
&amp#27;[35m[HTTP]&amp#27;[39m &amp#27;[37m<-- POST /wd/hub/session/fa22c5fe-5ae1-4114-abfe-4bea6798cb79/element/D7000000-0000-0000-5301-000000000000/click &amp#27;[39m&amp#27;[32m200&amp#27;[39m &amp#27;[90m231 ms - 65&amp#27;[39m
&amp#27;[35m[HTTP]&amp#27;[39m &amp#27;[90m&amp#27;[39m
&amp#27;[35m[HTTP]&amp#27;[39m &amp#27;[37m-->&amp#27;[39m &amp#27;[37mPOST&amp#27;[39m &amp#27;[37m/wd/hub/session/fa22c5fe-5ae1-4114-abfe-4bea6798cb79/element&amp#27;[39m
&amp#27;[35m[HTTP]&amp#27;[39m &amp#27;[90m{"using":"xpath","value":"//XCUIElementTypeKey[@label='3']"}&amp#27;[39m
[debug] &amp#27;[35m[W3C (fa22c5fe)]&amp#27;[39m Calling AppiumDriver.findElement() with args: ["xpath","//XCUIElementTypeKey[@label='3']","fa22c5fe-5ae1-4114-abfe-4bea6798cb79"]
[debug] &amp#27;[35m[XCUITest]&amp#27;[39m Executing command 'findElement'
[debug] &amp#27;[35m[BaseDriver]&amp#27;[39m Valid locator strategies for this request: xpath, id, name, class name, -ios predicate string, -ios class chain, accessibility id, css selector
[debug] &amp#27;[35m[BaseDriver]&amp#27;[39m Waiting up to 25000 ms for condition
[debug] &amp#27;[35m[XCUITest]&amp#27;[39m Setting custom timeout to 750000 ms for 'findElement' command
[debug] &amp#27;[35m[WD Proxy]&amp#27;[39m Matched '/element' to command name 'findElement'
[debug] &amp#27;[35m[WD Proxy]&amp#27;[39m Proxying [POST /element] to [POST http://127.0.0.1:8100/session/60DEF1F0-4A14-4727-943C-DB82535553CA/element] with body: {"using":"xpath","value":"//XCUIElementTypeKey[@label='3']"}
[debug] &amp#27;[35m[WD Proxy]&amp#27;[39m Got response with status 200: {"value":{"ELEMENT":"D6000000-0000-0000-5301-000000000000","element-6066-11e4-a52e-4f735466cecf":"D6000000-0000-0000-5301-000000000000"},"sessionId":"60DEF1F0-4A14-4727-943C-DB82535553CA"}
[debug] &amp#27;[35m[W3C (fa22c5fe)]&amp#27;[39m Responding to client with driver.findElement() result: {"element-6066-11e4-a52e-4f735466cecf":"D6000000-0000-0000-5301-000000000000","ELEMENT":"D6000000-0000-0000-5301-000000000000"}
&amp#27;[35m[HTTP]&amp#27;[39m &amp#27;[37m<-- POST /wd/hub/session/fa22c5fe-5ae1-4114-abfe-4bea6798cb79/element &amp#27;[39m&amp#27;[32m200&amp#27;[39m &amp#27;[90m372 ms - 137&amp#27;[39m
&amp#27;[35m[HTTP]&amp#27;[39m &amp#27;[90m&amp#27;[39m
&amp#27;[35m[HTTP]&amp#27;[39m &amp#27;[37m-->&amp#27;[39m &amp#27;[37mPOST&amp#27;[39m &amp#27;[37m/wd/hub/session/fa22c5fe-5ae1-4114-abfe-4bea6798cb79/element/D6000000-0000-0000-5301-000000000000/click&amp#27;[39m
&amp#27;[35m[HTTP]&amp#27;[39m &amp#27;[90m{"id":"D6000000-0000-0000-5301-000000000000"}&amp#27;[39m
&amp#27;[35m[W3C (fa22c5fe)]&amp#27;[39m Driver proxy active, passing request on via HTTP proxy
[debug] &amp#27;[35m[XCUITest]&amp#27;[39m Executing command 'proxyReqRes'
[debug] &amp#27;[35m[WD Proxy]&amp#27;[39m Matched '/wd/hub/session/fa22c5fe-5ae1-4114-abfe-4bea6798cb79/element/D6000000-0000-0000-5301-000000000000/click' to command name 'click'
[debug] &amp#27;[35m[WD Proxy]&amp#27;[39m Proxying [POST /wd/hub/session/fa22c5fe-5ae1-4114-abfe-4bea6798cb79/element/D6000000-0000-0000-5301-000000000000/click] to [POST http://127.0.0.1:8100/session/60DEF1F0-4A14-4727-943C-DB82535553CA/element/D6000000-0000-0000-5301-000000000000/click] with body: {"id":"D6000000-0000-0000-5301-000000000000"}
[debug] &amp#27;[35m[WD Proxy]&amp#27;[39m Got response with status 200: {"value":null,"sessionId":"60DEF1F0-4A14-4727-943C-DB82535553CA"}
&amp#27;[35m[WD Proxy]&amp#27;[39m Replacing sessionId 60DEF1F0-4A14-4727-943C-DB82535553CA with fa22c5fe-5ae1-4114-abfe-4bea6798cb79
&amp#27;[35m[HTTP]&amp#27;[39m &amp#27;[37m<-- POST /wd/hub/session/fa22c5fe-5ae1-4114-abfe-4bea6798cb79/element/D6000000-0000-0000-5301-000000000000/click &amp#27;[39m&amp#27;[32m200&amp#27;[39m &amp#27;[90m217 ms - 65&amp#27;[39m
&amp#27;[35m[HTTP]&amp#27;[39m &amp#27;[90m&amp#27;[39m
&amp#27;[35m[HTTP]&amp#27;[39m &amp#27;[37m-->&amp#27;[39m &amp#27;[37mPOST&amp#27;[39m &amp#27;[37m/wd/hub/session/fa22c5fe-5ae1-4114-abfe-4bea6798cb79/element&amp#27;[39m
&amp#27;[35m[HTTP]&amp#27;[39m &amp#27;[90m{"using":"xpath","value":"//XCUIElementTypeKey[@label='4']"}&amp#27;[39m
[debug] &amp#27;[35m[W3C (fa22c5fe)]&amp#27;[39m Calling AppiumDriver.findElement() with args: ["xpath","//XCUIElementTypeKey[@label='4']","fa22c5fe-5ae1-4114-abfe-4bea6798cb79"]
[debug] &amp#27;[35m[XCUITest]&amp#27;[39m Executing command 'findElement'
[debug] &amp#27;[35m[BaseDriver]&amp#27;[39m Valid locator strategies for this request: xpath, id, name, class name, -ios predicate string, -ios class chain, accessibility id, css selector
[debug] &amp#27;[35m[BaseDriver]&amp#27;[39m Waiting up to 25000 ms for condition
[debug] &amp#27;[35m[XCUITest]&amp#27;[39m Setting custom timeout to 750000 ms for 'findElement' command
[debug] &amp#27;[35m[WD Proxy]&amp#27;[39m Matched '/element' to command name 'findElement'
[debug] &amp#27;[35m[WD Proxy]&amp#27;[39m Proxying [POST /element] to [POST http://127.0.0.1:8100/session/60DEF1F0-4A14-4727-943C-DB82535553CA/element] with body: {"using":"xpath","value":"//XCUIElementTypeKey[@label='4']"}
[debug] &amp#27;[35m[WD Proxy]&amp#27;[39m Got response with status 200: {"value":{"ELEMENT":"D5000000-0000-0000-5301-000000000000","element-6066-11e4-a52e-4f735466cecf":"D5000000-0000-0000-5301-000000000000"},"sessionId":"60DEF1F0-4A14-4727-943C-DB82535553CA"}
[debug] &amp#27;[35m[W3C (fa22c5fe)]&amp#27;[39m Responding to client with driver.findElement() result: {"element-6066-11e4-a52e-4f735466cecf":"D5000000-0000-0000-5301-000000000000","ELEMENT":"D5000000-0000-0000-5301-000000000000"}
&amp#27;[35m[HTTP]&amp#27;[39m &amp#27;[37m<-- POST /wd/hub/session/fa22c5fe-5ae1-4114-abfe-4bea6798cb79/element &amp#27;[39m&amp#27;[32m200&amp#27;[39m &amp#27;[90m338 ms - 137&amp#27;[39m
&amp#27;[35m[HTTP]&amp#27;[39m &amp#27;[90m&amp#27;[39m
&amp#27;[35m[HTTP]&amp#27;[39m &amp#27;[37m-->&amp#27;[39m &amp#27;[37mPOST&amp#27;[39m &amp#27;[37m/wd/hub/session/fa22c5fe-5ae1-4114-abfe-4bea6798cb79/element/D5000000-0000-0000-5301-000000000000/click&amp#27;[39m
&amp#27;[35m[HTTP]&amp#27;[39m &amp#27;[90m{"id":"D5000000-0000-0000-5301-000000000000"}&amp#27;[39m
&amp#27;[35m[W3C (fa22c5fe)]&amp#27;[39m Driver proxy active, passing request on via HTTP proxy
[debug] &amp#27;[35m[XCUITest]&amp#27;[39m Executing command 'proxyReqRes'
[debug] &amp#27;[35m[WD Proxy]&amp#27;[39m Matched '/wd/hub/session/fa22c5fe-5ae1-4114-abfe-4bea6798cb79/element/D5000000-0000-0000-5301-000000000000/click' to command name 'click'
[debug] &amp#27;[35m[WD Proxy]&amp#27;[39m Proxying [POST /wd/hub/session/fa22c5fe-5ae1-4114-abfe-4bea6798cb79/element/D5000000-0000-0000-5301-000000000000/click] to [POST http://127.0.0.1:8100/session/60DEF1F0-4A14-4727-943C-DB82535553CA/element/D5000000-0000-0000-5301-000000000000/click] with body: {"id":"D5000000-0000-0000-5301-000000000000"}
[debug] &amp#27;[35m[WD Proxy]&amp#27;[39m Got response with status 200: {"value":null,"sessionId":"60DEF1F0-4A14-4727-943C-DB82535553CA"}
&amp#27;[35m[WD Proxy]&amp#27;[39m Replacing sessionId 60DEF1F0-4A14-4727-943C-DB82535553CA with fa22c5fe-5ae1-4114-abfe-4bea6798cb79
&amp#27;[35m[HTTP]&amp#27;[39m &amp#27;[37m<-- POST /wd/hub/session/fa22c5fe-5ae1-4114-abfe-4bea6798cb79/element/D5000000-0000-0000-5301-000000000000/click &amp#27;[39m&amp#27;[32m200&amp#27;[39m &amp#27;[90m231 ms - 65&amp#27;[39m
&amp#27;[35m[HTTP]&amp#27;[39m &amp#27;[90m&amp#27;[39m
&amp#27;[35m[HTTP]&amp#27;[39m &amp#27;[37m-->&amp#27;[39m &amp#27;[37mPOST&amp#27;[39m &amp#27;[37m/wd/hub/session/fa22c5fe-5ae1-4114-abfe-4bea6798cb79/element&amp#27;[39m
&amp#27;[35m[HTTP]&amp#27;[39m &amp#27;[90m{"using":"xpath","value":"//XCUIElementTypeKey[@label='5']"}&amp#27;[39m
[debug] &amp#27;[35m[W3C (fa22c5fe)]&amp#27;[39m Calling AppiumDriver.findElement() with args: ["xpath","//XCUIElementTypeKey[@label='5']","fa22c5fe-5ae1-4114-abfe-4bea6798cb79"]
[debug] &amp#27;[35m[XCUITest]&amp#27;[39m Executing command 'findElement'
[debug] &amp#27;[35m[BaseDriver]&amp#27;[39m Valid locator strategies for this request: xpath, id, name, class name, -ios predicate string, -ios class chain, accessibility id, css selector
[debug] &amp#27;[35m[BaseDriver]&amp#27;[39m Waiting up to 25000 ms for condition
[debug] &amp#27;[35m[XCUITest]&amp#27;[39m Setting custom timeout to 750000 ms for 'findElement' command
[debug] &amp#27;[35m[WD Proxy]&amp#27;[39m Matched '/element' to command name 'findElement'
[debug] &amp#27;[35m[WD Proxy]&amp#27;[39m Proxying [POST /element] to [POST http://127.0.0.1:8100/session/60DEF1F0-4A14-4727-943C-DB82535553CA/element] with body: {"using":"xpath","value":"//XCUIElementTypeKey[@label='5']"}
[debug] &amp#27;[35m[WD Proxy]&amp#27;[39m Got response with status 200: {"value":{"ELEMENT":"D4000000-0000-0000-5301-000000000000","element-6066-11e4-a52e-4f735466cecf":"D4000000-0000-0000-5301-000000000000"},"sessionId":"60DEF1F0-4A14-4727-943C-DB82535553CA"}
[debug] &amp#27;[35m[W3C (fa22c5fe)]&amp#27;[39m Responding to client with driver.findElement() result: {"element-6066-11e4-a52e-4f735466cecf":"D4000000-0000-0000-5301-000000000000","ELEMENT":"D4000000-0000-0000-5301-000000000000"}
&amp#27;[35m[HTTP]&amp#27;[39m &amp#27;[37m<-- POST /wd/hub/session/fa22c5fe-5ae1-4114-abfe-4bea6798cb79/element &amp#27;[39m&amp#27;[32m200&amp#27;[39m &amp#27;[90m347 ms - 137&amp#27;[39m
&amp#27;[35m[HTTP]&amp#27;[39m &amp#27;[90m&amp#27;[39m
&amp#27;[35m[HTTP]&amp#27;[39m &amp#27;[37m-->&amp#27;[39m &amp#27;[37mPOST&amp#27;[39m &amp#27;[37m/wd/hub/session/fa22c5fe-5ae1-4114-abfe-4bea6798cb79/element/D4000000-0000-0000-5301-000000000000/click&amp#27;[39m
&amp#27;[35m[HTTP]&amp#27;[39m &amp#27;[90m{"id":"D4000000-0000-0000-5301-000000000000"}&amp#27;[39m
&amp#27;[35m[W3C (fa22c5fe)]&amp#27;[39m Driver proxy active, passing request on via HTTP proxy
[debug] &amp#27;[35m[XCUITest]&amp#27;[39m Executing command 'proxyReqRes'
[debug] &amp#27;[35m[WD Proxy]&amp#27;[39m Matched '/wd/hub/session/fa22c5fe-5ae1-4114-abfe-4bea6798cb79/element/D4000000-0000-0000-5301-000000000000/click' to command name 'click'
[debug] &amp#27;[35m[WD Proxy]&amp#27;[39m Proxying [POST /wd/hub/session/fa22c5fe-5ae1-4114-abfe-4bea6798cb79/element/D4000000-0000-0000-5301-000000000000/click] to [POST http://127.0.0.1:8100/session/60DEF1F0-4A14-4727-943C-DB82535553CA/element/D4000000-0000-0000-5301-000000000000/click] with body: {"id":"D4000000-0000-0000-5301-000000000000"}
[debug] &amp#27;[35m[WD Proxy]&amp#27;[39m Got response with status 200: {"value":null,"sessionId":"60DEF1F0-4A14-4727-943C-DB82535553CA"}
&amp#27;[35m[WD Proxy]&amp#27;[39m Replacing sessionId 60DEF1F0-4A14-4727-943C-DB82535553CA with fa22c5fe-5ae1-4114-abfe-4bea6798cb79
&amp#27;[35m[HTTP]&amp#27;[39m &amp#27;[37m<-- POST /wd/hub/session/fa22c5fe-5ae1-4114-abfe-4bea6798cb79/element/D4000000-0000-0000-5301-000000000000/click &amp#27;[39m&amp#27;[32m200&amp#27;[39m &amp#27;[90m231 ms - 65&amp#27;[39m
&amp#27;[35m[HTTP]&amp#27;[39m &amp#27;[90m&amp#27;[39m
&amp#27;[35m[HTTP]&amp#27;[39m &amp#27;[37m-->&amp#27;[39m &amp#27;[37mPOST&amp#27;[39m &amp#27;[37m/wd/hub/session/fa22c5fe-5ae1-4114-abfe-4bea6798cb79/element&amp#27;[39m
&amp#27;[35m[HTTP]&amp#27;[39m &amp#27;[90m{"using":"xpath","value":"//XCUIElementTypeKey[@label='6']"}&amp#27;[39m
[debug] &amp#27;[35m[W3C (fa22c5fe)]&amp#27;[39m Calling AppiumDriver.findElement() with args: ["xpath","//XCUIElementTypeKey[@label='6']","fa22c5fe-5ae1-4114-abfe-4bea6798cb79"]
[debug] &amp#27;[35m[XCUITest]&amp#27;[39m Executing command 'findElement'
[debug] &amp#27;[35m[BaseDriver]&amp#27;[39m Valid locator strategies for this request: xpath, id, name, class name, -ios predicate string, -ios class chain, accessibility id, css selector
[debug] &amp#27;[35m[BaseDriver]&amp#27;[39m Waiting up to 25000 ms for condition
[debug] &amp#27;[35m[XCUITest]&amp#27;[39m Setting custom timeout to 750000 ms for 'findElement' command
[debug] &amp#27;[35m[WD Proxy]&amp#27;[39m Matched '/element' to command name 'findElement'
[debug] &amp#27;[35m[WD Proxy]&amp#27;[39m Proxying [POST /element] to [POST http://127.0.0.1:8100/session/60DEF1F0-4A14-4727-943C-DB82535553CA/element] with body: {"using":"xpath","value":"//XCUIElementTypeKey[@label='6']"}
[debug] &amp#27;[35m[WD Proxy]&amp#27;[39m Got response with status 200: {"value":{"ELEMENT":"D3000000-0000-0000-5301-000000000000","element-6066-11e4-a52e-4f735466cecf":"D3000000-0000-0000-5301-000000000000"},"sessionId":"60DEF1F0-4A14-4727-943C-DB82535553CA"}
[debug] &amp#27;[35m[W3C (fa22c5fe)]&amp#27;[39m Responding to client with driver.findElement() result: {"element-6066-11e4-a52e-4f735466cecf":"D3000000-0000-0000-5301-000000000000","ELEMENT":"D3000000-0000-0000-5301-000000000000"}
&amp#27;[35m[HTTP]&amp#27;[39m &amp#27;[37m<-- POST /wd/hub/session/fa22c5fe-5ae1-4114-abfe-4bea6798cb79/element &amp#27;[39m&amp#27;[32m200&amp#27;[39m &amp#27;[90m328 ms - 137&amp#27;[39m
&amp#27;[35m[HTTP]&amp#27;[39m &amp#27;[90m&amp#27;[39m
&amp#27;[35m[HTTP]&amp#27;[39m &amp#27;[37m-->&amp#27;[39m &amp#27;[37mPOST&amp#27;[39m &amp#27;[37m/wd/hub/session/fa22c5fe-5ae1-4114-abfe-4bea6798cb79/element/D3000000-0000-0000-5301-000000000000/click&amp#27;[39m
&amp#27;[35m[HTTP]&amp#27;[39m &amp#27;[90m{"id":"D3000000-0000-0000-5301-000000000000"}&amp#27;[39m
&amp#27;[35m[W3C (fa22c5fe)]&amp#27;[39m Driver proxy active, passing request on via HTTP proxy
[debug] &amp#27;[35m[XCUITest]&amp#27;[39m Executing command 'proxyReqRes'
[debug] &amp#27;[35m[WD Proxy]&amp#27;[39m Matched '/wd/hub/session/fa22c5fe-5ae1-4114-abfe-4bea6798cb79/element/D3000000-0000-0000-5301-000000000000/click' to command name 'click'
[debug] &amp#27;[35m[WD Proxy]&amp#27;[39m Proxying [POST /wd/hub/session/fa22c5fe-5ae1-4114-abfe-4bea6798cb79/element/D3000000-0000-0000-5301-000000000000/click] to [POST http://127.0.0.1:8100/session/60DEF1F0-4A14-4727-943C-DB82535553CA/element/D3000000-0000-0000-5301-000000000000/click] with body: {"id":"D3000000-0000-0000-5301-000000000000"}
[debug] &amp#27;[35m[WD Proxy]&amp#27;[39m Got response with status 200: {"value":null,"sessionId":"60DEF1F0-4A14-4727-943C-DB82535553CA"}
&amp#27;[35m[WD Proxy]&amp#27;[39m Replacing sessionId 60DEF1F0-4A14-4727-943C-DB82535553CA with fa22c5fe-5ae1-4114-abfe-4bea6798cb79
&amp#27;[35m[HTTP]&amp#27;[39m &amp#27;[37m<-- POST /wd/hub/session/fa22c5fe-5ae1-4114-abfe-4bea6798cb79/element/D3000000-0000-0000-5301-000000000000/click &amp#27;[39m&amp#27;[32m200&amp#27;[39m &amp#27;[90m241 ms - 65&amp#27;[39m
&amp#27;[35m[HTTP]&amp#27;[39m &amp#27;[90m&amp#27;[39m
&amp#27;[35m[HTTP]&amp#27;[39m &amp#27;[37m-->&amp#27;[39m &amp#27;[37mPOST&amp#27;[39m &amp#27;[37m/wd/hub/session/fa22c5fe-5ae1-4114-abfe-4bea6798cb79/element&amp#27;[39m
&amp#27;[35m[HTTP]&amp#27;[39m &amp#27;[90m{"using":"xpath","value":"//XCUIElementTypeStaticText[@label='ALLOW']"}&amp#27;[39m
[debug] &amp#27;[35m[W3C (fa22c5fe)]&amp#27;[39m Calling AppiumDriver.findElement() with args: ["xpath","//XCUIElementTypeStaticText[@label='ALLOW']","fa22c5fe-5ae1-4114-abfe-4bea6798cb79"]
[debug] &amp#27;[35m[XCUITest]&amp#27;[39m Executing command 'findElement'
[debug] &amp#27;[35m[BaseDriver]&amp#27;[39m Valid locator strategies for this request: xpath, id, name, class name, -ios predicate string, -ios class chain, accessibility id, css selector
[debug] &amp#27;[35m[BaseDriver]&amp#27;[39m Waiting up to 25000 ms for condition
[debug] &amp#27;[35m[XCUITest]&amp#27;[39m Setting custom timeout to 750000 ms for 'findElement' command
[debug] &amp#27;[35m[WD Proxy]&amp#27;[39m Matched '/element' to command name 'findElement'
[debug] &amp#27;[35m[WD Proxy]&amp#27;[39m Proxying [POST /element] to [POST http://127.0.0.1:8100/session/60DEF1F0-4A14-4727-943C-DB82535553CA/element] with body: {"using":"xpath","value":"//XCUIElementTypeStaticText[@label='ALLOW']"}
[debug] &amp#27;[35m[WD Proxy]&amp#27;[39m Got response with status 200: {"value":{"ELEMENT":"F0000000-0000-0000-5301-000000000000","element-6066-11e4-a52e-4f735466cecf":"F0000000-0000-0000-5301-000000000000"},"sessionId":"60DEF1F0-4A14-4727-943C-DB82535553CA"}
[debug] &amp#27;[35m[W3C (fa22c5fe)]&amp#27;[39m Responding to client with driver.findElement() result: {"element-6066-11e4-a52e-4f735466cecf":"F0000000-0000-0000-5301-000000000000","ELEMENT":"F0000000-0000-0000-5301-000000000000"}
&amp#27;[35m[HTTP]&amp#27;[39m &amp#27;[37m<-- POST /wd/hub/session/fa22c5fe-5ae1-4114-abfe-4bea6798cb79/element &amp#27;[39m&amp#27;[32m200&amp#27;[39m &amp#27;[90m261 ms - 137&amp#27;[39m
&amp#27;[35m[HTTP]&amp#27;[39m &amp#27;[90m&amp#27;[39m
&amp#27;[35m[HTTP]&amp#27;[39m &amp#27;[37m-->&amp#27;[39m &amp#27;[37mPOST&amp#27;[39m &amp#27;[37m/wd/hub/session/fa22c5fe-5ae1-4114-abfe-4bea6798cb79/element/F0000000-0000-0000-5301-000000000000/click&amp#27;[39m
&amp#27;[35m[HTTP]&amp#27;[39m &amp#27;[90m{"id":"F0000000-0000-0000-5301-000000000000"}&amp#27;[39m
&amp#27;[35m[W3C (fa22c5fe)]&amp#27;[39m Driver proxy active, passing request on via HTTP proxy
[debug] &amp#27;[35m[XCUITest]&amp#27;[39m Executing command 'proxyReqRes'
[debug] &amp#27;[35m[WD Proxy]&amp#27;[39m Matched '/wd/hub/session/fa22c5fe-5ae1-4114-abfe-4bea6798cb79/element/F0000000-0000-0000-5301-000000000000/click' to command name 'click'
[debug] &amp#27;[35m[WD Proxy]&amp#27;[39m Proxying [POST /wd/hub/session/fa22c5fe-5ae1-4114-abfe-4bea6798cb79/element/F0000000-0000-0000-5301-000000000000/click] to [POST http://127.0.0.1:8100/session/60DEF1F0-4A14-4727-943C-DB82535553CA/element/F0000000-0000-0000-5301-000000000000/click] with body: {"id":"F0000000-0000-0000-5301-000000000000"}
[debug] &amp#27;[35m[WD Proxy]&amp#27;[39m Got response with status 200: {"value":null,"sessionId":"60DEF1F0-4A14-4727-943C-DB82535553CA"}
&amp#27;[35m[WD Proxy]&amp#27;[39m Replacing sessionId 60DEF1F0-4A14-4727-943C-DB82535553CA with fa22c5fe-5ae1-4114-abfe-4bea6798cb79
&amp#27;[35m[HTTP]&amp#27;[39m &amp#27;[37m<-- POST /wd/hub/session/fa22c5fe-5ae1-4114-abfe-4bea6798cb79/element/F0000000-0000-0000-5301-000000000000/click &amp#27;[39m&amp#27;[32m200&amp#27;[39m &amp#27;[90m169 ms - 65&amp#27;[39m
&amp#27;[35m[HTTP]&amp#27;[39m &amp#27;[90m&amp#27;[39m
&amp#27;[35m[HTTP]&amp#27;[39m &amp#27;[37m-->&amp#27;[39m &amp#27;[37mPOST&amp#27;[39m &amp#27;[37m/wd/hub/session/fa22c5fe-5ae1-4114-abfe-4bea6798cb79/element&amp#27;[39m
&amp#27;[35m[HTTP]&amp#27;[39m &amp#27;[90m{"using":"xpath","value":"//XCUIElementTypeButton[@label='Allow']"}&amp#27;[39m
[debug] &amp#27;[35m[W3C (fa22c5fe)]&amp#27;[39m Calling AppiumDriver.findElement() with args: ["xpath","//XCUIElementTypeButton[@label='Allow']","fa22c5fe-5ae1-4114-abfe-4bea6798cb79"]
[debug] &amp#27;[35m[XCUITest]&amp#27;[39m Executing command 'findElement'
[debug] &amp#27;[35m[BaseDriver]&amp#27;[39m Valid locator strategies for this request: xpath, id, name, class name, -ios predicate string, -ios class chain, accessibility id, css selector
[debug] &amp#27;[35m[BaseDriver]&amp#27;[39m Waiting up to 25000 ms for condition
[debug] &amp#27;[35m[XCUITest]&amp#27;[39m Setting custom timeout to 750000 ms for 'findElement' command
[debug] &amp#27;[35m[WD Proxy]&amp#27;[39m Matched '/element' to command name 'findElement'
[debug] &amp#27;[35m[WD Proxy]&amp#27;[39m Proxying [POST /element] to [POST http://127.0.0.1:8100/session/60DEF1F0-4A14-4727-943C-DB82535553CA/element] with body: {"using":"xpath","value":"//XCUIElementTypeButton[@label='Allow']"}
&amp#27;[35m[WD Proxy]&amp#27;[39m Got response with status 404: {"value":{"error":"no such element","message":"unable to find an element using 'xpath', value '//XCUIElementTypeButton[@label='Allow']'","traceback":"(\n\t0   WebDriverAgentLib                   0x0000000107fadc70 FBNoSuchElementErrorResponseForRequest + 288\n\t1   WebDriverAgentLib                   0x0000000107fada74 +[FBFindElementCommands handleFindElement:] + 336\n\t2   WebDriverAgentLib                   0x0000000107f77c70 -[FBRoute_TargetAction mountRequest:intoResponse:] + 180\n\t3   WebDriverAgentLib                   0x0000000107f64a8c __37-[FBWebServer registerRouteHandlers:]_block_invoke + 420\n\t4   WebDriverAgentLib                   0x0000000107f971e0 -[RoutingHTTPServer handleRoute:withRequest:response:] + 164\n\t5   WebDriverAgentLib                   0x0000000107f97c64 __72-[RoutingHTTPServer routeMethod:withPath:parameters:request:connection:]_block_invoke + 64\n\t6   libdispatch.dylib                   0x00000001a0c3cac8 8E662F82-B1E4-3E7E-A376-18E9755A8F51 + 15048\n\t7   libdispatch.dy...
[debug] &amp#27;[35m[W3C]&amp#27;[39m Matched W3C error code 'no such element' to NoSuchElementError
[debug] &amp#27;[35m[BaseDriver]&amp#27;[39m Waited for 125 ms so far
[debug] &amp#27;[35m[XCUITest]&amp#27;[39m Setting custom timeout to 750000 ms for 'findElement' command
[debug] &amp#27;[35m[WD Proxy]&amp#27;[39m Matched '/element' to command name 'findElement'
[debug] &amp#27;[35m[WD Proxy]&amp#27;[39m Proxying [POST /element] to [POST http://127.0.0.1:8100/session/60DEF1F0-4A14-4727-943C-DB82535553CA/element] with body: {"using":"xpath","value":"//XCUIElementTypeButton[@label='Allow']"}
[debug] &amp#27;[35m[WD Proxy]&amp#27;[39m Got response with status 200: {"value":{"ELEMENT":"88010000-0000-0000-3C00-000000000000","element-6066-11e4-a52e-4f735466cecf":"88010000-0000-0000-3C00-000000000000"},"sessionId":"60DEF1F0-4A14-4727-943C-DB82535553CA"}
[debug] &amp#27;[35m[W3C (fa22c5fe)]&amp#27;[39m Responding to client with driver.findElement() result: {"element-6066-11e4-a52e-4f735466cecf":"88010000-0000-0000-3C00-000000000000","ELEMENT":"88010000-0000-0000-3C00-000000000000"}
&amp#27;[35m[HTTP]&amp#27;[39m &amp#27;[37m<-- POST /wd/hub/session/fa22c5fe-5ae1-4114-abfe-4bea6798cb79/element &amp#27;[39m&amp#27;[32m200&amp#27;[39m &amp#27;[90m1524 ms - 137&amp#27;[39m
&amp#27;[35m[HTTP]&amp#27;[39m &amp#27;[90m&amp#27;[39m
&amp#27;[35m[HTTP]&amp#27;[39m &amp#27;[37m-->&amp#27;[39m &amp#27;[37mGET&amp#27;[39m &amp#27;[37m/wd/hub/session/fa22c5fe-5ae1-4114-abfe-4bea6798cb79/element/88010000-0000-0000-3C00-000000000000/text&amp#27;[39m
&amp#27;[35m[HTTP]&amp#27;[39m &amp#27;[90m{}&amp#27;[39m
&amp#27;[35m[W3C (fa22c5fe)]&amp#27;[39m Driver proxy active, passing request on via HTTP proxy
[debug] &amp#27;[35m[XCUITest]&amp#27;[39m Executing command 'proxyReqRes'
[debug] &amp#27;[35m[WD Proxy]&amp#27;[39m Matched '/wd/hub/session/fa22c5fe-5ae1-4114-abfe-4bea6798cb79/element/88010000-0000-0000-3C00-000000000000/text' to command name 'getText'
[debug] &amp#27;[35m[WD Proxy]&amp#27;[39m Proxying [GET /wd/hub/session/fa22c5fe-5ae1-4114-abfe-4bea6798cb79/element/88010000-0000-0000-3C00-000000000000/text] to [GET http://127.0.0.1:8100/session/60DEF1F0-4A14-4727-943C-DB82535553CA/element/88010000-0000-0000-3C00-000000000000/text] with no body
[debug] &amp#27;[35m[WD Proxy]&amp#27;[39m Got response with status 200: {"value":"Allow","sessionId":"60DEF1F0-4A14-4727-943C-DB82535553CA"}
&amp#27;[35m[WD Proxy]&amp#27;[39m Replacing sessionId 60DEF1F0-4A14-4727-943C-DB82535553CA with fa22c5fe-5ae1-4114-abfe-4bea6798cb79
&amp#27;[35m[HTTP]&amp#27;[39m &amp#27;[37m<-- GET /wd/hub/session/fa22c5fe-5ae1-4114-abfe-4bea6798cb79/element/88010000-0000-0000-3C00-000000000000/text &amp#27;[39m&amp#27;[32m200&amp#27;[39m &amp#27;[90m88 ms - 68&amp#27;[39m
&amp#27;[35m[HTTP]&amp#27;[39m &amp#27;[90m&amp#27;[39m
&amp#27;[35m[HTTP]&amp#27;[39m &amp#27;[37m-->&amp#27;[39m &amp#27;[37mPOST&amp#27;[39m &amp#27;[37m/wd/hub/session/fa22c5fe-5ae1-4114-abfe-4bea6798cb79/element&amp#27;[39m
&amp#27;[35m[HTTP]&amp#27;[39m &amp#27;[90m{"using":"accessibility id","value":"Allow"}&amp#27;[39m
[debug] &amp#27;[35m[W3C (fa22c5fe)]&amp#27;[39m Calling AppiumDriver.findElement() with args: ["accessibility id","Allow","fa22c5fe-5ae1-4114-abfe-4bea6798cb79"]
[debug] &amp#27;[35m[XCUITest]&amp#27;[39m Executing command 'findElement'
[debug] &amp#27;[35m[BaseDriver]&amp#27;[39m Valid locator strategies for this request: xpath, id, name, class name, -ios predicate string, -ios class chain, accessibility id, css selector
[debug] &amp#27;[35m[BaseDriver]&amp#27;[39m Waiting up to 25000 ms for condition
[debug] &amp#27;[35m[XCUITest]&amp#27;[39m Setting custom timeout to 750000 ms for 'findElement' command
[debug] &amp#27;[35m[WD Proxy]&amp#27;[39m Matched '/element' to command name 'findElement'
[debug] &amp#27;[35m[WD Proxy]&amp#27;[39m Proxying [POST /element] to [POST http://127.0.0.1:8100/session/60DEF1F0-4A14-4727-943C-DB82535553CA/element] with body: {"using":"accessibility id","value":"Allow"}
[debug] &amp#27;[35m[WD Proxy]&amp#27;[39m Got response with status 200: {"value":{"ELEMENT":"88010000-0000-0000-3C00-000000000000","element-6066-11e4-a52e-4f735466cecf":"88010000-0000-0000-3C00-000000000000"},"sessionId":"60DEF1F0-4A14-4727-943C-DB82535553CA"}
[debug] &amp#27;[35m[W3C (fa22c5fe)]&amp#27;[39m Responding to client with driver.findElement() result: {"element-6066-11e4-a52e-4f735466cecf":"88010000-0000-0000-3C00-000000000000","ELEMENT":"88010000-0000-0000-3C00-000000000000"}
&amp#27;[35m[HTTP]&amp#27;[39m &amp#27;[37m<-- POST /wd/hub/session/fa22c5fe-5ae1-4114-abfe-4bea6798cb79/element &amp#27;[39m&amp#27;[32m200&amp#27;[39m &amp#27;[90m194 ms - 137&amp#27;[39m
&amp#27;[35m[HTTP]&amp#27;[39m &amp#27;[90m&amp#27;[39m
&amp#27;[35m[HTTP]&amp#27;[39m &amp#27;[37m-->&amp#27;[39m &amp#27;[37mGET&amp#27;[39m &amp#27;[37m/wd/hub/session/fa22c5fe-5ae1-4114-abfe-4bea6798cb79/element/88010000-0000-0000-3C00-000000000000/location&amp#27;[39m
&amp#27;[35m[HTTP]&amp#27;[39m &amp#27;[90m{}&amp#27;[39m
[debug] &amp#27;[35m[W3C (fa22c5fe)]&amp#27;[39m Calling AppiumDriver.getLocation() with args: ["88010000-0000-0000-3C00-000000000000","fa22c5fe-5ae1-4114-abfe-4bea6798cb79"]
[debug] &amp#27;[35m[XCUITest]&amp#27;[39m Executing command 'getLocation'
[debug] &amp#27;[35m[XCUITest]&amp#27;[39m Setting custom timeout to 750000 ms for 'getElementRect' command
[debug] &amp#27;[35m[WD Proxy]&amp#27;[39m Matched '/element/88010000-0000-0000-3C00-000000000000/rect' to command name 'getElementRect'
[debug] &amp#27;[35m[WD Proxy]&amp#27;[39m Proxying [GET /element/88010000-0000-0000-3C00-000000000000/rect] to [GET http://127.0.0.1:8100/session/60DEF1F0-4A14-4727-943C-DB82535553CA/element/88010000-0000-0000-3C00-000000000000/rect] with no body
[debug] &amp#27;[35m[WD Proxy]&amp#27;[39m Got response with status 200: {"value":{"y":379,"x":188,"width":135,"height":44},"sessionId":"60DEF1F0-4A14-4727-943C-DB82535553CA"}
[debug] &amp#27;[35m[W3C (fa22c5fe)]&amp#27;[39m Responding to client with driver.getLocation() result: {"x":188,"y":379}
&amp#27;[35m[HTTP]&amp#27;[39m &amp#27;[37m<-- GET /wd/hub/session/fa22c5fe-5ae1-4114-abfe-4bea6798cb79/element/88010000-0000-0000-3C00-000000000000/location &amp#27;[39m&amp#27;[32m200&amp#27;[39m &amp#27;[90m103 ms - 27&amp#27;[39m
&amp#27;[35m[HTTP]&amp#27;[39m &amp#27;[90m&amp#27;[39m
&amp#27;[35m[HTTP]&amp#27;[39m &amp#27;[37m-->&amp#27;[39m &amp#27;[37mGET&amp#27;[39m &amp#27;[37m/wd/hub/session/fa22c5fe-5ae1-4114-abfe-4bea6798cb79/element/88010000-0000-0000-3C00-000000000000/location&amp#27;[39m
&amp#27;[35m[HTTP]&amp#27;[39m &amp#27;[90m{}&amp#27;[39m
[debug] &amp#27;[35m[W3C (fa22c5fe)]&amp#27;[39m Calling AppiumDriver.getLocation() with args: ["88010000-0000-0000-3C00-000000000000","fa22c5fe-5ae1-4114-abfe-4bea6798cb79"]
[debug] &amp#27;[35m[XCUITest]&amp#27;[39m Executing command 'getLocation'
[debug] &amp#27;[35m[XCUITest]&amp#27;[39m Setting custom timeout to 750000 ms for 'getElementRect' command
[debug] &amp#27;[35m[WD Proxy]&amp#27;[39m Matched '/element/88010000-0000-0000-3C00-000000000000/rect' to command name 'getElementRect'
[debug] &amp#27;[35m[WD Proxy]&amp#27;[39m Proxying [GET /element/88010000-0000-0000-3C00-000000000000/rect] to [GET http://127.0.0.1:8100/session/60DEF1F0-4A14-4727-943C-DB82535553CA/element/88010000-0000-0000-3C00-000000000000/rect] with no body
[debug] &amp#27;[35m[WD Proxy]&amp#27;[39m Got response with status 200: {"value":{"y":379,"x":188,"width":135,"height":44},"sessionId":"60DEF1F0-4A14-4727-943C-DB82535553CA"}
[debug] &amp#27;[35m[W3C (fa22c5fe)]&amp#27;[39m Responding to client with driver.getLocation() result: {"x":188,"y":379}
&amp#27;[35m[HTTP]&amp#27;[39m &amp#27;[37m<-- GET /wd/hub/session/fa22c5fe-5ae1-4114-abfe-4bea6798cb79/element/88010000-0000-0000-3C00-000000000000/location &amp#27;[39m&amp#27;[32m200&amp#27;[39m &amp#27;[90m92 ms - 27&amp#27;[39m
&amp#27;[35m[HTTP]&amp#27;[39m &amp#27;[90m&amp#27;[39m
&amp#27;[35m[HTTP]&amp#27;[39m &amp#27;[37m-->&amp#27;[39m &amp#27;[37mPOST&amp#27;[39m &amp#27;[37m/wd/hub/session/fa22c5fe-5ae1-4114-abfe-4bea6798cb79/touch/perform&amp#27;[39m
&amp#27;[35m[HTTP]&amp#27;[39m &amp#27;[90m{"actions":[{"action":"tap","options":{"x":258,"y":409}}]}&amp#27;[39m
[debug] &amp#27;[35m[W3C (fa22c5fe)]&amp#27;[39m Calling AppiumDriver.performTouch() with args: [[{"action":"tap","options":{"x":258,"y":409}}],"fa22c5fe-5ae1-4114-abfe-4bea6798cb79"]
[debug] &amp#27;[35m[XCUITest]&amp#27;[39m Executing command 'performTouch'
[debug] &amp#27;[35m[XCUITest]&amp#27;[39m Received the following touch action: tap(options={"x":258,"y":409})
[debug] &amp#27;[35m[XCUITest]&amp#27;[39m Setting custom timeout to 750000 ms for 'performTouch' command
[debug] &amp#27;[35m[WD Proxy]&amp#27;[39m Proxying [POST /wda/touch/perform] to [POST http://127.0.0.1:8100/session/60DEF1F0-4A14-4727-943C-DB82535553CA/wda/touch/perform] with body: {"actions":[{"action":"tap","options":{"x":258,"y":409}}]}
[debug] &amp#27;[35m[WD Proxy]&amp#27;[39m Got response with status 200: {"value":null,"sessionId":"60DEF1F0-4A14-4727-943C-DB82535553CA"}
[debug] &amp#27;[35m[W3C (fa22c5fe)]&amp#27;[39m Responding to client with driver.performTouch() result: null
&amp#27;[35m[HTTP]&amp#27;[39m &amp#27;[37m<-- POST /wd/hub/session/fa22c5fe-5ae1-4114-abfe-4bea6798cb79/touch/perform &amp#27;[39m&amp#27;[32m200&amp#27;[39m &amp#27;[90m620 ms - 14&amp#27;[39m
&amp#27;[35m[HTTP]&amp#27;[39m &amp#27;[90m&amp#27;[39m
&amp#27;[35m[HTTP]&amp#27;[39m &amp#27;[37m-->&amp#27;[39m &amp#27;[37mPOST&amp#27;[39m &amp#27;[37m/wd/hub/session/fa22c5fe-5ae1-4114-abfe-4bea6798cb79/element&amp#27;[39m
&amp#27;[35m[HTTP]&amp#27;[39m &amp#27;[90m{"using":"xpath","value":"//XCUIElementTypeStaticText[@label='ALLOW']"}&amp#27;[39m
[debug] &amp#27;[35m[W3C (fa22c5fe)]&amp#27;[39m Calling AppiumDriver.findElement() with args: ["xpath","//XCUIElementTypeStaticText[@label='ALLOW']","fa22c5fe-5ae1-4114-abfe-4bea6798cb79"]
[debug] &amp#27;[35m[XCUITest]&amp#27;[39m Executing command 'findElement'
[debug] &amp#27;[35m[BaseDriver]&amp#27;[39m Valid locator strategies for this request: xpath, id, name, class name, -ios predicate string, -ios class chain, accessibility id, css selector
[debug] &amp#27;[35m[BaseDriver]&amp#27;[39m Waiting up to 25000 ms for condition
[debug] &amp#27;[35m[XCUITest]&amp#27;[39m Setting custom timeout to 750000 ms for 'findElement' command
[debug] &amp#27;[35m[WD Proxy]&amp#27;[39m Matched '/element' to command name 'findElement'
[debug] &amp#27;[35m[WD Proxy]&amp#27;[39m Proxying [POST /element] to [POST http://127.0.0.1:8100/session/60DEF1F0-4A14-4727-943C-DB82535553CA/element] with body: {"using":"xpath","value":"//XCUIElementTypeStaticText[@label='ALLOW']"}
&amp#27;[35m[WD Proxy]&amp#27;[39m Got response with status 404: {"value":{"error":"no such element","message":"unable to find an element using 'xpath', value '//XCUIElementTypeStaticText[@label='ALLOW']'","traceback":"(\n\t0   WebDriverAgentLib                   0x0000000107fadc70 FBNoSuchElementErrorResponseForRequest + 288\n\t1   WebDriverAgentLib                   0x0000000107fada74 +[FBFindElementCommands handleFindElement:] + 336\n\t2   WebDriverAgentLib                   0x0000000107f77c70 -[FBRoute_TargetAction mountRequest:intoResponse:] + 180\n\t3   WebDriverAgentLib                   0x0000000107f64a8c __37-[FBWebServer registerRouteHandlers:]_block_invoke + 420\n\t4   WebDriverAgentLib                   0x0000000107f971e0 -[RoutingHTTPServer handleRoute:withRequest:response:] + 164\n\t5   WebDriverAgentLib                   0x0000000107f97c64 __72-[RoutingHTTPServer routeMethod:withPath:parameters:request:connection:]_block_invoke + 64\n\t6   libdispatch.dylib                   0x00000001a0c3cac8 8E662F82-B1E4-3E7E-A376-18E9755A8F51 + 15048\n\t7   libdispatc...
[debug] &amp#27;[35m[W3C]&amp#27;[39m Matched W3C error code 'no such element' to NoSuchElementError
[debug] &amp#27;[35m[BaseDriver]&amp#27;[39m Waited for 244 ms so far
[debug] &amp#27;[35m[XCUITest]&amp#27;[39m Setting custom timeout to 750000 ms for 'findElement' command
[debug] &amp#27;[35m[WD Proxy]&amp#27;[39m Matched '/element' to command name 'findElement'
[debug] &amp#27;[35m[WD Proxy]&amp#27;[39m Proxying [POST /element] to [POST http://127.0.0.1:8100/session/60DEF1F0-4A14-4727-943C-DB82535553CA/element] with body: {"using":"xpath","value":"//XCUIElementTypeStaticText[@label='ALLOW']"}
[debug] &amp#27;[35m[WD Proxy]&amp#27;[39m Got response with status 200: {"value":{"ELEMENT":"FA000000-0000-0000-5301-000000000000","element-6066-11e4-a52e-4f735466cecf":"FA000000-0000-0000-5301-000000000000"},"sessionId":"60DEF1F0-4A14-4727-943C-DB82535553CA"}
[debug] &amp#27;[35m[W3C (fa22c5fe)]&amp#27;[39m Responding to client with driver.findElement() result: {"element-6066-11e4-a52e-4f735466cecf":"FA000000-0000-0000-5301-000000000000","ELEMENT":"FA000000-0000-0000-5301-000000000000"}
&amp#27;[35m[HTTP]&amp#27;[39m &amp#27;[37m<-- POST /wd/hub/session/fa22c5fe-5ae1-4114-abfe-4bea6798cb79/element &amp#27;[39m&amp#27;[32m200&amp#27;[39m &amp#27;[90m949 ms - 137&amp#27;[39m
&amp#27;[35m[HTTP]&amp#27;[39m &amp#27;[90m&amp#27;[39m
&amp#27;[35m[HTTP]&amp#27;[39m &amp#27;[37m-->&amp#27;[39m &amp#27;[37mPOST&amp#27;[39m &amp#27;[37m/wd/hub/session/fa22c5fe-5ae1-4114-abfe-4bea6798cb79/element/FA000000-0000-0000-5301-000000000000/click&amp#27;[39m
&amp#27;[35m[HTTP]&amp#27;[39m &amp#27;[90m{"id":"FA000000-0000-0000-5301-000000000000"}&amp#27;[39m
&amp#27;[35m[W3C (fa22c5fe)]&amp#27;[39m Driver proxy active, passing request on via HTTP proxy
[debug] &amp#27;[35m[XCUITest]&amp#27;[39m Executing command 'proxyReqRes'
[debug] &amp#27;[35m[WD Proxy]&amp#27;[39m Matched '/wd/hub/session/fa22c5fe-5ae1-4114-abfe-4bea6798cb79/element/FA000000-0000-0000-5301-000000000000/click' to command name 'click'
[debug] &amp#27;[35m[WD Proxy]&amp#27;[39m Proxying [POST /wd/hub/session/fa22c5fe-5ae1-4114-abfe-4bea6798cb79/element/FA000000-0000-0000-5301-000000000000/click] to [POST http://127.0.0.1:8100/session/60DEF1F0-4A14-4727-943C-DB82535553CA/element/FA000000-0000-0000-5301-000000000000/click] with body: {"id":"FA000000-0000-0000-5301-000000000000"}
[debug] &amp#27;[35m[WD Proxy]&amp#27;[39m Got response with status 200: {"value":null,"sessionId":"60DEF1F0-4A14-4727-943C-DB82535553CA"}
&amp#27;[35m[WD Proxy]&amp#27;[39m Replacing sessionId 60DEF1F0-4A14-4727-943C-DB82535553CA with fa22c5fe-5ae1-4114-abfe-4bea6798cb79
&amp#27;[35m[HTTP]&amp#27;[39m &amp#27;[37m<-- POST /wd/hub/session/fa22c5fe-5ae1-4114-abfe-4bea6798cb79/element/FA000000-0000-0000-5301-000000000000/click &amp#27;[39m&amp#27;[32m200&amp#27;[39m &amp#27;[90m170 ms - 65&amp#27;[39m
&amp#27;[35m[HTTP]&amp#27;[39m &amp#27;[90m&amp#27;[39m
&amp#27;[35m[HTTP]&amp#27;[39m &amp#27;[37m-->&amp#27;[39m &amp#27;[37mPOST&amp#27;[39m &amp#27;[37m/wd/hub/session/fa22c5fe-5ae1-4114-abfe-4bea6798cb79/element&amp#27;[39m
&amp#27;[35m[HTTP]&amp#27;[39m &amp#27;[90m{"using":"xpath","value":"//XCUIElementTypeButton[@name='OK']"}&amp#27;[39m
[debug] &amp#27;[35m[W3C (fa22c5fe)]&amp#27;[39m Calling AppiumDriver.findElement() with args: ["xpath","//XCUIElementTypeButton[@name='OK']","fa22c5fe-5ae1-4114-abfe-4bea6798cb79"]
[debug] &amp#27;[35m[XCUITest]&amp#27;[39m Executing command 'findElement'
[debug] &amp#27;[35m[BaseDriver]&amp#27;[39m Valid locator strategies for this request: xpath, id, name, class name, -ios predicate string, -ios class chain, accessibility id, css selector
[debug] &amp#27;[35m[BaseDriver]&amp#27;[39m Waiting up to 25000 ms for condition
[debug] &amp#27;[35m[XCUITest]&amp#27;[39m Setting custom timeout to 750000 ms for 'findElement' command
[debug] &amp#27;[35m[WD Proxy]&amp#27;[39m Matched '/element' to command name 'findElement'
[debug] &amp#27;[35m[WD Proxy]&amp#27;[39m Proxying [POST /element] to [POST http://127.0.0.1:8100/session/60DEF1F0-4A14-4727-943C-DB82535553CA/element] with body: {"using":"xpath","value":"//XCUIElementTypeButton[@name='OK']"}
&amp#27;[35m[WD Proxy]&amp#27;[39m Got response with status 404: {"value":{"error":"no such element","message":"unable to find an element using 'xpath', value '//XCUIElementTypeButton[@name='OK']'","traceback":"(\n\t0   WebDriverAgentLib                   0x0000000107fadc70 FBNoSuchElementErrorResponseForRequest + 288\n\t1   WebDriverAgentLib                   0x0000000107fada74 +[FBFindElementCommands handleFindElement:] + 336\n\t2   WebDriverAgentLib                   0x0000000107f77c70 -[FBRoute_TargetAction mountRequest:intoResponse:] + 180\n\t3   WebDriverAgentLib                   0x0000000107f64a8c __37-[FBWebServer registerRouteHandlers:]_block_invoke + 420\n\t4   WebDriverAgentLib                   0x0000000107f971e0 -[RoutingHTTPServer handleRoute:withRequest:response:] + 164\n\t5   WebDriverAgentLib                   0x0000000107f97c64 __72-[RoutingHTTPServer routeMethod:withPath:parameters:request:connection:]_block_invoke + 64\n\t6   libdispatch.dylib                   0x00000001a0c3cac8 8E662F82-B1E4-3E7E-A376-18E9755A8F51 + 15048\n\t7   libdispatch.dylib ...
[debug] &amp#27;[35m[W3C]&amp#27;[39m Matched W3C error code 'no such element' to NoSuchElementError
[debug] &amp#27;[35m[BaseDriver]&amp#27;[39m Waited for 171 ms so far
[debug] &amp#27;[35m[XCUITest]&amp#27;[39m Setting custom timeout to 750000 ms for 'findElement' command
[debug] &amp#27;[35m[WD Proxy]&amp#27;[39m Matched '/element' to command name 'findElement'
[debug] &amp#27;[35m[WD Proxy]&amp#27;[39m Proxying [POST /element] to [POST http://127.0.0.1:8100/session/60DEF1F0-4A14-4727-943C-DB82535553CA/element] with body: {"using":"xpath","value":"//XCUIElementTypeButton[@name='OK']"}
[debug] &amp#27;[35m[WD Proxy]&amp#27;[39m Got response with status 200: {"value":{"ELEMENT":"A9010000-0000-0000-3C00-000000000000","element-6066-11e4-a52e-4f735466cecf":"A9010000-0000-0000-3C00-000000000000"},"sessionId":"60DEF1F0-4A14-4727-943C-DB82535553CA"}
[debug] &amp#27;[35m[W3C (fa22c5fe)]&amp#27;[39m Responding to client with driver.findElement() result: {"element-6066-11e4-a52e-4f735466cecf":"A9010000-0000-0000-3C00-000000000000","ELEMENT":"A9010000-0000-0000-3C00-000000000000"}
&amp#27;[35m[HTTP]&amp#27;[39m &amp#27;[37m<-- POST /wd/hub/session/fa22c5fe-5ae1-4114-abfe-4bea6798cb79/element &amp#27;[39m&amp#27;[32m200&amp#27;[39m &amp#27;[90m1799 ms - 137&amp#27;[39m
&amp#27;[35m[HTTP]&amp#27;[39m &amp#27;[90m&amp#27;[39m
&amp#27;[35m[HTTP]&amp#27;[39m &amp#27;[37m-->&amp#27;[39m &amp#27;[37mGET&amp#27;[39m &amp#27;[37m/wd/hub/session/fa22c5fe-5ae1-4114-abfe-4bea6798cb79/element/A9010000-0000-0000-3C00-000000000000/text&amp#27;[39m
&amp#27;[35m[HTTP]&amp#27;[39m &amp#27;[90m{}&amp#27;[39m
&amp#27;[35m[W3C (fa22c5fe)]&amp#27;[39m Driver proxy active, passing request on via HTTP proxy
[debug] &amp#27;[35m[XCUITest]&amp#27;[39m Executing command 'proxyReqRes'
[debug] &amp#27;[35m[WD Proxy]&amp#27;[39m Matched '/wd/hub/session/fa22c5fe-5ae1-4114-abfe-4bea6798cb79/element/A9010000-0000-0000-3C00-000000000000/text' to command name 'getText'
[debug] &amp#27;[35m[WD Proxy]&amp#27;[39m Proxying [GET /wd/hub/session/fa22c5fe-5ae1-4114-abfe-4bea6798cb79/element/A9010000-0000-0000-3C00-000000000000/text] to [GET http://127.0.0.1:8100/session/60DEF1F0-4A14-4727-943C-DB82535553CA/element/A9010000-0000-0000-3C00-000000000000/text] with no body
[debug] &amp#27;[35m[WD Proxy]&amp#27;[39m Got response with status 200: {"value":"OK","sessionId":"60DEF1F0-4A14-4727-943C-DB82535553CA"}
&amp#27;[35m[WD Proxy]&amp#27;[39m Replacing sessionId 60DEF1F0-4A14-4727-943C-DB82535553CA with fa22c5fe-5ae1-4114-abfe-4bea6798cb79
&amp#27;[35m[HTTP]&amp#27;[39m &amp#27;[37m<-- GET /wd/hub/session/fa22c5fe-5ae1-4114-abfe-4bea6798cb79/element/A9010000-0000-0000-3C00-000000000000/text &amp#27;[39m&amp#27;[32m200&amp#27;[39m &amp#27;[90m74 ms - 65&amp#27;[39m
&amp#27;[35m[HTTP]&amp#27;[39m &amp#27;[90m&amp#27;[39m
&amp#27;[35m[HTTP]&amp#27;[39m &amp#27;[37m-->&amp#27;[39m &amp#27;[37mPOST&amp#27;[39m &amp#27;[37m/wd/hub/session/fa22c5fe-5ae1-4114-abfe-4bea6798cb79/element&amp#27;[39m
&amp#27;[35m[HTTP]&amp#27;[39m &amp#27;[90m{"using":"accessibility id","value":"OK"}&amp#27;[39m
[debug] &amp#27;[35m[W3C (fa22c5fe)]&amp#27;[39m Calling AppiumDriver.findElement() with args: ["accessibility id","OK","fa22c5fe-5ae1-4114-abfe-4bea6798cb79"]
[debug] &amp#27;[35m[XCUITest]&amp#27;[39m Executing command 'findElement'
[debug] &amp#27;[35m[BaseDriver]&amp#27;[39m Valid locator strategies for this request: xpath, id, name, class name, -ios predicate string, -ios class chain, accessibility id, css selector
[debug] &amp#27;[35m[BaseDriver]&amp#27;[39m Waiting up to 25000 ms for condition
[debug] &amp#27;[35m[XCUITest]&amp#27;[39m Setting custom timeout to 750000 ms for 'findElement' command
[debug] &amp#27;[35m[WD Proxy]&amp#27;[39m Matched '/element' to command name 'findElement'
[debug] &amp#27;[35m[WD Proxy]&amp#27;[39m Proxying [POST /element] to [POST http://127.0.0.1:8100/session/60DEF1F0-4A14-4727-943C-DB82535553CA/element] with body: {"using":"accessibility id","value":"OK"}
[debug] &amp#27;[35m[WD Proxy]&amp#27;[39m Got response with status 200: {"value":{"ELEMENT":"A9010000-0000-0000-3C00-000000000000","element-6066-11e4-a52e-4f735466cecf":"A9010000-0000-0000-3C00-000000000000"},"sessionId":"60DEF1F0-4A14-4727-943C-DB82535553CA"}
[debug] &amp#27;[35m[W3C (fa22c5fe)]&amp#27;[39m Responding to client with driver.findElement() result: {"element-6066-11e4-a52e-4f735466cecf":"A9010000-0000-0000-3C00-000000000000","ELEMENT":"A9010000-0000-0000-3C00-000000000000"}
&amp#27;[35m[HTTP]&amp#27;[39m &amp#27;[37m<-- POST /wd/hub/session/fa22c5fe-5ae1-4114-abfe-4bea6798cb79/element &amp#27;[39m&amp#27;[32m200&amp#27;[39m &amp#27;[90m213 ms - 137&amp#27;[39m
&amp#27;[35m[HTTP]&amp#27;[39m &amp#27;[90m&amp#27;[39m
&amp#27;[35m[HTTP]&amp#27;[39m &amp#27;[37m-->&amp#27;[39m &amp#27;[37mGET&amp#27;[39m &amp#27;[37m/wd/hub/session/fa22c5fe-5ae1-4114-abfe-4bea6798cb79/element/A9010000-0000-0000-3C00-000000000000/location&amp#27;[39m
&amp#27;[35m[HTTP]&amp#27;[39m &amp#27;[90m{}&amp#27;[39m
[debug] &amp#27;[35m[W3C (fa22c5fe)]&amp#27;[39m Calling AppiumDriver.getLocation() with args: ["A9010000-0000-0000-3C00-000000000000","fa22c5fe-5ae1-4114-abfe-4bea6798cb79"]
[debug] &amp#27;[35m[XCUITest]&amp#27;[39m Executing command 'getLocation'
[debug] &amp#27;[35m[XCUITest]&amp#27;[39m Setting custom timeout to 750000 ms for 'getElementRect' command
[debug] &amp#27;[35m[WD Proxy]&amp#27;[39m Matched '/element/A9010000-0000-0000-3C00-000000000000/rect' to command name 'getElementRect'
[debug] &amp#27;[35m[WD Proxy]&amp#27;[39m Proxying [GET /element/A9010000-0000-0000-3C00-000000000000/rect] to [GET http://127.0.0.1:8100/session/60DEF1F0-4A14-4727-943C-DB82535553CA/element/A9010000-0000-0000-3C00-000000000000/rect] with no body
[debug] &amp#27;[35m[WD Proxy]&amp#27;[39m Got response with status 200: {"value":{"y":387,"x":188,"width":135,"height":44},"sessionId":"60DEF1F0-4A14-4727-943C-DB82535553CA"}
[debug] &amp#27;[35m[W3C (fa22c5fe)]&amp#27;[39m Responding to client with driver.getLocation() result: {"x":188,"y":387}
&amp#27;[35m[HTTP]&amp#27;[39m &amp#27;[37m<-- GET /wd/hub/session/fa22c5fe-5ae1-4114-abfe-4bea6798cb79/element/A9010000-0000-0000-3C00-000000000000/location &amp#27;[39m&amp#27;[32m200&amp#27;[39m &amp#27;[90m113 ms - 27&amp#27;[39m
&amp#27;[35m[HTTP]&amp#27;[39m &amp#27;[90m&amp#27;[39m
&amp#27;[35m[HTTP]&amp#27;[39m &amp#27;[37m-->&amp#27;[39m &amp#27;[37mGET&amp#27;[39m &amp#27;[37m/wd/hub/session/fa22c5fe-5ae1-4114-abfe-4bea6798cb79/element/A9010000-0000-0000-3C00-000000000000/location&amp#27;[39m
&amp#27;[35m[HTTP]&amp#27;[39m &amp#27;[90m{}&amp#27;[39m
[debug] &amp#27;[35m[W3C (fa22c5fe)]&amp#27;[39m Calling AppiumDriver.getLocation() with args: ["A9010000-0000-0000-3C00-000000000000","fa22c5fe-5ae1-4114-abfe-4bea6798cb79"]
[debug] &amp#27;[35m[XCUITest]&amp#27;[39m Executing command 'getLocation'
[debug] &amp#27;[35m[XCUITest]&amp#27;[39m Setting custom timeout to 750000 ms for 'getElementRect' command
[debug] &amp#27;[35m[WD Proxy]&amp#27;[39m Matched '/element/A9010000-0000-0000-3C00-000000000000/rect' to command name 'getElementRect'
[debug] &amp#27;[35m[WD Proxy]&amp#27;[39m Proxying [GET /element/A9010000-0000-0000-3C00-000000000000/rect] to [GET http://127.0.0.1:8100/session/60DEF1F0-4A14-4727-943C-DB82535553CA/element/A9010000-0000-0000-3C00-000000000000/rect] with no body
[debug] &amp#27;[35m[WD Proxy]&amp#27;[39m Got response with status 200: {"value":{"y":387,"x":188,"width":135,"height":44},"sessionId":"60DEF1F0-4A14-4727-943C-DB82535553CA"}
[debug] &amp#27;[35m[W3C (fa22c5fe)]&amp#27;[39m Responding to client with driver.getLocation() result: {"x":188,"y":387}
&amp#27;[35m[HTTP]&amp#27;[39m &amp#27;[37m<-- GET /wd/hub/session/fa22c5fe-5ae1-4114-abfe-4bea6798cb79/element/A9010000-0000-0000-3C00-000000000000/location &amp#27;[39m&amp#27;[32m200&amp#27;[39m &amp#27;[90m104 ms - 27&amp#27;[39m
&amp#27;[35m[HTTP]&amp#27;[39m &amp#27;[90m&amp#27;[39m
&amp#27;[35m[HTTP]&amp#27;[39m &amp#27;[37m-->&amp#27;[39m &amp#27;[37mPOST&amp#27;[39m &amp#27;[37m/wd/hub/session/fa22c5fe-5ae1-4114-abfe-4bea6798cb79/touch/perform&amp#27;[39m
&amp#27;[35m[HTTP]&amp#27;[39m &amp#27;[90m{"actions":[{"action":"tap","options":{"x":258,"y":417}}]}&amp#27;[39m
[debug] &amp#27;[35m[W3C (fa22c5fe)]&amp#27;[39m Calling AppiumDriver.performTouch() with args: [[{"action":"tap","options":{"x":258,"y":417}}],"fa22c5fe-5ae1-4114-abfe-4bea6798cb79"]
[debug] &amp#27;[35m[XCUITest]&amp#27;[39m Executing command 'performTouch'
[debug] &amp#27;[35m[XCUITest]&amp#27;[39m Received the following touch action: tap(options={"x":258,"y":417})
[debug] &amp#27;[35m[XCUITest]&amp#27;[39m Setting custom timeout to 750000 ms for 'performTouch' command
[debug] &amp#27;[35m[WD Proxy]&amp#27;[39m Proxying [POST /wda/touch/perform] to [POST http://127.0.0.1:8100/session/60DEF1F0-4A14-4727-943C-DB82535553CA/wda/touch/perform] with body: {"actions":[{"action":"tap","options":{"x":258,"y":417}}]}
[debug] &amp#27;[35m[WD Proxy]&amp#27;[39m Got response with status 200: {"value":null,"sessionId":"60DEF1F0-4A14-4727-943C-DB82535553CA"}
[debug] &amp#27;[35m[W3C (fa22c5fe)]&amp#27;[39m Responding to client with driver.performTouch() result: null
&amp#27;[35m[HTTP]&amp#27;[39m &amp#27;[37m<-- POST /wd/hub/session/fa22c5fe-5ae1-4114-abfe-4bea6798cb79/touch/perform &amp#27;[39m&amp#27;[32m200&amp#27;[39m &amp#27;[90m627 ms - 14&amp#27;[39m
&amp#27;[35m[HTTP]&amp#27;[39m &amp#27;[90m&amp#27;[39m
&amp#27;[35m[HTTP]&amp#27;[39m &amp#27;[37m-->&amp#27;[39m &amp#27;[37mPOST&amp#27;[39m &amp#27;[37m/wd/hub/session/fa22c5fe-5ae1-4114-abfe-4bea6798cb79/element&amp#27;[39m
&amp#27;[35m[HTTP]&amp#27;[39m &amp#27;[90m{"using":"id","value":"Available for Rent"}&amp#27;[39m
[debug] &amp#27;[35m[W3C (fa22c5fe)]&amp#27;[39m Calling AppiumDriver.findElement() with args: ["id","Available for Rent","fa22c5fe-5ae1-4114-abfe-4bea6798cb79"]
[debug] &amp#27;[35m[XCUITest]&amp#27;[39m Executing command 'findElement'
[debug] &amp#27;[35m[BaseDriver]&amp#27;[39m Valid locator strategies for this request: xpath, id, name, class name, -ios predicate string, -ios class chain, accessibility id, css selector
[debug] &amp#27;[35m[BaseDriver]&amp#27;[39m Waiting up to 25000 ms for condition
[debug] &amp#27;[35m[XCUITest]&amp#27;[39m Setting custom timeout to 750000 ms for 'findElement' command
[debug] &amp#27;[35m[WD Proxy]&amp#27;[39m Matched '/element' to command name 'findElement'
[debug] &amp#27;[35m[WD Proxy]&amp#27;[39m Proxying [POST /element] to [POST http://127.0.0.1:8100/session/60DEF1F0-4A14-4727-943C-DB82535553CA/element] with body: {"using":"id","value":"Available for Rent"}
[debug] &amp#27;[35m[WD Proxy]&amp#27;[39m Got response with status 200: {"value":{"ELEMENT":"12010000-0000-0000-5301-000000000000","element-6066-11e4-a52e-4f735466cecf":"12010000-0000-0000-5301-000000000000"},"sessionId":"60DEF1F0-4A14-4727-943C-DB82535553CA"}
[debug] &amp#27;[35m[W3C (fa22c5fe)]&amp#27;[39m Responding to client with driver.findElement() result: {"element-6066-11e4-a52e-4f735466cecf":"12010000-0000-0000-5301-000000000000","ELEMENT":"12010000-0000-0000-5301-000000000000"}
&amp#27;[35m[HTTP]&amp#27;[39m &amp#27;[37m<-- POST /wd/hub/session/fa22c5fe-5ae1-4114-abfe-4bea6798cb79/element &amp#27;[39m&amp#27;[32m200&amp#27;[39m &amp#27;[90m152 ms - 137&amp#27;[39m
&amp#27;[35m[HTTP]&amp#27;[39m &amp#27;[90m&amp#27;[39m
&amp#27;[35m[HTTP]&amp#27;[39m &amp#27;[37m-->&amp#27;[39m &amp#27;[37mPOST&amp#27;[39m &amp#27;[37m/wd/hub/session/fa22c5fe-5ae1-4114-abfe-4bea6798cb79/element/12010000-0000-0000-5301-000000000000/click&amp#27;[39m
&amp#27;[35m[HTTP]&amp#27;[39m &amp#27;[90m{"id":"12010000-0000-0000-5301-000000000000"}&amp#27;[39m
&amp#27;[35m[W3C (fa22c5fe)]&amp#27;[39m Driver proxy active, passing request on via HTTP proxy
[debug] &amp#27;[35m[XCUITest]&amp#27;[39m Executing command 'proxyReqRes'
[debug] &amp#27;[35m[WD Proxy]&amp#27;[39m Matched '/wd/hub/session/fa22c5fe-5ae1-4114-abfe-4bea6798cb79/element/12010000-0000-0000-5301-000000000000/click' to command name 'click'
[debug] &amp#27;[35m[WD Proxy]&amp#27;[39m Proxying [POST /wd/hub/session/fa22c5fe-5ae1-4114-abfe-4bea6798cb79/element/12010000-0000-0000-5301-000000000000/click] to [POST http://127.0.0.1:8100/session/60DEF1F0-4A14-4727-943C-DB82535553CA/element/12010000-0000-0000-5301-000000000000/click] with body: {"id":"12010000-0000-0000-5301-000000000000"}
[debug] &amp#27;[35m[WD Proxy]&amp#27;[39m Got response with status 200: {"value":null,"sessionId":"60DEF1F0-4A14-4727-943C-DB82535553CA"}
&amp#27;[35m[WD Proxy]&amp#27;[39m Replacing sessionId 60DEF1F0-4A14-4727-943C-DB82535553CA with fa22c5fe-5ae1-4114-abfe-4bea6798cb79
&amp#27;[35m[HTTP]&amp#27;[39m &amp#27;[37m<-- POST /wd/hub/session/fa22c5fe-5ae1-4114-abfe-4bea6798cb79/element/12010000-0000-0000-5301-000000000000/click &amp#27;[39m&amp#27;[32m200&amp#27;[39m &amp#27;[90m257 ms - 65&amp#27;[39m
&amp#27;[35m[HTTP]&amp#27;[39m &amp#27;[90m&amp#27;[39m
&amp#27;[35m[HTTP]&amp#27;[39m &amp#27;[37m-->&amp#27;[39m &amp#27;[37mGET&amp#27;[39m &amp#27;[37m/wd/hub/session/fa22c5fe-5ae1-4114-abfe-4bea6798cb79/window/rect&amp#27;[39m
&amp#27;[35m[HTTP]&amp#27;[39m &amp#27;[90m{}&amp#27;[39m
[debug] &amp#27;[35m[W3C (fa22c5fe)]&amp#27;[39m Calling AppiumDriver.getWindowRect() with args: ["fa22c5fe-5ae1-4114-abfe-4bea6798cb79"]
[debug] &amp#27;[35m[XCUITest]&amp#27;[39m Executing command 'getWindowRect'
[debug] &amp#27;[35m[XCUITest]&amp#27;[39m Setting custom timeout to 750000 ms for 'getWindowSize' command
[debug] &amp#27;[35m[WD Proxy]&amp#27;[39m Proxying [GET /window/size] to [GET http://127.0.0.1:8100/session/60DEF1F0-4A14-4727-943C-DB82535553CA/window/size] with no body
[debug] &amp#27;[35m[WD Proxy]&amp#27;[39m Got response with status 200: {"value":{"width":375,"height":667},"sessionId":"60DEF1F0-4A14-4727-943C-DB82535553CA"}
[debug] &amp#27;[35m[W3C (fa22c5fe)]&amp#27;[39m Responding to client with driver.getWindowRect() result: {"width":375,"height":667,"x":0,"y":0}
&amp#27;[35m[HTTP]&amp#27;[39m &amp#27;[37m<-- GET /wd/hub/session/fa22c5fe-5ae1-4114-abfe-4bea6798cb79/window/rect &amp#27;[39m&amp#27;[32m200&amp#27;[39m &amp#27;[90m212 ms - 48&amp#27;[39m
&amp#27;[35m[HTTP]&amp#27;[39m &amp#27;[90m&amp#27;[39m
&amp#27;[35m[HTTP]&amp#27;[39m &amp#27;[37m-->&amp#27;[39m &amp#27;[37mPOST&amp#27;[39m &amp#27;[37m/wd/hub/session/fa22c5fe-5ae1-4114-abfe-4bea6798cb79/touch/perform&amp#27;[39m
&amp#27;[35m[HTTP]&amp#27;[39m &amp#27;[90m{"actions":[{"action":"press","options":{"x":187,"y":433}},{"action":"wait","options":{"ms":1000}},{"action":"moveTo","options":{"x":187,"y":180}},{"action":"release","options":{}}]}&amp#27;[39m
[debug] &amp#27;[35m[W3C (fa22c5fe)]&amp#27;[39m Calling AppiumDriver.performTouch() with args: [[{"action":"press","options":{"x":187,"y":433}},{"action":"wait","options":{"ms":1000}},{"action":"moveTo","options":{"x":187,"y":180}},{"action":"release","options":{}}],"fa22c5fe-5ae1-4114-abfe-4bea6798cb79"]
[debug] &amp#27;[35m[XCUITest]&amp#27;[39m Executing command 'performTouch'
[debug] &amp#27;[35m[XCUITest]&amp#27;[39m Received the following touch action: press(options={"x":187,"y":433})-wait(options={"ms":1000})-moveTo(options={"x":187,"y":180})-release(options={})
[debug] &amp#27;[35m[XCUITest]&amp#27;[39m Setting custom timeout to 750000 ms for 'performTouch' command
[debug] &amp#27;[35m[WD Proxy]&amp#27;[39m Proxying [POST /wda/touch/perform] to [POST http://127.0.0.1:8100/session/60DEF1F0-4A14-4727-943C-DB82535553CA/wda/touch/perform] with body: {"actions":[{"action":"press","options":{"x":187,"y":433}},{"action":"wait","options":{"ms":1000}},{"action":"moveTo","options":{"x":187,"y":180}},{"action":"release","options":{}}]}
[debug] &amp#27;[35m[WD Proxy]&amp#27;[39m Got response with status 200: {"value":null,"sessionId":"60DEF1F0-4A14-4727-943C-DB82535553CA"}
[debug] &amp#27;[35m[W3C (fa22c5fe)]&amp#27;[39m Responding to client with driver.performTouch() result: null
&amp#27;[35m[HTTP]&amp#27;[39m &amp#27;[37m<-- POST /wd/hub/session/fa22c5fe-5ae1-4114-abfe-4bea6798cb79/touch/perform &amp#27;[39m&amp#27;[32m200&amp#27;[39m &amp#27;[90m1161 ms - 14&amp#27;[39m
&amp#27;[35m[HTTP]&amp#27;[39m &amp#27;[90m&amp#27;[39m
&amp#27;[35m[HTTP]&amp#27;[39m &amp#27;[37m-->&amp#27;[39m &amp#27;[37mGET&amp#27;[39m &amp#27;[37m/wd/hub/session/fa22c5fe-5ae1-4114-abfe-4bea6798cb79/window/rect&amp#27;[39m
&amp#27;[35m[HTTP]&amp#27;[39m &amp#27;[90m{}&amp#27;[39m
[debug] &amp#27;[35m[W3C (fa22c5fe)]&amp#27;[39m Calling AppiumDriver.getWindowRect() with args: ["fa22c5fe-5ae1-4114-abfe-4bea6798cb79"]
[debug] &amp#27;[35m[XCUITest]&amp#27;[39m Executing command 'getWindowRect'
[debug] &amp#27;[35m[XCUITest]&amp#27;[39m Setting custom timeout to 750000 ms for 'getWindowSize' command
[debug] &amp#27;[35m[WD Proxy]&amp#27;[39m Proxying [GET /window/size] to [GET http://127.0.0.1:8100/session/60DEF1F0-4A14-4727-943C-DB82535553CA/window/size] with no body
[debug] &amp#27;[35m[WD Proxy]&amp#27;[39m Got response with status 200: {"value":{"width":375,"height":667},"sessionId":"60DEF1F0-4A14-4727-943C-DB82535553CA"}
[debug] &amp#27;[35m[W3C (fa22c5fe)]&amp#27;[39m Responding to client with driver.getWindowRect() result: {"width":375,"height":667,"x":0,"y":0}
&amp#27;[35m[HTTP]&amp#27;[39m &amp#27;[37m<-- GET /wd/hub/session/fa22c5fe-5ae1-4114-abfe-4bea6798cb79/window/rect &amp#27;[39m&amp#27;[32m200&amp#27;[39m &amp#27;[90m145 ms - 48&amp#27;[39m
&amp#27;[35m[HTTP]&amp#27;[39m &amp#27;[90m&amp#27;[39m
&amp#27;[35m[HTTP]&amp#27;[39m &amp#27;[37m-->&amp#27;[39m &amp#27;[37mPOST&amp#27;[39m &amp#27;[37m/wd/hub/session/fa22c5fe-5ae1-4114-abfe-4bea6798cb79/touch/perform&amp#27;[39m
&amp#27;[35m[HTTP]&amp#27;[39m &amp#27;[90m{"actions":[{"action":"press","options":{"x":187,"y":400}},{"action":"wait","options":{"ms":1000}},{"action":"moveTo","options":{"x":187,"y":155}},{"action":"release","options":{}}]}&amp#27;[39m
[debug] &amp#27;[35m[W3C (fa22c5fe)]&amp#27;[39m Calling AppiumDriver.performTouch() with args: [[{"action":"press","options":{"x":187,"y":400}},{"action":"wait","options":{"ms":1000}},{"action":"moveTo","options":{"x":187,"y":155}},{"action":"release","options":{}}],"fa22c5fe-5ae1-4114-abfe-4bea6798cb79"]
[debug] &amp#27;[35m[XCUITest]&amp#27;[39m Executing command 'performTouch'
[debug] &amp#27;[35m[XCUITest]&amp#27;[39m Received the following touch action: press(options={"x":187,"y":400})-wait(options={"ms":1000})-moveTo(options={"x":187,"y":155})-release(options={})
[debug] &amp#27;[35m[XCUITest]&amp#27;[39m Setting custom timeout to 750000 ms for 'performTouch' command
[debug] &amp#27;[35m[WD Proxy]&amp#27;[39m Proxying [POST /wda/touch/perform] to [POST http://127.0.0.1:8100/session/60DEF1F0-4A14-4727-943C-DB82535553CA/wda/touch/perform] with body: {"actions":[{"action":"press","options":{"x":187,"y":400}},{"action":"wait","options":{"ms":1000}},{"action":"moveTo","options":{"x":187,"y":155}},{"action":"release","options":{}}]}
[debug] &amp#27;[35m[WD Proxy]&amp#27;[39m Got response with status 200: {"value":null,"sessionId":"60DEF1F0-4A14-4727-943C-DB82535553CA"}
[debug] &amp#27;[35m[W3C (fa22c5fe)]&amp#27;[39m Responding to client with driver.performTouch() result: null
&amp#27;[35m[HTTP]&amp#27;[39m &amp#27;[37m<-- POST /wd/hub/session/fa22c5fe-5ae1-4114-abfe-4bea6798cb79/touch/perform &amp#27;[39m&amp#27;[32m200&amp#27;[39m &amp#27;[90m1198 ms - 14&amp#27;[39m
&amp#27;[35m[HTTP]&amp#27;[39m &amp#27;[90m&amp#27;[39m
&amp#27;[35m[HTTP]&amp#27;[39m &amp#27;[37m-->&amp#27;[39m &amp#27;[37mPOST&amp#27;[39m &amp#27;[37m/wd/hub/session/fa22c5fe-5ae1-4114-abfe-4bea6798cb79/element&amp#27;[39m
&amp#27;[35m[HTTP]&amp#27;[39m &amp#27;[90m{"using":"accessibility id","value":"CAT 301.8"}&amp#27;[39m
[debug] &amp#27;[35m[W3C (fa22c5fe)]&amp#27;[39m Calling AppiumDriver.findElement() with args: ["accessibility id","CAT 301.8","fa22c5fe-5ae1-4114-abfe-4bea6798cb79"]
[debug] &amp#27;[35m[XCUITest]&amp#27;[39m Executing command 'findElement'
[debug] &amp#27;[35m[BaseDriver]&amp#27;[39m Valid locator strategies for this request: xpath, id, name, class name, -ios predicate string, -ios class chain, accessibility id, css selector
[debug] &amp#27;[35m[BaseDriver]&amp#27;[39m Waiting up to 25000 ms for condition
[debug] &amp#27;[35m[XCUITest]&amp#27;[39m Setting custom timeout to 750000 ms for 'findElement' command
[debug] &amp#27;[35m[WD Proxy]&amp#27;[39m Matched '/element' to command name 'findElement'
[debug] &amp#27;[35m[WD Proxy]&amp#27;[39m Proxying [POST /element] to [POST http://127.0.0.1:8100/session/60DEF1F0-4A14-4727-943C-DB82535553CA/element] with body: {"using":"accessibility id","value":"CAT 301.8"}
[debug] &amp#27;[35m[WD Proxy]&amp#27;[39m Got response with status 200: {"value":{"ELEMENT":"44010000-0000-0000-5301-000000000000","element-6066-11e4-a52e-4f735466cecf":"44010000-0000-0000-5301-000000000000"},"sessionId":"60DEF1F0-4A14-4727-943C-DB82535553CA"}
[debug] &amp#27;[35m[W3C (fa22c5fe)]&amp#27;[39m Responding to client with driver.findElement() result: {"element-6066-11e4-a52e-4f735466cecf":"44010000-0000-0000-5301-000000000000","ELEMENT":"44010000-0000-0000-5301-000000000000"}
&amp#27;[35m[HTTP]&amp#27;[39m &amp#27;[37m<-- POST /wd/hub/session/fa22c5fe-5ae1-4114-abfe-4bea6798cb79/element &amp#27;[39m&amp#27;[32m200&amp#27;[39m &amp#27;[90m265 ms - 137&amp#27;[39m
&amp#27;[35m[HTTP]&amp#27;[39m &amp#27;[90m&amp#27;[39m
&amp#27;[35m[HTTP]&amp#27;[39m &amp#27;[37m-->&amp#27;[39m &amp#27;[37mGET&amp#27;[39m &amp#27;[37m/wd/hub/session/fa22c5fe-5ae1-4114-abfe-4bea6798cb79/element/44010000-0000-0000-5301-000000000000/displayed&amp#27;[39m
&amp#27;[35m[HTTP]&amp#27;[39m &amp#27;[90m{}&amp#27;[39m
&amp#27;[35m[W3C (fa22c5fe)]&amp#27;[39m Driver proxy active, passing request on via HTTP proxy
[debug] &amp#27;[35m[XCUITest]&amp#27;[39m Executing command 'proxyReqRes'
[debug] &amp#27;[35m[WD Proxy]&amp#27;[39m Matched '/wd/hub/session/fa22c5fe-5ae1-4114-abfe-4bea6798cb79/element/44010000-0000-0000-5301-000000000000/displayed' to command name 'elementDisplayed'
[debug] &amp#27;[35m[WD Proxy]&amp#27;[39m Proxying [GET /wd/hub/session/fa22c5fe-5ae1-4114-abfe-4bea6798cb79/element/44010000-0000-0000-5301-000000000000/displayed] to [GET http://127.0.0.1:8100/session/60DEF1F0-4A14-4727-943C-DB82535553CA/element/44010000-0000-0000-5301-000000000000/displayed] with no body
[debug] &amp#27;[35m[WD Proxy]&amp#27;[39m Got response with status 200: {"value":true,"sessionId":"60DEF1F0-4A14-4727-943C-DB82535553CA"}
&amp#27;[35m[WD Proxy]&amp#27;[39m Replacing sessionId 60DEF1F0-4A14-4727-943C-DB82535553CA with fa22c5fe-5ae1-4114-abfe-4bea6798cb79
&amp#27;[35m[HTTP]&amp#27;[39m &amp#27;[37m<-- GET /wd/hub/session/fa22c5fe-5ae1-4114-abfe-4bea6798cb79/element/44010000-0000-0000-5301-000000000000/displayed &amp#27;[39m&amp#27;[32m200&amp#27;[39m &amp#27;[90m119 ms - 65&amp#27;[39m
&amp#27;[35m[HTTP]&amp#27;[39m &amp#27;[90m&amp#27;[39m
&amp#27;[35m[HTTP]&amp#27;[39m &amp#27;[37m-->&amp#27;[39m &amp#27;[37mPOST&amp#27;[39m &amp#27;[37m/wd/hub/session/fa22c5fe-5ae1-4114-abfe-4bea6798cb79/element&amp#27;[39m
&amp#27;[35m[HTTP]&amp#27;[39m &amp#27;[90m{"using":"accessibility id","value":"CAT 301.8"}&amp#27;[39m
[debug] &amp#27;[35m[W3C (fa22c5fe)]&amp#27;[39m Calling AppiumDriver.findElement() with args: ["accessibility id","CAT 301.8","fa22c5fe-5ae1-4114-abfe-4bea6798cb79"]
[debug] &amp#27;[35m[XCUITest]&amp#27;[39m Executing command 'findElement'
[debug] &amp#27;[35m[BaseDriver]&amp#27;[39m Valid locator strategies for this request: xpath, id, name, class name, -ios predicate string, -ios class chain, accessibility id, css selector
[debug] &amp#27;[35m[BaseDriver]&amp#27;[39m Waiting up to 25000 ms for condition
[debug] &amp#27;[35m[XCUITest]&amp#27;[39m Setting custom timeout to 750000 ms for 'findElement' command
[debug] &amp#27;[35m[WD Proxy]&amp#27;[39m Matched '/element' to command name 'findElement'
[debug] &amp#27;[35m[WD Proxy]&amp#27;[39m Proxying [POST /element] to [POST http://127.0.0.1:8100/session/60DEF1F0-4A14-4727-943C-DB82535553CA/element] with body: {"using":"accessibility id","value":"CAT 301.8"}
[debug] &amp#27;[35m[WD Proxy]&amp#27;[39m Got response with status 200: {"value":{"ELEMENT":"44010000-0000-0000-5301-000000000000","element-6066-11e4-a52e-4f735466cecf":"44010000-0000-0000-5301-000000000000"},"sessionId":"60DEF1F0-4A14-4727-943C-DB82535553CA"}
[debug] &amp#27;[35m[W3C (fa22c5fe)]&amp#27;[39m Responding to client with driver.findElement() result: {"element-6066-11e4-a52e-4f735466cecf":"44010000-0000-0000-5301-000000000000","ELEMENT":"44010000-0000-0000-5301-000000000000"}
&amp#27;[35m[HTTP]&amp#27;[39m &amp#27;[37m<-- POST /wd/hub/session/fa22c5fe-5ae1-4114-abfe-4bea6798cb79/element &amp#27;[39m&amp#27;[32m200&amp#27;[39m &amp#27;[90m205 ms - 137&amp#27;[39m
&amp#27;[35m[HTTP]&amp#27;[39m &amp#27;[90m&amp#27;[39m
&amp#27;[35m[HTTP]&amp#27;[39m &amp#27;[37m-->&amp#27;[39m &amp#27;[37mGET&amp#27;[39m &amp#27;[37m/wd/hub/session/fa22c5fe-5ae1-4114-abfe-4bea6798cb79/element/44010000-0000-0000-5301-000000000000/location&amp#27;[39m
&amp#27;[35m[HTTP]&amp#27;[39m &amp#27;[90m{}&amp#27;[39m
[debug] &amp#27;[35m[W3C (fa22c5fe)]&amp#27;[39m Calling AppiumDriver.getLocation() with args: ["44010000-0000-0000-5301-000000000000","fa22c5fe-5ae1-4114-abfe-4bea6798cb79"]
[debug] &amp#27;[35m[XCUITest]&amp#27;[39m Executing command 'getLocation'
[debug] &amp#27;[35m[XCUITest]&amp#27;[39m Setting custom timeout to 750000 ms for 'getElementRect' command
[debug] &amp#27;[35m[WD Proxy]&amp#27;[39m Matched '/element/44010000-0000-0000-5301-000000000000/rect' to command name 'getElementRect'
[debug] &amp#27;[35m[WD Proxy]&amp#27;[39m Proxying [GET /element/44010000-0000-0000-5301-000000000000/rect] to [GET http://127.0.0.1:8100/session/60DEF1F0-4A14-4727-943C-DB82535553CA/element/44010000-0000-0000-5301-000000000000/rect] with no body
[debug] &amp#27;[35m[WD Proxy]&amp#27;[39m Got response with status 200: {"value":{"y":380,"x":32,"width":311,"height":21},"sessionId":"60DEF1F0-4A14-4727-943C-DB82535553CA"}
[debug] &amp#27;[35m[W3C (fa22c5fe)]&amp#27;[39m Responding to client with driver.getLocation() result: {"x":32,"y":380}
&amp#27;[35m[HTTP]&amp#27;[39m &amp#27;[37m<-- GET /wd/hub/session/fa22c5fe-5ae1-4114-abfe-4bea6798cb79/element/44010000-0000-0000-5301-000000000000/location &amp#27;[39m&amp#27;[32m200&amp#27;[39m &amp#27;[90m121 ms - 26&amp#27;[39m
&amp#27;[35m[HTTP]&amp#27;[39m &amp#27;[90m&amp#27;[39m
&amp#27;[35m[HTTP]&amp#27;[39m &amp#27;[37m-->&amp#27;[39m &amp#27;[37mGET&amp#27;[39m &amp#27;[37m/wd/hub/session/fa22c5fe-5ae1-4114-abfe-4bea6798cb79/window/rect&amp#27;[39m
&amp#27;[35m[HTTP]&amp#27;[39m &amp#27;[90m{}&amp#27;[39m
[debug] &amp#27;[35m[W3C (fa22c5fe)]&amp#27;[39m Calling AppiumDriver.getWindowRect() with args: ["fa22c5fe-5ae1-4114-abfe-4bea6798cb79"]
[debug] &amp#27;[35m[XCUITest]&amp#27;[39m Executing command 'getWindowRect'
[debug] &amp#27;[35m[XCUITest]&amp#27;[39m Setting custom timeout to 750000 ms for 'getWindowSize' command
[debug] &amp#27;[35m[WD Proxy]&amp#27;[39m Proxying [GET /window/size] to [GET http://127.0.0.1:8100/session/60DEF1F0-4A14-4727-943C-DB82535553CA/window/size] with no body
[debug] &amp#27;[35m[WD Proxy]&amp#27;[39m Got response with status 200: {"value":{"width":375,"height":667},"sessionId":"60DEF1F0-4A14-4727-943C-DB82535553CA"}
[debug] &amp#27;[35m[W3C (fa22c5fe)]&amp#27;[39m Responding to client with driver.getWindowRect() result: {"width":375,"height":667,"x":0,"y":0}
&amp#27;[35m[HTTP]&amp#27;[39m &amp#27;[37m<-- GET /wd/hub/session/fa22c5fe-5ae1-4114-abfe-4bea6798cb79/window/rect &amp#27;[39m&amp#27;[32m200&amp#27;[39m &amp#27;[90m84 ms - 48&amp#27;[39m
&amp#27;[35m[HTTP]&amp#27;[39m &amp#27;[90m&amp#27;[39m
&amp#27;[35m[HTTP]&amp#27;[39m &amp#27;[37m-->&amp#27;[39m &amp#27;[37mPOST&amp#27;[39m &amp#27;[37m/wd/hub/session/fa22c5fe-5ae1-4114-abfe-4bea6798cb79/touch/perform&amp#27;[39m
&amp#27;[35m[HTTP]&amp#27;[39m &amp#27;[90m{"actions":[{"action":"press","options":{"x":187,"y":400}},{"action":"wait","options":{"ms":1000}},{"action":"moveTo","options":{"x":187,"y":155}},{"action":"release","options":{}}]}&amp#27;[39m
[debug] &amp#27;[35m[W3C (fa22c5fe)]&amp#27;[39m Calling AppiumDriver.performTouch() with args: [[{"action":"press","options":{"x":187,"y":400}},{"action":"wait","options":{"ms":1000}},{"action":"moveTo","options":{"x":187,"y":155}},{"action":"release","options":{}}],"fa22c5fe-5ae1-4114-abfe-4bea6798cb79"]
[debug] &amp#27;[35m[XCUITest]&amp#27;[39m Executing command 'performTouch'
[debug] &amp#27;[35m[XCUITest]&amp#27;[39m Received the following touch action: press(options={"x":187,"y":400})-wait(options={"ms":1000})-moveTo(options={"x":187,"y":155})-release(options={})
[debug] &amp#27;[35m[XCUITest]&amp#27;[39m Setting custom timeout to 750000 ms for 'performTouch' command
[debug] &amp#27;[35m[WD Proxy]&amp#27;[39m Proxying [POST /wda/touch/perform] to [POST http://127.0.0.1:8100/session/60DEF1F0-4A14-4727-943C-DB82535553CA/wda/touch/perform] with body: {"actions":[{"action":"press","options":{"x":187,"y":400}},{"action":"wait","options":{"ms":1000}},{"action":"moveTo","options":{"x":187,"y":155}},{"action":"release","options":{}}]}
[debug] &amp#27;[35m[WD Proxy]&amp#27;[39m Got response with status 200: {"value":null,"sessionId":"60DEF1F0-4A14-4727-943C-DB82535553CA"}
[debug] &amp#27;[35m[W3C (fa22c5fe)]&amp#27;[39m Responding to client with driver.performTouch() result: null
&amp#27;[35m[HTTP]&amp#27;[39m &amp#27;[37m<-- POST /wd/hub/session/fa22c5fe-5ae1-4114-abfe-4bea6798cb79/touch/perform &amp#27;[39m&amp#27;[32m200&amp#27;[39m &amp#27;[90m1200 ms - 14&amp#27;[39m
&amp#27;[35m[HTTP]&amp#27;[39m &amp#27;[90m&amp#27;[39m
&amp#27;[35m[HTTP]&amp#27;[39m &amp#27;[37m-->&amp#27;[39m &amp#27;[37mPOST&amp#27;[39m &amp#27;[37m/wd/hub/session/fa22c5fe-5ae1-4114-abfe-4bea6798cb79/element&amp#27;[39m
&amp#27;[35m[HTTP]&amp#27;[39m &amp#27;[90m{"using":"accessibility id","value":"CAT 301.8"}&amp#27;[39m
[debug] &amp#27;[35m[W3C (fa22c5fe)]&amp#27;[39m Calling AppiumDriver.findElement() with args: ["accessibility id","CAT 301.8","fa22c5fe-5ae1-4114-abfe-4bea6798cb79"]
[debug] &amp#27;[35m[XCUITest]&amp#27;[39m Executing command 'findElement'
[debug] &amp#27;[35m[BaseDriver]&amp#27;[39m Valid locator strategies for this request: xpath, id, name, class name, -ios predicate string, -ios class chain, accessibility id, css selector
[debug] &amp#27;[35m[BaseDriver]&amp#27;[39m Waiting up to 25000 ms for condition
[debug] &amp#27;[35m[XCUITest]&amp#27;[39m Setting custom timeout to 750000 ms for 'findElement' command
[debug] &amp#27;[35m[WD Proxy]&amp#27;[39m Matched '/element' to command name 'findElement'
[debug] &amp#27;[35m[WD Proxy]&amp#27;[39m Proxying [POST /element] to [POST http://127.0.0.1:8100/session/60DEF1F0-4A14-4727-943C-DB82535553CA/element] with body: {"using":"accessibility id","value":"CAT 301.8"}
[debug] &amp#27;[35m[WD Proxy]&amp#27;[39m Got response with status 200: {"value":{"ELEMENT":"44010000-0000-0000-5301-000000000000","element-6066-11e4-a52e-4f735466cecf":"44010000-0000-0000-5301-000000000000"},"sessionId":"60DEF1F0-4A14-4727-943C-DB82535553CA"}
[debug] &amp#27;[35m[W3C (fa22c5fe)]&amp#27;[39m Responding to client with driver.findElement() result: {"element-6066-11e4-a52e-4f735466cecf":"44010000-0000-0000-5301-000000000000","ELEMENT":"44010000-0000-0000-5301-000000000000"}
&amp#27;[35m[HTTP]&amp#27;[39m &amp#27;[37m<-- POST /wd/hub/session/fa22c5fe-5ae1-4114-abfe-4bea6798cb79/element &amp#27;[39m&amp#27;[32m200&amp#27;[39m &amp#27;[90m262 ms - 137&amp#27;[39m
&amp#27;[35m[HTTP]&amp#27;[39m &amp#27;[90m&amp#27;[39m
&amp#27;[35m[HTTP]&amp#27;[39m &amp#27;[37m-->&amp#27;[39m &amp#27;[37mGET&amp#27;[39m &amp#27;[37m/wd/hub/session/fa22c5fe-5ae1-4114-abfe-4bea6798cb79/element/44010000-0000-0000-5301-000000000000/location&amp#27;[39m
&amp#27;[35m[HTTP]&amp#27;[39m &amp#27;[90m{}&amp#27;[39m
[debug] &amp#27;[35m[W3C (fa22c5fe)]&amp#27;[39m Calling AppiumDriver.getLocation() with args: ["44010000-0000-0000-5301-000000000000","fa22c5fe-5ae1-4114-abfe-4bea6798cb79"]
[debug] &amp#27;[35m[XCUITest]&amp#27;[39m Executing command 'getLocation'
[debug] &amp#27;[35m[XCUITest]&amp#27;[39m Setting custom timeout to 750000 ms for 'getElementRect' command
[debug] &amp#27;[35m[WD Proxy]&amp#27;[39m Matched '/element/44010000-0000-0000-5301-000000000000/rect' to command name 'getElementRect'
[debug] &amp#27;[35m[WD Proxy]&amp#27;[39m Proxying [GET /element/44010000-0000-0000-5301-000000000000/rect] to [GET http://127.0.0.1:8100/session/60DEF1F0-4A14-4727-943C-DB82535553CA/element/44010000-0000-0000-5301-000000000000/rect] with no body
[debug] &amp#27;[35m[WD Proxy]&amp#27;[39m Got response with status 200: {"value":{"y":149,"x":32,"width":311,"height":21},"sessionId":"60DEF1F0-4A14-4727-943C-DB82535553CA"}
[debug] &amp#27;[35m[W3C (fa22c5fe)]&amp#27;[39m Responding to client with driver.getLocation() result: {"x":32,"y":149}
&amp#27;[35m[HTTP]&amp#27;[39m &amp#27;[37m<-- GET /wd/hub/session/fa22c5fe-5ae1-4114-abfe-4bea6798cb79/element/44010000-0000-0000-5301-000000000000/location &amp#27;[39m&amp#27;[32m200&amp#27;[39m &amp#27;[90m106 ms - 26&amp#27;[39m
&amp#27;[35m[HTTP]&amp#27;[39m &amp#27;[90m&amp#27;[39m
&amp#27;[35m[HTTP]&amp#27;[39m &amp#27;[37m-->&amp#27;[39m &amp#27;[37mGET&amp#27;[39m &amp#27;[37m/wd/hub/session/fa22c5fe-5ae1-4114-abfe-4bea6798cb79/element/44010000-0000-0000-5301-000000000000/location&amp#27;[39m
&amp#27;[35m[HTTP]&amp#27;[39m &amp#27;[90m{}&amp#27;[39m
[debug] &amp#27;[35m[W3C (fa22c5fe)]&amp#27;[39m Calling AppiumDriver.getLocation() with args: ["44010000-0000-0000-5301-000000000000","fa22c5fe-5ae1-4114-abfe-4bea6798cb79"]
[debug] &amp#27;[35m[XCUITest]&amp#27;[39m Executing command 'getLocation'
[debug] &amp#27;[35m[XCUITest]&amp#27;[39m Setting custom timeout to 750000 ms for 'getElementRect' command
[debug] &amp#27;[35m[WD Proxy]&amp#27;[39m Matched '/element/44010000-0000-0000-5301-000000000000/rect' to command name 'getElementRect'
[debug] &amp#27;[35m[WD Proxy]&amp#27;[39m Proxying [GET /element/44010000-0000-0000-5301-000000000000/rect] to [GET http://127.0.0.1:8100/session/60DEF1F0-4A14-4727-943C-DB82535553CA/element/44010000-0000-0000-5301-000000000000/rect] with no body
[debug] &amp#27;[35m[WD Proxy]&amp#27;[39m Got response with status 200: {"value":{"y":149,"x":32,"width":311,"height":21},"sessionId":"60DEF1F0-4A14-4727-943C-DB82535553CA"}
[debug] &amp#27;[35m[W3C (fa22c5fe)]&amp#27;[39m Responding to client with driver.getLocation() result: {"x":32,"y":149}
&amp#27;[35m[HTTP]&amp#27;[39m &amp#27;[37m<-- GET /wd/hub/session/fa22c5fe-5ae1-4114-abfe-4bea6798cb79/element/44010000-0000-0000-5301-000000000000/location &amp#27;[39m&amp#27;[32m200&amp#27;[39m &amp#27;[90m111 ms - 26&amp#27;[39m
&amp#27;[35m[HTTP]&amp#27;[39m &amp#27;[90m&amp#27;[39m
&amp#27;[35m[HTTP]&amp#27;[39m &amp#27;[37m-->&amp#27;[39m &amp#27;[37mPOST&amp#27;[39m &amp#27;[37m/wd/hub/session/fa22c5fe-5ae1-4114-abfe-4bea6798cb79/touch/perform&amp#27;[39m
&amp#27;[35m[HTTP]&amp#27;[39m &amp#27;[90m{"actions":[{"action":"tap","options":{"x":162,"y":299}}]}&amp#27;[39m
[debug] &amp#27;[35m[W3C (fa22c5fe)]&amp#27;[39m Calling AppiumDriver.performTouch() with args: [[{"action":"tap","options":{"x":162,"y":299}}],"fa22c5fe-5ae1-4114-abfe-4bea6798cb79"]
[debug] &amp#27;[35m[XCUITest]&amp#27;[39m Executing command 'performTouch'
[debug] &amp#27;[35m[XCUITest]&amp#27;[39m Received the following touch action: tap(options={"x":162,"y":299})
[debug] &amp#27;[35m[XCUITest]&amp#27;[39m Setting custom timeout to 750000 ms for 'performTouch' command
[debug] &amp#27;[35m[WD Proxy]&amp#27;[39m Proxying [POST /wda/touch/perform] to [POST http://127.0.0.1:8100/session/60DEF1F0-4A14-4727-943C-DB82535553CA/wda/touch/perform] with body: {"actions":[{"action":"tap","options":{"x":162,"y":299}}]}
[debug] &amp#27;[35m[WD Proxy]&amp#27;[39m Got response with status 200: {"value":null,"sessionId":"60DEF1F0-4A14-4727-943C-DB82535553CA"}
[debug] &amp#27;[35m[W3C (fa22c5fe)]&amp#27;[39m Responding to client with driver.performTouch() result: null
&amp#27;[35m[HTTP]&amp#27;[39m &amp#27;[37m<-- POST /wd/hub/session/fa22c5fe-5ae1-4114-abfe-4bea6798cb79/touch/perform &amp#27;[39m&amp#27;[32m200&amp#27;[39m &amp#27;[90m335 ms - 14&amp#27;[39m
&amp#27;[35m[HTTP]&amp#27;[39m &amp#27;[90m&amp#27;[39m
&amp#27;[35m[HTTP]&amp#27;[39m &amp#27;[37m-->&amp#27;[39m &amp#27;[37mPOST&amp#27;[39m &amp#27;[37m/wd/hub/session/fa22c5fe-5ae1-4114-abfe-4bea6798cb79/execute/sync&amp#27;[39m
&amp#27;[35m[HTTP]&amp#27;[39m &amp#27;[90m{"script":"mobile:scroll","args":[{"label":"Other Details","direction":"down"}]}&amp#27;[39m
[debug] &amp#27;[35m[W3C (fa22c5fe)]&amp#27;[39m Calling AppiumDriver.execute() with args: ["mobile:scroll",[{"label":"Other Details","direction":"down"}],"fa22c5fe-5ae1-4114-abfe-4bea6798cb79"]
[debug] &amp#27;[35m[XCUITest]&amp#27;[39m Executing command 'execute'
[debug] &amp#27;[35m[BaseDriver]&amp#27;[39m Waiting up to 25000 ms for condition
[debug] &amp#27;[35m[XCUITest]&amp#27;[39m Setting custom timeout to 750000 ms for 'findElement' command
[debug] &amp#27;[35m[WD Proxy]&amp#27;[39m Matched '/element' to command name 'findElement'
[debug] &amp#27;[35m[WD Proxy]&amp#27;[39m Proxying [POST /element] to [POST http://127.0.0.1:8100/session/60DEF1F0-4A14-4727-943C-DB82535553CA/element] with body: {"using":"class name","value":"XCUIElementTypeApplication"}
[debug] &amp#27;[35m[WD Proxy]&amp#27;[39m Got response with status 200: {"value":{"ELEMENT":"01000000-0000-0000-5301-000000000000","element-6066-11e4-a52e-4f735466cecf":"01000000-0000-0000-5301-000000000000"},"sessionId":"60DEF1F0-4A14-4727-943C-DB82535553CA"}
&amp#27;[35m[XCUITest]&amp#27;[39m Proxying to WDA with an unknown route: POST /wda/element/01000000-0000-0000-5301-000000000000/scroll
[debug] &amp#27;[35m[XCUITest]&amp#27;[39m Setting custom timeout to 750000 ms for 'Unknown' command
[debug] &amp#27;[35m[WD Proxy]&amp#27;[39m Proxying [POST /wda/element/01000000-0000-0000-5301-000000000000/scroll] to [POST http://127.0.0.1:8100/session/60DEF1F0-4A14-4727-943C-DB82535553CA/wda/element/01000000-0000-0000-5301-000000000000/scroll] with body: {"direction":"down"}
[debug] &amp#27;[35m[WD Proxy]&amp#27;[39m Got response with status 200: {"value":null,"sessionId":"60DEF1F0-4A14-4727-943C-DB82535553CA"}
[debug] &amp#27;[35m[W3C (fa22c5fe)]&amp#27;[39m Responding to client with driver.execute() result: null
&amp#27;[35m[HTTP]&amp#27;[39m &amp#27;[37m<-- POST /wd/hub/session/fa22c5fe-5ae1-4114-abfe-4bea6798cb79/execute/sync &amp#27;[39m&amp#27;[32m200&amp#27;[39m &amp#27;[90m4842 ms - 14&amp#27;[39m
&amp#27;[35m[HTTP]&amp#27;[39m &amp#27;[90m&amp#27;[39m
&amp#27;[35m[HTTP]&amp#27;[39m &amp#27;[37m-->&amp#27;[39m &amp#27;[37mPOST&amp#27;[39m &amp#27;[37m/wd/hub/session/fa22c5fe-5ae1-4114-abfe-4bea6798cb79/element&amp#27;[39m
&amp#27;[35m[HTTP]&amp#27;[39m &amp#27;[90m{"using":"xpath","value":"//XCUIElementTypeStaticText[@name='START RENTAL']"}&amp#27;[39m
[debug] &amp#27;[35m[W3C (fa22c5fe)]&amp#27;[39m Calling AppiumDriver.findElement() with args: ["xpath","//XCUIElementTypeStaticText[@name='START RENTAL']","fa22c5fe-5ae1-4114-abfe-4bea6798cb79"]
[debug] &amp#27;[35m[XCUITest]&amp#27;[39m Executing command 'findElement'
[debug] &amp#27;[35m[BaseDriver]&amp#27;[39m Valid locator strategies for this request: xpath, id, name, class name, -ios predicate string, -ios class chain, accessibility id, css selector
[debug] &amp#27;[35m[BaseDriver]&amp#27;[39m Waiting up to 25000 ms for condition
[debug] &amp#27;[35m[XCUITest]&amp#27;[39m Setting custom timeout to 750000 ms for 'findElement' command
[debug] &amp#27;[35m[WD Proxy]&amp#27;[39m Matched '/element' to command name 'findElement'
[debug] &amp#27;[35m[WD Proxy]&amp#27;[39m Proxying [POST /element] to [POST http://127.0.0.1:8100/session/60DEF1F0-4A14-4727-943C-DB82535553CA/element] with body: {"using":"xpath","value":"//XCUIElementTypeStaticText[@name='START RENTAL']"}
[debug] &amp#27;[35m[WD Proxy]&amp#27;[39m Got response with status 200: {"value":{"ELEMENT":"B6010000-0000-0000-5301-000000000000","element-6066-11e4-a52e-4f735466cecf":"B6010000-0000-0000-5301-000000000000"},"sessionId":"60DEF1F0-4A14-4727-943C-DB82535553CA"}
[debug] &amp#27;[35m[W3C (fa22c5fe)]&amp#27;[39m Responding to client with driver.findElement() result: {"element-6066-11e4-a52e-4f735466cecf":"B6010000-0000-0000-5301-000000000000","ELEMENT":"B6010000-0000-0000-5301-000000000000"}
&amp#27;[35m[HTTP]&amp#27;[39m &amp#27;[37m<-- POST /wd/hub/session/fa22c5fe-5ae1-4114-abfe-4bea6798cb79/element &amp#27;[39m&amp#27;[32m200&amp#27;[39m &amp#27;[90m544 ms - 137&amp#27;[39m
&amp#27;[35m[HTTP]&amp#27;[39m &amp#27;[90m&amp#27;[39m
&amp#27;[35m[HTTP]&amp#27;[39m &amp#27;[37m-->&amp#27;[39m &amp#27;[37mPOST&amp#27;[39m &amp#27;[37m/wd/hub/session/fa22c5fe-5ae1-4114-abfe-4bea6798cb79/element/B6010000-0000-0000-5301-000000000000/click&amp#27;[39m
&amp#27;[35m[HTTP]&amp#27;[39m &amp#27;[90m{"id":"B6010000-0000-0000-5301-000000000000"}&amp#27;[39m
&amp#27;[35m[W3C (fa22c5fe)]&amp#27;[39m Driver proxy active, passing request on via HTTP proxy
[debug] &amp#27;[35m[XCUITest]&amp#27;[39m Executing command 'proxyReqRes'
[debug] &amp#27;[35m[WD Proxy]&amp#27;[39m Matched '/wd/hub/session/fa22c5fe-5ae1-4114-abfe-4bea6798cb79/element/B6010000-0000-0000-5301-000000000000/click' to command name 'click'
[debug] &amp#27;[35m[WD Proxy]&amp#27;[39m Proxying [POST /wd/hub/session/fa22c5fe-5ae1-4114-abfe-4bea6798cb79/element/B6010000-0000-0000-5301-000000000000/click] to [POST http://127.0.0.1:8100/session/60DEF1F0-4A14-4727-943C-DB82535553CA/element/B6010000-0000-0000-5301-000000000000/click] with body: {"id":"B6010000-0000-0000-5301-000000000000"}
[debug] &amp#27;[35m[WD Proxy]&amp#27;[39m Got response with status 200: {"value":null,"sessionId":"60DEF1F0-4A14-4727-943C-DB82535553CA"}
&amp#27;[35m[WD Proxy]&amp#27;[39m Replacing sessionId 60DEF1F0-4A14-4727-943C-DB82535553CA with fa22c5fe-5ae1-4114-abfe-4bea6798cb79
&amp#27;[35m[HTTP]&amp#27;[39m &amp#27;[37m<-- POST /wd/hub/session/fa22c5fe-5ae1-4114-abfe-4bea6798cb79/element/B6010000-0000-0000-5301-000000000000/click &amp#27;[39m&amp#27;[32m200&amp#27;[39m &amp#27;[90m207 ms - 65&amp#27;[39m
&amp#27;[35m[HTTP]&amp#27;[39m &amp#27;[90m&amp#27;[39m
&amp#27;[35m[HTTP]&amp#27;[39m &amp#27;[37m-->&amp#27;[39m &amp#27;[37mPOST&amp#27;[39m &amp#27;[37m/wd/hub/session/fa22c5fe-5ae1-4114-abfe-4bea6798cb79/element&amp#27;[39m
&amp#27;[35m[HTTP]&amp#27;[39m &amp#27;[90m{"using":"xpath","value":"//XCUIElementTypeButton[@name='Continue']"}&amp#27;[39m
[debug] &amp#27;[35m[W3C (fa22c5fe)]&amp#27;[39m Calling AppiumDriver.findElement() with args: ["xpath","//XCUIElementTypeButton[@name='Continue']","fa22c5fe-5ae1-4114-abfe-4bea6798cb79"]
[debug] &amp#27;[35m[XCUITest]&amp#27;[39m Executing command 'findElement'
[debug] &amp#27;[35m[BaseDriver]&amp#27;[39m Valid locator strategies for this request: xpath, id, name, class name, -ios predicate string, -ios class chain, accessibility id, css selector
[debug] &amp#27;[35m[BaseDriver]&amp#27;[39m Waiting up to 25000 ms for condition
[debug] &amp#27;[35m[XCUITest]&amp#27;[39m Setting custom timeout to 750000 ms for 'findElement' command
[debug] &amp#27;[35m[WD Proxy]&amp#27;[39m Matched '/element' to command name 'findElement'
[debug] &amp#27;[35m[WD Proxy]&amp#27;[39m Proxying [POST /element] to [POST http://127.0.0.1:8100/session/60DEF1F0-4A14-4727-943C-DB82535553CA/element] with body: {"using":"xpath","value":"//XCUIElementTypeButton[@name='Continue']"}
[debug] &amp#27;[35m[WD Proxy]&amp#27;[39m Got response with status 200: {"value":{"ELEMENT":"EE010000-0000-0000-5301-000000000000","element-6066-11e4-a52e-4f735466cecf":"EE010000-0000-0000-5301-000000000000"},"sessionId":"60DEF1F0-4A14-4727-943C-DB82535553CA"}
[debug] &amp#27;[35m[W3C (fa22c5fe)]&amp#27;[39m Responding to client with driver.findElement() result: {"element-6066-11e4-a52e-4f735466cecf":"EE010000-0000-0000-5301-000000000000","ELEMENT":"EE010000-0000-0000-5301-000000000000"}
&amp#27;[35m[HTTP]&amp#27;[39m &amp#27;[37m<-- POST /wd/hub/session/fa22c5fe-5ae1-4114-abfe-4bea6798cb79/element &amp#27;[39m&amp#27;[32m200&amp#27;[39m &amp#27;[90m801 ms - 137&amp#27;[39m
&amp#27;[35m[HTTP]&amp#27;[39m &amp#27;[90m&amp#27;[39m
&amp#27;[35m[HTTP]&amp#27;[39m &amp#27;[37m-->&amp#27;[39m &amp#27;[37mGET&amp#27;[39m &amp#27;[37m/wd/hub/session/fa22c5fe-5ae1-4114-abfe-4bea6798cb79/element/EE010000-0000-0000-5301-000000000000/text&amp#27;[39m
&amp#27;[35m[HTTP]&amp#27;[39m &amp#27;[90m{}&amp#27;[39m
&amp#27;[35m[W3C (fa22c5fe)]&amp#27;[39m Driver proxy active, passing request on via HTTP proxy
[debug] &amp#27;[35m[XCUITest]&amp#27;[39m Executing command 'proxyReqRes'
[debug] &amp#27;[35m[WD Proxy]&amp#27;[39m Matched '/wd/hub/session/fa22c5fe-5ae1-4114-abfe-4bea6798cb79/element/EE010000-0000-0000-5301-000000000000/text' to command name 'getText'
[debug] &amp#27;[35m[WD Proxy]&amp#27;[39m Proxying [GET /wd/hub/session/fa22c5fe-5ae1-4114-abfe-4bea6798cb79/element/EE010000-0000-0000-5301-000000000000/text] to [GET http://127.0.0.1:8100/session/60DEF1F0-4A14-4727-943C-DB82535553CA/element/EE010000-0000-0000-5301-000000000000/text] with no body
[debug] &amp#27;[35m[WD Proxy]&amp#27;[39m Got response with status 200: {"value":"Continue","sessionId":"60DEF1F0-4A14-4727-943C-DB82535553CA"}
&amp#27;[35m[WD Proxy]&amp#27;[39m Replacing sessionId 60DEF1F0-4A14-4727-943C-DB82535553CA with fa22c5fe-5ae1-4114-abfe-4bea6798cb79
&amp#27;[35m[HTTP]&amp#27;[39m &amp#27;[37m<-- GET /wd/hub/session/fa22c5fe-5ae1-4114-abfe-4bea6798cb79/element/EE010000-0000-0000-5301-000000000000/text &amp#27;[39m&amp#27;[32m200&amp#27;[39m &amp#27;[90m63 ms - 71&amp#27;[39m
&amp#27;[35m[HTTP]&amp#27;[39m &amp#27;[90m&amp#27;[39m
&amp#27;[35m[HTTP]&amp#27;[39m &amp#27;[37m-->&amp#27;[39m &amp#27;[37mPOST&amp#27;[39m &amp#27;[37m/wd/hub/session/fa22c5fe-5ae1-4114-abfe-4bea6798cb79/element&amp#27;[39m
&amp#27;[35m[HTTP]&amp#27;[39m &amp#27;[90m{"using":"accessibility id","value":"Continue"}&amp#27;[39m
[debug] &amp#27;[35m[W3C (fa22c5fe)]&amp#27;[39m Calling AppiumDriver.findElement() with args: ["accessibility id","Continue","fa22c5fe-5ae1-4114-abfe-4bea6798cb79"]
[debug] &amp#27;[35m[XCUITest]&amp#27;[39m Executing command 'findElement'
[debug] &amp#27;[35m[BaseDriver]&amp#27;[39m Valid locator strategies for this request: xpath, id, name, class name, -ios predicate string, -ios class chain, accessibility id, css selector
[debug] &amp#27;[35m[BaseDriver]&amp#27;[39m Waiting up to 25000 ms for condition
[debug] &amp#27;[35m[XCUITest]&amp#27;[39m Setting custom timeout to 750000 ms for 'findElement' command
[debug] &amp#27;[35m[WD Proxy]&amp#27;[39m Matched '/element' to command name 'findElement'
[debug] &amp#27;[35m[WD Proxy]&amp#27;[39m Proxying [POST /element] to [POST http://127.0.0.1:8100/session/60DEF1F0-4A14-4727-943C-DB82535553CA/element] with body: {"using":"accessibility id","value":"Continue"}
[debug] &amp#27;[35m[WD Proxy]&amp#27;[39m Got response with status 200: {"value":{"ELEMENT":"EE010000-0000-0000-5301-000000000000","element-6066-11e4-a52e-4f735466cecf":"EE010000-0000-0000-5301-000000000000"},"sessionId":"60DEF1F0-4A14-4727-943C-DB82535553CA"}
[debug] &amp#27;[35m[W3C (fa22c5fe)]&amp#27;[39m Responding to client with driver.findElement() result: {"element-6066-11e4-a52e-4f735466cecf":"EE010000-0000-0000-5301-000000000000","ELEMENT":"EE010000-0000-0000-5301-000000000000"}
&amp#27;[35m[HTTP]&amp#27;[39m &amp#27;[37m<-- POST /wd/hub/session/fa22c5fe-5ae1-4114-abfe-4bea6798cb79/element &amp#27;[39m&amp#27;[32m200&amp#27;[39m &amp#27;[90m183 ms - 137&amp#27;[39m
&amp#27;[35m[HTTP]&amp#27;[39m &amp#27;[90m&amp#27;[39m
&amp#27;[35m[HTTP]&amp#27;[39m &amp#27;[37m-->&amp#27;[39m &amp#27;[37mGET&amp#27;[39m &amp#27;[37m/wd/hub/session/fa22c5fe-5ae1-4114-abfe-4bea6798cb79/element/EE010000-0000-0000-5301-000000000000/location&amp#27;[39m
&amp#27;[35m[HTTP]&amp#27;[39m &amp#27;[90m{}&amp#27;[39m
[debug] &amp#27;[35m[W3C (fa22c5fe)]&amp#27;[39m Calling AppiumDriver.getLocation() with args: ["EE010000-0000-0000-5301-000000000000","fa22c5fe-5ae1-4114-abfe-4bea6798cb79"]
[debug] &amp#27;[35m[XCUITest]&amp#27;[39m Executing command 'getLocation'
[debug] &amp#27;[35m[XCUITest]&amp#27;[39m Setting custom timeout to 750000 ms for 'getElementRect' command
[debug] &amp#27;[35m[WD Proxy]&amp#27;[39m Matched '/element/EE010000-0000-0000-5301-000000000000/rect' to command name 'getElementRect'
[debug] &amp#27;[35m[WD Proxy]&amp#27;[39m Proxying [GET /element/EE010000-0000-0000-5301-000000000000/rect] to [GET http://127.0.0.1:8100/session/60DEF1F0-4A14-4727-943C-DB82535553CA/element/EE010000-0000-0000-5301-000000000000/rect] with no body
[debug] &amp#27;[35m[WD Proxy]&amp#27;[39m Got response with status 200: {"value":{"y":381,"x":52,"width":271,"height":44},"sessionId":"60DEF1F0-4A14-4727-943C-DB82535553CA"}
[debug] &amp#27;[35m[W3C (fa22c5fe)]&amp#27;[39m Responding to client with driver.getLocation() result: {"x":52,"y":381}
&amp#27;[35m[HTTP]&amp#27;[39m &amp#27;[37m<-- GET /wd/hub/session/fa22c5fe-5ae1-4114-abfe-4bea6798cb79/element/EE010000-0000-0000-5301-000000000000/location &amp#27;[39m&amp#27;[32m200&amp#27;[39m &amp#27;[90m71 ms - 26&amp#27;[39m
&amp#27;[35m[HTTP]&amp#27;[39m &amp#27;[90m&amp#27;[39m
&amp#27;[35m[HTTP]&amp#27;[39m &amp#27;[37m-->&amp#27;[39m &amp#27;[37mGET&amp#27;[39m &amp#27;[37m/wd/hub/session/fa22c5fe-5ae1-4114-abfe-4bea6798cb79/element/EE010000-0000-0000-5301-000000000000/location&amp#27;[39m
&amp#27;[35m[HTTP]&amp#27;[39m &amp#27;[90m{}&amp#27;[39m
[debug] &amp#27;[35m[W3C (fa22c5fe)]&amp#27;[39m Calling AppiumDriver.getLocation() with args: ["EE010000-0000-0000-5301-000000000000","fa22c5fe-5ae1-4114-abfe-4bea6798cb79"]
[debug] &amp#27;[35m[XCUITest]&amp#27;[39m Executing command 'getLocation'
[debug] &amp#27;[35m[XCUITest]&amp#27;[39m Setting custom timeout to 750000 ms for 'getElementRect' command
[debug] &amp#27;[35m[WD Proxy]&amp#27;[39m Matched '/element/EE010000-0000-0000-5301-000000000000/rect' to command name 'getElementRect'
[debug] &amp#27;[35m[WD Proxy]&amp#27;[39m Proxying [GET /element/EE010000-0000-0000-5301-000000000000/rect] to [GET http://127.0.0.1:8100/session/60DEF1F0-4A14-4727-943C-DB82535553CA/element/EE010000-0000-0000-5301-000000000000/rect] with no body
[debug] &amp#27;[35m[WD Proxy]&amp#27;[39m Got response with status 200: {"value":{"y":381,"x":52,"width":271,"height":44},"sessionId":"60DEF1F0-4A14-4727-943C-DB82535553CA"}
[debug] &amp#27;[35m[W3C (fa22c5fe)]&amp#27;[39m Responding to client with driver.getLocation() result: {"x":52,"y":381}
&amp#27;[35m[HTTP]&amp#27;[39m &amp#27;[37m<-- GET /wd/hub/session/fa22c5fe-5ae1-4114-abfe-4bea6798cb79/element/EE010000-0000-0000-5301-000000000000/location &amp#27;[39m&amp#27;[32m200&amp#27;[39m &amp#27;[90m69 ms - 26&amp#27;[39m
&amp#27;[35m[HTTP]&amp#27;[39m &amp#27;[90m&amp#27;[39m
&amp#27;[35m[HTTP]&amp#27;[39m &amp#27;[37m-->&amp#27;[39m &amp#27;[37mPOST&amp#27;[39m &amp#27;[37m/wd/hub/session/fa22c5fe-5ae1-4114-abfe-4bea6798cb79/touch/perform&amp#27;[39m
&amp#27;[35m[HTTP]&amp#27;[39m &amp#27;[90m{"actions":[{"action":"tap","options":{"x":122,"y":411}}]}&amp#27;[39m
[debug] &amp#27;[35m[W3C (fa22c5fe)]&amp#27;[39m Calling AppiumDriver.performTouch() with args: [[{"action":"tap","options":{"x":122,"y":411}}],"fa22c5fe-5ae1-4114-abfe-4bea6798cb79"]
[debug] &amp#27;[35m[XCUITest]&amp#27;[39m Executing command 'performTouch'
[debug] &amp#27;[35m[XCUITest]&amp#27;[39m Received the following touch action: tap(options={"x":122,"y":411})
[debug] &amp#27;[35m[XCUITest]&amp#27;[39m Setting custom timeout to 750000 ms for 'performTouch' command
[debug] &amp#27;[35m[WD Proxy]&amp#27;[39m Proxying [POST /wda/touch/perform] to [POST http://127.0.0.1:8100/session/60DEF1F0-4A14-4727-943C-DB82535553CA/wda/touch/perform] with body: {"actions":[{"action":"tap","options":{"x":122,"y":411}}]}
[debug] &amp#27;[35m[WD Proxy]&amp#27;[39m Got response with status 200: {"value":null,"sessionId":"60DEF1F0-4A14-4727-943C-DB82535553CA"}
[debug] &amp#27;[35m[W3C (fa22c5fe)]&amp#27;[39m Responding to client with driver.performTouch() result: null
&amp#27;[35m[HTTP]&amp#27;[39m &amp#27;[37m<-- POST /wd/hub/session/fa22c5fe-5ae1-4114-abfe-4bea6798cb79/touch/perform &amp#27;[39m&amp#27;[32m200&amp#27;[39m &amp#27;[90m600 ms - 14&amp#27;[39m
&amp#27;[35m[HTTP]&amp#27;[39m &amp#27;[90m&amp#27;[39m
&amp#27;[35m[HTTP]&amp#27;[39m &amp#27;[37m-->&amp#27;[39m &amp#27;[37mPOST&amp#27;[39m &amp#27;[37m/wd/hub/session/fa22c5fe-5ae1-4114-abfe-4bea6798cb79/element&amp#27;[39m
&amp#27;[35m[HTTP]&amp#27;[39m &amp#27;[90m{"using":"xpath","value":"//XCUIElementTypeStaticText[@name='USE EQUIPMENT']"}&amp#27;[39m
[debug] &amp#27;[35m[W3C (fa22c5fe)]&amp#27;[39m Calling AppiumDriver.findElement() with args: ["xpath","//XCUIElementTypeStaticText[@name='USE EQUIPMENT']","fa22c5fe-5ae1-4114-abfe-4bea6798cb79"]
[debug] &amp#27;[35m[XCUITest]&amp#27;[39m Executing command 'findElement'
[debug] &amp#27;[35m[BaseDriver]&amp#27;[39m Valid locator strategies for this request: xpath, id, name, class name, -ios predicate string, -ios class chain, accessibility id, css selector
[debug] &amp#27;[35m[BaseDriver]&amp#27;[39m Waiting up to 25000 ms for condition
[debug] &amp#27;[35m[XCUITest]&amp#27;[39m Setting custom timeout to 750000 ms for 'findElement' command
[debug] &amp#27;[35m[WD Proxy]&amp#27;[39m Matched '/element' to command name 'findElement'
[debug] &amp#27;[35m[WD Proxy]&amp#27;[39m Proxying [POST /element] to [POST http://127.0.0.1:8100/session/60DEF1F0-4A14-4727-943C-DB82535553CA/element] with body: {"using":"xpath","value":"//XCUIElementTypeStaticText[@name='USE EQUIPMENT']"}
[debug] &amp#27;[35m[WD Proxy]&amp#27;[39m Got response with status 200: {"value":{"ELEMENT":"0D020000-0000-0000-5301-000000000000","element-6066-11e4-a52e-4f735466cecf":"0D020000-0000-0000-5301-000000000000"},"sessionId":"60DEF1F0-4A14-4727-943C-DB82535553CA"}
[debug] &amp#27;[35m[W3C (fa22c5fe)]&amp#27;[39m Responding to client with driver.findElement() result: {"element-6066-11e4-a52e-4f735466cecf":"0D020000-0000-0000-5301-000000000000","ELEMENT":"0D020000-0000-0000-5301-000000000000"}
&amp#27;[35m[HTTP]&amp#27;[39m &amp#27;[37m<-- POST /wd/hub/session/fa22c5fe-5ae1-4114-abfe-4bea6798cb79/element &amp#27;[39m&amp#27;[32m200&amp#27;[39m &amp#27;[90m571 ms - 137&amp#27;[39m
&amp#27;[35m[HTTP]&amp#27;[39m &amp#27;[90m&amp#27;[39m
&amp#27;[35m[HTTP]&amp#27;[39m &amp#27;[37m-->&amp#27;[39m &amp#27;[37mPOST&amp#27;[39m &amp#27;[37m/wd/hub/session/fa22c5fe-5ae1-4114-abfe-4bea6798cb79/element/0D020000-0000-0000-5301-000000000000/click&amp#27;[39m
&amp#27;[35m[HTTP]&amp#27;[39m &amp#27;[90m{"id":"0D020000-0000-0000-5301-000000000000"}&amp#27;[39m
&amp#27;[35m[W3C (fa22c5fe)]&amp#27;[39m Driver proxy active, passing request on via HTTP proxy
[debug] &amp#27;[35m[XCUITest]&amp#27;[39m Executing command 'proxyReqRes'
[debug] &amp#27;[35m[WD Proxy]&amp#27;[39m Matched '/wd/hub/session/fa22c5fe-5ae1-4114-abfe-4bea6798cb79/element/0D020000-0000-0000-5301-000000000000/click' to command name 'click'
[debug] &amp#27;[35m[WD Proxy]&amp#27;[39m Proxying [POST /wd/hub/session/fa22c5fe-5ae1-4114-abfe-4bea6798cb79/element/0D020000-0000-0000-5301-000000000000/click] to [POST http://127.0.0.1:8100/session/60DEF1F0-4A14-4727-943C-DB82535553CA/element/0D020000-0000-0000-5301-000000000000/click] with body: {"id":"0D020000-0000-0000-5301-000000000000"}
[debug] &amp#27;[35m[WD Proxy]&amp#27;[39m Got response with status 200: {"value":null,"sessionId":"60DEF1F0-4A14-4727-943C-DB82535553CA"}
&amp#27;[35m[WD Proxy]&amp#27;[39m Replacing sessionId 60DEF1F0-4A14-4727-943C-DB82535553CA with fa22c5fe-5ae1-4114-abfe-4bea6798cb79
&amp#27;[35m[HTTP]&amp#27;[39m &amp#27;[37m<-- POST /wd/hub/session/fa22c5fe-5ae1-4114-abfe-4bea6798cb79/element/0D020000-0000-0000-5301-000000000000/click &amp#27;[39m&amp#27;[32m200&amp#27;[39m &amp#27;[90m303 ms - 65&amp#27;[39m
&amp#27;[35m[HTTP]&amp#27;[39m &amp#27;[90m&amp#27;[39m
&amp#27;[35m[HTTP]&amp#27;[39m &amp#27;[37m-->&amp#27;[39m &amp#27;[37mPOST&amp#27;[39m &amp#27;[37m/wd/hub/session/fa22c5fe-5ae1-4114-abfe-4bea6798cb79/elements&amp#27;[39m
&amp#27;[35m[HTTP]&amp#27;[39m &amp#27;[90m{"using":"xpath","value":"//XCUIElementTypeStaticText[@label='Vorderseite des Fahrzeugs']"}&amp#27;[39m
[debug] &amp#27;[35m[W3C (fa22c5fe)]&amp#27;[39m Calling AppiumDriver.findElements() with args: ["xpath","//XCUIElementTypeStaticText[@label='Vorderseite des Fahrzeugs']","fa22c5fe-5ae1-4114-abfe-4bea6798cb79"]
[debug] &amp#27;[35m[XCUITest]&amp#27;[39m Executing command 'findElements'
[debug] &amp#27;[35m[BaseDriver]&amp#27;[39m Valid locator strategies for this request: xpath, id, name, class name, -ios predicate string, -ios class chain, accessibility id, css selector
[debug] &amp#27;[35m[BaseDriver]&amp#27;[39m Waiting up to 25000 ms for condition
[debug] &amp#27;[35m[XCUITest]&amp#27;[39m Setting custom timeout to 750000 ms for 'findElements' command
[debug] &amp#27;[35m[WD Proxy]&amp#27;[39m Matched '/elements' to command name 'findElements'
[debug] &amp#27;[35m[WD Proxy]&amp#27;[39m Proxying [POST /elements] to [POST http://127.0.0.1:8100/session/60DEF1F0-4A14-4727-943C-DB82535553CA/elements] with body: {"using":"xpath","value":"//XCUIElementTypeStaticText[@label='Vorderseite des Fahrzeugs']"}
[debug] &amp#27;[35m[WD Proxy]&amp#27;[39m Got response with status 200: {"value":[{"ELEMENT":"4F020000-0000-0000-5301-000000000000","element-6066-11e4-a52e-4f735466cecf":"4F020000-0000-0000-5301-000000000000"}],"sessionId":"60DEF1F0-4A14-4727-943C-DB82535553CA"}
[debug] &amp#27;[35m[W3C (fa22c5fe)]&amp#27;[39m Responding to client with driver.findElements() result: [{"element-6066-11e4-a52e-4f735466cecf":"4F020000-0000-0000-5301-000000000000","ELEMENT":"4F020000-0000-0000-5301-000000000000"}]
&amp#27;[35m[HTTP]&amp#27;[39m &amp#27;[37m<-- POST /wd/hub/session/fa22c5fe-5ae1-4114-abfe-4bea6798cb79/elements &amp#27;[39m&amp#27;[32m200&amp#27;[39m &amp#27;[90m733 ms - 139&amp#27;[39m
&amp#27;[35m[HTTP]&amp#27;[39m &amp#27;[90m&amp#27;[39m
&amp#27;[35m[HTTP]&amp#27;[39m &amp#27;[37m-->&amp#27;[39m &amp#27;[37mPOST&amp#27;[39m &amp#27;[37m/wd/hub/session/fa22c5fe-5ae1-4114-abfe-4bea6798cb79/element&amp#27;[39m
&amp#27;[35m[HTTP]&amp#27;[39m &amp#27;[90m{"using":"xpath","value":"//XCUIElementTypeButton[@name='CONTINUE']"}&amp#27;[39m
[debug] &amp#27;[35m[W3C (fa22c5fe)]&amp#27;[39m Calling AppiumDriver.findElement() with args: ["xpath","//XCUIElementTypeButton[@name='CONTINUE']","fa22c5fe-5ae1-4114-abfe-4bea6798cb79"]
[debug] &amp#27;[35m[XCUITest]&amp#27;[39m Executing command 'findElement'
[debug] &amp#27;[35m[BaseDriver]&amp#27;[39m Valid locator strategies for this request: xpath, id, name, class name, -ios predicate string, -ios class chain, accessibility id, css selector
[debug] &amp#27;[35m[BaseDriver]&amp#27;[39m Waiting up to 25000 ms for condition
[debug] &amp#27;[35m[XCUITest]&amp#27;[39m Setting custom timeout to 750000 ms for 'findElement' command
[debug] &amp#27;[35m[WD Proxy]&amp#27;[39m Matched '/element' to command name 'findElement'
[debug] &amp#27;[35m[WD Proxy]&amp#27;[39m Proxying [POST /element] to [POST http://127.0.0.1:8100/session/60DEF1F0-4A14-4727-943C-DB82535553CA/element] with body: {"using":"xpath","value":"//XCUIElementTypeButton[@name='CONTINUE']"}
[debug] &amp#27;[35m[WD Proxy]&amp#27;[39m Got response with status 200: {"value":{"ELEMENT":"4E020000-0000-0000-5301-000000000000","element-6066-11e4-a52e-4f735466cecf":"4E020000-0000-0000-5301-000000000000"},"sessionId":"60DEF1F0-4A14-4727-943C-DB82535553CA"}
[debug] &amp#27;[35m[W3C (fa22c5fe)]&amp#27;[39m Responding to client with driver.findElement() result: {"element-6066-11e4-a52e-4f735466cecf":"4E020000-0000-0000-5301-000000000000","ELEMENT":"4E020000-0000-0000-5301-000000000000"}
&amp#27;[35m[HTTP]&amp#27;[39m &amp#27;[37m<-- POST /wd/hub/session/fa22c5fe-5ae1-4114-abfe-4bea6798cb79/element &amp#27;[39m&amp#27;[32m200&amp#27;[39m &amp#27;[90m725 ms - 137&amp#27;[39m
&amp#27;[35m[HTTP]&amp#27;[39m &amp#27;[90m&amp#27;[39m
&amp#27;[35m[HTTP]&amp#27;[39m &amp#27;[37m-->&amp#27;[39m &amp#27;[37mPOST&amp#27;[39m &amp#27;[37m/wd/hub/session/fa22c5fe-5ae1-4114-abfe-4bea6798cb79/element/4E020000-0000-0000-5301-000000000000/click&amp#27;[39m
&amp#27;[35m[HTTP]&amp#27;[39m &amp#27;[90m{"id":"4E020000-0000-0000-5301-000000000000"}&amp#27;[39m
&amp#27;[35m[W3C (fa22c5fe)]&amp#27;[39m Driver proxy active, passing request on via HTTP proxy
[debug] &amp#27;[35m[XCUITest]&amp#27;[39m Executing command 'proxyReqRes'
[debug] &amp#27;[35m[WD Proxy]&amp#27;[39m Matched '/wd/hub/session/fa22c5fe-5ae1-4114-abfe-4bea6798cb79/element/4E020000-0000-0000-5301-000000000000/click' to command name 'click'
[debug] &amp#27;[35m[WD Proxy]&amp#27;[39m Proxying [POST /wd/hub/session/fa22c5fe-5ae1-4114-abfe-4bea6798cb79/element/4E020000-0000-0000-5301-000000000000/click] to [POST http://127.0.0.1:8100/session/60DEF1F0-4A14-4727-943C-DB82535553CA/element/4E020000-0000-0000-5301-000000000000/click] with body: {"id":"4E020000-0000-0000-5301-000000000000"}
[debug] &amp#27;[35m[WD Proxy]&amp#27;[39m Got response with status 200: {"value":null,"sessionId":"60DEF1F0-4A14-4727-943C-DB82535553CA"}
&amp#27;[35m[WD Proxy]&amp#27;[39m Replacing sessionId 60DEF1F0-4A14-4727-943C-DB82535553CA with fa22c5fe-5ae1-4114-abfe-4bea6798cb79
&amp#27;[35m[HTTP]&amp#27;[39m &amp#27;[37m<-- POST /wd/hub/session/fa22c5fe-5ae1-4114-abfe-4bea6798cb79/element/4E020000-0000-0000-5301-000000000000/click &amp#27;[39m&amp#27;[32m200&amp#27;[39m &amp#27;[90m310 ms - 65&amp#27;[39m
&amp#27;[35m[HTTP]&amp#27;[39m &amp#27;[90m&amp#27;[39m
&amp#27;[35m[HTTP]&amp#27;[39m &amp#27;[37m-->&amp#27;[39m &amp#27;[37mPOST&amp#27;[39m &amp#27;[37m/wd/hub/session/fa22c5fe-5ae1-4114-abfe-4bea6798cb79/element&amp#27;[39m
&amp#27;[35m[HTTP]&amp#27;[39m &amp#27;[90m{"using":"xpath","value":"//XCUIElementTypeApplication[@name=\"Rental+ (ZG)\"]/XCUIElementTypeWindow[1]/XCUIElementTypeOther/XCUIElementTypeOther/XCUIElementTypeOther/XCUIElementTypeOther/XCUIElementTypeOther/XCUIElementTypeOther/XCUIElementTypeOther[2]/XCUIElementTypeOther/XCUIElementTypeScrollView/XCUIElementTypeOther/XCUIElementTypeOther/XCUIElementTypeScrollView/XCUIElementTypeOther[1]/XCUIElementTypeOther[1]/XCUIElementTypeButton"}&amp#27;[39m
[debug] &amp#27;[35m[W3C (fa22c5fe)]&amp#27;[39m Calling AppiumDriver.findElement() with args: ["xpath","//XCUIElementTypeApplication[@name=\"Rental+ (ZG)\"]/XCUIElementTypeWindow[1]/XCUIElementTypeOther/XCUIElementTypeOther/XCUIElementTypeOther/XCUIElementTypeOther/XCUIElementTypeOther/XCUIElementTypeOther/XCUIElementTypeOther[2]/XCUIElementTypeOther/XCUIElementTypeScrollView/XCUIElementTypeOther/XCUIElementTypeOther/XCUIElementTypeScrollView/XCUIElementTypeOther[1]/XCUIElementTypeOther[1]/XCUIElementTypeButton","fa22c5fe-5ae1-4114-abfe-4bea6798cb79"]
[debug] &amp#27;[35m[XCUITest]&amp#27;[39m Executing command 'findElement'
[debug] &amp#27;[35m[BaseDriver]&amp#27;[39m Valid locator strategies for this request: xpath, id, name, class name, -ios predicate string, -ios class chain, accessibility id, css selector
[debug] &amp#27;[35m[BaseDriver]&amp#27;[39m Waiting up to 25000 ms for condition
[debug] &amp#27;[35m[XCUITest]&amp#27;[39m Setting custom timeout to 750000 ms for 'findElement' command
[debug] &amp#27;[35m[WD Proxy]&amp#27;[39m Matched '/element' to command name 'findElement'
[debug] &amp#27;[35m[WD Proxy]&amp#27;[39m Proxying [POST /element] to [POST http://127.0.0.1:8100/session/60DEF1F0-4A14-4727-943C-DB82535553CA/element] with body: {"using":"xpath","value":"//XCUIElementTypeApplication[@name=\"Rental+ (ZG)\"]/XCUIElementTypeWindow[1]/XCUIElementTypeOther/XCUIElementTypeOther/XCUIElementTypeOther/XCUIElementTypeOther/XCUIElementTypeOther/XCUIElementTypeOther/XCUIElementTypeOther[2]/XCUIElementTypeOther/XCUIElementTypeScrollView/XCUIElementTypeOther/XCUIElementTypeOther/XCUIElementTypeScrollView/XCUIElementTypeOther[1]/XCUIElementTypeOther[1]/XCUIElementTypeButton"}
[debug] &amp#27;[35m[WD Proxy]&amp#27;[39m Got response with status 200: {"value":{"ELEMENT":"84020000-0000-0000-5301-000000000000","element-6066-11e4-a52e-4f735466cecf":"84020000-0000-0000-5301-000000000000"},"sessionId":"60DEF1F0-4A14-4727-943C-DB82535553CA"}
[debug] &amp#27;[35m[W3C (fa22c5fe)]&amp#27;[39m Responding to client with driver.findElement() result: {"element-6066-11e4-a52e-4f735466cecf":"84020000-0000-0000-5301-000000000000","ELEMENT":"84020000-0000-0000-5301-000000000000"}
&amp#27;[35m[HTTP]&amp#27;[39m &amp#27;[37m<-- POST /wd/hub/session/fa22c5fe-5ae1-4114-abfe-4bea6798cb79/element &amp#27;[39m&amp#27;[32m200&amp#27;[39m &amp#27;[90m423 ms - 137&amp#27;[39m
&amp#27;[35m[HTTP]&amp#27;[39m &amp#27;[90m&amp#27;[39m
&amp#27;[35m[HTTP]&amp#27;[39m &amp#27;[37m-->&amp#27;[39m &amp#27;[37mPOST&amp#27;[39m &amp#27;[37m/wd/hub/session/fa22c5fe-5ae1-4114-abfe-4bea6798cb79/element/84020000-0000-0000-5301-000000000000/click&amp#27;[39m
&amp#27;[35m[HTTP]&amp#27;[39m &amp#27;[90m{"id":"84020000-0000-0000-5301-000000000000"}&amp#27;[39m
&amp#27;[35m[W3C (fa22c5fe)]&amp#27;[39m Driver proxy active, passing request on via HTTP proxy
[debug] &amp#27;[35m[XCUITest]&amp#27;[39m Executing command 'proxyReqRes'
[debug] &amp#27;[35m[WD Proxy]&amp#27;[39m Matched '/wd/hub/session/fa22c5fe-5ae1-4114-abfe-4bea6798cb79/element/84020000-0000-0000-5301-000000000000/click' to command name 'click'
[debug] &amp#27;[35m[WD Proxy]&amp#27;[39m Proxying [POST /wd/hub/session/fa22c5fe-5ae1-4114-abfe-4bea6798cb79/element/84020000-0000-0000-5301-000000000000/click] to [POST http://127.0.0.1:8100/session/60DEF1F0-4A14-4727-943C-DB82535553CA/element/84020000-0000-0000-5301-000000000000/click] with body: {"id":"84020000-0000-0000-5301-000000000000"}
[debug] &amp#27;[35m[WD Proxy]&amp#27;[39m Got response with status 200: {"value":null,"sessionId":"60DEF1F0-4A14-4727-943C-DB82535553CA"}
&amp#27;[35m[WD Proxy]&amp#27;[39m Replacing sessionId 60DEF1F0-4A14-4727-943C-DB82535553CA with fa22c5fe-5ae1-4114-abfe-4bea6798cb79
&amp#27;[35m[HTTP]&amp#27;[39m &amp#27;[37m<-- POST /wd/hub/session/fa22c5fe-5ae1-4114-abfe-4bea6798cb79/element/84020000-0000-0000-5301-000000000000/click &amp#27;[39m&amp#27;[32m200&amp#27;[39m &amp#27;[90m260 ms - 65&amp#27;[39m
&amp#27;[35m[HTTP]&amp#27;[39m &amp#27;[90m&amp#27;[39m
&amp#27;[35m[HTTP]&amp#27;[39m &amp#27;[37m-->&amp#27;[39m &amp#27;[37mPOST&amp#27;[39m &amp#27;[37m/wd/hub/session/fa22c5fe-5ae1-4114-abfe-4bea6798cb79/element&amp#27;[39m
&amp#27;[35m[HTTP]&amp#27;[39m &amp#27;[90m{"using":"xpath","value":"//XCUIElementTypeButton[@name='OK']"}&amp#27;[39m
[debug] &amp#27;[35m[W3C (fa22c5fe)]&amp#27;[39m Calling AppiumDriver.findElement() with args: ["xpath","//XCUIElementTypeButton[@name='OK']","fa22c5fe-5ae1-4114-abfe-4bea6798cb79"]
[debug] &amp#27;[35m[XCUITest]&amp#27;[39m Executing command 'findElement'
[debug] &amp#27;[35m[BaseDriver]&amp#27;[39m Valid locator strategies for this request: xpath, id, name, class name, -ios predicate string, -ios class chain, accessibility id, css selector
[debug] &amp#27;[35m[BaseDriver]&amp#27;[39m Waiting up to 25000 ms for condition
[debug] &amp#27;[35m[XCUITest]&amp#27;[39m Setting custom timeout to 750000 ms for 'findElement' command
[debug] &amp#27;[35m[WD Proxy]&amp#27;[39m Matched '/element' to command name 'findElement'
[debug] &amp#27;[35m[WD Proxy]&amp#27;[39m Proxying [POST /element] to [POST http://127.0.0.1:8100/session/60DEF1F0-4A14-4727-943C-DB82535553CA/element] with body: {"using":"xpath","value":"//XCUIElementTypeButton[@name='OK']"}
&amp#27;[35m[WD Proxy]&amp#27;[39m Got response with status 404: {"value":{"error":"no such element","message":"unable to find an element using 'xpath', value '//XCUIElementTypeButton[@name='OK']'","traceback":"(\n\t0   WebDriverAgentLib                   0x0000000107fadc70 FBNoSuchElementErrorResponseForRequest + 288\n\t1   WebDriverAgentLib                   0x0000000107fada74 +[FBFindElementCommands handleFindElement:] + 336\n\t2   WebDriverAgentLib                   0x0000000107f77c70 -[FBRoute_TargetAction mountRequest:intoResponse:] + 180\n\t3   WebDriverAgentLib                   0x0000000107f64a8c __37-[FBWebServer registerRouteHandlers:]_block_invoke + 420\n\t4   WebDriverAgentLib                   0x0000000107f971e0 -[RoutingHTTPServer handleRoute:withRequest:response:] + 164\n\t5   WebDriverAgentLib                   0x0000000107f97c64 __72-[RoutingHTTPServer routeMethod:withPath:parameters:request:connection:]_block_invoke + 64\n\t6   libdispatch.dylib                   0x00000001a0c3cac8 8E662F82-B1E4-3E7E-A376-18E9755A8F51 + 15048\n\t7   libdispatch.dylib ...
[debug] &amp#27;[35m[W3C]&amp#27;[39m Matched W3C error code 'no such element' to NoSuchElementError
[debug] &amp#27;[35m[BaseDriver]&amp#27;[39m Waited for 416 ms so far
[debug] &amp#27;[35m[XCUITest]&amp#27;[39m Setting custom timeout to 750000 ms for 'findElement' command
[debug] &amp#27;[35m[WD Proxy]&amp#27;[39m Matched '/element' to command name 'findElement'
[debug] &amp#27;[35m[WD Proxy]&amp#27;[39m Proxying [POST /element] to [POST http://127.0.0.1:8100/session/60DEF1F0-4A14-4727-943C-DB82535553CA/element] with body: {"using":"xpath","value":"//XCUIElementTypeButton[@name='OK']"}
[debug] &amp#27;[35m[WD Proxy]&amp#27;[39m Got response with status 200: {"value":{"ELEMENT":"CA010000-0000-0000-3C00-000000000000","element-6066-11e4-a52e-4f735466cecf":"CA010000-0000-0000-3C00-000000000000"},"sessionId":"60DEF1F0-4A14-4727-943C-DB82535553CA"}
[debug] &amp#27;[35m[W3C (fa22c5fe)]&amp#27;[39m Responding to client with driver.findElement() result: {"element-6066-11e4-a52e-4f735466cecf":"CA010000-0000-0000-3C00-000000000000","ELEMENT":"CA010000-0000-0000-3C00-000000000000"}
&amp#27;[35m[HTTP]&amp#27;[39m &amp#27;[37m<-- POST /wd/hub/session/fa22c5fe-5ae1-4114-abfe-4bea6798cb79/element &amp#27;[39m&amp#27;[32m200&amp#27;[39m &amp#27;[90m1986 ms - 137&amp#27;[39m
&amp#27;[35m[HTTP]&amp#27;[39m &amp#27;[90m&amp#27;[39m
&amp#27;[35m[HTTP]&amp#27;[39m &amp#27;[37m-->&amp#27;[39m &amp#27;[37mGET&amp#27;[39m &amp#27;[37m/wd/hub/session/fa22c5fe-5ae1-4114-abfe-4bea6798cb79/element/CA010000-0000-0000-3C00-000000000000/text&amp#27;[39m
&amp#27;[35m[HTTP]&amp#27;[39m &amp#27;[90m{}&amp#27;[39m
&amp#27;[35m[W3C (fa22c5fe)]&amp#27;[39m Driver proxy active, passing request on via HTTP proxy
[debug] &amp#27;[35m[XCUITest]&amp#27;[39m Executing command 'proxyReqRes'
[debug] &amp#27;[35m[WD Proxy]&amp#27;[39m Matched '/wd/hub/session/fa22c5fe-5ae1-4114-abfe-4bea6798cb79/element/CA010000-0000-0000-3C00-000000000000/text' to command name 'getText'
[debug] &amp#27;[35m[WD Proxy]&amp#27;[39m Proxying [GET /wd/hub/session/fa22c5fe-5ae1-4114-abfe-4bea6798cb79/element/CA010000-0000-0000-3C00-000000000000/text] to [GET http://127.0.0.1:8100/session/60DEF1F0-4A14-4727-943C-DB82535553CA/element/CA010000-0000-0000-3C00-000000000000/text] with no body
[debug] &amp#27;[35m[WD Proxy]&amp#27;[39m Got response with status 200: {"value":"OK","sessionId":"60DEF1F0-4A14-4727-943C-DB82535553CA"}
&amp#27;[35m[WD Proxy]&amp#27;[39m Replacing sessionId 60DEF1F0-4A14-4727-943C-DB82535553CA with fa22c5fe-5ae1-4114-abfe-4bea6798cb79
&amp#27;[35m[HTTP]&amp#27;[39m &amp#27;[37m<-- GET /wd/hub/session/fa22c5fe-5ae1-4114-abfe-4bea6798cb79/element/CA010000-0000-0000-3C00-000000000000/text &amp#27;[39m&amp#27;[32m200&amp#27;[39m &amp#27;[90m71 ms - 65&amp#27;[39m
&amp#27;[35m[HTTP]&amp#27;[39m &amp#27;[90m&amp#27;[39m
&amp#27;[35m[HTTP]&amp#27;[39m &amp#27;[37m-->&amp#27;[39m &amp#27;[37mPOST&amp#27;[39m &amp#27;[37m/wd/hub/session/fa22c5fe-5ae1-4114-abfe-4bea6798cb79/element&amp#27;[39m
&amp#27;[35m[HTTP]&amp#27;[39m &amp#27;[90m{"using":"accessibility id","value":"OK"}&amp#27;[39m
[debug] &amp#27;[35m[W3C (fa22c5fe)]&amp#27;[39m Calling AppiumDriver.findElement() with args: ["accessibility id","OK","fa22c5fe-5ae1-4114-abfe-4bea6798cb79"]
[debug] &amp#27;[35m[XCUITest]&amp#27;[39m Executing command 'findElement'
[debug] &amp#27;[35m[BaseDriver]&amp#27;[39m Valid locator strategies for this request: xpath, id, name, class name, -ios predicate string, -ios class chain, accessibility id, css selector
[debug] &amp#27;[35m[BaseDriver]&amp#27;[39m Waiting up to 25000 ms for condition
[debug] &amp#27;[35m[XCUITest]&amp#27;[39m Setting custom timeout to 750000 ms for 'findElement' command
[debug] &amp#27;[35m[WD Proxy]&amp#27;[39m Matched '/element' to command name 'findElement'
[debug] &amp#27;[35m[WD Proxy]&amp#27;[39m Proxying [POST /element] to [POST http://127.0.0.1:8100/session/60DEF1F0-4A14-4727-943C-DB82535553CA/element] with body: {"using":"accessibility id","value":"OK"}
[debug] &amp#27;[35m[WD Proxy]&amp#27;[39m Got response with status 200: {"value":{"ELEMENT":"CA010000-0000-0000-3C00-000000000000","element-6066-11e4-a52e-4f735466cecf":"CA010000-0000-0000-3C00-000000000000"},"sessionId":"60DEF1F0-4A14-4727-943C-DB82535553CA"}
[debug] &amp#27;[35m[W3C (fa22c5fe)]&amp#27;[39m Responding to client with driver.findElement() result: {"element-6066-11e4-a52e-4f735466cecf":"CA010000-0000-0000-3C00-000000000000","ELEMENT":"CA010000-0000-0000-3C00-000000000000"}
&amp#27;[35m[HTTP]&amp#27;[39m &amp#27;[37m<-- POST /wd/hub/session/fa22c5fe-5ae1-4114-abfe-4bea6798cb79/element &amp#27;[39m&amp#27;[32m200&amp#27;[39m &amp#27;[90m185 ms - 137&amp#27;[39m
&amp#27;[35m[HTTP]&amp#27;[39m &amp#27;[90m&amp#27;[39m
&amp#27;[35m[HTTP]&amp#27;[39m &amp#27;[37m-->&amp#27;[39m &amp#27;[37mGET&amp#27;[39m &amp#27;[37m/wd/hub/session/fa22c5fe-5ae1-4114-abfe-4bea6798cb79/element/CA010000-0000-0000-3C00-000000000000/location&amp#27;[39m
&amp#27;[35m[HTTP]&amp#27;[39m &amp#27;[90m{}&amp#27;[39m
[debug] &amp#27;[35m[W3C (fa22c5fe)]&amp#27;[39m Calling AppiumDriver.getLocation() with args: ["CA010000-0000-0000-3C00-000000000000","fa22c5fe-5ae1-4114-abfe-4bea6798cb79"]
[debug] &amp#27;[35m[XCUITest]&amp#27;[39m Executing command 'getLocation'
[debug] &amp#27;[35m[XCUITest]&amp#27;[39m Setting custom timeout to 750000 ms for 'getElementRect' command
[debug] &amp#27;[35m[WD Proxy]&amp#27;[39m Matched '/element/CA010000-0000-0000-3C00-000000000000/rect' to command name 'getElementRect'
[debug] &amp#27;[35m[WD Proxy]&amp#27;[39m Proxying [GET /element/CA010000-0000-0000-3C00-000000000000/rect] to [GET http://127.0.0.1:8100/session/60DEF1F0-4A14-4727-943C-DB82535553CA/element/CA010000-0000-0000-3C00-000000000000/rect] with no body
[debug] &amp#27;[35m[WD Proxy]&amp#27;[39m Got response with status 200: {"value":{"y":403,"x":188,"width":135,"height":44},"sessionId":"60DEF1F0-4A14-4727-943C-DB82535553CA"}
[debug] &amp#27;[35m[W3C (fa22c5fe)]&amp#27;[39m Responding to client with driver.getLocation() result: {"x":188,"y":403}
&amp#27;[35m[HTTP]&amp#27;[39m &amp#27;[37m<-- GET /wd/hub/session/fa22c5fe-5ae1-4114-abfe-4bea6798cb79/element/CA010000-0000-0000-3C00-000000000000/location &amp#27;[39m&amp#27;[32m200&amp#27;[39m &amp#27;[90m105 ms - 27&amp#27;[39m
&amp#27;[35m[HTTP]&amp#27;[39m &amp#27;[90m&amp#27;[39m
&amp#27;[35m[HTTP]&amp#27;[39m &amp#27;[37m-->&amp#27;[39m &amp#27;[37mGET&amp#27;[39m &amp#27;[37m/wd/hub/session/fa22c5fe-5ae1-4114-abfe-4bea6798cb79/element/CA010000-0000-0000-3C00-000000000000/location&amp#27;[39m
&amp#27;[35m[HTTP]&amp#27;[39m &amp#27;[90m{}&amp#27;[39m
[debug] &amp#27;[35m[W3C (fa22c5fe)]&amp#27;[39m Calling AppiumDriver.getLocation() with args: ["CA010000-0000-0000-3C00-000000000000","fa22c5fe-5ae1-4114-abfe-4bea6798cb79"]
[debug] &amp#27;[35m[XCUITest]&amp#27;[39m Executing command 'getLocation'
[debug] &amp#27;[35m[XCUITest]&amp#27;[39m Setting custom timeout to 750000 ms for 'getElementRect' command
[debug] &amp#27;[35m[WD Proxy]&amp#27;[39m Matched '/element/CA010000-0000-0000-3C00-000000000000/rect' to command name 'getElementRect'
[debug] &amp#27;[35m[WD Proxy]&amp#27;[39m Proxying [GET /element/CA010000-0000-0000-3C00-000000000000/rect] to [GET http://127.0.0.1:8100/session/60DEF1F0-4A14-4727-943C-DB82535553CA/element/CA010000-0000-0000-3C00-000000000000/rect] with no body
[debug] &amp#27;[35m[WD Proxy]&amp#27;[39m Got response with status 200: {"value":{"y":403,"x":188,"width":135,"height":44},"sessionId":"60DEF1F0-4A14-4727-943C-DB82535553CA"}
[debug] &amp#27;[35m[W3C (fa22c5fe)]&amp#27;[39m Responding to client with driver.getLocation() result: {"x":188,"y":403}
&amp#27;[35m[HTTP]&amp#27;[39m &amp#27;[37m<-- GET /wd/hub/session/fa22c5fe-5ae1-4114-abfe-4bea6798cb79/element/CA010000-0000-0000-3C00-000000000000/location &amp#27;[39m&amp#27;[32m200&amp#27;[39m &amp#27;[90m98 ms - 27&amp#27;[39m
&amp#27;[35m[HTTP]&amp#27;[39m &amp#27;[90m&amp#27;[39m
&amp#27;[35m[HTTP]&amp#27;[39m &amp#27;[37m-->&amp#27;[39m &amp#27;[37mPOST&amp#27;[39m &amp#27;[37m/wd/hub/session/fa22c5fe-5ae1-4114-abfe-4bea6798cb79/touch/perform&amp#27;[39m
&amp#27;[35m[HTTP]&amp#27;[39m &amp#27;[90m{"actions":[{"action":"tap","options":{"x":258,"y":433}}]}&amp#27;[39m
[debug] &amp#27;[35m[W3C (fa22c5fe)]&amp#27;[39m Calling AppiumDriver.performTouch() with args: [[{"action":"tap","options":{"x":258,"y":433}}],"fa22c5fe-5ae1-4114-abfe-4bea6798cb79"]
[debug] &amp#27;[35m[XCUITest]&amp#27;[39m Executing command 'performTouch'
[debug] &amp#27;[35m[XCUITest]&amp#27;[39m Received the following touch action: tap(options={"x":258,"y":433})
[debug] &amp#27;[35m[XCUITest]&amp#27;[39m Setting custom timeout to 750000 ms for 'performTouch' command
[debug] &amp#27;[35m[WD Proxy]&amp#27;[39m Proxying [POST /wda/touch/perform] to [POST http://127.0.0.1:8100/session/60DEF1F0-4A14-4727-943C-DB82535553CA/wda/touch/perform] with body: {"actions":[{"action":"tap","options":{"x":258,"y":433}}]}
[debug] &amp#27;[35m[WD Proxy]&amp#27;[39m Got response with status 200: {"value":null,"sessionId":"60DEF1F0-4A14-4727-943C-DB82535553CA"}
[debug] &amp#27;[35m[W3C (fa22c5fe)]&amp#27;[39m Responding to client with driver.performTouch() result: null
&amp#27;[35m[HTTP]&amp#27;[39m &amp#27;[37m<-- POST /wd/hub/session/fa22c5fe-5ae1-4114-abfe-4bea6798cb79/touch/perform &amp#27;[39m&amp#27;[32m200&amp#27;[39m &amp#27;[90m929 ms - 14&amp#27;[39m
&amp#27;[35m[HTTP]&amp#27;[39m &amp#27;[90m&amp#27;[39m
&amp#27;[35m[HTTP]&amp#27;[39m &amp#27;[37m-->&amp#27;[39m &amp#27;[37mPOST&amp#27;[39m &amp#27;[37m/wd/hub/session/fa22c5fe-5ae1-4114-abfe-4bea6798cb79/element&amp#27;[39m
&amp#27;[35m[HTTP]&amp#27;[39m &amp#27;[90m{"using":"xpath","value":"//XCUIElementTypeButton[@label='Take Picture']"}&amp#27;[39m
[debug] &amp#27;[35m[W3C (fa22c5fe)]&amp#27;[39m Calling AppiumDriver.findElement() with args: ["xpath","//XCUIElementTypeButton[@label='Take Picture']","fa22c5fe-5ae1-4114-abfe-4bea6798cb79"]
[debug] &amp#27;[35m[XCUITest]&amp#27;[39m Executing command 'findElement'
[debug] &amp#27;[35m[BaseDriver]&amp#27;[39m Valid locator strategies for this request: xpath, id, name, class name, -ios predicate string, -ios class chain, accessibility id, css selector
[debug] &amp#27;[35m[BaseDriver]&amp#27;[39m Waiting up to 25000 ms for condition
[debug] &amp#27;[35m[XCUITest]&amp#27;[39m Setting custom timeout to 750000 ms for 'findElement' command
[debug] &amp#27;[35m[WD Proxy]&amp#27;[39m Matched '/element' to command name 'findElement'
[debug] &amp#27;[35m[WD Proxy]&amp#27;[39m Proxying [POST /element] to [POST http://127.0.0.1:8100/session/60DEF1F0-4A14-4727-943C-DB82535553CA/element] with body: {"using":"xpath","value":"//XCUIElementTypeButton[@label='Take Picture']"}
[debug] &amp#27;[35m[WD Proxy]&amp#27;[39m Got response with status 200: {"value":{"ELEMENT":"9B020000-0000-0000-5301-000000000000","element-6066-11e4-a52e-4f735466cecf":"9B020000-0000-0000-5301-000000000000"},"sessionId":"60DEF1F0-4A14-4727-943C-DB82535553CA"}
[debug] &amp#27;[35m[W3C (fa22c5fe)]&amp#27;[39m Responding to client with driver.findElement() result: {"element-6066-11e4-a52e-4f735466cecf":"9B020000-0000-0000-5301-000000000000","ELEMENT":"9B020000-0000-0000-5301-000000000000"}
&amp#27;[35m[HTTP]&amp#27;[39m &amp#27;[37m<-- POST /wd/hub/session/fa22c5fe-5ae1-4114-abfe-4bea6798cb79/element &amp#27;[39m&amp#27;[32m200&amp#27;[39m &amp#27;[90m277 ms - 137&amp#27;[39m
&amp#27;[35m[HTTP]&amp#27;[39m &amp#27;[90m&amp#27;[39m
&amp#27;[35m[HTTP]&amp#27;[39m &amp#27;[37m-->&amp#27;[39m &amp#27;[37mPOST&amp#27;[39m &amp#27;[37m/wd/hub/session/fa22c5fe-5ae1-4114-abfe-4bea6798cb79/element/9B020000-0000-0000-5301-000000000000/click&amp#27;[39m
&amp#27;[35m[HTTP]&amp#27;[39m &amp#27;[90m{"id":"9B020000-0000-0000-5301-000000000000"}&amp#27;[39m
&amp#27;[35m[W3C (fa22c5fe)]&amp#27;[39m Driver proxy active, passing request on via HTTP proxy
[debug] &amp#27;[35m[XCUITest]&amp#27;[39m Executing command 'proxyReqRes'
[debug] &amp#27;[35m[WD Proxy]&amp#27;[39m Matched '/wd/hub/session/fa22c5fe-5ae1-4114-abfe-4bea6798cb79/element/9B020000-0000-0000-5301-000000000000/click' to command name 'click'
[debug] &amp#27;[35m[WD Proxy]&amp#27;[39m Proxying [POST /wd/hub/session/fa22c5fe-5ae1-4114-abfe-4bea6798cb79/element/9B020000-0000-0000-5301-000000000000/click] to [POST http://127.0.0.1:8100/session/60DEF1F0-4A14-4727-943C-DB82535553CA/element/9B020000-0000-0000-5301-000000000000/click] with body: {"id":"9B020000-0000-0000-5301-000000000000"}
[debug] &amp#27;[35m[WD Proxy]&amp#27;[39m Got response with status 200: {"value":null,"sessionId":"60DEF1F0-4A14-4727-943C-DB82535553CA"}
&amp#27;[35m[WD Proxy]&amp#27;[39m Replacing sessionId 60DEF1F0-4A14-4727-943C-DB82535553CA with fa22c5fe-5ae1-4114-abfe-4bea6798cb79
&amp#27;[35m[HTTP]&amp#27;[39m &amp#27;[37m<-- POST /wd/hub/session/fa22c5fe-5ae1-4114-abfe-4bea6798cb79/element/9B020000-0000-0000-5301-000000000000/click &amp#27;[39m&amp#27;[32m200&amp#27;[39m &amp#27;[90m247 ms - 65&amp#27;[39m
&amp#27;[35m[HTTP]&amp#27;[39m &amp#27;[90m&amp#27;[39m
&amp#27;[35m[HTTP]&amp#27;[39m &amp#27;[37m-->&amp#27;[39m &amp#27;[37mPOST&amp#27;[39m &amp#27;[37m/wd/hub/session/fa22c5fe-5ae1-4114-abfe-4bea6798cb79/element&amp#27;[39m
&amp#27;[35m[HTTP]&amp#27;[39m &amp#27;[90m{"using":"xpath","value":"//XCUIElementTypeButton[@label='Use Photo']"}&amp#27;[39m
[debug] &amp#27;[35m[W3C (fa22c5fe)]&amp#27;[39m Calling AppiumDriver.findElement() with args: ["xpath","//XCUIElementTypeButton[@label='Use Photo']","fa22c5fe-5ae1-4114-abfe-4bea6798cb79"]
[debug] &amp#27;[35m[XCUITest]&amp#27;[39m Executing command 'findElement'
[debug] &amp#27;[35m[BaseDriver]&amp#27;[39m Valid locator strategies for this request: xpath, id, name, class name, -ios predicate string, -ios class chain, accessibility id, css selector
[debug] &amp#27;[35m[BaseDriver]&amp#27;[39m Waiting up to 25000 ms for condition
[debug] &amp#27;[35m[XCUITest]&amp#27;[39m Setting custom timeout to 750000 ms for 'findElement' command
[debug] &amp#27;[35m[WD Proxy]&amp#27;[39m Matched '/element' to command name 'findElement'
[debug] &amp#27;[35m[WD Proxy]&amp#27;[39m Proxying [POST /element] to [POST http://127.0.0.1:8100/session/60DEF1F0-4A14-4727-943C-DB82535553CA/element] with body: {"using":"xpath","value":"//XCUIElementTypeButton[@label='Use Photo']"}
[debug] &amp#27;[35m[WD Proxy]&amp#27;[39m Got response with status 200: {"value":{"ELEMENT":"AD020000-0000-0000-5301-000000000000","element-6066-11e4-a52e-4f735466cecf":"AD020000-0000-0000-5301-000000000000"},"sessionId":"60DEF1F0-4A14-4727-943C-DB82535553CA"}
[debug] &amp#27;[35m[W3C (fa22c5fe)]&amp#27;[39m Responding to client with driver.findElement() result: {"element-6066-11e4-a52e-4f735466cecf":"AD020000-0000-0000-5301-000000000000","ELEMENT":"AD020000-0000-0000-5301-000000000000"}
&amp#27;[35m[HTTP]&amp#27;[39m &amp#27;[37m<-- POST /wd/hub/session/fa22c5fe-5ae1-4114-abfe-4bea6798cb79/element &amp#27;[39m&amp#27;[32m200&amp#27;[39m &amp#27;[90m248 ms - 137&amp#27;[39m
&amp#27;[35m[HTTP]&amp#27;[39m &amp#27;[90m&amp#27;[39m
&amp#27;[35m[HTTP]&amp#27;[39m &amp#27;[37m-->&amp#27;[39m &amp#27;[37mPOST&amp#27;[39m &amp#27;[37m/wd/hub/session/fa22c5fe-5ae1-4114-abfe-4bea6798cb79/element/AD020000-0000-0000-5301-000000000000/click&amp#27;[39m
&amp#27;[35m[HTTP]&amp#27;[39m &amp#27;[90m{"id":"AD020000-0000-0000-5301-000000000000"}&amp#27;[39m
&amp#27;[35m[W3C (fa22c5fe)]&amp#27;[39m Driver proxy active, passing request on via HTTP proxy
[debug] &amp#27;[35m[XCUITest]&amp#27;[39m Executing command 'proxyReqRes'
[debug] &amp#27;[35m[WD Proxy]&amp#27;[39m Matched '/wd/hub/session/fa22c5fe-5ae1-4114-abfe-4bea6798cb79/element/AD020000-0000-0000-5301-000000000000/click' to command name 'click'
[debug] &amp#27;[35m[WD Proxy]&amp#27;[39m Proxying [POST /wd/hub/session/fa22c5fe-5ae1-4114-abfe-4bea6798cb79/element/AD020000-0000-0000-5301-000000000000/click] to [POST http://127.0.0.1:8100/session/60DEF1F0-4A14-4727-943C-DB82535553CA/element/AD020000-0000-0000-5301-000000000000/click] with body: {"id":"AD020000-0000-0000-5301-000000000000"}
[debug] &amp#27;[35m[WD Proxy]&amp#27;[39m Got response with status 200: {"value":null,"sessionId":"60DEF1F0-4A14-4727-943C-DB82535553CA"}
&amp#27;[35m[WD Proxy]&amp#27;[39m Replacing sessionId 60DEF1F0-4A14-4727-943C-DB82535553CA with fa22c5fe-5ae1-4114-abfe-4bea6798cb79
&amp#27;[35m[HTTP]&amp#27;[39m &amp#27;[37m<-- POST /wd/hub/session/fa22c5fe-5ae1-4114-abfe-4bea6798cb79/element/AD020000-0000-0000-5301-000000000000/click &amp#27;[39m&amp#27;[32m200&amp#27;[39m &amp#27;[90m358 ms - 65&amp#27;[39m
&amp#27;[35m[HTTP]&amp#27;[39m &amp#27;[90m&amp#27;[39m
&amp#27;[35m[HTTP]&amp#27;[39m &amp#27;[37m-->&amp#27;[39m &amp#27;[37mPOST&amp#27;[39m &amp#27;[37m/wd/hub/session/fa22c5fe-5ae1-4114-abfe-4bea6798cb79/element&amp#27;[39m
&amp#27;[35m[HTTP]&amp#27;[39m &amp#27;[90m{"using":"xpath","value":"//XCUIElementTypeApplication[@name=\"Rental+ (ZG)\"]/XCUIElementTypeWindow[1]/XCUIElementTypeOther/XCUIElementTypeOther/XCUIElementTypeOther/XCUIElementTypeOther/XCUIElementTypeOther/XCUIElementTypeOther/XCUIElementTypeOther[2]/XCUIElementTypeOther/XCUIElementTypeScrollView/XCUIElementTypeOther/XCUIElementTypeOther/XCUIElementTypeScrollView/XCUIElementTypeOther[1]/XCUIElementTypeOther[3]/XCUIElementTypeButton[2]\n"}&amp#27;[39m
[debug] &amp#27;[35m[W3C (fa22c5fe)]&amp#27;[39m Calling AppiumDriver.findElement() with args: ["xpath","//XCUIElementTypeApplication[@name=\"Rental+ (ZG)\"]/XCUIElementTypeWindow[1]/XCUIElementTypeOther/XCUIElementTypeOther/XCUIElementTypeOther/XCUIElementTypeOther/XCUIElementTypeOther/XCUIElementTypeOther/XCUIElementTypeOther[2]/XCUIElementTypeOther/XCUIElementTypeScrollView/XCUIElementTypeOther/XCUIElementTypeOther/XCUIElementTypeScrollView/XCUIElementTypeOther[1]/XCUIElementTypeOther[3]/XCUIElementTypeButton[2]\n","fa22c5fe-5ae1-4114-abfe-4bea6798cb79"]
[debug] &amp#27;[35m[XCUITest]&amp#27;[39m Executing command 'findElement'
[debug] &amp#27;[35m[BaseDriver]&amp#27;[39m Valid locator strategies for this request: xpath, id, name, class name, -ios predicate string, -ios class chain, accessibility id, css selector
[debug] &amp#27;[35m[BaseDriver]&amp#27;[39m Waiting up to 25000 ms for condition
[debug] &amp#27;[35m[XCUITest]&amp#27;[39m Setting custom timeout to 750000 ms for 'findElement' command
[debug] &amp#27;[35m[WD Proxy]&amp#27;[39m Matched '/element' to command name 'findElement'
[debug] &amp#27;[35m[WD Proxy]&amp#27;[39m Proxying [POST /element] to [POST http://127.0.0.1:8100/session/60DEF1F0-4A14-4727-943C-DB82535553CA/element] with body: {"using":"xpath","value":"//XCUIElementTypeApplication[@name=\"Rental+ (ZG)\"]/XCUIElementTypeWindow[1]/XCUIElementTypeOther/XCUIElementTypeOther/XCUIElementTypeOther/XCUIElementTypeOther/XCUIElementTypeOther/XCUIElementTypeOther/XCUIElementTypeOther[2]/XCUIElementTypeOther/XCUIElementTypeScrollView/XCUIElementTypeOther/XCUIElementTypeOther/XCUIElementTypeScrollView/XCUIElementTypeOther[1]/XCUIElementTypeOther[3]/XCUIElementTypeButton[2]\n"}
[debug] &amp#27;[35m[WD Proxy]&amp#27;[39m Got response with status 200: {"value":{"ELEMENT":"87020000-0000-0000-5301-000000000000","element-6066-11e4-a52e-4f735466cecf":"87020000-0000-0000-5301-000000000000"},"sessionId":"60DEF1F0-4A14-4727-943C-DB82535553CA"}
[debug] &amp#27;[35m[W3C (fa22c5fe)]&amp#27;[39m Responding to client with driver.findElement() result: {"element-6066-11e4-a52e-4f735466cecf":"87020000-0000-0000-5301-000000000000","ELEMENT":"87020000-0000-0000-5301-000000000000"}
&amp#27;[35m[HTTP]&amp#27;[39m &amp#27;[37m<-- POST /wd/hub/session/fa22c5fe-5ae1-4114-abfe-4bea6798cb79/element &amp#27;[39m&amp#27;[32m200&amp#27;[39m &amp#27;[90m216 ms - 137&amp#27;[39m
&amp#27;[35m[HTTP]&amp#27;[39m &amp#27;[90m&amp#27;[39m
&amp#27;[35m[HTTP]&amp#27;[39m &amp#27;[37m-->&amp#27;[39m &amp#27;[37mPOST&amp#27;[39m &amp#27;[37m/wd/hub/session/fa22c5fe-5ae1-4114-abfe-4bea6798cb79/element/87020000-0000-0000-5301-000000000000/click&amp#27;[39m
&amp#27;[35m[HTTP]&amp#27;[39m &amp#27;[90m{"id":"87020000-0000-0000-5301-000000000000"}&amp#27;[39m
&amp#27;[35m[W3C (fa22c5fe)]&amp#27;[39m Driver proxy active, passing request on via HTTP proxy
[debug] &amp#27;[35m[XCUITest]&amp#27;[39m Executing command 'proxyReqRes'
[debug] &amp#27;[35m[WD Proxy]&amp#27;[39m Matched '/wd/hub/session/fa22c5fe-5ae1-4114-abfe-4bea6798cb79/element/87020000-0000-0000-5301-000000000000/click' to command name 'click'
[debug] &amp#27;[35m[WD Proxy]&amp#27;[39m Proxying [POST /wd/hub/session/fa22c5fe-5ae1-4114-abfe-4bea6798cb79/element/87020000-0000-0000-5301-000000000000/click] to [POST http://127.0.0.1:8100/session/60DEF1F0-4A14-4727-943C-DB82535553CA/element/87020000-0000-0000-5301-000000000000/click] with body: {"id":"87020000-0000-0000-5301-000000000000"}
[debug] &amp#27;[35m[WD Proxy]&amp#27;[39m Got response with status 200: {"value":null,"sessionId":"60DEF1F0-4A14-4727-943C-DB82535553CA"}
&amp#27;[35m[WD Proxy]&amp#27;[39m Replacing sessionId 60DEF1F0-4A14-4727-943C-DB82535553CA with fa22c5fe-5ae1-4114-abfe-4bea6798cb79
&amp#27;[35m[HTTP]&amp#27;[39m &amp#27;[37m<-- POST /wd/hub/session/fa22c5fe-5ae1-4114-abfe-4bea6798cb79/element/87020000-0000-0000-5301-000000000000/click &amp#27;[39m&amp#27;[32m200&amp#27;[39m &amp#27;[90m162 ms - 65&amp#27;[39m
&amp#27;[35m[HTTP]&amp#27;[39m &amp#27;[90m&amp#27;[39m
&amp#27;[35m[HTTP]&amp#27;[39m &amp#27;[37m-->&amp#27;[39m &amp#27;[37mPOST&amp#27;[39m &amp#27;[37m/wd/hub/session/fa22c5fe-5ae1-4114-abfe-4bea6798cb79/element&amp#27;[39m
&amp#27;[35m[HTTP]&amp#27;[39m &amp#27;[90m{"using":"xpath","value":"//XCUIElementTypeApplication[@name=\"Rental+ (ZG)\"]/XCUIElementTypeWindow[1]/XCUIElementTypeOther/XCUIElementTypeOther/XCUIElementTypeOther/XCUIElementTypeOther/XCUIElementTypeOther/XCUIElementTypeOther/XCUIElementTypeOther[2]/XCUIElementTypeOther/XCUIElementTypeScrollView/XCUIElementTypeOther/XCUIElementTypeOther/XCUIElementTypeScrollView/XCUIElementTypeOther[1]/XCUIElementTypeOther[1]/XCUIElementTypeButton"}&amp#27;[39m
[debug] &amp#27;[35m[W3C (fa22c5fe)]&amp#27;[39m Calling AppiumDriver.findElement() with args: ["xpath","//XCUIElementTypeApplication[@name=\"Rental+ (ZG)\"]/XCUIElementTypeWindow[1]/XCUIElementTypeOther/XCUIElementTypeOther/XCUIElementTypeOther/XCUIElementTypeOther/XCUIElementTypeOther/XCUIElementTypeOther/XCUIElementTypeOther[2]/XCUIElementTypeOther/XCUIElementTypeScrollView/XCUIElementTypeOther/XCUIElementTypeOther/XCUIElementTypeScrollView/XCUIElementTypeOther[1]/XCUIElementTypeOther[1]/XCUIElementTypeButton","fa22c5fe-5ae1-4114-abfe-4bea6798cb79"]
[debug] &amp#27;[35m[XCUITest]&amp#27;[39m Executing command 'findElement'
[debug] &amp#27;[35m[BaseDriver]&amp#27;[39m Valid locator strategies for this request: xpath, id, name, class name, -ios predicate string, -ios class chain, accessibility id, css selector
[debug] &amp#27;[35m[BaseDriver]&amp#27;[39m Waiting up to 25000 ms for condition
[debug] &amp#27;[35m[XCUITest]&amp#27;[39m Setting custom timeout to 750000 ms for 'findElement' command
[debug] &amp#27;[35m[WD Proxy]&amp#27;[39m Matched '/element' to command name 'findElement'
[debug] &amp#27;[35m[WD Proxy]&amp#27;[39m Proxying [POST /element] to [POST http://127.0.0.1:8100/session/60DEF1F0-4A14-4727-943C-DB82535553CA/element] with body: {"using":"xpath","value":"//XCUIElementTypeApplication[@name=\"Rental+ (ZG)\"]/XCUIElementTypeWindow[1]/XCUIElementTypeOther/XCUIElementTypeOther/XCUIElementTypeOther/XCUIElementTypeOther/XCUIElementTypeOther/XCUIElementTypeOther/XCUIElementTypeOther[2]/XCUIElementTypeOther/XCUIElementTypeScrollView/XCUIElementTypeOther/XCUIElementTypeOther/XCUIElementTypeScrollView/XCUIElementTypeOther[1]/XCUIElementTypeOther[1]/XCUIElementTypeButton"}
[debug] &amp#27;[35m[WD Proxy]&amp#27;[39m Got response with status 200: {"value":{"ELEMENT":"B9020000-0000-0000-5301-000000000000","element-6066-11e4-a52e-4f735466cecf":"B9020000-0000-0000-5301-000000000000"},"sessionId":"60DEF1F0-4A14-4727-943C-DB82535553CA"}
[debug] &amp#27;[35m[W3C (fa22c5fe)]&amp#27;[39m Responding to client with driver.findElement() result: {"element-6066-11e4-a52e-4f735466cecf":"B9020000-0000-0000-5301-000000000000","ELEMENT":"B9020000-0000-0000-5301-000000000000"}
&amp#27;[35m[HTTP]&amp#27;[39m &amp#27;[37m<-- POST /wd/hub/session/fa22c5fe-5ae1-4114-abfe-4bea6798cb79/element &amp#27;[39m&amp#27;[32m200&amp#27;[39m &amp#27;[90m192 ms - 137&amp#27;[39m
&amp#27;[35m[HTTP]&amp#27;[39m &amp#27;[90m&amp#27;[39m
&amp#27;[35m[HTTP]&amp#27;[39m &amp#27;[37m-->&amp#27;[39m &amp#27;[37mPOST&amp#27;[39m &amp#27;[37m/wd/hub/session/fa22c5fe-5ae1-4114-abfe-4bea6798cb79/element/B9020000-0000-0000-5301-000000000000/click&amp#27;[39m
&amp#27;[35m[HTTP]&amp#27;[39m &amp#27;[90m{"id":"B9020000-0000-0000-5301-000000000000"}&amp#27;[39m
&amp#27;[35m[W3C (fa22c5fe)]&amp#27;[39m Driver proxy active, passing request on via HTTP proxy
[debug] &amp#27;[35m[XCUITest]&amp#27;[39m Executing command 'proxyReqRes'
[debug] &amp#27;[35m[WD Proxy]&amp#27;[39m Matched '/wd/hub/session/fa22c5fe-5ae1-4114-abfe-4bea6798cb79/element/B9020000-0000-0000-5301-000000000000/click' to command name 'click'
[debug] &amp#27;[35m[WD Proxy]&amp#27;[39m Proxying [POST /wd/hub/session/fa22c5fe-5ae1-4114-abfe-4bea6798cb79/element/B9020000-0000-0000-5301-000000000000/click] to [POST http://127.0.0.1:8100/session/60DEF1F0-4A14-4727-943C-DB82535553CA/element/B9020000-0000-0000-5301-000000000000/click] with body: {"id":"B9020000-0000-0000-5301-000000000000"}
[debug] &amp#27;[35m[WD Proxy]&amp#27;[39m Got response with status 200: {"value":null,"sessionId":"60DEF1F0-4A14-4727-943C-DB82535553CA"}
&amp#27;[35m[WD Proxy]&amp#27;[39m Replacing sessionId 60DEF1F0-4A14-4727-943C-DB82535553CA with fa22c5fe-5ae1-4114-abfe-4bea6798cb79
&amp#27;[35m[HTTP]&amp#27;[39m &amp#27;[37m<-- POST /wd/hub/session/fa22c5fe-5ae1-4114-abfe-4bea6798cb79/element/B9020000-0000-0000-5301-000000000000/click &amp#27;[39m&amp#27;[32m200&amp#27;[39m &amp#27;[90m137 ms - 65&amp#27;[39m
&amp#27;[35m[HTTP]&amp#27;[39m &amp#27;[90m&amp#27;[39m
&amp#27;[35m[HTTP]&amp#27;[39m &amp#27;[37m-->&amp#27;[39m &amp#27;[37mPOST&amp#27;[39m &amp#27;[37m/wd/hub/session/fa22c5fe-5ae1-4114-abfe-4bea6798cb79/element&amp#27;[39m
&amp#27;[35m[HTTP]&amp#27;[39m &amp#27;[90m{"using":"xpath","value":"//XCUIElementTypeButton[@label='Take Picture']"}&amp#27;[39m
[debug] &amp#27;[35m[W3C (fa22c5fe)]&amp#27;[39m Calling AppiumDriver.findElement() with args: ["xpath","//XCUIElementTypeButton[@label='Take Picture']","fa22c5fe-5ae1-4114-abfe-4bea6798cb79"]
[debug] &amp#27;[35m[XCUITest]&amp#27;[39m Executing command 'findElement'
[debug] &amp#27;[35m[BaseDriver]&amp#27;[39m Valid locator strategies for this request: xpath, id, name, class name, -ios predicate string, -ios class chain, accessibility id, css selector
[debug] &amp#27;[35m[BaseDriver]&amp#27;[39m Waiting up to 25000 ms for condition
[debug] &amp#27;[35m[XCUITest]&amp#27;[39m Setting custom timeout to 750000 ms for 'findElement' command
[debug] &amp#27;[35m[WD Proxy]&amp#27;[39m Matched '/element' to command name 'findElement'
[debug] &amp#27;[35m[WD Proxy]&amp#27;[39m Proxying [POST /element] to [POST http://127.0.0.1:8100/session/60DEF1F0-4A14-4727-943C-DB82535553CA/element] with body: {"using":"xpath","value":"//XCUIElementTypeButton[@label='Take Picture']"}
[debug] &amp#27;[35m[WD Proxy]&amp#27;[39m Got response with status 200: {"value":{"ELEMENT":"D0020000-0000-0000-5301-000000000000","element-6066-11e4-a52e-4f735466cecf":"D0020000-0000-0000-5301-000000000000"},"sessionId":"60DEF1F0-4A14-4727-943C-DB82535553CA"}
[debug] &amp#27;[35m[W3C (fa22c5fe)]&amp#27;[39m Responding to client with driver.findElement() result: {"element-6066-11e4-a52e-4f735466cecf":"D0020000-0000-0000-5301-000000000000","ELEMENT":"D0020000-0000-0000-5301-000000000000"}
&amp#27;[35m[HTTP]&amp#27;[39m &amp#27;[37m<-- POST /wd/hub/session/fa22c5fe-5ae1-4114-abfe-4bea6798cb79/element &amp#27;[39m&amp#27;[32m200&amp#27;[39m &amp#27;[90m275 ms - 137&amp#27;[39m
&amp#27;[35m[HTTP]&amp#27;[39m &amp#27;[90m&amp#27;[39m
&amp#27;[35m[HTTP]&amp#27;[39m &amp#27;[37m-->&amp#27;[39m &amp#27;[37mPOST&amp#27;[39m &amp#27;[37m/wd/hub/session/fa22c5fe-5ae1-4114-abfe-4bea6798cb79/element/D0020000-0000-0000-5301-000000000000/click&amp#27;[39m
&amp#27;[35m[HTTP]&amp#27;[39m &amp#27;[90m{"id":"D0020000-0000-0000-5301-000000000000"}&amp#27;[39m
&amp#27;[35m[W3C (fa22c5fe)]&amp#27;[39m Driver proxy active, passing request on via HTTP proxy
[debug] &amp#27;[35m[XCUITest]&amp#27;[39m Executing command 'proxyReqRes'
[debug] &amp#27;[35m[WD Proxy]&amp#27;[39m Matched '/wd/hub/session/fa22c5fe-5ae1-4114-abfe-4bea6798cb79/element/D0020000-0000-0000-5301-000000000000/click' to command name 'click'
[debug] &amp#27;[35m[WD Proxy]&amp#27;[39m Proxying [POST /wd/hub/session/fa22c5fe-5ae1-4114-abfe-4bea6798cb79/element/D0020000-0000-0000-5301-000000000000/click] to [POST http://127.0.0.1:8100/session/60DEF1F0-4A14-4727-943C-DB82535553CA/element/D0020000-0000-0000-5301-000000000000/click] with body: {"id":"D0020000-0000-0000-5301-000000000000"}
[debug] &amp#27;[35m[WD Proxy]&amp#27;[39m Got response with status 200: {"value":null,"sessionId":"60DEF1F0-4A14-4727-943C-DB82535553CA"}
&amp#27;[35m[WD Proxy]&amp#27;[39m Replacing sessionId 60DEF1F0-4A14-4727-943C-DB82535553CA with fa22c5fe-5ae1-4114-abfe-4bea6798cb79
&amp#27;[35m[HTTP]&amp#27;[39m &amp#27;[37m<-- POST /wd/hub/session/fa22c5fe-5ae1-4114-abfe-4bea6798cb79/element/D0020000-0000-0000-5301-000000000000/click &amp#27;[39m&amp#27;[32m200&amp#27;[39m &amp#27;[90m206 ms - 65&amp#27;[39m
&amp#27;[35m[HTTP]&amp#27;[39m &amp#27;[90m&amp#27;[39m
&amp#27;[35m[HTTP]&amp#27;[39m &amp#27;[37m-->&amp#27;[39m &amp#27;[37mPOST&amp#27;[39m &amp#27;[37m/wd/hub/session/fa22c5fe-5ae1-4114-abfe-4bea6798cb79/element&amp#27;[39m
&amp#27;[35m[HTTP]&amp#27;[39m &amp#27;[90m{"using":"xpath","value":"//XCUIElementTypeButton[@label='Use Photo']"}&amp#27;[39m
[debug] &amp#27;[35m[W3C (fa22c5fe)]&amp#27;[39m Calling AppiumDriver.findElement() with args: ["xpath","//XCUIElementTypeButton[@label='Use Photo']","fa22c5fe-5ae1-4114-abfe-4bea6798cb79"]
[debug] &amp#27;[35m[XCUITest]&amp#27;[39m Executing command 'findElement'
[debug] &amp#27;[35m[BaseDriver]&amp#27;[39m Valid locator strategies for this request: xpath, id, name, class name, -ios predicate string, -ios class chain, accessibility id, css selector
[debug] &amp#27;[35m[BaseDriver]&amp#27;[39m Waiting up to 25000 ms for condition
[debug] &amp#27;[35m[XCUITest]&amp#27;[39m Setting custom timeout to 750000 ms for 'findElement' command
[debug] &amp#27;[35m[WD Proxy]&amp#27;[39m Matched '/element' to command name 'findElement'
[debug] &amp#27;[35m[WD Proxy]&amp#27;[39m Proxying [POST /element] to [POST http://127.0.0.1:8100/session/60DEF1F0-4A14-4727-943C-DB82535553CA/element] with body: {"using":"xpath","value":"//XCUIElementTypeButton[@label='Use Photo']"}
[debug] &amp#27;[35m[WD Proxy]&amp#27;[39m Got response with status 200: {"value":{"ELEMENT":"DA020000-0000-0000-5301-000000000000","element-6066-11e4-a52e-4f735466cecf":"DA020000-0000-0000-5301-000000000000"},"sessionId":"60DEF1F0-4A14-4727-943C-DB82535553CA"}
[debug] &amp#27;[35m[W3C (fa22c5fe)]&amp#27;[39m Responding to client with driver.findElement() result: {"element-6066-11e4-a52e-4f735466cecf":"DA020000-0000-0000-5301-000000000000","ELEMENT":"DA020000-0000-0000-5301-000000000000"}
&amp#27;[35m[HTTP]&amp#27;[39m &amp#27;[37m<-- POST /wd/hub/session/fa22c5fe-5ae1-4114-abfe-4bea6798cb79/element &amp#27;[39m&amp#27;[32m200&amp#27;[39m &amp#27;[90m230 ms - 137&amp#27;[39m
&amp#27;[35m[HTTP]&amp#27;[39m &amp#27;[90m&amp#27;[39m
&amp#27;[35m[HTTP]&amp#27;[39m &amp#27;[37m-->&amp#27;[39m &amp#27;[37mPOST&amp#27;[39m &amp#27;[37m/wd/hub/session/fa22c5fe-5ae1-4114-abfe-4bea6798cb79/element/DA020000-0000-0000-5301-000000000000/click&amp#27;[39m
&amp#27;[35m[HTTP]&amp#27;[39m &amp#27;[90m{"id":"DA020000-0000-0000-5301-000000000000"}&amp#27;[39m
&amp#27;[35m[W3C (fa22c5fe)]&amp#27;[39m Driver proxy active, passing request on via HTTP proxy
[debug] &amp#27;[35m[XCUITest]&amp#27;[39m Executing command 'proxyReqRes'
[debug] &amp#27;[35m[WD Proxy]&amp#27;[39m Matched '/wd/hub/session/fa22c5fe-5ae1-4114-abfe-4bea6798cb79/element/DA020000-0000-0000-5301-000000000000/click' to command name 'click'
[debug] &amp#27;[35m[WD Proxy]&amp#27;[39m Proxying [POST /wd/hub/session/fa22c5fe-5ae1-4114-abfe-4bea6798cb79/element/DA020000-0000-0000-5301-000000000000/click] to [POST http://127.0.0.1:8100/session/60DEF1F0-4A14-4727-943C-DB82535553CA/element/DA020000-0000-0000-5301-000000000000/click] with body: {"id":"DA020000-0000-0000-5301-000000000000"}
[debug] &amp#27;[35m[WD Proxy]&amp#27;[39m Got response with status 200: {"value":null,"sessionId":"60DEF1F0-4A14-4727-943C-DB82535553CA"}
&amp#27;[35m[WD Proxy]&amp#27;[39m Replacing sessionId 60DEF1F0-4A14-4727-943C-DB82535553CA with fa22c5fe-5ae1-4114-abfe-4bea6798cb79
&amp#27;[35m[HTTP]&amp#27;[39m &amp#27;[37m<-- POST /wd/hub/session/fa22c5fe-5ae1-4114-abfe-4bea6798cb79/element/DA020000-0000-0000-5301-000000000000/click &amp#27;[39m&amp#27;[32m200&amp#27;[39m &amp#27;[90m374 ms - 65&amp#27;[39m
&amp#27;[35m[HTTP]&amp#27;[39m &amp#27;[90m&amp#27;[39m
&amp#27;[35m[HTTP]&amp#27;[39m &amp#27;[37m-->&amp#27;[39m &amp#27;[37mPOST&amp#27;[39m &amp#27;[37m/wd/hub/session/fa22c5fe-5ae1-4114-abfe-4bea6798cb79/element&amp#27;[39m
&amp#27;[35m[HTTP]&amp#27;[39m &amp#27;[90m{"using":"xpath","value":"//XCUIElementTypeApplication[@name=\"Rental+ (ZG)\"]/XCUIElementTypeWindow[1]/XCUIElementTypeOther/XCUIElementTypeOther/XCUIElementTypeOther/XCUIElementTypeOther/XCUIElementTypeOther/XCUIElementTypeOther/XCUIElementTypeOther[2]/XCUIElementTypeOther/XCUIElementTypeScrollView/XCUIElementTypeOther/XCUIElementTypeOther/XCUIElementTypeScrollView/XCUIElementTypeOther[1]/XCUIElementTypeOther[3]/XCUIElementTypeButton[2]\n"}&amp#27;[39m
[debug] &amp#27;[35m[W3C (fa22c5fe)]&amp#27;[39m Calling AppiumDriver.findElement() with args: ["xpath","//XCUIElementTypeApplication[@name=\"Rental+ (ZG)\"]/XCUIElementTypeWindow[1]/XCUIElementTypeOther/XCUIElementTypeOther/XCUIElementTypeOther/XCUIElementTypeOther/XCUIElementTypeOther/XCUIElementTypeOther/XCUIElementTypeOther[2]/XCUIElementTypeOther/XCUIElementTypeScrollView/XCUIElementTypeOther/XCUIElementTypeOther/XCUIElementTypeScrollView/XCUIElementTypeOther[1]/XCUIElementTypeOther[3]/XCUIElementTypeButton[2]\n","fa22c5fe-5ae1-4114-abfe-4bea6798cb79"]
[debug] &amp#27;[35m[XCUITest]&amp#27;[39m Executing command 'findElement'
[debug] &amp#27;[35m[BaseDriver]&amp#27;[39m Valid locator strategies for this request: xpath, id, name, class name, -ios predicate string, -ios class chain, accessibility id, css selector
[debug] &amp#27;[35m[BaseDriver]&amp#27;[39m Waiting up to 25000 ms for condition
[debug] &amp#27;[35m[XCUITest]&amp#27;[39m Setting custom timeout to 750000 ms for 'findElement' command
[debug] &amp#27;[35m[WD Proxy]&amp#27;[39m Matched '/element' to command name 'findElement'
[debug] &amp#27;[35m[WD Proxy]&amp#27;[39m Proxying [POST /element] to [POST http://127.0.0.1:8100/session/60DEF1F0-4A14-4727-943C-DB82535553CA/element] with body: {"using":"xpath","value":"//XCUIElementTypeApplication[@name=\"Rental+ (ZG)\"]/XCUIElementTypeWindow[1]/XCUIElementTypeOther/XCUIElementTypeOther/XCUIElementTypeOther/XCUIElementTypeOther/XCUIElementTypeOther/XCUIElementTypeOther/XCUIElementTypeOther[2]/XCUIElementTypeOther/XCUIElementTypeScrollView/XCUIElementTypeOther/XCUIElementTypeOther/XCUIElementTypeScrollView/XCUIElementTypeOther[1]/XCUIElementTypeOther[3]/XCUIElementTypeButton[2]\n"}
[debug] &amp#27;[35m[WD Proxy]&amp#27;[39m Got response with status 200: {"value":{"ELEMENT":"BC020000-0000-0000-5301-000000000000","element-6066-11e4-a52e-4f735466cecf":"BC020000-0000-0000-5301-000000000000"},"sessionId":"60DEF1F0-4A14-4727-943C-DB82535553CA"}
[debug] &amp#27;[35m[W3C (fa22c5fe)]&amp#27;[39m Responding to client with driver.findElement() result: {"element-6066-11e4-a52e-4f735466cecf":"BC020000-0000-0000-5301-000000000000","ELEMENT":"BC020000-0000-0000-5301-000000000000"}
&amp#27;[35m[HTTP]&amp#27;[39m &amp#27;[37m<-- POST /wd/hub/session/fa22c5fe-5ae1-4114-abfe-4bea6798cb79/element &amp#27;[39m&amp#27;[32m200&amp#27;[39m &amp#27;[90m387 ms - 137&amp#27;[39m
&amp#27;[35m[HTTP]&amp#27;[39m &amp#27;[90m&amp#27;[39m
&amp#27;[35m[HTTP]&amp#27;[39m &amp#27;[37m-->&amp#27;[39m &amp#27;[37mPOST&amp#27;[39m &amp#27;[37m/wd/hub/session/fa22c5fe-5ae1-4114-abfe-4bea6798cb79/element/BC020000-0000-0000-5301-000000000000/click&amp#27;[39m
&amp#27;[35m[HTTP]&amp#27;[39m &amp#27;[90m{"id":"BC020000-0000-0000-5301-000000000000"}&amp#27;[39m
&amp#27;[35m[W3C (fa22c5fe)]&amp#27;[39m Driver proxy active, passing request on via HTTP proxy
[debug] &amp#27;[35m[XCUITest]&amp#27;[39m Executing command 'proxyReqRes'
[debug] &amp#27;[35m[WD Proxy]&amp#27;[39m Matched '/wd/hub/session/fa22c5fe-5ae1-4114-abfe-4bea6798cb79/element/BC020000-0000-0000-5301-000000000000/click' to command name 'click'
[debug] &amp#27;[35m[WD Proxy]&amp#27;[39m Proxying [POST /wd/hub/session/fa22c5fe-5ae1-4114-abfe-4bea6798cb79/element/BC020000-0000-0000-5301-000000000000/click] to [POST http://127.0.0.1:8100/session/60DEF1F0-4A14-4727-943C-DB82535553CA/element/BC020000-0000-0000-5301-000000000000/click] with body: {"id":"BC020000-0000-0000-5301-000000000000"}
[debug] &amp#27;[35m[WD Proxy]&amp#27;[39m Got response with status 200: {"value":null,"sessionId":"60DEF1F0-4A14-4727-943C-DB82535553CA"}
&amp#27;[35m[WD Proxy]&amp#27;[39m Replacing sessionId 60DEF1F0-4A14-4727-943C-DB82535553CA with fa22c5fe-5ae1-4114-abfe-4bea6798cb79
&amp#27;[35m[HTTP]&amp#27;[39m &amp#27;[37m<-- POST /wd/hub/session/fa22c5fe-5ae1-4114-abfe-4bea6798cb79/element/BC020000-0000-0000-5301-000000000000/click &amp#27;[39m&amp#27;[32m200&amp#27;[39m &amp#27;[90m238 ms - 65&amp#27;[39m
&amp#27;[35m[HTTP]&amp#27;[39m &amp#27;[90m&amp#27;[39m
&amp#27;[35m[HTTP]&amp#27;[39m &amp#27;[37m-->&amp#27;[39m &amp#27;[37mPOST&amp#27;[39m &amp#27;[37m/wd/hub/session/fa22c5fe-5ae1-4114-abfe-4bea6798cb79/element&amp#27;[39m
&amp#27;[35m[HTTP]&amp#27;[39m &amp#27;[90m{"using":"xpath","value":"//XCUIElementTypeApplication[@name=\"Rental+ (ZG)\"]/XCUIElementTypeWindow[1]/XCUIElementTypeOther/XCUIElementTypeOther/XCUIElementTypeOther/XCUIElementTypeOther/XCUIElementTypeOther/XCUIElementTypeOther/XCUIElementTypeOther[2]/XCUIElementTypeOther/XCUIElementTypeScrollView/XCUIElementTypeOther/XCUIElementTypeOther/XCUIElementTypeScrollView/XCUIElementTypeOther[1]/XCUIElementTypeOther[1]/XCUIElementTypeButton"}&amp#27;[39m
[debug] &amp#27;[35m[W3C (fa22c5fe)]&amp#27;[39m Calling AppiumDriver.findElement() with args: ["xpath","//XCUIElementTypeApplication[@name=\"Rental+ (ZG)\"]/XCUIElementTypeWindow[1]/XCUIElementTypeOther/XCUIElementTypeOther/XCUIElementTypeOther/XCUIElementTypeOther/XCUIElementTypeOther/XCUIElementTypeOther/XCUIElementTypeOther[2]/XCUIElementTypeOther/XCUIElementTypeScrollView/XCUIElementTypeOther/XCUIElementTypeOther/XCUIElementTypeScrollView/XCUIElementTypeOther[1]/XCUIElementTypeOther[1]/XCUIElementTypeButton","fa22c5fe-5ae1-4114-abfe-4bea6798cb79"]
[debug] &amp#27;[35m[XCUITest]&amp#27;[39m Executing command 'findElement'
[debug] &amp#27;[35m[BaseDriver]&amp#27;[39m Valid locator strategies for this request: xpath, id, name, class name, -ios predicate string, -ios class chain, accessibility id, css selector
[debug] &amp#27;[35m[BaseDriver]&amp#27;[39m Waiting up to 25000 ms for condition
[debug] &amp#27;[35m[XCUITest]&amp#27;[39m Setting custom timeout to 750000 ms for 'findElement' command
[debug] &amp#27;[35m[WD Proxy]&amp#27;[39m Matched '/element' to command name 'findElement'
[debug] &amp#27;[35m[WD Proxy]&amp#27;[39m Proxying [POST /element] to [POST http://127.0.0.1:8100/session/60DEF1F0-4A14-4727-943C-DB82535553CA/element] with body: {"using":"xpath","value":"//XCUIElementTypeApplication[@name=\"Rental+ (ZG)\"]/XCUIElementTypeWindow[1]/XCUIElementTypeOther/XCUIElementTypeOther/XCUIElementTypeOther/XCUIElementTypeOther/XCUIElementTypeOther/XCUIElementTypeOther/XCUIElementTypeOther[2]/XCUIElementTypeOther/XCUIElementTypeScrollView/XCUIElementTypeOther/XCUIElementTypeOther/XCUIElementTypeScrollView/XCUIElementTypeOther[1]/XCUIElementTypeOther[1]/XCUIElementTypeButton"}
[debug] &amp#27;[35m[WD Proxy]&amp#27;[39m Got response with status 200: {"value":{"ELEMENT":"E6020000-0000-0000-5301-000000000000","element-6066-11e4-a52e-4f735466cecf":"E6020000-0000-0000-5301-000000000000"},"sessionId":"60DEF1F0-4A14-4727-943C-DB82535553CA"}
[debug] &amp#27;[35m[W3C (fa22c5fe)]&amp#27;[39m Responding to client with driver.findElement() result: {"element-6066-11e4-a52e-4f735466cecf":"E6020000-0000-0000-5301-000000000000","ELEMENT":"E6020000-0000-0000-5301-000000000000"}
&amp#27;[35m[HTTP]&amp#27;[39m &amp#27;[37m<-- POST /wd/hub/session/fa22c5fe-5ae1-4114-abfe-4bea6798cb79/element &amp#27;[39m&amp#27;[32m200&amp#27;[39m &amp#27;[90m389 ms - 137&amp#27;[39m
&amp#27;[35m[HTTP]&amp#27;[39m &amp#27;[90m&amp#27;[39m
&amp#27;[35m[HTTP]&amp#27;[39m &amp#27;[37m-->&amp#27;[39m &amp#27;[37mPOST&amp#27;[39m &amp#27;[37m/wd/hub/session/fa22c5fe-5ae1-4114-abfe-4bea6798cb79/element/E6020000-0000-0000-5301-000000000000/click&amp#27;[39m
&amp#27;[35m[HTTP]&amp#27;[39m &amp#27;[90m{"id":"E6020000-0000-0000-5301-000000000000"}&amp#27;[39m
&amp#27;[35m[W3C (fa22c5fe)]&amp#27;[39m Driver proxy active, passing request on via HTTP proxy
[debug] &amp#27;[35m[XCUITest]&amp#27;[39m Executing command 'proxyReqRes'
[debug] &amp#27;[35m[WD Proxy]&amp#27;[39m Matched '/wd/hub/session/fa22c5fe-5ae1-4114-abfe-4bea6798cb79/element/E6020000-0000-0000-5301-000000000000/click' to command name 'click'
[debug] &amp#27;[35m[WD Proxy]&amp#27;[39m Proxying [POST /wd/hub/session/fa22c5fe-5ae1-4114-abfe-4bea6798cb79/element/E6020000-0000-0000-5301-000000000000/click] to [POST http://127.0.0.1:8100/session/60DEF1F0-4A14-4727-943C-DB82535553CA/element/E6020000-0000-0000-5301-000000000000/click] with body: {"id":"E6020000-0000-0000-5301-000000000000"}
[debug] &amp#27;[35m[WD Proxy]&amp#27;[39m Got response with status 200: {"value":null,"sessionId":"60DEF1F0-4A14-4727-943C-DB82535553CA"}
&amp#27;[35m[WD Proxy]&amp#27;[39m Replacing sessionId 60DEF1F0-4A14-4727-943C-DB82535553CA with fa22c5fe-5ae1-4114-abfe-4bea6798cb79
&amp#27;[35m[HTTP]&amp#27;[39m &amp#27;[37m<-- POST /wd/hub/session/fa22c5fe-5ae1-4114-abfe-4bea6798cb79/element/E6020000-0000-0000-5301-000000000000/click &amp#27;[39m&amp#27;[32m200&amp#27;[39m &amp#27;[90m250 ms - 65&amp#27;[39m
&amp#27;[35m[HTTP]&amp#27;[39m &amp#27;[90m&amp#27;[39m
&amp#27;[35m[HTTP]&amp#27;[39m &amp#27;[37m-->&amp#27;[39m &amp#27;[37mPOST&amp#27;[39m &amp#27;[37m/wd/hub/session/fa22c5fe-5ae1-4114-abfe-4bea6798cb79/element&amp#27;[39m
&amp#27;[35m[HTTP]&amp#27;[39m &amp#27;[90m{"using":"xpath","value":"//XCUIElementTypeButton[@label='Take Picture']"}&amp#27;[39m
[debug] &amp#27;[35m[W3C (fa22c5fe)]&amp#27;[39m Calling AppiumDriver.findElement() with args: ["xpath","//XCUIElementTypeButton[@label='Take Picture']","fa22c5fe-5ae1-4114-abfe-4bea6798cb79"]
[debug] &amp#27;[35m[XCUITest]&amp#27;[39m Executing command 'findElement'
[debug] &amp#27;[35m[BaseDriver]&amp#27;[39m Valid locator strategies for this request: xpath, id, name, class name, -ios predicate string, -ios class chain, accessibility id, css selector
[debug] &amp#27;[35m[BaseDriver]&amp#27;[39m Waiting up to 25000 ms for condition
[debug] &amp#27;[35m[XCUITest]&amp#27;[39m Setting custom timeout to 750000 ms for 'findElement' command
[debug] &amp#27;[35m[WD Proxy]&amp#27;[39m Matched '/element' to command name 'findElement'
[debug] &amp#27;[35m[WD Proxy]&amp#27;[39m Proxying [POST /element] to [POST http://127.0.0.1:8100/session/60DEF1F0-4A14-4727-943C-DB82535553CA/element] with body: {"using":"xpath","value":"//XCUIElementTypeButton[@label='Take Picture']"}
[debug] &amp#27;[35m[WD Proxy]&amp#27;[39m Got response with status 200: {"value":{"ELEMENT":"FC020000-0000-0000-5301-000000000000","element-6066-11e4-a52e-4f735466cecf":"FC020000-0000-0000-5301-000000000000"},"sessionId":"60DEF1F0-4A14-4727-943C-DB82535553CA"}
[debug] &amp#27;[35m[W3C (fa22c5fe)]&amp#27;[39m Responding to client with driver.findElement() result: {"element-6066-11e4-a52e-4f735466cecf":"FC020000-0000-0000-5301-000000000000","ELEMENT":"FC020000-0000-0000-5301-000000000000"}
&amp#27;[35m[HTTP]&amp#27;[39m &amp#27;[37m<-- POST /wd/hub/session/fa22c5fe-5ae1-4114-abfe-4bea6798cb79/element &amp#27;[39m&amp#27;[32m200&amp#27;[39m &amp#27;[90m272 ms - 137&amp#27;[39m
&amp#27;[35m[HTTP]&amp#27;[39m &amp#27;[90m&amp#27;[39m
&amp#27;[35m[HTTP]&amp#27;[39m &amp#27;[37m-->&amp#27;[39m &amp#27;[37mPOST&amp#27;[39m &amp#27;[37m/wd/hub/session/fa22c5fe-5ae1-4114-abfe-4bea6798cb79/element/FC020000-0000-0000-5301-000000000000/click&amp#27;[39m
&amp#27;[35m[HTTP]&amp#27;[39m &amp#27;[90m{"id":"FC020000-0000-0000-5301-000000000000"}&amp#27;[39m
&amp#27;[35m[W3C (fa22c5fe)]&amp#27;[39m Driver proxy active, passing request on via HTTP proxy
[debug] &amp#27;[35m[XCUITest]&amp#27;[39m Executing command 'proxyReqRes'
[debug] &amp#27;[35m[WD Proxy]&amp#27;[39m Matched '/wd/hub/session/fa22c5fe-5ae1-4114-abfe-4bea6798cb79/element/FC020000-0000-0000-5301-000000000000/click' to command name 'click'
[debug] &amp#27;[35m[WD Proxy]&amp#27;[39m Proxying [POST /wd/hub/session/fa22c5fe-5ae1-4114-abfe-4bea6798cb79/element/FC020000-0000-0000-5301-000000000000/click] to [POST http://127.0.0.1:8100/session/60DEF1F0-4A14-4727-943C-DB82535553CA/element/FC020000-0000-0000-5301-000000000000/click] with body: {"id":"FC020000-0000-0000-5301-000000000000"}
[debug] &amp#27;[35m[WD Proxy]&amp#27;[39m Got response with status 200: {"value":null,"sessionId":"60DEF1F0-4A14-4727-943C-DB82535553CA"}
&amp#27;[35m[WD Proxy]&amp#27;[39m Replacing sessionId 60DEF1F0-4A14-4727-943C-DB82535553CA with fa22c5fe-5ae1-4114-abfe-4bea6798cb79
&amp#27;[35m[HTTP]&amp#27;[39m &amp#27;[37m<-- POST /wd/hub/session/fa22c5fe-5ae1-4114-abfe-4bea6798cb79/element/FC020000-0000-0000-5301-000000000000/click &amp#27;[39m&amp#27;[32m200&amp#27;[39m &amp#27;[90m200 ms - 65&amp#27;[39m
&amp#27;[35m[HTTP]&amp#27;[39m &amp#27;[90m&amp#27;[39m
&amp#27;[35m[HTTP]&amp#27;[39m &amp#27;[37m-->&amp#27;[39m &amp#27;[37mPOST&amp#27;[39m &amp#27;[37m/wd/hub/session/fa22c5fe-5ae1-4114-abfe-4bea6798cb79/element&amp#27;[39m
&amp#27;[35m[HTTP]&amp#27;[39m &amp#27;[90m{"using":"xpath","value":"//XCUIElementTypeButton[@label='Use Photo']"}&amp#27;[39m
[debug] &amp#27;[35m[W3C (fa22c5fe)]&amp#27;[39m Calling AppiumDriver.findElement() with args: ["xpath","//XCUIElementTypeButton[@label='Use Photo']","fa22c5fe-5ae1-4114-abfe-4bea6798cb79"]
[debug] &amp#27;[35m[XCUITest]&amp#27;[39m Executing command 'findElement'
[debug] &amp#27;[35m[BaseDriver]&amp#27;[39m Valid locator strategies for this request: xpath, id, name, class name, -ios predicate string, -ios class chain, accessibility id, css selector
[debug] &amp#27;[35m[BaseDriver]&amp#27;[39m Waiting up to 25000 ms for condition
[debug] &amp#27;[35m[XCUITest]&amp#27;[39m Setting custom timeout to 750000 ms for 'findElement' command
[debug] &amp#27;[35m[WD Proxy]&amp#27;[39m Matched '/element' to command name 'findElement'
[debug] &amp#27;[35m[WD Proxy]&amp#27;[39m Proxying [POST /element] to [POST http://127.0.0.1:8100/session/60DEF1F0-4A14-4727-943C-DB82535553CA/element] with body: {"using":"xpath","value":"//XCUIElementTypeButton[@label='Use Photo']"}
[debug] &amp#27;[35m[WD Proxy]&amp#27;[39m Got response with status 200: {"value":{"ELEMENT":"06030000-0000-0000-5301-000000000000","element-6066-11e4-a52e-4f735466cecf":"06030000-0000-0000-5301-000000000000"},"sessionId":"60DEF1F0-4A14-4727-943C-DB82535553CA"}
[debug] &amp#27;[35m[W3C (fa22c5fe)]&amp#27;[39m Responding to client with driver.findElement() result: {"element-6066-11e4-a52e-4f735466cecf":"06030000-0000-0000-5301-000000000000","ELEMENT":"06030000-0000-0000-5301-000000000000"}
&amp#27;[35m[HTTP]&amp#27;[39m &amp#27;[37m<-- POST /wd/hub/session/fa22c5fe-5ae1-4114-abfe-4bea6798cb79/element &amp#27;[39m&amp#27;[32m200&amp#27;[39m &amp#27;[90m203 ms - 137&amp#27;[39m
&amp#27;[35m[HTTP]&amp#27;[39m &amp#27;[90m&amp#27;[39m
&amp#27;[35m[HTTP]&amp#27;[39m &amp#27;[37m-->&amp#27;[39m &amp#27;[37mPOST&amp#27;[39m &amp#27;[37m/wd/hub/session/fa22c5fe-5ae1-4114-abfe-4bea6798cb79/element/06030000-0000-0000-5301-000000000000/click&amp#27;[39m
&amp#27;[35m[HTTP]&amp#27;[39m &amp#27;[90m{"id":"06030000-0000-0000-5301-000000000000"}&amp#27;[39m
&amp#27;[35m[W3C (fa22c5fe)]&amp#27;[39m Driver proxy active, passing request on via HTTP proxy
[debug] &amp#27;[35m[XCUITest]&amp#27;[39m Executing command 'proxyReqRes'
[debug] &amp#27;[35m[WD Proxy]&amp#27;[39m Matched '/wd/hub/session/fa22c5fe-5ae1-4114-abfe-4bea6798cb79/element/06030000-0000-0000-5301-000000000000/click' to command name 'click'
[debug] &amp#27;[35m[WD Proxy]&amp#27;[39m Proxying [POST /wd/hub/session/fa22c5fe-5ae1-4114-abfe-4bea6798cb79/element/06030000-0000-0000-5301-000000000000/click] to [POST http://127.0.0.1:8100/session/60DEF1F0-4A14-4727-943C-DB82535553CA/element/06030000-0000-0000-5301-000000000000/click] with body: {"id":"06030000-0000-0000-5301-000000000000"}
[debug] &amp#27;[35m[WD Proxy]&amp#27;[39m Got response with status 200: {"value":null,"sessionId":"60DEF1F0-4A14-4727-943C-DB82535553CA"}
&amp#27;[35m[WD Proxy]&amp#27;[39m Replacing sessionId 60DEF1F0-4A14-4727-943C-DB82535553CA with fa22c5fe-5ae1-4114-abfe-4bea6798cb79
&amp#27;[35m[HTTP]&amp#27;[39m &amp#27;[37m<-- POST /wd/hub/session/fa22c5fe-5ae1-4114-abfe-4bea6798cb79/element/06030000-0000-0000-5301-000000000000/click &amp#27;[39m&amp#27;[32m200&amp#27;[39m &amp#27;[90m353 ms - 65&amp#27;[39m
&amp#27;[35m[HTTP]&amp#27;[39m &amp#27;[90m&amp#27;[39m
&amp#27;[35m[HTTP]&amp#27;[39m &amp#27;[37m-->&amp#27;[39m &amp#27;[37mPOST&amp#27;[39m &amp#27;[37m/wd/hub/session/fa22c5fe-5ae1-4114-abfe-4bea6798cb79/element&amp#27;[39m
&amp#27;[35m[HTTP]&amp#27;[39m &amp#27;[90m{"using":"xpath","value":"//XCUIElementTypeApplication[@name=\"Rental+ (ZG)\"]/XCUIElementTypeWindow[1]/XCUIElementTypeOther/XCUIElementTypeOther/XCUIElementTypeOther/XCUIElementTypeOther/XCUIElementTypeOther/XCUIElementTypeOther/XCUIElementTypeOther[2]/XCUIElementTypeOther/XCUIElementTypeScrollView/XCUIElementTypeOther/XCUIElementTypeOther/XCUIElementTypeScrollView/XCUIElementTypeOther[1]/XCUIElementTypeOther[3]/XCUIElementTypeButton[2]\n"}&amp#27;[39m
[debug] &amp#27;[35m[W3C (fa22c5fe)]&amp#27;[39m Calling AppiumDriver.findElement() with args: ["xpath","//XCUIElementTypeApplication[@name=\"Rental+ (ZG)\"]/XCUIElementTypeWindow[1]/XCUIElementTypeOther/XCUIElementTypeOther/XCUIElementTypeOther/XCUIElementTypeOther/XCUIElementTypeOther/XCUIElementTypeOther/XCUIElementTypeOther[2]/XCUIElementTypeOther/XCUIElementTypeScrollView/XCUIElementTypeOther/XCUIElementTypeOther/XCUIElementTypeScrollView/XCUIElementTypeOther[1]/XCUIElementTypeOther[3]/XCUIElementTypeButton[2]\n","fa22c5fe-5ae1-4114-abfe-4bea6798cb79"]
[debug] &amp#27;[35m[XCUITest]&amp#27;[39m Executing command 'findElement'
[debug] &amp#27;[35m[BaseDriver]&amp#27;[39m Valid locator strategies for this request: xpath, id, name, class name, -ios predicate string, -ios class chain, accessibility id, css selector
[debug] &amp#27;[35m[BaseDriver]&amp#27;[39m Waiting up to 25000 ms for condition
[debug] &amp#27;[35m[XCUITest]&amp#27;[39m Setting custom timeout to 750000 ms for 'findElement' command
[debug] &amp#27;[35m[WD Proxy]&amp#27;[39m Matched '/element' to command name 'findElement'
[debug] &amp#27;[35m[WD Proxy]&amp#27;[39m Proxying [POST /element] to [POST http://127.0.0.1:8100/session/60DEF1F0-4A14-4727-943C-DB82535553CA/element] with body: {"using":"xpath","value":"//XCUIElementTypeApplication[@name=\"Rental+ (ZG)\"]/XCUIElementTypeWindow[1]/XCUIElementTypeOther/XCUIElementTypeOther/XCUIElementTypeOther/XCUIElementTypeOther/XCUIElementTypeOther/XCUIElementTypeOther/XCUIElementTypeOther[2]/XCUIElementTypeOther/XCUIElementTypeScrollView/XCUIElementTypeOther/XCUIElementTypeOther/XCUIElementTypeScrollView/XCUIElementTypeOther[1]/XCUIElementTypeOther[3]/XCUIElementTypeButton[2]\n"}
[debug] &amp#27;[35m[WD Proxy]&amp#27;[39m Got response with status 200: {"value":{"ELEMENT":"E9020000-0000-0000-5301-000000000000","element-6066-11e4-a52e-4f735466cecf":"E9020000-0000-0000-5301-000000000000"},"sessionId":"60DEF1F0-4A14-4727-943C-DB82535553CA"}
[debug] &amp#27;[35m[W3C (fa22c5fe)]&amp#27;[39m Responding to client with driver.findElement() result: {"element-6066-11e4-a52e-4f735466cecf":"E9020000-0000-0000-5301-000000000000","ELEMENT":"E9020000-0000-0000-5301-000000000000"}
&amp#27;[35m[HTTP]&amp#27;[39m &amp#27;[37m<-- POST /wd/hub/session/fa22c5fe-5ae1-4114-abfe-4bea6798cb79/element &amp#27;[39m&amp#27;[32m200&amp#27;[39m &amp#27;[90m378 ms - 137&amp#27;[39m
&amp#27;[35m[HTTP]&amp#27;[39m &amp#27;[90m&amp#27;[39m
&amp#27;[35m[HTTP]&amp#27;[39m &amp#27;[37m-->&amp#27;[39m &amp#27;[37mPOST&amp#27;[39m &amp#27;[37m/wd/hub/session/fa22c5fe-5ae1-4114-abfe-4bea6798cb79/element/E9020000-0000-0000-5301-000000000000/click&amp#27;[39m
&amp#27;[35m[HTTP]&amp#27;[39m &amp#27;[90m{"id":"E9020000-0000-0000-5301-000000000000"}&amp#27;[39m
&amp#27;[35m[W3C (fa22c5fe)]&amp#27;[39m Driver proxy active, passing request on via HTTP proxy
[debug] &amp#27;[35m[XCUITest]&amp#27;[39m Executing command 'proxyReqRes'
[debug] &amp#27;[35m[WD Proxy]&amp#27;[39m Matched '/wd/hub/session/fa22c5fe-5ae1-4114-abfe-4bea6798cb79/element/E9020000-0000-0000-5301-000000000000/click' to command name 'click'
[debug] &amp#27;[35m[WD Proxy]&amp#27;[39m Proxying [POST /wd/hub/session/fa22c5fe-5ae1-4114-abfe-4bea6798cb79/element/E9020000-0000-0000-5301-000000000000/click] to [POST http://127.0.0.1:8100/session/60DEF1F0-4A14-4727-943C-DB82535553CA/element/E9020000-0000-0000-5301-000000000000/click] with body: {"id":"E9020000-0000-0000-5301-000000000000"}
[debug] &amp#27;[35m[WD Proxy]&amp#27;[39m Got response with status 200: {"value":null,"sessionId":"60DEF1F0-4A14-4727-943C-DB82535553CA"}
&amp#27;[35m[WD Proxy]&amp#27;[39m Replacing sessionId 60DEF1F0-4A14-4727-943C-DB82535553CA with fa22c5fe-5ae1-4114-abfe-4bea6798cb79
&amp#27;[35m[HTTP]&amp#27;[39m &amp#27;[37m<-- POST /wd/hub/session/fa22c5fe-5ae1-4114-abfe-4bea6798cb79/element/E9020000-0000-0000-5301-000000000000/click &amp#27;[39m&amp#27;[32m200&amp#27;[39m &amp#27;[90m234 ms - 65&amp#27;[39m
&amp#27;[35m[HTTP]&amp#27;[39m &amp#27;[90m&amp#27;[39m
&amp#27;[35m[HTTP]&amp#27;[39m &amp#27;[37m-->&amp#27;[39m &amp#27;[37mPOST&amp#27;[39m &amp#27;[37m/wd/hub/session/fa22c5fe-5ae1-4114-abfe-4bea6798cb79/element&amp#27;[39m
&amp#27;[35m[HTTP]&amp#27;[39m &amp#27;[90m{"using":"xpath","value":"//XCUIElementTypeApplication[@name=\"Rental+ (ZG)\"]/XCUIElementTypeWindow[1]/XCUIElementTypeOther/XCUIElementTypeOther/XCUIElementTypeOther/XCUIElementTypeOther/XCUIElementTypeOther/XCUIElementTypeOther/XCUIElementTypeOther[2]/XCUIElementTypeOther/XCUIElementTypeScrollView/XCUIElementTypeOther/XCUIElementTypeOther/XCUIElementTypeScrollView/XCUIElementTypeOther[1]/XCUIElementTypeOther[1]/XCUIElementTypeButton"}&amp#27;[39m
[debug] &amp#27;[35m[W3C (fa22c5fe)]&amp#27;[39m Calling AppiumDriver.findElement() with args: ["xpath","//XCUIElementTypeApplication[@name=\"Rental+ (ZG)\"]/XCUIElementTypeWindow[1]/XCUIElementTypeOther/XCUIElementTypeOther/XCUIElementTypeOther/XCUIElementTypeOther/XCUIElementTypeOther/XCUIElementTypeOther/XCUIElementTypeOther[2]/XCUIElementTypeOther/XCUIElementTypeScrollView/XCUIElementTypeOther/XCUIElementTypeOther/XCUIElementTypeScrollView/XCUIElementTypeOther[1]/XCUIElementTypeOther[1]/XCUIElementTypeButton","fa22c5fe-5ae1-4114-abfe-4bea6798cb79"]
[debug] &amp#27;[35m[XCUITest]&amp#27;[39m Executing command 'findElement'
[debug] &amp#27;[35m[BaseDriver]&amp#27;[39m Valid locator strategies for this request: xpath, id, name, class name, -ios predicate string, -ios class chain, accessibility id, css selector
[debug] &amp#27;[35m[BaseDriver]&amp#27;[39m Waiting up to 25000 ms for condition
[debug] &amp#27;[35m[XCUITest]&amp#27;[39m Setting custom timeout to 750000 ms for 'findElement' command
[debug] &amp#27;[35m[WD Proxy]&amp#27;[39m Matched '/element' to command name 'findElement'
[debug] &amp#27;[35m[WD Proxy]&amp#27;[39m Proxying [POST /element] to [POST http://127.0.0.1:8100/session/60DEF1F0-4A14-4727-943C-DB82535553CA/element] with body: {"using":"xpath","value":"//XCUIElementTypeApplication[@name=\"Rental+ (ZG)\"]/XCUIElementTypeWindow[1]/XCUIElementTypeOther/XCUIElementTypeOther/XCUIElementTypeOther/XCUIElementTypeOther/XCUIElementTypeOther/XCUIElementTypeOther/XCUIElementTypeOther[2]/XCUIElementTypeOther/XCUIElementTypeScrollView/XCUIElementTypeOther/XCUIElementTypeOther/XCUIElementTypeScrollView/XCUIElementTypeOther[1]/XCUIElementTypeOther[1]/XCUIElementTypeButton"}
[debug] &amp#27;[35m[WD Proxy]&amp#27;[39m Got response with status 200: {"value":{"ELEMENT":"12030000-0000-0000-5301-000000000000","element-6066-11e4-a52e-4f735466cecf":"12030000-0000-0000-5301-000000000000"},"sessionId":"60DEF1F0-4A14-4727-943C-DB82535553CA"}
[debug] &amp#27;[35m[W3C (fa22c5fe)]&amp#27;[39m Responding to client with driver.findElement() result: {"element-6066-11e4-a52e-4f735466cecf":"12030000-0000-0000-5301-000000000000","ELEMENT":"12030000-0000-0000-5301-000000000000"}
&amp#27;[35m[HTTP]&amp#27;[39m &amp#27;[37m<-- POST /wd/hub/session/fa22c5fe-5ae1-4114-abfe-4bea6798cb79/element &amp#27;[39m&amp#27;[32m200&amp#27;[39m &amp#27;[90m405 ms - 137&amp#27;[39m
&amp#27;[35m[HTTP]&amp#27;[39m &amp#27;[90m&amp#27;[39m
&amp#27;[35m[HTTP]&amp#27;[39m &amp#27;[37m-->&amp#27;[39m &amp#27;[37mPOST&amp#27;[39m &amp#27;[37m/wd/hub/session/fa22c5fe-5ae1-4114-abfe-4bea6798cb79/element/12030000-0000-0000-5301-000000000000/click&amp#27;[39m
&amp#27;[35m[HTTP]&amp#27;[39m &amp#27;[90m{"id":"12030000-0000-0000-5301-000000000000"}&amp#27;[39m
&amp#27;[35m[W3C (fa22c5fe)]&amp#27;[39m Driver proxy active, passing request on via HTTP proxy
[debug] &amp#27;[35m[XCUITest]&amp#27;[39m Executing command 'proxyReqRes'
[debug] &amp#27;[35m[WD Proxy]&amp#27;[39m Matched '/wd/hub/session/fa22c5fe-5ae1-4114-abfe-4bea6798cb79/element/12030000-0000-0000-5301-000000000000/click' to command name 'click'
[debug] &amp#27;[35m[WD Proxy]&amp#27;[39m Proxying [POST /wd/hub/session/fa22c5fe-5ae1-4114-abfe-4bea6798cb79/element/12030000-0000-0000-5301-000000000000/click] to [POST http://127.0.0.1:8100/session/60DEF1F0-4A14-4727-943C-DB82535553CA/element/12030000-0000-0000-5301-000000000000/click] with body: {"id":"12030000-0000-0000-5301-000000000000"}
[debug] &amp#27;[35m[WD Proxy]&amp#27;[39m Got response with status 200: {"value":null,"sessionId":"60DEF1F0-4A14-4727-943C-DB82535553CA"}
&amp#27;[35m[WD Proxy]&amp#27;[39m Replacing sessionId 60DEF1F0-4A14-4727-943C-DB82535553CA with fa22c5fe-5ae1-4114-abfe-4bea6798cb79
&amp#27;[35m[HTTP]&amp#27;[39m &amp#27;[37m<-- POST /wd/hub/session/fa22c5fe-5ae1-4114-abfe-4bea6798cb79/element/12030000-0000-0000-5301-000000000000/click &amp#27;[39m&amp#27;[32m200&amp#27;[39m &amp#27;[90m248 ms - 65&amp#27;[39m
&amp#27;[35m[HTTP]&amp#27;[39m &amp#27;[90m&amp#27;[39m
&amp#27;[35m[HTTP]&amp#27;[39m &amp#27;[37m-->&amp#27;[39m &amp#27;[37mPOST&amp#27;[39m &amp#27;[37m/wd/hub/session/fa22c5fe-5ae1-4114-abfe-4bea6798cb79/element&amp#27;[39m
&amp#27;[35m[HTTP]&amp#27;[39m &amp#27;[90m{"using":"xpath","value":"//XCUIElementTypeButton[@label='Take Picture']"}&amp#27;[39m
[debug] &amp#27;[35m[W3C (fa22c5fe)]&amp#27;[39m Calling AppiumDriver.findElement() with args: ["xpath","//XCUIElementTypeButton[@label='Take Picture']","fa22c5fe-5ae1-4114-abfe-4bea6798cb79"]
[debug] &amp#27;[35m[XCUITest]&amp#27;[39m Executing command 'findElement'
[debug] &amp#27;[35m[BaseDriver]&amp#27;[39m Valid locator strategies for this request: xpath, id, name, class name, -ios predicate string, -ios class chain, accessibility id, css selector
[debug] &amp#27;[35m[BaseDriver]&amp#27;[39m Waiting up to 25000 ms for condition
[debug] &amp#27;[35m[XCUITest]&amp#27;[39m Setting custom timeout to 750000 ms for 'findElement' command
[debug] &amp#27;[35m[WD Proxy]&amp#27;[39m Matched '/element' to command name 'findElement'
[debug] &amp#27;[35m[WD Proxy]&amp#27;[39m Proxying [POST /element] to [POST http://127.0.0.1:8100/session/60DEF1F0-4A14-4727-943C-DB82535553CA/element] with body: {"using":"xpath","value":"//XCUIElementTypeButton[@label='Take Picture']"}
[debug] &amp#27;[35m[WD Proxy]&amp#27;[39m Got response with status 200: {"value":{"ELEMENT":"28030000-0000-0000-5301-000000000000","element-6066-11e4-a52e-4f735466cecf":"28030000-0000-0000-5301-000000000000"},"sessionId":"60DEF1F0-4A14-4727-943C-DB82535553CA"}
[debug] &amp#27;[35m[W3C (fa22c5fe)]&amp#27;[39m Responding to client with driver.findElement() result: {"element-6066-11e4-a52e-4f735466cecf":"28030000-0000-0000-5301-000000000000","ELEMENT":"28030000-0000-0000-5301-000000000000"}
&amp#27;[35m[HTTP]&amp#27;[39m &amp#27;[37m<-- POST /wd/hub/session/fa22c5fe-5ae1-4114-abfe-4bea6798cb79/element &amp#27;[39m&amp#27;[32m200&amp#27;[39m &amp#27;[90m277 ms - 137&amp#27;[39m
&amp#27;[35m[HTTP]&amp#27;[39m &amp#27;[90m&amp#27;[39m
&amp#27;[35m[HTTP]&amp#27;[39m &amp#27;[37m-->&amp#27;[39m &amp#27;[37mPOST&amp#27;[39m &amp#27;[37m/wd/hub/session/fa22c5fe-5ae1-4114-abfe-4bea6798cb79/element/28030000-0000-0000-5301-000000000000/click&amp#27;[39m
&amp#27;[35m[HTTP]&amp#27;[39m &amp#27;[90m{"id":"28030000-0000-0000-5301-000000000000"}&amp#27;[39m
&amp#27;[35m[W3C (fa22c5fe)]&amp#27;[39m Driver proxy active, passing request on via HTTP proxy
[debug] &amp#27;[35m[XCUITest]&amp#27;[39m Executing command 'proxyReqRes'
[debug] &amp#27;[35m[WD Proxy]&amp#27;[39m Matched '/wd/hub/session/fa22c5fe-5ae1-4114-abfe-4bea6798cb79/element/28030000-0000-0000-5301-000000000000/click' to command name 'click'
[debug] &amp#27;[35m[WD Proxy]&amp#27;[39m Proxying [POST /wd/hub/session/fa22c5fe-5ae1-4114-abfe-4bea6798cb79/element/28030000-0000-0000-5301-000000000000/click] to [POST http://127.0.0.1:8100/session/60DEF1F0-4A14-4727-943C-DB82535553CA/element/28030000-0000-0000-5301-000000000000/click] with body: {"id":"28030000-0000-0000-5301-000000000000"}
[debug] &amp#27;[35m[WD Proxy]&amp#27;[39m Got response with status 200: {"value":null,"sessionId":"60DEF1F0-4A14-4727-943C-DB82535553CA"}
&amp#27;[35m[WD Proxy]&amp#27;[39m Replacing sessionId 60DEF1F0-4A14-4727-943C-DB82535553CA with fa22c5fe-5ae1-4114-abfe-4bea6798cb79
&amp#27;[35m[HTTP]&amp#27;[39m &amp#27;[37m<-- POST /wd/hub/session/fa22c5fe-5ae1-4114-abfe-4bea6798cb79/element/28030000-0000-0000-5301-000000000000/click &amp#27;[39m&amp#27;[32m200&amp#27;[39m &amp#27;[90m209 ms - 65&amp#27;[39m
&amp#27;[35m[HTTP]&amp#27;[39m &amp#27;[90m&amp#27;[39m
&amp#27;[35m[HTTP]&amp#27;[39m &amp#27;[37m-->&amp#27;[39m &amp#27;[37mPOST&amp#27;[39m &amp#27;[37m/wd/hub/session/fa22c5fe-5ae1-4114-abfe-4bea6798cb79/element&amp#27;[39m
&amp#27;[35m[HTTP]&amp#27;[39m &amp#27;[90m{"using":"xpath","value":"//XCUIElementTypeButton[@label='Use Photo']"}&amp#27;[39m
[debug] &amp#27;[35m[W3C (fa22c5fe)]&amp#27;[39m Calling AppiumDriver.findElement() with args: ["xpath","//XCUIElementTypeButton[@label='Use Photo']","fa22c5fe-5ae1-4114-abfe-4bea6798cb79"]
[debug] &amp#27;[35m[XCUITest]&amp#27;[39m Executing command 'findElement'
[debug] &amp#27;[35m[BaseDriver]&amp#27;[39m Valid locator strategies for this request: xpath, id, name, class name, -ios predicate string, -ios class chain, accessibility id, css selector
[debug] &amp#27;[35m[BaseDriver]&amp#27;[39m Waiting up to 25000 ms for condition
[debug] &amp#27;[35m[XCUITest]&amp#27;[39m Setting custom timeout to 750000 ms for 'findElement' command
[debug] &amp#27;[35m[WD Proxy]&amp#27;[39m Matched '/element' to command name 'findElement'
[debug] &amp#27;[35m[WD Proxy]&amp#27;[39m Proxying [POST /element] to [POST http://127.0.0.1:8100/session/60DEF1F0-4A14-4727-943C-DB82535553CA/element] with body: {"using":"xpath","value":"//XCUIElementTypeButton[@label='Use Photo']"}
[debug] &amp#27;[35m[WD Proxy]&amp#27;[39m Got response with status 200: {"value":{"ELEMENT":"32030000-0000-0000-5301-000000000000","element-6066-11e4-a52e-4f735466cecf":"32030000-0000-0000-5301-000000000000"},"sessionId":"60DEF1F0-4A14-4727-943C-DB82535553CA"}
[debug] &amp#27;[35m[W3C (fa22c5fe)]&amp#27;[39m Responding to client with driver.findElement() result: {"element-6066-11e4-a52e-4f735466cecf":"32030000-0000-0000-5301-000000000000","ELEMENT":"32030000-0000-0000-5301-000000000000"}
&amp#27;[35m[HTTP]&amp#27;[39m &amp#27;[37m<-- POST /wd/hub/session/fa22c5fe-5ae1-4114-abfe-4bea6798cb79/element &amp#27;[39m&amp#27;[32m200&amp#27;[39m &amp#27;[90m218 ms - 137&amp#27;[39m
&amp#27;[35m[HTTP]&amp#27;[39m &amp#27;[90m&amp#27;[39m
&amp#27;[35m[HTTP]&amp#27;[39m &amp#27;[37m-->&amp#27;[39m &amp#27;[37mPOST&amp#27;[39m &amp#27;[37m/wd/hub/session/fa22c5fe-5ae1-4114-abfe-4bea6798cb79/element/32030000-0000-0000-5301-000000000000/click&amp#27;[39m
&amp#27;[35m[HTTP]&amp#27;[39m &amp#27;[90m{"id":"32030000-0000-0000-5301-000000000000"}&amp#27;[39m
&amp#27;[35m[W3C (fa22c5fe)]&amp#27;[39m Driver proxy active, passing request on via HTTP proxy
[debug] &amp#27;[35m[XCUITest]&amp#27;[39m Executing command 'proxyReqRes'
[debug] &amp#27;[35m[WD Proxy]&amp#27;[39m Matched '/wd/hub/session/fa22c5fe-5ae1-4114-abfe-4bea6798cb79/element/32030000-0000-0000-5301-000000000000/click' to command name 'click'
[debug] &amp#27;[35m[WD Proxy]&amp#27;[39m Proxying [POST /wd/hub/session/fa22c5fe-5ae1-4114-abfe-4bea6798cb79/element/32030000-0000-0000-5301-000000000000/click] to [POST http://127.0.0.1:8100/session/60DEF1F0-4A14-4727-943C-DB82535553CA/element/32030000-0000-0000-5301-000000000000/click] with body: {"id":"32030000-0000-0000-5301-000000000000"}
[debug] &amp#27;[35m[WD Proxy]&amp#27;[39m Got response with status 200: {"value":null,"sessionId":"60DEF1F0-4A14-4727-943C-DB82535553CA"}
&amp#27;[35m[WD Proxy]&amp#27;[39m Replacing sessionId 60DEF1F0-4A14-4727-943C-DB82535553CA with fa22c5fe-5ae1-4114-abfe-4bea6798cb79
&amp#27;[35m[HTTP]&amp#27;[39m &amp#27;[37m<-- POST /wd/hub/session/fa22c5fe-5ae1-4114-abfe-4bea6798cb79/element/32030000-0000-0000-5301-000000000000/click &amp#27;[39m&amp#27;[32m200&amp#27;[39m &amp#27;[90m347 ms - 65&amp#27;[39m
&amp#27;[35m[HTTP]&amp#27;[39m &amp#27;[90m&amp#27;[39m
&amp#27;[35m[HTTP]&amp#27;[39m &amp#27;[37m-->&amp#27;[39m &amp#27;[37mPOST&amp#27;[39m &amp#27;[37m/wd/hub/session/fa22c5fe-5ae1-4114-abfe-4bea6798cb79/element&amp#27;[39m
&amp#27;[35m[HTTP]&amp#27;[39m &amp#27;[90m{"using":"xpath","value":"//XCUIElementTypeApplication[@name=\"Rental+ (ZG)\"]/XCUIElementTypeWindow[1]/XCUIElementTypeOther/XCUIElementTypeOther/XCUIElementTypeOther/XCUIElementTypeOther/XCUIElementTypeOther/XCUIElementTypeOther/XCUIElementTypeOther[2]/XCUIElementTypeOther/XCUIElementTypeScrollView/XCUIElementTypeOther/XCUIElementTypeOther/XCUIElementTypeScrollView/XCUIElementTypeOther[1]/XCUIElementTypeOther[3]/XCUIElementTypeButton[2]\n"}&amp#27;[39m
[debug] &amp#27;[35m[W3C (fa22c5fe)]&amp#27;[39m Calling AppiumDriver.findElement() with args: ["xpath","//XCUIElementTypeApplication[@name=\"Rental+ (ZG)\"]/XCUIElementTypeWindow[1]/XCUIElementTypeOther/XCUIElementTypeOther/XCUIElementTypeOther/XCUIElementTypeOther/XCUIElementTypeOther/XCUIElementTypeOther/XCUIElementTypeOther[2]/XCUIElementTypeOther/XCUIElementTypeScrollView/XCUIElementTypeOther/XCUIElementTypeOther/XCUIElementTypeScrollView/XCUIElementTypeOther[1]/XCUIElementTypeOther[3]/XCUIElementTypeButton[2]\n","fa22c5fe-5ae1-4114-abfe-4bea6798cb79"]
[debug] &amp#27;[35m[XCUITest]&amp#27;[39m Executing command 'findElement'
[debug] &amp#27;[35m[BaseDriver]&amp#27;[39m Valid locator strategies for this request: xpath, id, name, class name, -ios predicate string, -ios class chain, accessibility id, css selector
[debug] &amp#27;[35m[BaseDriver]&amp#27;[39m Waiting up to 25000 ms for condition
[debug] &amp#27;[35m[XCUITest]&amp#27;[39m Setting custom timeout to 750000 ms for 'findElement' command
[debug] &amp#27;[35m[WD Proxy]&amp#27;[39m Matched '/element' to command name 'findElement'
[debug] &amp#27;[35m[WD Proxy]&amp#27;[39m Proxying [POST /element] to [POST http://127.0.0.1:8100/session/60DEF1F0-4A14-4727-943C-DB82535553CA/element] with body: {"using":"xpath","value":"//XCUIElementTypeApplication[@name=\"Rental+ (ZG)\"]/XCUIElementTypeWindow[1]/XCUIElementTypeOther/XCUIElementTypeOther/XCUIElementTypeOther/XCUIElementTypeOther/XCUIElementTypeOther/XCUIElementTypeOther/XCUIElementTypeOther[2]/XCUIElementTypeOther/XCUIElementTypeScrollView/XCUIElementTypeOther/XCUIElementTypeOther/XCUIElementTypeScrollView/XCUIElementTypeOther[1]/XCUIElementTypeOther[3]/XCUIElementTypeButton[2]\n"}
[debug] &amp#27;[35m[WD Proxy]&amp#27;[39m Got response with status 200: {"value":{"ELEMENT":"15030000-0000-0000-5301-000000000000","element-6066-11e4-a52e-4f735466cecf":"15030000-0000-0000-5301-000000000000"},"sessionId":"60DEF1F0-4A14-4727-943C-DB82535553CA"}
[debug] &amp#27;[35m[W3C (fa22c5fe)]&amp#27;[39m Responding to client with driver.findElement() result: {"element-6066-11e4-a52e-4f735466cecf":"15030000-0000-0000-5301-000000000000","ELEMENT":"15030000-0000-0000-5301-000000000000"}
&amp#27;[35m[HTTP]&amp#27;[39m &amp#27;[37m<-- POST /wd/hub/session/fa22c5fe-5ae1-4114-abfe-4bea6798cb79/element &amp#27;[39m&amp#27;[32m200&amp#27;[39m &amp#27;[90m375 ms - 137&amp#27;[39m
&amp#27;[35m[HTTP]&amp#27;[39m &amp#27;[90m&amp#27;[39m
&amp#27;[35m[HTTP]&amp#27;[39m &amp#27;[37m-->&amp#27;[39m &amp#27;[37mPOST&amp#27;[39m &amp#27;[37m/wd/hub/session/fa22c5fe-5ae1-4114-abfe-4bea6798cb79/element/15030000-0000-0000-5301-000000000000/click&amp#27;[39m
&amp#27;[35m[HTTP]&amp#27;[39m &amp#27;[90m{"id":"15030000-0000-0000-5301-000000000000"}&amp#27;[39m
&amp#27;[35m[W3C (fa22c5fe)]&amp#27;[39m Driver proxy active, passing request on via HTTP proxy
[debug] &amp#27;[35m[XCUITest]&amp#27;[39m Executing command 'proxyReqRes'
[debug] &amp#27;[35m[WD Proxy]&amp#27;[39m Matched '/wd/hub/session/fa22c5fe-5ae1-4114-abfe-4bea6798cb79/element/15030000-0000-0000-5301-000000000000/click' to command name 'click'
[debug] &amp#27;[35m[WD Proxy]&amp#27;[39m Proxying [POST /wd/hub/session/fa22c5fe-5ae1-4114-abfe-4bea6798cb79/element/15030000-0000-0000-5301-000000000000/click] to [POST http://127.0.0.1:8100/session/60DEF1F0-4A14-4727-943C-DB82535553CA/element/15030000-0000-0000-5301-000000000000/click] with body: {"id":"15030000-0000-0000-5301-000000000000"}
[debug] &amp#27;[35m[WD Proxy]&amp#27;[39m Got response with status 200: {"value":null,"sessionId":"60DEF1F0-4A14-4727-943C-DB82535553CA"}
&amp#27;[35m[WD Proxy]&amp#27;[39m Replacing sessionId 60DEF1F0-4A14-4727-943C-DB82535553CA with fa22c5fe-5ae1-4114-abfe-4bea6798cb79
&amp#27;[35m[HTTP]&amp#27;[39m &amp#27;[37m<-- POST /wd/hub/session/fa22c5fe-5ae1-4114-abfe-4bea6798cb79/element/15030000-0000-0000-5301-000000000000/click &amp#27;[39m&amp#27;[32m200&amp#27;[39m &amp#27;[90m227 ms - 65&amp#27;[39m
&amp#27;[35m[HTTP]&amp#27;[39m &amp#27;[90m&amp#27;[39m
&amp#27;[35m[HTTP]&amp#27;[39m &amp#27;[37m-->&amp#27;[39m &amp#27;[37mPOST&amp#27;[39m &amp#27;[37m/wd/hub/session/fa22c5fe-5ae1-4114-abfe-4bea6798cb79/element&amp#27;[39m
&amp#27;[35m[HTTP]&amp#27;[39m &amp#27;[90m{"using":"xpath","value":"//XCUIElementTypeApplication[@name=\"Rental+ (ZG)\"]/XCUIElementTypeWindow[1]/XCUIElementTypeOther/XCUIElementTypeOther/XCUIElementTypeOther/XCUIElementTypeOther/XCUIElementTypeOther/XCUIElementTypeOther/XCUIElementTypeOther[2]/XCUIElementTypeOther/XCUIElementTypeScrollView/XCUIElementTypeOther/XCUIElementTypeOther/XCUIElementTypeScrollView/XCUIElementTypeOther[1]/XCUIElementTypeOther[1]/XCUIElementTypeButton"}&amp#27;[39m
[debug] &amp#27;[35m[W3C (fa22c5fe)]&amp#27;[39m Calling AppiumDriver.findElement() with args: ["xpath","//XCUIElementTypeApplication[@name=\"Rental+ (ZG)\"]/XCUIElementTypeWindow[1]/XCUIElementTypeOther/XCUIElementTypeOther/XCUIElementTypeOther/XCUIElementTypeOther/XCUIElementTypeOther/XCUIElementTypeOther/XCUIElementTypeOther[2]/XCUIElementTypeOther/XCUIElementTypeScrollView/XCUIElementTypeOther/XCUIElementTypeOther/XCUIElementTypeScrollView/XCUIElementTypeOther[1]/XCUIElementTypeOther[1]/XCUIElementTypeButton","fa22c5fe-5ae1-4114-abfe-4bea6798cb79"]
[debug] &amp#27;[35m[XCUITest]&amp#27;[39m Executing command 'findElement'
[debug] &amp#27;[35m[BaseDriver]&amp#27;[39m Valid locator strategies for this request: xpath, id, name, class name, -ios predicate string, -ios class chain, accessibility id, css selector
[debug] &amp#27;[35m[BaseDriver]&amp#27;[39m Waiting up to 25000 ms for condition
[debug] &amp#27;[35m[XCUITest]&amp#27;[39m Setting custom timeout to 750000 ms for 'findElement' command
[debug] &amp#27;[35m[WD Proxy]&amp#27;[39m Matched '/element' to command name 'findElement'
[debug] &amp#27;[35m[WD Proxy]&amp#27;[39m Proxying [POST /element] to [POST http://127.0.0.1:8100/session/60DEF1F0-4A14-4727-943C-DB82535553CA/element] with body: {"using":"xpath","value":"//XCUIElementTypeApplication[@name=\"Rental+ (ZG)\"]/XCUIElementTypeWindow[1]/XCUIElementTypeOther/XCUIElementTypeOther/XCUIElementTypeOther/XCUIElementTypeOther/XCUIElementTypeOther/XCUIElementTypeOther/XCUIElementTypeOther[2]/XCUIElementTypeOther/XCUIElementTypeScrollView/XCUIElementTypeOther/XCUIElementTypeOther/XCUIElementTypeScrollView/XCUIElementTypeOther[1]/XCUIElementTypeOther[1]/XCUIElementTypeButton"}
[debug] &amp#27;[35m[WD Proxy]&amp#27;[39m Got response with status 200: {"value":{"ELEMENT":"3E030000-0000-0000-5301-000000000000","element-6066-11e4-a52e-4f735466cecf":"3E030000-0000-0000-5301-000000000000"},"sessionId":"60DEF1F0-4A14-4727-943C-DB82535553CA"}
[debug] &amp#27;[35m[W3C (fa22c5fe)]&amp#27;[39m Responding to client with driver.findElement() result: {"element-6066-11e4-a52e-4f735466cecf":"3E030000-0000-0000-5301-000000000000","ELEMENT":"3E030000-0000-0000-5301-000000000000"}
&amp#27;[35m[HTTP]&amp#27;[39m &amp#27;[37m<-- POST /wd/hub/session/fa22c5fe-5ae1-4114-abfe-4bea6798cb79/element &amp#27;[39m&amp#27;[32m200&amp#27;[39m &amp#27;[90m453 ms - 137&amp#27;[39m
&amp#27;[35m[HTTP]&amp#27;[39m &amp#27;[90m&amp#27;[39m
&amp#27;[35m[HTTP]&amp#27;[39m &amp#27;[37m-->&amp#27;[39m &amp#27;[37mPOST&amp#27;[39m &amp#27;[37m/wd/hub/session/fa22c5fe-5ae1-4114-abfe-4bea6798cb79/element/3E030000-0000-0000-5301-000000000000/click&amp#27;[39m
&amp#27;[35m[HTTP]&amp#27;[39m &amp#27;[90m{"id":"3E030000-0000-0000-5301-000000000000"}&amp#27;[39m
&amp#27;[35m[W3C (fa22c5fe)]&amp#27;[39m Driver proxy active, passing request on via HTTP proxy
[debug] &amp#27;[35m[XCUITest]&amp#27;[39m Executing command 'proxyReqRes'
[debug] &amp#27;[35m[WD Proxy]&amp#27;[39m Matched '/wd/hub/session/fa22c5fe-5ae1-4114-abfe-4bea6798cb79/element/3E030000-0000-0000-5301-000000000000/click' to command name 'click'
[debug] &amp#27;[35m[WD Proxy]&amp#27;[39m Proxying [POST /wd/hub/session/fa22c5fe-5ae1-4114-abfe-4bea6798cb79/element/3E030000-0000-0000-5301-000000000000/click] to [POST http://127.0.0.1:8100/session/60DEF1F0-4A14-4727-943C-DB82535553CA/element/3E030000-0000-0000-5301-000000000000/click] with body: {"id":"3E030000-0000-0000-5301-000000000000"}
[debug] &amp#27;[35m[WD Proxy]&amp#27;[39m Got response with status 200: {"value":null,"sessionId":"60DEF1F0-4A14-4727-943C-DB82535553CA"}
&amp#27;[35m[WD Proxy]&amp#27;[39m Replacing sessionId 60DEF1F0-4A14-4727-943C-DB82535553CA with fa22c5fe-5ae1-4114-abfe-4bea6798cb79
&amp#27;[35m[HTTP]&amp#27;[39m &amp#27;[37m<-- POST /wd/hub/session/fa22c5fe-5ae1-4114-abfe-4bea6798cb79/element/3E030000-0000-0000-5301-000000000000/click &amp#27;[39m&amp#27;[32m200&amp#27;[39m &amp#27;[90m250 ms - 65&amp#27;[39m
&amp#27;[35m[HTTP]&amp#27;[39m &amp#27;[90m&amp#27;[39m
&amp#27;[35m[HTTP]&amp#27;[39m &amp#27;[37m-->&amp#27;[39m &amp#27;[37mPOST&amp#27;[39m &amp#27;[37m/wd/hub/session/fa22c5fe-5ae1-4114-abfe-4bea6798cb79/element&amp#27;[39m
&amp#27;[35m[HTTP]&amp#27;[39m &amp#27;[90m{"using":"xpath","value":"//XCUIElementTypeButton[@label='Take Picture']"}&amp#27;[39m
[debug] &amp#27;[35m[W3C (fa22c5fe)]&amp#27;[39m Calling AppiumDriver.findElement() with args: ["xpath","//XCUIElementTypeButton[@label='Take Picture']","fa22c5fe-5ae1-4114-abfe-4bea6798cb79"]
[debug] &amp#27;[35m[XCUITest]&amp#27;[39m Executing command 'findElement'
[debug] &amp#27;[35m[BaseDriver]&amp#27;[39m Valid locator strategies for this request: xpath, id, name, class name, -ios predicate string, -ios class chain, accessibility id, css selector
[debug] &amp#27;[35m[BaseDriver]&amp#27;[39m Waiting up to 25000 ms for condition
[debug] &amp#27;[35m[XCUITest]&amp#27;[39m Setting custom timeout to 750000 ms for 'findElement' command
[debug] &amp#27;[35m[WD Proxy]&amp#27;[39m Matched '/element' to command name 'findElement'
[debug] &amp#27;[35m[WD Proxy]&amp#27;[39m Proxying [POST /element] to [POST http://127.0.0.1:8100/session/60DEF1F0-4A14-4727-943C-DB82535553CA/element] with body: {"using":"xpath","value":"//XCUIElementTypeButton[@label='Take Picture']"}
[debug] &amp#27;[35m[WD Proxy]&amp#27;[39m Got response with status 200: {"value":{"ELEMENT":"54030000-0000-0000-5301-000000000000","element-6066-11e4-a52e-4f735466cecf":"54030000-0000-0000-5301-000000000000"},"sessionId":"60DEF1F0-4A14-4727-943C-DB82535553CA"}
[debug] &amp#27;[35m[W3C (fa22c5fe)]&amp#27;[39m Responding to client with driver.findElement() result: {"element-6066-11e4-a52e-4f735466cecf":"54030000-0000-0000-5301-000000000000","ELEMENT":"54030000-0000-0000-5301-000000000000"}
&amp#27;[35m[HTTP]&amp#27;[39m &amp#27;[37m<-- POST /wd/hub/session/fa22c5fe-5ae1-4114-abfe-4bea6798cb79/element &amp#27;[39m&amp#27;[32m200&amp#27;[39m &amp#27;[90m250 ms - 137&amp#27;[39m
&amp#27;[35m[HTTP]&amp#27;[39m &amp#27;[90m&amp#27;[39m
&amp#27;[35m[HTTP]&amp#27;[39m &amp#27;[37m-->&amp#27;[39m &amp#27;[37mPOST&amp#27;[39m &amp#27;[37m/wd/hub/session/fa22c5fe-5ae1-4114-abfe-4bea6798cb79/element/54030000-0000-0000-5301-000000000000/click&amp#27;[39m
&amp#27;[35m[HTTP]&amp#27;[39m &amp#27;[90m{"id":"54030000-0000-0000-5301-000000000000"}&amp#27;[39m
&amp#27;[35m[W3C (fa22c5fe)]&amp#27;[39m Driver proxy active, passing request on via HTTP proxy
[debug] &amp#27;[35m[XCUITest]&amp#27;[39m Executing command 'proxyReqRes'
[debug] &amp#27;[35m[WD Proxy]&amp#27;[39m Matched '/wd/hub/session/fa22c5fe-5ae1-4114-abfe-4bea6798cb79/element/54030000-0000-0000-5301-000000000000/click' to command name 'click'
[debug] &amp#27;[35m[WD Proxy]&amp#27;[39m Proxying [POST /wd/hub/session/fa22c5fe-5ae1-4114-abfe-4bea6798cb79/element/54030000-0000-0000-5301-000000000000/click] to [POST http://127.0.0.1:8100/session/60DEF1F0-4A14-4727-943C-DB82535553CA/element/54030000-0000-0000-5301-000000000000/click] with body: {"id":"54030000-0000-0000-5301-000000000000"}
[debug] &amp#27;[35m[WD Proxy]&amp#27;[39m Got response with status 200: {"value":null,"sessionId":"60DEF1F0-4A14-4727-943C-DB82535553CA"}
&amp#27;[35m[WD Proxy]&amp#27;[39m Replacing sessionId 60DEF1F0-4A14-4727-943C-DB82535553CA with fa22c5fe-5ae1-4114-abfe-4bea6798cb79
&amp#27;[35m[HTTP]&amp#27;[39m &amp#27;[37m<-- POST /wd/hub/session/fa22c5fe-5ae1-4114-abfe-4bea6798cb79/element/54030000-0000-0000-5301-000000000000/click &amp#27;[39m&amp#27;[32m200&amp#27;[39m &amp#27;[90m199 ms - 65&amp#27;[39m
&amp#27;[35m[HTTP]&amp#27;[39m &amp#27;[90m&amp#27;[39m
&amp#27;[35m[HTTP]&amp#27;[39m &amp#27;[37m-->&amp#27;[39m &amp#27;[37mPOST&amp#27;[39m &amp#27;[37m/wd/hub/session/fa22c5fe-5ae1-4114-abfe-4bea6798cb79/element&amp#27;[39m
&amp#27;[35m[HTTP]&amp#27;[39m &amp#27;[90m{"using":"xpath","value":"//XCUIElementTypeButton[@label='Use Photo']"}&amp#27;[39m
[debug] &amp#27;[35m[W3C (fa22c5fe)]&amp#27;[39m Calling AppiumDriver.findElement() with args: ["xpath","//XCUIElementTypeButton[@label='Use Photo']","fa22c5fe-5ae1-4114-abfe-4bea6798cb79"]
[debug] &amp#27;[35m[XCUITest]&amp#27;[39m Executing command 'findElement'
[debug] &amp#27;[35m[BaseDriver]&amp#27;[39m Valid locator strategies for this request: xpath, id, name, class name, -ios predicate string, -ios class chain, accessibility id, css selector
[debug] &amp#27;[35m[BaseDriver]&amp#27;[39m Waiting up to 25000 ms for condition
[debug] &amp#27;[35m[XCUITest]&amp#27;[39m Setting custom timeout to 750000 ms for 'findElement' command
[debug] &amp#27;[35m[WD Proxy]&amp#27;[39m Matched '/element' to command name 'findElement'
[debug] &amp#27;[35m[WD Proxy]&amp#27;[39m Proxying [POST /element] to [POST http://127.0.0.1:8100/session/60DEF1F0-4A14-4727-943C-DB82535553CA/element] with body: {"using":"xpath","value":"//XCUIElementTypeButton[@label='Use Photo']"}
[debug] &amp#27;[35m[WD Proxy]&amp#27;[39m Got response with status 200: {"value":{"ELEMENT":"5E030000-0000-0000-5301-000000000000","element-6066-11e4-a52e-4f735466cecf":"5E030000-0000-0000-5301-000000000000"},"sessionId":"60DEF1F0-4A14-4727-943C-DB82535553CA"}
[debug] &amp#27;[35m[W3C (fa22c5fe)]&amp#27;[39m Responding to client with driver.findElement() result: {"element-6066-11e4-a52e-4f735466cecf":"5E030000-0000-0000-5301-000000000000","ELEMENT":"5E030000-0000-0000-5301-000000000000"}
&amp#27;[35m[HTTP]&amp#27;[39m &amp#27;[37m<-- POST /wd/hub/session/fa22c5fe-5ae1-4114-abfe-4bea6798cb79/element &amp#27;[39m&amp#27;[32m200&amp#27;[39m &amp#27;[90m229 ms - 137&amp#27;[39m
&amp#27;[35m[HTTP]&amp#27;[39m &amp#27;[90m&amp#27;[39m
&amp#27;[35m[HTTP]&amp#27;[39m &amp#27;[37m-->&amp#27;[39m &amp#27;[37mPOST&amp#27;[39m &amp#27;[37m/wd/hub/session/fa22c5fe-5ae1-4114-abfe-4bea6798cb79/element/5E030000-0000-0000-5301-000000000000/click&amp#27;[39m
&amp#27;[35m[HTTP]&amp#27;[39m &amp#27;[90m{"id":"5E030000-0000-0000-5301-000000000000"}&amp#27;[39m
&amp#27;[35m[W3C (fa22c5fe)]&amp#27;[39m Driver proxy active, passing request on via HTTP proxy
[debug] &amp#27;[35m[XCUITest]&amp#27;[39m Executing command 'proxyReqRes'
[debug] &amp#27;[35m[WD Proxy]&amp#27;[39m Matched '/wd/hub/session/fa22c5fe-5ae1-4114-abfe-4bea6798cb79/element/5E030000-0000-0000-5301-000000000000/click' to command name 'click'
[debug] &amp#27;[35m[WD Proxy]&amp#27;[39m Proxying [POST /wd/hub/session/fa22c5fe-5ae1-4114-abfe-4bea6798cb79/element/5E030000-0000-0000-5301-000000000000/click] to [POST http://127.0.0.1:8100/session/60DEF1F0-4A14-4727-943C-DB82535553CA/element/5E030000-0000-0000-5301-000000000000/click] with body: {"id":"5E030000-0000-0000-5301-000000000000"}
[debug] &amp#27;[35m[WD Proxy]&amp#27;[39m Got response with status 200: {"value":null,"sessionId":"60DEF1F0-4A14-4727-943C-DB82535553CA"}
&amp#27;[35m[WD Proxy]&amp#27;[39m Replacing sessionId 60DEF1F0-4A14-4727-943C-DB82535553CA with fa22c5fe-5ae1-4114-abfe-4bea6798cb79
&amp#27;[35m[HTTP]&amp#27;[39m &amp#27;[37m<-- POST /wd/hub/session/fa22c5fe-5ae1-4114-abfe-4bea6798cb79/element/5E030000-0000-0000-5301-000000000000/click &amp#27;[39m&amp#27;[32m200&amp#27;[39m &amp#27;[90m358 ms - 65&amp#27;[39m
&amp#27;[35m[HTTP]&amp#27;[39m &amp#27;[90m&amp#27;[39m
&amp#27;[35m[HTTP]&amp#27;[39m &amp#27;[37m-->&amp#27;[39m &amp#27;[37mPOST&amp#27;[39m &amp#27;[37m/wd/hub/session/fa22c5fe-5ae1-4114-abfe-4bea6798cb79/element&amp#27;[39m
&amp#27;[35m[HTTP]&amp#27;[39m &amp#27;[90m{"using":"xpath","value":"//XCUIElementTypeApplication[@name=\"Rental+ (ZG)\"]/XCUIElementTypeWindow[1]/XCUIElementTypeOther/XCUIElementTypeOther/XCUIElementTypeOther/XCUIElementTypeOther/XCUIElementTypeOther/XCUIElementTypeOther/XCUIElementTypeOther[2]/XCUIElementTypeOther/XCUIElementTypeScrollView/XCUIElementTypeOther/XCUIElementTypeOther/XCUIElementTypeScrollView/XCUIElementTypeOther[1]/XCUIElementTypeOther[3]/XCUIElementTypeButton[2]\n"}&amp#27;[39m
[debug] &amp#27;[35m[W3C (fa22c5fe)]&amp#27;[39m Calling AppiumDriver.findElement() with args: ["xpath","//XCUIElementTypeApplication[@name=\"Rental+ (ZG)\"]/XCUIElementTypeWindow[1]/XCUIElementTypeOther/XCUIElementTypeOther/XCUIElementTypeOther/XCUIElementTypeOther/XCUIElementTypeOther/XCUIElementTypeOther/XCUIElementTypeOther[2]/XCUIElementTypeOther/XCUIElementTypeScrollView/XCUIElementTypeOther/XCUIElementTypeOther/XCUIElementTypeScrollView/XCUIElementTypeOther[1]/XCUIElementTypeOther[3]/XCUIElementTypeButton[2]\n","fa22c5fe-5ae1-4114-abfe-4bea6798cb79"]
[debug] &amp#27;[35m[XCUITest]&amp#27;[39m Executing command 'findElement'
[debug] &amp#27;[35m[BaseDriver]&amp#27;[39m Valid locator strategies for this request: xpath, id, name, class name, -ios predicate string, -ios class chain, accessibility id, css selector
[debug] &amp#27;[35m[BaseDriver]&amp#27;[39m Waiting up to 25000 ms for condition
[debug] &amp#27;[35m[XCUITest]&amp#27;[39m Setting custom timeout to 750000 ms for 'findElement' command
[debug] &amp#27;[35m[WD Proxy]&amp#27;[39m Matched '/element' to command name 'findElement'
[debug] &amp#27;[35m[WD Proxy]&amp#27;[39m Proxying [POST /element] to [POST http://127.0.0.1:8100/session/60DEF1F0-4A14-4727-943C-DB82535553CA/element] with body: {"using":"xpath","value":"//XCUIElementTypeApplication[@name=\"Rental+ (ZG)\"]/XCUIElementTypeWindow[1]/XCUIElementTypeOther/XCUIElementTypeOther/XCUIElementTypeOther/XCUIElementTypeOther/XCUIElementTypeOther/XCUIElementTypeOther/XCUIElementTypeOther[2]/XCUIElementTypeOther/XCUIElementTypeScrollView/XCUIElementTypeOther/XCUIElementTypeOther/XCUIElementTypeScrollView/XCUIElementTypeOther[1]/XCUIElementTypeOther[3]/XCUIElementTypeButton[2]\n"}
[debug] &amp#27;[35m[WD Proxy]&amp#27;[39m Got response with status 200: {"value":{"ELEMENT":"41030000-0000-0000-5301-000000000000","element-6066-11e4-a52e-4f735466cecf":"41030000-0000-0000-5301-000000000000"},"sessionId":"60DEF1F0-4A14-4727-943C-DB82535553CA"}
[debug] &amp#27;[35m[W3C (fa22c5fe)]&amp#27;[39m Responding to client with driver.findElement() result: {"element-6066-11e4-a52e-4f735466cecf":"41030000-0000-0000-5301-000000000000","ELEMENT":"41030000-0000-0000-5301-000000000000"}
&amp#27;[35m[HTTP]&amp#27;[39m &amp#27;[37m<-- POST /wd/hub/session/fa22c5fe-5ae1-4114-abfe-4bea6798cb79/element &amp#27;[39m&amp#27;[32m200&amp#27;[39m &amp#27;[90m410 ms - 137&amp#27;[39m
&amp#27;[35m[HTTP]&amp#27;[39m &amp#27;[90m&amp#27;[39m
&amp#27;[35m[HTTP]&amp#27;[39m &amp#27;[37m-->&amp#27;[39m &amp#27;[37mPOST&amp#27;[39m &amp#27;[37m/wd/hub/session/fa22c5fe-5ae1-4114-abfe-4bea6798cb79/element/41030000-0000-0000-5301-000000000000/click&amp#27;[39m
&amp#27;[35m[HTTP]&amp#27;[39m &amp#27;[90m{"id":"41030000-0000-0000-5301-000000000000"}&amp#27;[39m
&amp#27;[35m[W3C (fa22c5fe)]&amp#27;[39m Driver proxy active, passing request on via HTTP proxy
[debug] &amp#27;[35m[XCUITest]&amp#27;[39m Executing command 'proxyReqRes'
[debug] &amp#27;[35m[WD Proxy]&amp#27;[39m Matched '/wd/hub/session/fa22c5fe-5ae1-4114-abfe-4bea6798cb79/element/41030000-0000-0000-5301-000000000000/click' to command name 'click'
[debug] &amp#27;[35m[WD Proxy]&amp#27;[39m Proxying [POST /wd/hub/session/fa22c5fe-5ae1-4114-abfe-4bea6798cb79/element/41030000-0000-0000-5301-000000000000/click] to [POST http://127.0.0.1:8100/session/60DEF1F0-4A14-4727-943C-DB82535553CA/element/41030000-0000-0000-5301-000000000000/click] with body: {"id":"41030000-0000-0000-5301-000000000000"}
[debug] &amp#27;[35m[WD Proxy]&amp#27;[39m Got response with status 200: {"value":null,"sessionId":"60DEF1F0-4A14-4727-943C-DB82535553CA"}
&amp#27;[35m[WD Proxy]&amp#27;[39m Replacing sessionId 60DEF1F0-4A14-4727-943C-DB82535553CA with fa22c5fe-5ae1-4114-abfe-4bea6798cb79
&amp#27;[35m[HTTP]&amp#27;[39m &amp#27;[37m<-- POST /wd/hub/session/fa22c5fe-5ae1-4114-abfe-4bea6798cb79/element/41030000-0000-0000-5301-000000000000/click &amp#27;[39m&amp#27;[32m200&amp#27;[39m &amp#27;[90m243 ms - 65&amp#27;[39m
&amp#27;[35m[HTTP]&amp#27;[39m &amp#27;[90m&amp#27;[39m
&amp#27;[35m[HTTP]&amp#27;[39m &amp#27;[37m-->&amp#27;[39m &amp#27;[37mPOST&amp#27;[39m &amp#27;[37m/wd/hub/session/fa22c5fe-5ae1-4114-abfe-4bea6798cb79/element&amp#27;[39m
&amp#27;[35m[HTTP]&amp#27;[39m &amp#27;[90m{"using":"xpath","value":"//XCUIElementTypeApplication[@name=\"Rental+ (ZG)\"]/XCUIElementTypeWindow[1]/XCUIElementTypeOther/XCUIElementTypeOther/XCUIElementTypeOther/XCUIElementTypeOther/XCUIElementTypeOther/XCUIElementTypeOther/XCUIElementTypeOther[2]/XCUIElementTypeOther/XCUIElementTypeScrollView/XCUIElementTypeOther/XCUIElementTypeOther/XCUIElementTypeScrollView/XCUIElementTypeOther[1]/XCUIElementTypeOther[1]/XCUIElementTypeButton"}&amp#27;[39m
[debug] &amp#27;[35m[W3C (fa22c5fe)]&amp#27;[39m Calling AppiumDriver.findElement() with args: ["xpath","//XCUIElementTypeApplication[@name=\"Rental+ (ZG)\"]/XCUIElementTypeWindow[1]/XCUIElementTypeOther/XCUIElementTypeOther/XCUIElementTypeOther/XCUIElementTypeOther/XCUIElementTypeOther/XCUIElementTypeOther/XCUIElementTypeOther[2]/XCUIElementTypeOther/XCUIElementTypeScrollView/XCUIElementTypeOther/XCUIElementTypeOther/XCUIElementTypeScrollView/XCUIElementTypeOther[1]/XCUIElementTypeOther[1]/XCUIElementTypeButton","fa22c5fe-5ae1-4114-abfe-4bea6798cb79"]
[debug] &amp#27;[35m[XCUITest]&amp#27;[39m Executing command 'findElement'
[debug] &amp#27;[35m[BaseDriver]&amp#27;[39m Valid locator strategies for this request: xpath, id, name, class name, -ios predicate string, -ios class chain, accessibility id, css selector
[debug] &amp#27;[35m[BaseDriver]&amp#27;[39m Waiting up to 25000 ms for condition
[debug] &amp#27;[35m[XCUITest]&amp#27;[39m Setting custom timeout to 750000 ms for 'findElement' command
[debug] &amp#27;[35m[WD Proxy]&amp#27;[39m Matched '/element' to command name 'findElement'
[debug] &amp#27;[35m[WD Proxy]&amp#27;[39m Proxying [POST /element] to [POST http://127.0.0.1:8100/session/60DEF1F0-4A14-4727-943C-DB82535553CA/element] with body: {"using":"xpath","value":"//XCUIElementTypeApplication[@name=\"Rental+ (ZG)\"]/XCUIElementTypeWindow[1]/XCUIElementTypeOther/XCUIElementTypeOther/XCUIElementTypeOther/XCUIElementTypeOther/XCUIElementTypeOther/XCUIElementTypeOther/XCUIElementTypeOther[2]/XCUIElementTypeOther/XCUIElementTypeScrollView/XCUIElementTypeOther/XCUIElementTypeOther/XCUIElementTypeScrollView/XCUIElementTypeOther[1]/XCUIElementTypeOther[1]/XCUIElementTypeButton"}
[debug] &amp#27;[35m[WD Proxy]&amp#27;[39m Got response with status 200: {"value":{"ELEMENT":"6A030000-0000-0000-5301-000000000000","element-6066-11e4-a52e-4f735466cecf":"6A030000-0000-0000-5301-000000000000"},"sessionId":"60DEF1F0-4A14-4727-943C-DB82535553CA"}
[debug] &amp#27;[35m[W3C (fa22c5fe)]&amp#27;[39m Responding to client with driver.findElement() result: {"element-6066-11e4-a52e-4f735466cecf":"6A030000-0000-0000-5301-000000000000","ELEMENT":"6A030000-0000-0000-5301-000000000000"}
&amp#27;[35m[HTTP]&amp#27;[39m &amp#27;[37m<-- POST /wd/hub/session/fa22c5fe-5ae1-4114-abfe-4bea6798cb79/element &amp#27;[39m&amp#27;[32m200&amp#27;[39m &amp#27;[90m425 ms - 137&amp#27;[39m
&amp#27;[35m[HTTP]&amp#27;[39m &amp#27;[90m&amp#27;[39m
&amp#27;[35m[HTTP]&amp#27;[39m &amp#27;[37m-->&amp#27;[39m &amp#27;[37mPOST&amp#27;[39m &amp#27;[37m/wd/hub/session/fa22c5fe-5ae1-4114-abfe-4bea6798cb79/element/6A030000-0000-0000-5301-000000000000/click&amp#27;[39m
&amp#27;[35m[HTTP]&amp#27;[39m &amp#27;[90m{"id":"6A030000-0000-0000-5301-000000000000"}&amp#27;[39m
&amp#27;[35m[W3C (fa22c5fe)]&amp#27;[39m Driver proxy active, passing request on via HTTP proxy
[debug] &amp#27;[35m[XCUITest]&amp#27;[39m Executing command 'proxyReqRes'
[debug] &amp#27;[35m[WD Proxy]&amp#27;[39m Matched '/wd/hub/session/fa22c5fe-5ae1-4114-abfe-4bea6798cb79/element/6A030000-0000-0000-5301-000000000000/click' to command name 'click'
[debug] &amp#27;[35m[WD Proxy]&amp#27;[39m Proxying [POST /wd/hub/session/fa22c5fe-5ae1-4114-abfe-4bea6798cb79/element/6A030000-0000-0000-5301-000000000000/click] to [POST http://127.0.0.1:8100/session/60DEF1F0-4A14-4727-943C-DB82535553CA/element/6A030000-0000-0000-5301-000000000000/click] with body: {"id":"6A030000-0000-0000-5301-000000000000"}
[debug] &amp#27;[35m[WD Proxy]&amp#27;[39m Got response with status 200: {"value":null,"sessionId":"60DEF1F0-4A14-4727-943C-DB82535553CA"}
&amp#27;[35m[WD Proxy]&amp#27;[39m Replacing sessionId 60DEF1F0-4A14-4727-943C-DB82535553CA with fa22c5fe-5ae1-4114-abfe-4bea6798cb79
&amp#27;[35m[HTTP]&amp#27;[39m &amp#27;[37m<-- POST /wd/hub/session/fa22c5fe-5ae1-4114-abfe-4bea6798cb79/element/6A030000-0000-0000-5301-000000000000/click &amp#27;[39m&amp#27;[32m200&amp#27;[39m &amp#27;[90m258 ms - 65&amp#27;[39m
&amp#27;[35m[HTTP]&amp#27;[39m &amp#27;[90m&amp#27;[39m
&amp#27;[35m[HTTP]&amp#27;[39m &amp#27;[37m-->&amp#27;[39m &amp#27;[37mPOST&amp#27;[39m &amp#27;[37m/wd/hub/session/fa22c5fe-5ae1-4114-abfe-4bea6798cb79/element&amp#27;[39m
&amp#27;[35m[HTTP]&amp#27;[39m &amp#27;[90m{"using":"xpath","value":"//XCUIElementTypeButton[@label='Take Picture']"}&amp#27;[39m
[debug] &amp#27;[35m[W3C (fa22c5fe)]&amp#27;[39m Calling AppiumDriver.findElement() with args: ["xpath","//XCUIElementTypeButton[@label='Take Picture']","fa22c5fe-5ae1-4114-abfe-4bea6798cb79"]
[debug] &amp#27;[35m[XCUITest]&amp#27;[39m Executing command 'findElement'
[debug] &amp#27;[35m[BaseDriver]&amp#27;[39m Valid locator strategies for this request: xpath, id, name, class name, -ios predicate string, -ios class chain, accessibility id, css selector
[debug] &amp#27;[35m[BaseDriver]&amp#27;[39m Waiting up to 25000 ms for condition
[debug] &amp#27;[35m[XCUITest]&amp#27;[39m Setting custom timeout to 750000 ms for 'findElement' command
[debug] &amp#27;[35m[WD Proxy]&amp#27;[39m Matched '/element' to command name 'findElement'
[debug] &amp#27;[35m[WD Proxy]&amp#27;[39m Proxying [POST /element] to [POST http://127.0.0.1:8100/session/60DEF1F0-4A14-4727-943C-DB82535553CA/element] with body: {"using":"xpath","value":"//XCUIElementTypeButton[@label='Take Picture']"}
[debug] &amp#27;[35m[WD Proxy]&amp#27;[39m Got response with status 200: {"value":{"ELEMENT":"80030000-0000-0000-5301-000000000000","element-6066-11e4-a52e-4f735466cecf":"80030000-0000-0000-5301-000000000000"},"sessionId":"60DEF1F0-4A14-4727-943C-DB82535553CA"}
[debug] &amp#27;[35m[W3C (fa22c5fe)]&amp#27;[39m Responding to client with driver.findElement() result: {"element-6066-11e4-a52e-4f735466cecf":"80030000-0000-0000-5301-000000000000","ELEMENT":"80030000-0000-0000-5301-000000000000"}
&amp#27;[35m[HTTP]&amp#27;[39m &amp#27;[37m<-- POST /wd/hub/session/fa22c5fe-5ae1-4114-abfe-4bea6798cb79/element &amp#27;[39m&amp#27;[32m200&amp#27;[39m &amp#27;[90m296 ms - 137&amp#27;[39m
&amp#27;[35m[HTTP]&amp#27;[39m &amp#27;[90m&amp#27;[39m
&amp#27;[35m[HTTP]&amp#27;[39m &amp#27;[37m-->&amp#27;[39m &amp#27;[37mPOST&amp#27;[39m &amp#27;[37m/wd/hub/session/fa22c5fe-5ae1-4114-abfe-4bea6798cb79/element/80030000-0000-0000-5301-000000000000/click&amp#27;[39m
&amp#27;[35m[HTTP]&amp#27;[39m &amp#27;[90m{"id":"80030000-0000-0000-5301-000000000000"}&amp#27;[39m
&amp#27;[35m[W3C (fa22c5fe)]&amp#27;[39m Driver proxy active, passing request on via HTTP proxy
[debug] &amp#27;[35m[XCUITest]&amp#27;[39m Executing command 'proxyReqRes'
[debug] &amp#27;[35m[WD Proxy]&amp#27;[39m Matched '/wd/hub/session/fa22c5fe-5ae1-4114-abfe-4bea6798cb79/element/80030000-0000-0000-5301-000000000000/click' to command name 'click'
[debug] &amp#27;[35m[WD Proxy]&amp#27;[39m Proxying [POST /wd/hub/session/fa22c5fe-5ae1-4114-abfe-4bea6798cb79/element/80030000-0000-0000-5301-000000000000/click] to [POST http://127.0.0.1:8100/session/60DEF1F0-4A14-4727-943C-DB82535553CA/element/80030000-0000-0000-5301-000000000000/click] with body: {"id":"80030000-0000-0000-5301-000000000000"}
[debug] &amp#27;[35m[WD Proxy]&amp#27;[39m Got response with status 200: {"value":null,"sessionId":"60DEF1F0-4A14-4727-943C-DB82535553CA"}
&amp#27;[35m[WD Proxy]&amp#27;[39m Replacing sessionId 60DEF1F0-4A14-4727-943C-DB82535553CA with fa22c5fe-5ae1-4114-abfe-4bea6798cb79
&amp#27;[35m[HTTP]&amp#27;[39m &amp#27;[37m<-- POST /wd/hub/session/fa22c5fe-5ae1-4114-abfe-4bea6798cb79/element/80030000-0000-0000-5301-000000000000/click &amp#27;[39m&amp#27;[32m200&amp#27;[39m &amp#27;[90m198 ms - 65&amp#27;[39m
&amp#27;[35m[HTTP]&amp#27;[39m &amp#27;[90m&amp#27;[39m
&amp#27;[35m[HTTP]&amp#27;[39m &amp#27;[37m-->&amp#27;[39m &amp#27;[37mPOST&amp#27;[39m &amp#27;[37m/wd/hub/session/fa22c5fe-5ae1-4114-abfe-4bea6798cb79/element&amp#27;[39m
&amp#27;[35m[HTTP]&amp#27;[39m &amp#27;[90m{"using":"xpath","value":"//XCUIElementTypeButton[@label='Use Photo']"}&amp#27;[39m
[debug] &amp#27;[35m[W3C (fa22c5fe)]&amp#27;[39m Calling AppiumDriver.findElement() with args: ["xpath","//XCUIElementTypeButton[@label='Use Photo']","fa22c5fe-5ae1-4114-abfe-4bea6798cb79"]
[debug] &amp#27;[35m[XCUITest]&amp#27;[39m Executing command 'findElement'
[debug] &amp#27;[35m[BaseDriver]&amp#27;[39m Valid locator strategies for this request: xpath, id, name, class name, -ios predicate string, -ios class chain, accessibility id, css selector
[debug] &amp#27;[35m[BaseDriver]&amp#27;[39m Waiting up to 25000 ms for condition
[debug] &amp#27;[35m[XCUITest]&amp#27;[39m Setting custom timeout to 750000 ms for 'findElement' command
[debug] &amp#27;[35m[WD Proxy]&amp#27;[39m Matched '/element' to command name 'findElement'
[debug] &amp#27;[35m[WD Proxy]&amp#27;[39m Proxying [POST /element] to [POST http://127.0.0.1:8100/session/60DEF1F0-4A14-4727-943C-DB82535553CA/element] with body: {"using":"xpath","value":"//XCUIElementTypeButton[@label='Use Photo']"}
[debug] &amp#27;[35m[WD Proxy]&amp#27;[39m Got response with status 200: {"value":{"ELEMENT":"8A030000-0000-0000-5301-000000000000","element-6066-11e4-a52e-4f735466cecf":"8A030000-0000-0000-5301-000000000000"},"sessionId":"60DEF1F0-4A14-4727-943C-DB82535553CA"}
[debug] &amp#27;[35m[W3C (fa22c5fe)]&amp#27;[39m Responding to client with driver.findElement() result: {"element-6066-11e4-a52e-4f735466cecf":"8A030000-0000-0000-5301-000000000000","ELEMENT":"8A030000-0000-0000-5301-000000000000"}
&amp#27;[35m[HTTP]&amp#27;[39m &amp#27;[37m<-- POST /wd/hub/session/fa22c5fe-5ae1-4114-abfe-4bea6798cb79/element &amp#27;[39m&amp#27;[32m200&amp#27;[39m &amp#27;[90m213 ms - 137&amp#27;[39m
&amp#27;[35m[HTTP]&amp#27;[39m &amp#27;[90m&amp#27;[39m
&amp#27;[35m[HTTP]&amp#27;[39m &amp#27;[37m-->&amp#27;[39m &amp#27;[37mPOST&amp#27;[39m &amp#27;[37m/wd/hub/session/fa22c5fe-5ae1-4114-abfe-4bea6798cb79/element/8A030000-0000-0000-5301-000000000000/click&amp#27;[39m
&amp#27;[35m[HTTP]&amp#27;[39m &amp#27;[90m{"id":"8A030000-0000-0000-5301-000000000000"}&amp#27;[39m
&amp#27;[35m[W3C (fa22c5fe)]&amp#27;[39m Driver proxy active, passing request on via HTTP proxy
[debug] &amp#27;[35m[XCUITest]&amp#27;[39m Executing command 'proxyReqRes'
[debug] &amp#27;[35m[WD Proxy]&amp#27;[39m Matched '/wd/hub/session/fa22c5fe-5ae1-4114-abfe-4bea6798cb79/element/8A030000-0000-0000-5301-000000000000/click' to command name 'click'
[debug] &amp#27;[35m[WD Proxy]&amp#27;[39m Proxying [POST /wd/hub/session/fa22c5fe-5ae1-4114-abfe-4bea6798cb79/element/8A030000-0000-0000-5301-000000000000/click] to [POST http://127.0.0.1:8100/session/60DEF1F0-4A14-4727-943C-DB82535553CA/element/8A030000-0000-0000-5301-000000000000/click] with body: {"id":"8A030000-0000-0000-5301-000000000000"}
[debug] &amp#27;[35m[WD Proxy]&amp#27;[39m Got response with status 200: {"value":null,"sessionId":"60DEF1F0-4A14-4727-943C-DB82535553CA"}
&amp#27;[35m[WD Proxy]&amp#27;[39m Replacing sessionId 60DEF1F0-4A14-4727-943C-DB82535553CA with fa22c5fe-5ae1-4114-abfe-4bea6798cb79
&amp#27;[35m[HTTP]&amp#27;[39m &amp#27;[37m<-- POST /wd/hub/session/fa22c5fe-5ae1-4114-abfe-4bea6798cb79/element/8A030000-0000-0000-5301-000000000000/click &amp#27;[39m&amp#27;[32m200&amp#27;[39m &amp#27;[90m349 ms - 65&amp#27;[39m
&amp#27;[35m[HTTP]&amp#27;[39m &amp#27;[90m&amp#27;[39m
&amp#27;[35m[HTTP]&amp#27;[39m &amp#27;[37m-->&amp#27;[39m &amp#27;[37mPOST&amp#27;[39m &amp#27;[37m/wd/hub/session/fa22c5fe-5ae1-4114-abfe-4bea6798cb79/element&amp#27;[39m
&amp#27;[35m[HTTP]&amp#27;[39m &amp#27;[90m{"using":"xpath","value":"//XCUIElementTypeApplication[@name=\"Rental+ (ZG)\"]/XCUIElementTypeWindow[1]/XCUIElementTypeOther/XCUIElementTypeOther/XCUIElementTypeOther/XCUIElementTypeOther/XCUIElementTypeOther/XCUIElementTypeOther/XCUIElementTypeOther[2]/XCUIElementTypeOther/XCUIElementTypeScrollView/XCUIElementTypeOther/XCUIElementTypeOther/XCUIElementTypeScrollView/XCUIElementTypeOther[1]/XCUIElementTypeOther[3]/XCUIElementTypeButton[2]\n"}&amp#27;[39m
[debug] &amp#27;[35m[W3C (fa22c5fe)]&amp#27;[39m Calling AppiumDriver.findElement() with args: ["xpath","//XCUIElementTypeApplication[@name=\"Rental+ (ZG)\"]/XCUIElementTypeWindow[1]/XCUIElementTypeOther/XCUIElementTypeOther/XCUIElementTypeOther/XCUIElementTypeOther/XCUIElementTypeOther/XCUIElementTypeOther/XCUIElementTypeOther[2]/XCUIElementTypeOther/XCUIElementTypeScrollView/XCUIElementTypeOther/XCUIElementTypeOther/XCUIElementTypeScrollView/XCUIElementTypeOther[1]/XCUIElementTypeOther[3]/XCUIElementTypeButton[2]\n","fa22c5fe-5ae1-4114-abfe-4bea6798cb79"]
[debug] &amp#27;[35m[XCUITest]&amp#27;[39m Executing command 'findElement'
[debug] &amp#27;[35m[BaseDriver]&amp#27;[39m Valid locator strategies for this request: xpath, id, name, class name, -ios predicate string, -ios class chain, accessibility id, css selector
[debug] &amp#27;[35m[BaseDriver]&amp#27;[39m Waiting up to 25000 ms for condition
[debug] &amp#27;[35m[XCUITest]&amp#27;[39m Setting custom timeout to 750000 ms for 'findElement' command
[debug] &amp#27;[35m[WD Proxy]&amp#27;[39m Matched '/element' to command name 'findElement'
[debug] &amp#27;[35m[WD Proxy]&amp#27;[39m Proxying [POST /element] to [POST http://127.0.0.1:8100/session/60DEF1F0-4A14-4727-943C-DB82535553CA/element] with body: {"using":"xpath","value":"//XCUIElementTypeApplication[@name=\"Rental+ (ZG)\"]/XCUIElementTypeWindow[1]/XCUIElementTypeOther/XCUIElementTypeOther/XCUIElementTypeOther/XCUIElementTypeOther/XCUIElementTypeOther/XCUIElementTypeOther/XCUIElementTypeOther[2]/XCUIElementTypeOther/XCUIElementTypeScrollView/XCUIElementTypeOther/XCUIElementTypeOther/XCUIElementTypeScrollView/XCUIElementTypeOther[1]/XCUIElementTypeOther[3]/XCUIElementTypeButton[2]\n"}
[debug] &amp#27;[35m[WD Proxy]&amp#27;[39m Got response with status 200: {"value":{"ELEMENT":"6D030000-0000-0000-5301-000000000000","element-6066-11e4-a52e-4f735466cecf":"6D030000-0000-0000-5301-000000000000"},"sessionId":"60DEF1F0-4A14-4727-943C-DB82535553CA"}
[debug] &amp#27;[35m[W3C (fa22c5fe)]&amp#27;[39m Responding to client with driver.findElement() result: {"element-6066-11e4-a52e-4f735466cecf":"6D030000-0000-0000-5301-000000000000","ELEMENT":"6D030000-0000-0000-5301-000000000000"}
&amp#27;[35m[HTTP]&amp#27;[39m &amp#27;[37m<-- POST /wd/hub/session/fa22c5fe-5ae1-4114-abfe-4bea6798cb79/element &amp#27;[39m&amp#27;[32m200&amp#27;[39m &amp#27;[90m385 ms - 137&amp#27;[39m
&amp#27;[35m[HTTP]&amp#27;[39m &amp#27;[90m&amp#27;[39m
&amp#27;[35m[HTTP]&amp#27;[39m &amp#27;[37m-->&amp#27;[39m &amp#27;[37mPOST&amp#27;[39m &amp#27;[37m/wd/hub/session/fa22c5fe-5ae1-4114-abfe-4bea6798cb79/element/6D030000-0000-0000-5301-000000000000/click&amp#27;[39m
&amp#27;[35m[HTTP]&amp#27;[39m &amp#27;[90m{"id":"6D030000-0000-0000-5301-000000000000"}&amp#27;[39m
&amp#27;[35m[W3C (fa22c5fe)]&amp#27;[39m Driver proxy active, passing request on via HTTP proxy
[debug] &amp#27;[35m[XCUITest]&amp#27;[39m Executing command 'proxyReqRes'
[debug] &amp#27;[35m[WD Proxy]&amp#27;[39m Matched '/wd/hub/session/fa22c5fe-5ae1-4114-abfe-4bea6798cb79/element/6D030000-0000-0000-5301-000000000000/click' to command name 'click'
[debug] &amp#27;[35m[WD Proxy]&amp#27;[39m Proxying [POST /wd/hub/session/fa22c5fe-5ae1-4114-abfe-4bea6798cb79/element/6D030000-0000-0000-5301-000000000000/click] to [POST http://127.0.0.1:8100/session/60DEF1F0-4A14-4727-943C-DB82535553CA/element/6D030000-0000-0000-5301-000000000000/click] with body: {"id":"6D030000-0000-0000-5301-000000000000"}
[debug] &amp#27;[35m[WD Proxy]&amp#27;[39m Got response with status 200: {"value":null,"sessionId":"60DEF1F0-4A14-4727-943C-DB82535553CA"}
&amp#27;[35m[WD Proxy]&amp#27;[39m Replacing sessionId 60DEF1F0-4A14-4727-943C-DB82535553CA with fa22c5fe-5ae1-4114-abfe-4bea6798cb79
&amp#27;[35m[HTTP]&amp#27;[39m &amp#27;[37m<-- POST /wd/hub/session/fa22c5fe-5ae1-4114-abfe-4bea6798cb79/element/6D030000-0000-0000-5301-000000000000/click &amp#27;[39m&amp#27;[32m200&amp#27;[39m &amp#27;[90m237 ms - 65&amp#27;[39m
&amp#27;[35m[HTTP]&amp#27;[39m &amp#27;[90m&amp#27;[39m
&amp#27;[35m[HTTP]&amp#27;[39m &amp#27;[37m-->&amp#27;[39m &amp#27;[37mPOST&amp#27;[39m &amp#27;[37m/wd/hub/session/fa22c5fe-5ae1-4114-abfe-4bea6798cb79/element&amp#27;[39m
&amp#27;[35m[HTTP]&amp#27;[39m &amp#27;[90m{"using":"xpath","value":"//XCUIElementTypeApplication[@name=\"Rental+ (ZG)\"]/XCUIElementTypeWindow[1]/XCUIElementTypeOther/XCUIElementTypeOther/XCUIElementTypeOther/XCUIElementTypeOther/XCUIElementTypeOther/XCUIElementTypeOther/XCUIElementTypeOther[2]/XCUIElementTypeOther/XCUIElementTypeScrollView/XCUIElementTypeOther/XCUIElementTypeOther/XCUIElementTypeScrollView/XCUIElementTypeOther[1]/XCUIElementTypeOther[1]/XCUIElementTypeButton"}&amp#27;[39m
[debug] &amp#27;[35m[W3C (fa22c5fe)]&amp#27;[39m Calling AppiumDriver.findElement() with args: ["xpath","//XCUIElementTypeApplication[@name=\"Rental+ (ZG)\"]/XCUIElementTypeWindow[1]/XCUIElementTypeOther/XCUIElementTypeOther/XCUIElementTypeOther/XCUIElementTypeOther/XCUIElementTypeOther/XCUIElementTypeOther/XCUIElementTypeOther[2]/XCUIElementTypeOther/XCUIElementTypeScrollView/XCUIElementTypeOther/XCUIElementTypeOther/XCUIElementTypeScrollView/XCUIElementTypeOther[1]/XCUIElementTypeOther[1]/XCUIElementTypeButton","fa22c5fe-5ae1-4114-abfe-4bea6798cb79"]
[debug] &amp#27;[35m[XCUITest]&amp#27;[39m Executing command 'findElement'
[debug] &amp#27;[35m[BaseDriver]&amp#27;[39m Valid locator strategies for this request: xpath, id, name, class name, -ios predicate string, -ios class chain, accessibility id, css selector
[debug] &amp#27;[35m[BaseDriver]&amp#27;[39m Waiting up to 25000 ms for condition
[debug] &amp#27;[35m[XCUITest]&amp#27;[39m Setting custom timeout to 750000 ms for 'findElement' command
[debug] &amp#27;[35m[WD Proxy]&amp#27;[39m Matched '/element' to command name 'findElement'
[debug] &amp#27;[35m[WD Proxy]&amp#27;[39m Proxying [POST /element] to [POST http://127.0.0.1:8100/session/60DEF1F0-4A14-4727-943C-DB82535553CA/element] with body: {"using":"xpath","value":"//XCUIElementTypeApplication[@name=\"Rental+ (ZG)\"]/XCUIElementTypeWindow[1]/XCUIElementTypeOther/XCUIElementTypeOther/XCUIElementTypeOther/XCUIElementTypeOther/XCUIElementTypeOther/XCUIElementTypeOther/XCUIElementTypeOther[2]/XCUIElementTypeOther/XCUIElementTypeScrollView/XCUIElementTypeOther/XCUIElementTypeOther/XCUIElementTypeScrollView/XCUIElementTypeOther[1]/XCUIElementTypeOther[1]/XCUIElementTypeButton"}
[debug] &amp#27;[35m[WD Proxy]&amp#27;[39m Got response with status 200: {"value":{"ELEMENT":"96030000-0000-0000-5301-000000000000","element-6066-11e4-a52e-4f735466cecf":"96030000-0000-0000-5301-000000000000"},"sessionId":"60DEF1F0-4A14-4727-943C-DB82535553CA"}
[debug] &amp#27;[35m[W3C (fa22c5fe)]&amp#27;[39m Responding to client with driver.findElement() result: {"element-6066-11e4-a52e-4f735466cecf":"96030000-0000-0000-5301-000000000000","ELEMENT":"96030000-0000-0000-5301-000000000000"}
&amp#27;[35m[HTTP]&amp#27;[39m &amp#27;[37m<-- POST /wd/hub/session/fa22c5fe-5ae1-4114-abfe-4bea6798cb79/element &amp#27;[39m&amp#27;[32m200&amp#27;[39m &amp#27;[90m414 ms - 137&amp#27;[39m
&amp#27;[35m[HTTP]&amp#27;[39m &amp#27;[90m&amp#27;[39m
&amp#27;[35m[HTTP]&amp#27;[39m &amp#27;[37m-->&amp#27;[39m &amp#27;[37mPOST&amp#27;[39m &amp#27;[37m/wd/hub/session/fa22c5fe-5ae1-4114-abfe-4bea6798cb79/element/96030000-0000-0000-5301-000000000000/click&amp#27;[39m
&amp#27;[35m[HTTP]&amp#27;[39m &amp#27;[90m{"id":"96030000-0000-0000-5301-000000000000"}&amp#27;[39m
&amp#27;[35m[W3C (fa22c5fe)]&amp#27;[39m Driver proxy active, passing request on via HTTP proxy
[debug] &amp#27;[35m[XCUITest]&amp#27;[39m Executing command 'proxyReqRes'
[debug] &amp#27;[35m[WD Proxy]&amp#27;[39m Matched '/wd/hub/session/fa22c5fe-5ae1-4114-abfe-4bea6798cb79/element/96030000-0000-0000-5301-000000000000/click' to command name 'click'
[debug] &amp#27;[35m[WD Proxy]&amp#27;[39m Proxying [POST /wd/hub/session/fa22c5fe-5ae1-4114-abfe-4bea6798cb79/element/96030000-0000-0000-5301-000000000000/click] to [POST http://127.0.0.1:8100/session/60DEF1F0-4A14-4727-943C-DB82535553CA/element/96030000-0000-0000-5301-000000000000/click] with body: {"id":"96030000-0000-0000-5301-000000000000"}
[debug] &amp#27;[35m[WD Proxy]&amp#27;[39m Got response with status 200: {"value":null,"sessionId":"60DEF1F0-4A14-4727-943C-DB82535553CA"}
&amp#27;[35m[WD Proxy]&amp#27;[39m Replacing sessionId 60DEF1F0-4A14-4727-943C-DB82535553CA with fa22c5fe-5ae1-4114-abfe-4bea6798cb79
&amp#27;[35m[HTTP]&amp#27;[39m &amp#27;[37m<-- POST /wd/hub/session/fa22c5fe-5ae1-4114-abfe-4bea6798cb79/element/96030000-0000-0000-5301-000000000000/click &amp#27;[39m&amp#27;[32m200&amp#27;[39m &amp#27;[90m273 ms - 65&amp#27;[39m
&amp#27;[35m[HTTP]&amp#27;[39m &amp#27;[90m&amp#27;[39m
&amp#27;[35m[HTTP]&amp#27;[39m &amp#27;[37m-->&amp#27;[39m &amp#27;[37mPOST&amp#27;[39m &amp#27;[37m/wd/hub/session/fa22c5fe-5ae1-4114-abfe-4bea6798cb79/element&amp#27;[39m
&amp#27;[35m[HTTP]&amp#27;[39m &amp#27;[90m{"using":"xpath","value":"//XCUIElementTypeButton[@label='Take Picture']"}&amp#27;[39m
[debug] &amp#27;[35m[W3C (fa22c5fe)]&amp#27;[39m Calling AppiumDriver.findElement() with args: ["xpath","//XCUIElementTypeButton[@label='Take Picture']","fa22c5fe-5ae1-4114-abfe-4bea6798cb79"]
[debug] &amp#27;[35m[XCUITest]&amp#27;[39m Executing command 'findElement'
[debug] &amp#27;[35m[BaseDriver]&amp#27;[39m Valid locator strategies for this request: xpath, id, name, class name, -ios predicate string, -ios class chain, accessibility id, css selector
[debug] &amp#27;[35m[BaseDriver]&amp#27;[39m Waiting up to 25000 ms for condition
[debug] &amp#27;[35m[XCUITest]&amp#27;[39m Setting custom timeout to 750000 ms for 'findElement' command
[debug] &amp#27;[35m[WD Proxy]&amp#27;[39m Matched '/element' to command name 'findElement'
[debug] &amp#27;[35m[WD Proxy]&amp#27;[39m Proxying [POST /element] to [POST http://127.0.0.1:8100/session/60DEF1F0-4A14-4727-943C-DB82535553CA/element] with body: {"using":"xpath","value":"//XCUIElementTypeButton[@label='Take Picture']"}
[debug] &amp#27;[35m[WD Proxy]&amp#27;[39m Got response with status 200: {"value":{"ELEMENT":"AC030000-0000-0000-5301-000000000000","element-6066-11e4-a52e-4f735466cecf":"AC030000-0000-0000-5301-000000000000"},"sessionId":"60DEF1F0-4A14-4727-943C-DB82535553CA"}
[debug] &amp#27;[35m[W3C (fa22c5fe)]&amp#27;[39m Responding to client with driver.findElement() result: {"element-6066-11e4-a52e-4f735466cecf":"AC030000-0000-0000-5301-000000000000","ELEMENT":"AC030000-0000-0000-5301-000000000000"}
&amp#27;[35m[HTTP]&amp#27;[39m &amp#27;[37m<-- POST /wd/hub/session/fa22c5fe-5ae1-4114-abfe-4bea6798cb79/element &amp#27;[39m&amp#27;[32m200&amp#27;[39m &amp#27;[90m263 ms - 137&amp#27;[39m
&amp#27;[35m[HTTP]&amp#27;[39m &amp#27;[90m&amp#27;[39m
&amp#27;[35m[HTTP]&amp#27;[39m &amp#27;[37m-->&amp#27;[39m &amp#27;[37mPOST&amp#27;[39m &amp#27;[37m/wd/hub/session/fa22c5fe-5ae1-4114-abfe-4bea6798cb79/element/AC030000-0000-0000-5301-000000000000/click&amp#27;[39m
&amp#27;[35m[HTTP]&amp#27;[39m &amp#27;[90m{"id":"AC030000-0000-0000-5301-000000000000"}&amp#27;[39m
&amp#27;[35m[W3C (fa22c5fe)]&amp#27;[39m Driver proxy active, passing request on via HTTP proxy
[debug] &amp#27;[35m[XCUITest]&amp#27;[39m Executing command 'proxyReqRes'
[debug] &amp#27;[35m[WD Proxy]&amp#27;[39m Matched '/wd/hub/session/fa22c5fe-5ae1-4114-abfe-4bea6798cb79/element/AC030000-0000-0000-5301-000000000000/click' to command name 'click'
[debug] &amp#27;[35m[WD Proxy]&amp#27;[39m Proxying [POST /wd/hub/session/fa22c5fe-5ae1-4114-abfe-4bea6798cb79/element/AC030000-0000-0000-5301-000000000000/click] to [POST http://127.0.0.1:8100/session/60DEF1F0-4A14-4727-943C-DB82535553CA/element/AC030000-0000-0000-5301-000000000000/click] with body: {"id":"AC030000-0000-0000-5301-000000000000"}
[debug] &amp#27;[35m[WD Proxy]&amp#27;[39m Got response with status 200: {"value":null,"sessionId":"60DEF1F0-4A14-4727-943C-DB82535553CA"}
&amp#27;[35m[WD Proxy]&amp#27;[39m Replacing sessionId 60DEF1F0-4A14-4727-943C-DB82535553CA with fa22c5fe-5ae1-4114-abfe-4bea6798cb79
&amp#27;[35m[HTTP]&amp#27;[39m &amp#27;[37m<-- POST /wd/hub/session/fa22c5fe-5ae1-4114-abfe-4bea6798cb79/element/AC030000-0000-0000-5301-000000000000/click &amp#27;[39m&amp#27;[32m200&amp#27;[39m &amp#27;[90m195 ms - 65&amp#27;[39m
&amp#27;[35m[HTTP]&amp#27;[39m &amp#27;[90m&amp#27;[39m
&amp#27;[35m[HTTP]&amp#27;[39m &amp#27;[37m-->&amp#27;[39m &amp#27;[37mPOST&amp#27;[39m &amp#27;[37m/wd/hub/session/fa22c5fe-5ae1-4114-abfe-4bea6798cb79/element&amp#27;[39m
&amp#27;[35m[HTTP]&amp#27;[39m &amp#27;[90m{"using":"xpath","value":"//XCUIElementTypeButton[@label='Use Photo']"}&amp#27;[39m
[debug] &amp#27;[35m[W3C (fa22c5fe)]&amp#27;[39m Calling AppiumDriver.findElement() with args: ["xpath","//XCUIElementTypeButton[@label='Use Photo']","fa22c5fe-5ae1-4114-abfe-4bea6798cb79"]
[debug] &amp#27;[35m[XCUITest]&amp#27;[39m Executing command 'findElement'
[debug] &amp#27;[35m[BaseDriver]&amp#27;[39m Valid locator strategies for this request: xpath, id, name, class name, -ios predicate string, -ios class chain, accessibility id, css selector
[debug] &amp#27;[35m[BaseDriver]&amp#27;[39m Waiting up to 25000 ms for condition
[debug] &amp#27;[35m[XCUITest]&amp#27;[39m Setting custom timeout to 750000 ms for 'findElement' command
[debug] &amp#27;[35m[WD Proxy]&amp#27;[39m Matched '/element' to command name 'findElement'
[debug] &amp#27;[35m[WD Proxy]&amp#27;[39m Proxying [POST /element] to [POST http://127.0.0.1:8100/session/60DEF1F0-4A14-4727-943C-DB82535553CA/element] with body: {"using":"xpath","value":"//XCUIElementTypeButton[@label='Use Photo']"}
[debug] &amp#27;[35m[WD Proxy]&amp#27;[39m Got response with status 200: {"value":{"ELEMENT":"B6030000-0000-0000-5301-000000000000","element-6066-11e4-a52e-4f735466cecf":"B6030000-0000-0000-5301-000000000000"},"sessionId":"60DEF1F0-4A14-4727-943C-DB82535553CA"}
[debug] &amp#27;[35m[W3C (fa22c5fe)]&amp#27;[39m Responding to client with driver.findElement() result: {"element-6066-11e4-a52e-4f735466cecf":"B6030000-0000-0000-5301-000000000000","ELEMENT":"B6030000-0000-0000-5301-000000000000"}
&amp#27;[35m[HTTP]&amp#27;[39m &amp#27;[37m<-- POST /wd/hub/session/fa22c5fe-5ae1-4114-abfe-4bea6798cb79/element &amp#27;[39m&amp#27;[32m200&amp#27;[39m &amp#27;[90m223 ms - 137&amp#27;[39m
&amp#27;[35m[HTTP]&amp#27;[39m &amp#27;[90m&amp#27;[39m
&amp#27;[35m[HTTP]&amp#27;[39m &amp#27;[37m-->&amp#27;[39m &amp#27;[37mPOST&amp#27;[39m &amp#27;[37m/wd/hub/session/fa22c5fe-5ae1-4114-abfe-4bea6798cb79/element/B6030000-0000-0000-5301-000000000000/click&amp#27;[39m
&amp#27;[35m[HTTP]&amp#27;[39m &amp#27;[90m{"id":"B6030000-0000-0000-5301-000000000000"}&amp#27;[39m
&amp#27;[35m[W3C (fa22c5fe)]&amp#27;[39m Driver proxy active, passing request on via HTTP proxy
[debug] &amp#27;[35m[XCUITest]&amp#27;[39m Executing command 'proxyReqRes'
[debug] &amp#27;[35m[WD Proxy]&amp#27;[39m Matched '/wd/hub/session/fa22c5fe-5ae1-4114-abfe-4bea6798cb79/element/B6030000-0000-0000-5301-000000000000/click' to command name 'click'
[debug] &amp#27;[35m[WD Proxy]&amp#27;[39m Proxying [POST /wd/hub/session/fa22c5fe-5ae1-4114-abfe-4bea6798cb79/element/B6030000-0000-0000-5301-000000000000/click] to [POST http://127.0.0.1:8100/session/60DEF1F0-4A14-4727-943C-DB82535553CA/element/B6030000-0000-0000-5301-000000000000/click] with body: {"id":"B6030000-0000-0000-5301-000000000000"}
[debug] &amp#27;[35m[WD Proxy]&amp#27;[39m Got response with status 200: {"value":null,"sessionId":"60DEF1F0-4A14-4727-943C-DB82535553CA"}
&amp#27;[35m[WD Proxy]&amp#27;[39m Replacing sessionId 60DEF1F0-4A14-4727-943C-DB82535553CA with fa22c5fe-5ae1-4114-abfe-4bea6798cb79
&amp#27;[35m[HTTP]&amp#27;[39m &amp#27;[37m<-- POST /wd/hub/session/fa22c5fe-5ae1-4114-abfe-4bea6798cb79/element/B6030000-0000-0000-5301-000000000000/click &amp#27;[39m&amp#27;[32m200&amp#27;[39m &amp#27;[90m358 ms - 65&amp#27;[39m
&amp#27;[35m[HTTP]&amp#27;[39m &amp#27;[90m&amp#27;[39m
&amp#27;[35m[HTTP]&amp#27;[39m &amp#27;[37m-->&amp#27;[39m &amp#27;[37mPOST&amp#27;[39m &amp#27;[37m/wd/hub/session/fa22c5fe-5ae1-4114-abfe-4bea6798cb79/element&amp#27;[39m
&amp#27;[35m[HTTP]&amp#27;[39m &amp#27;[90m{"using":"xpath","value":"//XCUIElementTypeApplication[@name=\"Rental+ (ZG)\"]/XCUIElementTypeWindow[1]/XCUIElementTypeOther/XCUIElementTypeOther/XCUIElementTypeOther/XCUIElementTypeOther/XCUIElementTypeOther/XCUIElementTypeOther/XCUIElementTypeOther[2]/XCUIElementTypeOther/XCUIElementTypeScrollView/XCUIElementTypeOther/XCUIElementTypeOther/XCUIElementTypeScrollView/XCUIElementTypeOther[1]/XCUIElementTypeOther[3]/XCUIElementTypeButton[2]\n"}&amp#27;[39m
[debug] &amp#27;[35m[W3C (fa22c5fe)]&amp#27;[39m Calling AppiumDriver.findElement() with args: ["xpath","//XCUIElementTypeApplication[@name=\"Rental+ (ZG)\"]/XCUIElementTypeWindow[1]/XCUIElementTypeOther/XCUIElementTypeOther/XCUIElementTypeOther/XCUIElementTypeOther/XCUIElementTypeOther/XCUIElementTypeOther/XCUIElementTypeOther[2]/XCUIElementTypeOther/XCUIElementTypeScrollView/XCUIElementTypeOther/XCUIElementTypeOther/XCUIElementTypeScrollView/XCUIElementTypeOther[1]/XCUIElementTypeOther[3]/XCUIElementTypeButton[2]\n","fa22c5fe-5ae1-4114-abfe-4bea6798cb79"]
[debug] &amp#27;[35m[XCUITest]&amp#27;[39m Executing command 'findElement'
[debug] &amp#27;[35m[BaseDriver]&amp#27;[39m Valid locator strategies for this request: xpath, id, name, class name, -ios predicate string, -ios class chain, accessibility id, css selector
[debug] &amp#27;[35m[BaseDriver]&amp#27;[39m Waiting up to 25000 ms for condition
[debug] &amp#27;[35m[XCUITest]&amp#27;[39m Setting custom timeout to 750000 ms for 'findElement' command
[debug] &amp#27;[35m[WD Proxy]&amp#27;[39m Matched '/element' to command name 'findElement'
[debug] &amp#27;[35m[WD Proxy]&amp#27;[39m Proxying [POST /element] to [POST http://127.0.0.1:8100/session/60DEF1F0-4A14-4727-943C-DB82535553CA/element] with body: {"using":"xpath","value":"//XCUIElementTypeApplication[@name=\"Rental+ (ZG)\"]/XCUIElementTypeWindow[1]/XCUIElementTypeOther/XCUIElementTypeOther/XCUIElementTypeOther/XCUIElementTypeOther/XCUIElementTypeOther/XCUIElementTypeOther/XCUIElementTypeOther[2]/XCUIElementTypeOther/XCUIElementTypeScrollView/XCUIElementTypeOther/XCUIElementTypeOther/XCUIElementTypeScrollView/XCUIElementTypeOther[1]/XCUIElementTypeOther[3]/XCUIElementTypeButton[2]\n"}
[debug] &amp#27;[35m[WD Proxy]&amp#27;[39m Got response with status 200: {"value":{"ELEMENT":"99030000-0000-0000-5301-000000000000","element-6066-11e4-a52e-4f735466cecf":"99030000-0000-0000-5301-000000000000"},"sessionId":"60DEF1F0-4A14-4727-943C-DB82535553CA"}
[debug] &amp#27;[35m[W3C (fa22c5fe)]&amp#27;[39m Responding to client with driver.findElement() result: {"element-6066-11e4-a52e-4f735466cecf":"99030000-0000-0000-5301-000000000000","ELEMENT":"99030000-0000-0000-5301-000000000000"}
&amp#27;[35m[HTTP]&amp#27;[39m &amp#27;[37m<-- POST /wd/hub/session/fa22c5fe-5ae1-4114-abfe-4bea6798cb79/element &amp#27;[39m&amp#27;[32m200&amp#27;[39m &amp#27;[90m351 ms - 137&amp#27;[39m
&amp#27;[35m[HTTP]&amp#27;[39m &amp#27;[90m&amp#27;[39m
&amp#27;[35m[HTTP]&amp#27;[39m &amp#27;[37m-->&amp#27;[39m &amp#27;[37mPOST&amp#27;[39m &amp#27;[37m/wd/hub/session/fa22c5fe-5ae1-4114-abfe-4bea6798cb79/element/99030000-0000-0000-5301-000000000000/click&amp#27;[39m
&amp#27;[35m[HTTP]&amp#27;[39m &amp#27;[90m{"id":"99030000-0000-0000-5301-000000000000"}&amp#27;[39m
&amp#27;[35m[W3C (fa22c5fe)]&amp#27;[39m Driver proxy active, passing request on via HTTP proxy
[debug] &amp#27;[35m[XCUITest]&amp#27;[39m Executing command 'proxyReqRes'
[debug] &amp#27;[35m[WD Proxy]&amp#27;[39m Matched '/wd/hub/session/fa22c5fe-5ae1-4114-abfe-4bea6798cb79/element/99030000-0000-0000-5301-000000000000/click' to command name 'click'
[debug] &amp#27;[35m[WD Proxy]&amp#27;[39m Proxying [POST /wd/hub/session/fa22c5fe-5ae1-4114-abfe-4bea6798cb79/element/99030000-0000-0000-5301-000000000000/click] to [POST http://127.0.0.1:8100/session/60DEF1F0-4A14-4727-943C-DB82535553CA/element/99030000-0000-0000-5301-000000000000/click] with body: {"id":"99030000-0000-0000-5301-000000000000"}
[debug] &amp#27;[35m[WD Proxy]&amp#27;[39m Got response with status 200: {"value":null,"sessionId":"60DEF1F0-4A14-4727-943C-DB82535553CA"}
&amp#27;[35m[WD Proxy]&amp#27;[39m Replacing sessionId 60DEF1F0-4A14-4727-943C-DB82535553CA with fa22c5fe-5ae1-4114-abfe-4bea6798cb79
&amp#27;[35m[HTTP]&amp#27;[39m &amp#27;[37m<-- POST /wd/hub/session/fa22c5fe-5ae1-4114-abfe-4bea6798cb79/element/99030000-0000-0000-5301-000000000000/click &amp#27;[39m&amp#27;[32m200&amp#27;[39m &amp#27;[90m239 ms - 65&amp#27;[39m
&amp#27;[35m[HTTP]&amp#27;[39m &amp#27;[90m&amp#27;[39m
&amp#27;[35m[HTTP]&amp#27;[39m &amp#27;[37m-->&amp#27;[39m &amp#27;[37mPOST&amp#27;[39m &amp#27;[37m/wd/hub/session/fa22c5fe-5ae1-4114-abfe-4bea6798cb79/element&amp#27;[39m
&amp#27;[35m[HTTP]&amp#27;[39m &amp#27;[90m{"using":"xpath","value":"//XCUIElementTypeApplication[@name=\"Rental+ (ZG)\"]/XCUIElementTypeWindow[1]/XCUIElementTypeOther/XCUIElementTypeOther/XCUIElementTypeOther/XCUIElementTypeOther/XCUIElementTypeOther/XCUIElementTypeOther/XCUIElementTypeOther[2]/XCUIElementTypeOther/XCUIElementTypeScrollView/XCUIElementTypeOther/XCUIElementTypeOther/XCUIElementTypeScrollView/XCUIElementTypeOther[1]/XCUIElementTypeOther[1]/XCUIElementTypeButton"}&amp#27;[39m
[debug] &amp#27;[35m[W3C (fa22c5fe)]&amp#27;[39m Calling AppiumDriver.findElement() with args: ["xpath","//XCUIElementTypeApplication[@name=\"Rental+ (ZG)\"]/XCUIElementTypeWindow[1]/XCUIElementTypeOther/XCUIElementTypeOther/XCUIElementTypeOther/XCUIElementTypeOther/XCUIElementTypeOther/XCUIElementTypeOther/XCUIElementTypeOther[2]/XCUIElementTypeOther/XCUIElementTypeScrollView/XCUIElementTypeOther/XCUIElementTypeOther/XCUIElementTypeScrollView/XCUIElementTypeOther[1]/XCUIElementTypeOther[1]/XCUIElementTypeButton","fa22c5fe-5ae1-4114-abfe-4bea6798cb79"]
[debug] &amp#27;[35m[XCUITest]&amp#27;[39m Executing command 'findElement'
[debug] &amp#27;[35m[BaseDriver]&amp#27;[39m Valid locator strategies for this request: xpath, id, name, class name, -ios predicate string, -ios class chain, accessibility id, css selector
[debug] &amp#27;[35m[BaseDriver]&amp#27;[39m Waiting up to 25000 ms for condition
[debug] &amp#27;[35m[XCUITest]&amp#27;[39m Setting custom timeout to 750000 ms for 'findElement' command
[debug] &amp#27;[35m[WD Proxy]&amp#27;[39m Matched '/element' to command name 'findElement'
[debug] &amp#27;[35m[WD Proxy]&amp#27;[39m Proxying [POST /element] to [POST http://127.0.0.1:8100/session/60DEF1F0-4A14-4727-943C-DB82535553CA/element] with body: {"using":"xpath","value":"//XCUIElementTypeApplication[@name=\"Rental+ (ZG)\"]/XCUIElementTypeWindow[1]/XCUIElementTypeOther/XCUIElementTypeOther/XCUIElementTypeOther/XCUIElementTypeOther/XCUIElementTypeOther/XCUIElementTypeOther/XCUIElementTypeOther[2]/XCUIElementTypeOther/XCUIElementTypeScrollView/XCUIElementTypeOther/XCUIElementTypeOther/XCUIElementTypeScrollView/XCUIElementTypeOther[1]/XCUIElementTypeOther[1]/XCUIElementTypeButton"}
[debug] &amp#27;[35m[WD Proxy]&amp#27;[39m Got response with status 200: {"value":{"ELEMENT":"C2030000-0000-0000-5301-000000000000","element-6066-11e4-a52e-4f735466cecf":"C2030000-0000-0000-5301-000000000000"},"sessionId":"60DEF1F0-4A14-4727-943C-DB82535553CA"}
[debug] &amp#27;[35m[W3C (fa22c5fe)]&amp#27;[39m Responding to client with driver.findElement() result: {"element-6066-11e4-a52e-4f735466cecf":"C2030000-0000-0000-5301-000000000000","ELEMENT":"C2030000-0000-0000-5301-000000000000"}
&amp#27;[35m[HTTP]&amp#27;[39m &amp#27;[37m<-- POST /wd/hub/session/fa22c5fe-5ae1-4114-abfe-4bea6798cb79/element &amp#27;[39m&amp#27;[32m200&amp#27;[39m &amp#27;[90m444 ms - 137&amp#27;[39m
&amp#27;[35m[HTTP]&amp#27;[39m &amp#27;[90m&amp#27;[39m
&amp#27;[35m[HTTP]&amp#27;[39m &amp#27;[37m-->&amp#27;[39m &amp#27;[37mPOST&amp#27;[39m &amp#27;[37m/wd/hub/session/fa22c5fe-5ae1-4114-abfe-4bea6798cb79/element/C2030000-0000-0000-5301-000000000000/click&amp#27;[39m
&amp#27;[35m[HTTP]&amp#27;[39m &amp#27;[90m{"id":"C2030000-0000-0000-5301-000000000000"}&amp#27;[39m
&amp#27;[35m[W3C (fa22c5fe)]&amp#27;[39m Driver proxy active, passing request on via HTTP proxy
[debug] &amp#27;[35m[XCUITest]&amp#27;[39m Executing command 'proxyReqRes'
[debug] &amp#27;[35m[WD Proxy]&amp#27;[39m Matched '/wd/hub/session/fa22c5fe-5ae1-4114-abfe-4bea6798cb79/element/C2030000-0000-0000-5301-000000000000/click' to command name 'click'
[debug] &amp#27;[35m[WD Proxy]&amp#27;[39m Proxying [POST /wd/hub/session/fa22c5fe-5ae1-4114-abfe-4bea6798cb79/element/C2030000-0000-0000-5301-000000000000/click] to [POST http://127.0.0.1:8100/session/60DEF1F0-4A14-4727-943C-DB82535553CA/element/C2030000-0000-0000-5301-000000000000/click] with body: {"id":"C2030000-0000-0000-5301-000000000000"}
[debug] &amp#27;[35m[WD Proxy]&amp#27;[39m Got response with status 200: {"value":null,"sessionId":"60DEF1F0-4A14-4727-943C-DB82535553CA"}
&amp#27;[35m[WD Proxy]&amp#27;[39m Replacing sessionId 60DEF1F0-4A14-4727-943C-DB82535553CA with fa22c5fe-5ae1-4114-abfe-4bea6798cb79
&amp#27;[35m[HTTP]&amp#27;[39m &amp#27;[37m<-- POST /wd/hub/session/fa22c5fe-5ae1-4114-abfe-4bea6798cb79/element/C2030000-0000-0000-5301-000000000000/click &amp#27;[39m&amp#27;[32m200&amp#27;[39m &amp#27;[90m261 ms - 65&amp#27;[39m
&amp#27;[35m[HTTP]&amp#27;[39m &amp#27;[90m&amp#27;[39m
&amp#27;[35m[HTTP]&amp#27;[39m &amp#27;[37m-->&amp#27;[39m &amp#27;[37mPOST&amp#27;[39m &amp#27;[37m/wd/hub/session/fa22c5fe-5ae1-4114-abfe-4bea6798cb79/element&amp#27;[39m
&amp#27;[35m[HTTP]&amp#27;[39m &amp#27;[90m{"using":"xpath","value":"//XCUIElementTypeButton[@label='Take Picture']"}&amp#27;[39m
[debug] &amp#27;[35m[W3C (fa22c5fe)]&amp#27;[39m Calling AppiumDriver.findElement() with args: ["xpath","//XCUIElementTypeButton[@label='Take Picture']","fa22c5fe-5ae1-4114-abfe-4bea6798cb79"]
[debug] &amp#27;[35m[XCUITest]&amp#27;[39m Executing command 'findElement'
[debug] &amp#27;[35m[BaseDriver]&amp#27;[39m Valid locator strategies for this request: xpath, id, name, class name, -ios predicate string, -ios class chain, accessibility id, css selector
[debug] &amp#27;[35m[BaseDriver]&amp#27;[39m Waiting up to 25000 ms for condition
[debug] &amp#27;[35m[XCUITest]&amp#27;[39m Setting custom timeout to 750000 ms for 'findElement' command
[debug] &amp#27;[35m[WD Proxy]&amp#27;[39m Matched '/element' to command name 'findElement'
[debug] &amp#27;[35m[WD Proxy]&amp#27;[39m Proxying [POST /element] to [POST http://127.0.0.1:8100/session/60DEF1F0-4A14-4727-943C-DB82535553CA/element] with body: {"using":"xpath","value":"//XCUIElementTypeButton[@label='Take Picture']"}
[debug] &amp#27;[35m[WD Proxy]&amp#27;[39m Got response with status 200: {"value":{"ELEMENT":"D8030000-0000-0000-5301-000000000000","element-6066-11e4-a52e-4f735466cecf":"D8030000-0000-0000-5301-000000000000"},"sessionId":"60DEF1F0-4A14-4727-943C-DB82535553CA"}
[debug] &amp#27;[35m[W3C (fa22c5fe)]&amp#27;[39m Responding to client with driver.findElement() result: {"element-6066-11e4-a52e-4f735466cecf":"D8030000-0000-0000-5301-000000000000","ELEMENT":"D8030000-0000-0000-5301-000000000000"}
&amp#27;[35m[HTTP]&amp#27;[39m &amp#27;[37m<-- POST /wd/hub/session/fa22c5fe-5ae1-4114-abfe-4bea6798cb79/element &amp#27;[39m&amp#27;[32m200&amp#27;[39m &amp#27;[90m265 ms - 137&amp#27;[39m
&amp#27;[35m[HTTP]&amp#27;[39m &amp#27;[90m&amp#27;[39m
&amp#27;[35m[HTTP]&amp#27;[39m &amp#27;[37m-->&amp#27;[39m &amp#27;[37mPOST&amp#27;[39m &amp#27;[37m/wd/hub/session/fa22c5fe-5ae1-4114-abfe-4bea6798cb79/element/D8030000-0000-0000-5301-000000000000/click&amp#27;[39m
&amp#27;[35m[HTTP]&amp#27;[39m &amp#27;[90m{"id":"D8030000-0000-0000-5301-000000000000"}&amp#27;[39m
&amp#27;[35m[W3C (fa22c5fe)]&amp#27;[39m Driver proxy active, passing request on via HTTP proxy
[debug] &amp#27;[35m[XCUITest]&amp#27;[39m Executing command 'proxyReqRes'
[debug] &amp#27;[35m[WD Proxy]&amp#27;[39m Matched '/wd/hub/session/fa22c5fe-5ae1-4114-abfe-4bea6798cb79/element/D8030000-0000-0000-5301-000000000000/click' to command name 'click'
[debug] &amp#27;[35m[WD Proxy]&amp#27;[39m Proxying [POST /wd/hub/session/fa22c5fe-5ae1-4114-abfe-4bea6798cb79/element/D8030000-0000-0000-5301-000000000000/click] to [POST http://127.0.0.1:8100/session/60DEF1F0-4A14-4727-943C-DB82535553CA/element/D8030000-0000-0000-5301-000000000000/click] with body: {"id":"D8030000-0000-0000-5301-000000000000"}
[debug] &amp#27;[35m[WD Proxy]&amp#27;[39m Got response with status 200: {"value":null,"sessionId":"60DEF1F0-4A14-4727-943C-DB82535553CA"}
&amp#27;[35m[WD Proxy]&amp#27;[39m Replacing sessionId 60DEF1F0-4A14-4727-943C-DB82535553CA with fa22c5fe-5ae1-4114-abfe-4bea6798cb79
&amp#27;[35m[HTTP]&amp#27;[39m &amp#27;[37m<-- POST /wd/hub/session/fa22c5fe-5ae1-4114-abfe-4bea6798cb79/element/D8030000-0000-0000-5301-000000000000/click &amp#27;[39m&amp#27;[32m200&amp#27;[39m &amp#27;[90m206 ms - 65&amp#27;[39m
&amp#27;[35m[HTTP]&amp#27;[39m &amp#27;[90m&amp#27;[39m
&amp#27;[35m[HTTP]&amp#27;[39m &amp#27;[37m-->&amp#27;[39m &amp#27;[37mPOST&amp#27;[39m &amp#27;[37m/wd/hub/session/fa22c5fe-5ae1-4114-abfe-4bea6798cb79/element&amp#27;[39m
&amp#27;[35m[HTTP]&amp#27;[39m &amp#27;[90m{"using":"xpath","value":"//XCUIElementTypeButton[@label='Use Photo']"}&amp#27;[39m
[debug] &amp#27;[35m[W3C (fa22c5fe)]&amp#27;[39m Calling AppiumDriver.findElement() with args: ["xpath","//XCUIElementTypeButton[@label='Use Photo']","fa22c5fe-5ae1-4114-abfe-4bea6798cb79"]
[debug] &amp#27;[35m[XCUITest]&amp#27;[39m Executing command 'findElement'
[debug] &amp#27;[35m[BaseDriver]&amp#27;[39m Valid locator strategies for this request: xpath, id, name, class name, -ios predicate string, -ios class chain, accessibility id, css selector
[debug] &amp#27;[35m[BaseDriver]&amp#27;[39m Waiting up to 25000 ms for condition
[debug] &amp#27;[35m[XCUITest]&amp#27;[39m Setting custom timeout to 750000 ms for 'findElement' command
[debug] &amp#27;[35m[WD Proxy]&amp#27;[39m Matched '/element' to command name 'findElement'
[debug] &amp#27;[35m[WD Proxy]&amp#27;[39m Proxying [POST /element] to [POST http://127.0.0.1:8100/session/60DEF1F0-4A14-4727-943C-DB82535553CA/element] with body: {"using":"xpath","value":"//XCUIElementTypeButton[@label='Use Photo']"}
[debug] &amp#27;[35m[WD Proxy]&amp#27;[39m Got response with status 200: {"value":{"ELEMENT":"E2030000-0000-0000-5301-000000000000","element-6066-11e4-a52e-4f735466cecf":"E2030000-0000-0000-5301-000000000000"},"sessionId":"60DEF1F0-4A14-4727-943C-DB82535553CA"}
[debug] &amp#27;[35m[W3C (fa22c5fe)]&amp#27;[39m Responding to client with driver.findElement() result: {"element-6066-11e4-a52e-4f735466cecf":"E2030000-0000-0000-5301-000000000000","ELEMENT":"E2030000-0000-0000-5301-000000000000"}
&amp#27;[35m[HTTP]&amp#27;[39m &amp#27;[37m<-- POST /wd/hub/session/fa22c5fe-5ae1-4114-abfe-4bea6798cb79/element &amp#27;[39m&amp#27;[32m200&amp#27;[39m &amp#27;[90m226 ms - 137&amp#27;[39m
&amp#27;[35m[HTTP]&amp#27;[39m &amp#27;[90m&amp#27;[39m
&amp#27;[35m[HTTP]&amp#27;[39m &amp#27;[37m-->&amp#27;[39m &amp#27;[37mPOST&amp#27;[39m &amp#27;[37m/wd/hub/session/fa22c5fe-5ae1-4114-abfe-4bea6798cb79/element/E2030000-0000-0000-5301-000000000000/click&amp#27;[39m
&amp#27;[35m[HTTP]&amp#27;[39m &amp#27;[90m{"id":"E2030000-0000-0000-5301-000000000000"}&amp#27;[39m
&amp#27;[35m[W3C (fa22c5fe)]&amp#27;[39m Driver proxy active, passing request on via HTTP proxy
[debug] &amp#27;[35m[XCUITest]&amp#27;[39m Executing command 'proxyReqRes'
[debug] &amp#27;[35m[WD Proxy]&amp#27;[39m Matched '/wd/hub/session/fa22c5fe-5ae1-4114-abfe-4bea6798cb79/element/E2030000-0000-0000-5301-000000000000/click' to command name 'click'
[debug] &amp#27;[35m[WD Proxy]&amp#27;[39m Proxying [POST /wd/hub/session/fa22c5fe-5ae1-4114-abfe-4bea6798cb79/element/E2030000-0000-0000-5301-000000000000/click] to [POST http://127.0.0.1:8100/session/60DEF1F0-4A14-4727-943C-DB82535553CA/element/E2030000-0000-0000-5301-000000000000/click] with body: {"id":"E2030000-0000-0000-5301-000000000000"}
[debug] &amp#27;[35m[WD Proxy]&amp#27;[39m Got response with status 200: {"value":null,"sessionId":"60DEF1F0-4A14-4727-943C-DB82535553CA"}
&amp#27;[35m[WD Proxy]&amp#27;[39m Replacing sessionId 60DEF1F0-4A14-4727-943C-DB82535553CA with fa22c5fe-5ae1-4114-abfe-4bea6798cb79
&amp#27;[35m[HTTP]&amp#27;[39m &amp#27;[37m<-- POST /wd/hub/session/fa22c5fe-5ae1-4114-abfe-4bea6798cb79/element/E2030000-0000-0000-5301-000000000000/click &amp#27;[39m&amp#27;[32m200&amp#27;[39m &amp#27;[90m363 ms - 65&amp#27;[39m
&amp#27;[35m[HTTP]&amp#27;[39m &amp#27;[90m&amp#27;[39m
&amp#27;[35m[HTTP]&amp#27;[39m &amp#27;[37m-->&amp#27;[39m &amp#27;[37mPOST&amp#27;[39m &amp#27;[37m/wd/hub/session/fa22c5fe-5ae1-4114-abfe-4bea6798cb79/element&amp#27;[39m
&amp#27;[35m[HTTP]&amp#27;[39m &amp#27;[90m{"using":"xpath","value":"//XCUIElementTypeApplication[@name=\"Rental+ (ZG)\"]/XCUIElementTypeWindow[1]/XCUIElementTypeOther/XCUIElementTypeOther/XCUIElementTypeOther/XCUIElementTypeOther/XCUIElementTypeOther/XCUIElementTypeOther/XCUIElementTypeOther[2]/XCUIElementTypeOther/XCUIElementTypeScrollView/XCUIElementTypeOther/XCUIElementTypeOther/XCUIElementTypeScrollView/XCUIElementTypeOther[1]/XCUIElementTypeOther[3]/XCUIElementTypeButton[2]\n"}&amp#27;[39m
[debug] &amp#27;[35m[W3C (fa22c5fe)]&amp#27;[39m Calling AppiumDriver.findElement() with args: ["xpath","//XCUIElementTypeApplication[@name=\"Rental+ (ZG)\"]/XCUIElementTypeWindow[1]/XCUIElementTypeOther/XCUIElementTypeOther/XCUIElementTypeOther/XCUIElementTypeOther/XCUIElementTypeOther/XCUIElementTypeOther/XCUIElementTypeOther[2]/XCUIElementTypeOther/XCUIElementTypeScrollView/XCUIElementTypeOther/XCUIElementTypeOther/XCUIElementTypeScrollView/XCUIElementTypeOther[1]/XCUIElementTypeOther[3]/XCUIElementTypeButton[2]\n","fa22c5fe-5ae1-4114-abfe-4bea6798cb79"]
[debug] &amp#27;[35m[XCUITest]&amp#27;[39m Executing command 'findElement'
[debug] &amp#27;[35m[BaseDriver]&amp#27;[39m Valid locator strategies for this request: xpath, id, name, class name, -ios predicate string, -ios class chain, accessibility id, css selector
[debug] &amp#27;[35m[BaseDriver]&amp#27;[39m Waiting up to 25000 ms for condition
[debug] &amp#27;[35m[XCUITest]&amp#27;[39m Setting custom timeout to 750000 ms for 'findElement' command
[debug] &amp#27;[35m[WD Proxy]&amp#27;[39m Matched '/element' to command name 'findElement'
[debug] &amp#27;[35m[WD Proxy]&amp#27;[39m Proxying [POST /element] to [POST http://127.0.0.1:8100/session/60DEF1F0-4A14-4727-943C-DB82535553CA/element] with body: {"using":"xpath","value":"//XCUIElementTypeApplication[@name=\"Rental+ (ZG)\"]/XCUIElementTypeWindow[1]/XCUIElementTypeOther/XCUIElementTypeOther/XCUIElementTypeOther/XCUIElementTypeOther/XCUIElementTypeOther/XCUIElementTypeOther/XCUIElementTypeOther[2]/XCUIElementTypeOther/XCUIElementTypeScrollView/XCUIElementTypeOther/XCUIElementTypeOther/XCUIElementTypeScrollView/XCUIElementTypeOther[1]/XCUIElementTypeOther[3]/XCUIElementTypeButton[2]\n"}
[debug] &amp#27;[35m[WD Proxy]&amp#27;[39m Got response with status 200: {"value":{"ELEMENT":"C5030000-0000-0000-5301-000000000000","element-6066-11e4-a52e-4f735466cecf":"C5030000-0000-0000-5301-000000000000"},"sessionId":"60DEF1F0-4A14-4727-943C-DB82535553CA"}
[debug] &amp#27;[35m[W3C (fa22c5fe)]&amp#27;[39m Responding to client with driver.findElement() result: {"element-6066-11e4-a52e-4f735466cecf":"C5030000-0000-0000-5301-000000000000","ELEMENT":"C5030000-0000-0000-5301-000000000000"}
&amp#27;[35m[HTTP]&amp#27;[39m &amp#27;[37m<-- POST /wd/hub/session/fa22c5fe-5ae1-4114-abfe-4bea6798cb79/element &amp#27;[39m&amp#27;[32m200&amp#27;[39m &amp#27;[90m420 ms - 137&amp#27;[39m
&amp#27;[35m[HTTP]&amp#27;[39m &amp#27;[90m&amp#27;[39m
&amp#27;[35m[HTTP]&amp#27;[39m &amp#27;[37m-->&amp#27;[39m &amp#27;[37mPOST&amp#27;[39m &amp#27;[37m/wd/hub/session/fa22c5fe-5ae1-4114-abfe-4bea6798cb79/element/C5030000-0000-0000-5301-000000000000/click&amp#27;[39m
&amp#27;[35m[HTTP]&amp#27;[39m &amp#27;[90m{"id":"C5030000-0000-0000-5301-000000000000"}&amp#27;[39m
&amp#27;[35m[W3C (fa22c5fe)]&amp#27;[39m Driver proxy active, passing request on via HTTP proxy
[debug] &amp#27;[35m[XCUITest]&amp#27;[39m Executing command 'proxyReqRes'
[debug] &amp#27;[35m[WD Proxy]&amp#27;[39m Matched '/wd/hub/session/fa22c5fe-5ae1-4114-abfe-4bea6798cb79/element/C5030000-0000-0000-5301-000000000000/click' to command name 'click'
[debug] &amp#27;[35m[WD Proxy]&amp#27;[39m Proxying [POST /wd/hub/session/fa22c5fe-5ae1-4114-abfe-4bea6798cb79/element/C5030000-0000-0000-5301-000000000000/click] to [POST http://127.0.0.1:8100/session/60DEF1F0-4A14-4727-943C-DB82535553CA/element/C5030000-0000-0000-5301-000000000000/click] with body: {"id":"C5030000-0000-0000-5301-000000000000"}
[debug] &amp#27;[35m[WD Proxy]&amp#27;[39m Got response with status 200: {"value":null,"sessionId":"60DEF1F0-4A14-4727-943C-DB82535553CA"}
&amp#27;[35m[WD Proxy]&amp#27;[39m Replacing sessionId 60DEF1F0-4A14-4727-943C-DB82535553CA with fa22c5fe-5ae1-4114-abfe-4bea6798cb79
&amp#27;[35m[HTTP]&amp#27;[39m &amp#27;[37m<-- POST /wd/hub/session/fa22c5fe-5ae1-4114-abfe-4bea6798cb79/element/C5030000-0000-0000-5301-000000000000/click &amp#27;[39m&amp#27;[32m200&amp#27;[39m &amp#27;[90m219 ms - 65&amp#27;[39m
&amp#27;[35m[HTTP]&amp#27;[39m &amp#27;[90m&amp#27;[39m
&amp#27;[35m[HTTP]&amp#27;[39m &amp#27;[37m-->&amp#27;[39m &amp#27;[37mPOST&amp#27;[39m &amp#27;[37m/wd/hub/session/fa22c5fe-5ae1-4114-abfe-4bea6798cb79/element&amp#27;[39m
&amp#27;[35m[HTTP]&amp#27;[39m &amp#27;[90m{"using":"accessibility id","value":"CONTINUE"}&amp#27;[39m
[debug] &amp#27;[35m[W3C (fa22c5fe)]&amp#27;[39m Calling AppiumDriver.findElement() with args: ["accessibility id","CONTINUE","fa22c5fe-5ae1-4114-abfe-4bea6798cb79"]
[debug] &amp#27;[35m[XCUITest]&amp#27;[39m Executing command 'findElement'
[debug] &amp#27;[35m[BaseDriver]&amp#27;[39m Valid locator strategies for this request: xpath, id, name, class name, -ios predicate string, -ios class chain, accessibility id, css selector
[debug] &amp#27;[35m[BaseDriver]&amp#27;[39m Waiting up to 25000 ms for condition
[debug] &amp#27;[35m[XCUITest]&amp#27;[39m Setting custom timeout to 750000 ms for 'findElement' command
[debug] &amp#27;[35m[WD Proxy]&amp#27;[39m Matched '/element' to command name 'findElement'
[debug] &amp#27;[35m[WD Proxy]&amp#27;[39m Proxying [POST /element] to [POST http://127.0.0.1:8100/session/60DEF1F0-4A14-4727-943C-DB82535553CA/element] with body: {"using":"accessibility id","value":"CONTINUE"}
[debug] &amp#27;[35m[WD Proxy]&amp#27;[39m Got response with status 200: {"value":{"ELEMENT":"C6030000-0000-0000-5301-000000000000","element-6066-11e4-a52e-4f735466cecf":"C6030000-0000-0000-5301-000000000000"},"sessionId":"60DEF1F0-4A14-4727-943C-DB82535553CA"}
[debug] &amp#27;[35m[W3C (fa22c5fe)]&amp#27;[39m Responding to client with driver.findElement() result: {"element-6066-11e4-a52e-4f735466cecf":"C6030000-0000-0000-5301-000000000000","ELEMENT":"C6030000-0000-0000-5301-000000000000"}
&amp#27;[35m[HTTP]&amp#27;[39m &amp#27;[37m<-- POST /wd/hub/session/fa22c5fe-5ae1-4114-abfe-4bea6798cb79/element &amp#27;[39m&amp#27;[32m200&amp#27;[39m &amp#27;[90m153 ms - 137&amp#27;[39m
&amp#27;[35m[HTTP]&amp#27;[39m &amp#27;[90m&amp#27;[39m
&amp#27;[35m[HTTP]&amp#27;[39m &amp#27;[37m-->&amp#27;[39m &amp#27;[37mPOST&amp#27;[39m &amp#27;[37m/wd/hub/session/fa22c5fe-5ae1-4114-abfe-4bea6798cb79/element/C6030000-0000-0000-5301-000000000000/click&amp#27;[39m
&amp#27;[35m[HTTP]&amp#27;[39m &amp#27;[90m{"id":"C6030000-0000-0000-5301-000000000000"}&amp#27;[39m
&amp#27;[35m[W3C (fa22c5fe)]&amp#27;[39m Driver proxy active, passing request on via HTTP proxy
[debug] &amp#27;[35m[XCUITest]&amp#27;[39m Executing command 'proxyReqRes'
[debug] &amp#27;[35m[WD Proxy]&amp#27;[39m Matched '/wd/hub/session/fa22c5fe-5ae1-4114-abfe-4bea6798cb79/element/C6030000-0000-0000-5301-000000000000/click' to command name 'click'
[debug] &amp#27;[35m[WD Proxy]&amp#27;[39m Proxying [POST /wd/hub/session/fa22c5fe-5ae1-4114-abfe-4bea6798cb79/element/C6030000-0000-0000-5301-000000000000/click] to [POST http://127.0.0.1:8100/session/60DEF1F0-4A14-4727-943C-DB82535553CA/element/C6030000-0000-0000-5301-000000000000/click] with body: {"id":"C6030000-0000-0000-5301-000000000000"}
[debug] &amp#27;[35m[WD Proxy]&amp#27;[39m Got response with status 200: {"value":null,"sessionId":"60DEF1F0-4A14-4727-943C-DB82535553CA"}
&amp#27;[35m[WD Proxy]&amp#27;[39m Replacing sessionId 60DEF1F0-4A14-4727-943C-DB82535553CA with fa22c5fe-5ae1-4114-abfe-4bea6798cb79
&amp#27;[35m[HTTP]&amp#27;[39m &amp#27;[37m<-- POST /wd/hub/session/fa22c5fe-5ae1-4114-abfe-4bea6798cb79/element/C6030000-0000-0000-5301-000000000000/click &amp#27;[39m&amp#27;[32m200&amp#27;[39m &amp#27;[90m208 ms - 65&amp#27;[39m
&amp#27;[35m[HTTP]&amp#27;[39m &amp#27;[90m&amp#27;[39m
&amp#27;[35m[HTTP]&amp#27;[39m &amp#27;[37m-->&amp#27;[39m &amp#27;[37mPOST&amp#27;[39m &amp#27;[37m/wd/hub/session/fa22c5fe-5ae1-4114-abfe-4bea6798cb79/elements&amp#27;[39m
&amp#27;[35m[HTTP]&amp#27;[39m &amp#27;[90m{"using":"xpath","value":"//XCUIElementTypeButton[@name='checkbox outline']"}&amp#27;[39m
[debug] &amp#27;[35m[W3C (fa22c5fe)]&amp#27;[39m Calling AppiumDriver.findElements() with args: ["xpath","//XCUIElementTypeButton[@name='checkbox outline']","fa22c5fe-5ae1-4114-abfe-4bea6798cb79"]
[debug] &amp#27;[35m[XCUITest]&amp#27;[39m Executing command 'findElements'
[debug] &amp#27;[35m[BaseDriver]&amp#27;[39m Valid locator strategies for this request: xpath, id, name, class name, -ios predicate string, -ios class chain, accessibility id, css selector
[debug] &amp#27;[35m[BaseDriver]&amp#27;[39m Waiting up to 25000 ms for condition
[debug] &amp#27;[35m[XCUITest]&amp#27;[39m Setting custom timeout to 750000 ms for 'findElements' command
[debug] &amp#27;[35m[WD Proxy]&amp#27;[39m Matched '/elements' to command name 'findElements'
[debug] &amp#27;[35m[WD Proxy]&amp#27;[39m Proxying [POST /elements] to [POST http://127.0.0.1:8100/session/60DEF1F0-4A14-4727-943C-DB82535553CA/elements] with body: {"using":"xpath","value":"//XCUIElementTypeButton[@name='checkbox outline']"}
[debug] &amp#27;[35m[WD Proxy]&amp#27;[39m Got response with status 200: {"value":[{"ELEMENT":"F0030000-0000-0000-5301-000000000000","element-6066-11e4-a52e-4f735466cecf":"F0030000-0000-0000-5301-000000000000"},{"ELEMENT":"00040000-0000-0000-5301-000000000000","element-6066-11e4-a52e-4f735466cecf":"00040000-0000-0000-5301-000000000000"},{"ELEMENT":"05040000-0000-0000-5301-000000000000","element-6066-11e4-a52e-4f735466cecf":"05040000-0000-0000-5301-000000000000"},{"ELEMENT":"0A040000-0000-0000-5301-000000000000","element-6066-11e4-a52e-4f735466cecf":"0A040000-0000-0000-5301-000000000000"}],"sessionId":"60DEF1F0-4A14-4727-943C-DB82535553CA"}
[debug] &amp#27;[35m[W3C (fa22c5fe)]&amp#27;[39m Responding to client with driver.findElements() result: [{"element-6066-11e4-a52e-4f735466cecf":"F0030000-0000-0000-5301-000000000000","ELEMENT":"F0030000-0000-0000-5301-000000000000"},{"element-6066-11e4-a52e-4f735466cecf":"00040000-0000-0000-5301-000000000000","ELEMENT":"00040000-0000-0000-5301-000000000000"},{"element-6066-11e4-a52e-4f735466cecf":"05040000-0000-0000-5301-000000000000","ELEMENT":"05040000-0000-0000-5301-000000000000"},{"element-6066-11e4-a52e-4f735466cecf":"0A040000-0000-0000-5301-000000000000","ELEMENT":"0A040000-0000-0000-5301-000000000000"}]
&amp#27;[35m[HTTP]&amp#27;[39m &amp#27;[37m<-- POST /wd/hub/session/fa22c5fe-5ae1-4114-abfe-4bea6798cb79/elements &amp#27;[39m&amp#27;[32m200&amp#27;[39m &amp#27;[90m1002 ms - 523&amp#27;[39m
&amp#27;[35m[HTTP]&amp#27;[39m &amp#27;[90m&amp#27;[39m
&amp#27;[35m[HTTP]&amp#27;[39m &amp#27;[37m-->&amp#27;[39m &amp#27;[37mPOST&amp#27;[39m &amp#27;[37m/wd/hub/session/fa22c5fe-5ae1-4114-abfe-4bea6798cb79/elements&amp#27;[39m
&amp#27;[35m[HTTP]&amp#27;[39m &amp#27;[90m{"using":"xpath","value":"//XCUIElementTypeButton[@name='checkbox outline']"}&amp#27;[39m
[debug] &amp#27;[35m[W3C (fa22c5fe)]&amp#27;[39m Calling AppiumDriver.findElements() with args: ["xpath","//XCUIElementTypeButton[@name='checkbox outline']","fa22c5fe-5ae1-4114-abfe-4bea6798cb79"]
[debug] &amp#27;[35m[XCUITest]&amp#27;[39m Executing command 'findElements'
[debug] &amp#27;[35m[BaseDriver]&amp#27;[39m Valid locator strategies for this request: xpath, id, name, class name, -ios predicate string, -ios class chain, accessibility id, css selector
[debug] &amp#27;[35m[BaseDriver]&amp#27;[39m Waiting up to 25000 ms for condition
[debug] &amp#27;[35m[XCUITest]&amp#27;[39m Setting custom timeout to 750000 ms for 'findElements' command
[debug] &amp#27;[35m[WD Proxy]&amp#27;[39m Matched '/elements' to command name 'findElements'
[debug] &amp#27;[35m[WD Proxy]&amp#27;[39m Proxying [POST /elements] to [POST http://127.0.0.1:8100/session/60DEF1F0-4A14-4727-943C-DB82535553CA/elements] with body: {"using":"xpath","value":"//XCUIElementTypeButton[@name='checkbox outline']"}
[debug] &amp#27;[35m[WD Proxy]&amp#27;[39m Got response with status 200: {"value":[{"ELEMENT":"F0030000-0000-0000-5301-000000000000","element-6066-11e4-a52e-4f735466cecf":"F0030000-0000-0000-5301-000000000000"},{"ELEMENT":"00040000-0000-0000-5301-000000000000","element-6066-11e4-a52e-4f735466cecf":"00040000-0000-0000-5301-000000000000"},{"ELEMENT":"05040000-0000-0000-5301-000000000000","element-6066-11e4-a52e-4f735466cecf":"05040000-0000-0000-5301-000000000000"},{"ELEMENT":"0A040000-0000-0000-5301-000000000000","element-6066-11e4-a52e-4f735466cecf":"0A040000-0000-0000-5301-000000000000"}],"sessionId":"60DEF1F0-4A14-4727-943C-DB82535553CA"}
[debug] &amp#27;[35m[W3C (fa22c5fe)]&amp#27;[39m Responding to client with driver.findElements() result: [{"element-6066-11e4-a52e-4f735466cecf":"F0030000-0000-0000-5301-000000000000","ELEMENT":"F0030000-0000-0000-5301-000000000000"},{"element-6066-11e4-a52e-4f735466cecf":"00040000-0000-0000-5301-000000000000","ELEMENT":"00040000-0000-0000-5301-000000000000"},{"element-6066-11e4-a52e-4f735466cecf":"05040000-0000-0000-5301-000000000000","ELEMENT":"05040000-0000-0000-5301-000000000000"},{"element-6066-11e4-a52e-4f735466cecf":"0A040000-0000-0000-5301-000000000000","ELEMENT":"0A040000-0000-0000-5301-000000000000"}]
&amp#27;[35m[HTTP]&amp#27;[39m &amp#27;[37m<-- POST /wd/hub/session/fa22c5fe-5ae1-4114-abfe-4bea6798cb79/elements &amp#27;[39m&amp#27;[32m200&amp#27;[39m &amp#27;[90m892 ms - 523&amp#27;[39m
&amp#27;[35m[HTTP]&amp#27;[39m &amp#27;[90m&amp#27;[39m
&amp#27;[35m[HTTP]&amp#27;[39m &amp#27;[37m-->&amp#27;[39m &amp#27;[37mPOST&amp#27;[39m &amp#27;[37m/wd/hub/session/fa22c5fe-5ae1-4114-abfe-4bea6798cb79/element/F0030000-0000-0000-5301-000000000000/click&amp#27;[39m
&amp#27;[35m[HTTP]&amp#27;[39m &amp#27;[90m{"id":"F0030000-0000-0000-5301-000000000000"}&amp#27;[39m
&amp#27;[35m[W3C (fa22c5fe)]&amp#27;[39m Driver proxy active, passing request on via HTTP proxy
[debug] &amp#27;[35m[XCUITest]&amp#27;[39m Executing command 'proxyReqRes'
[debug] &amp#27;[35m[WD Proxy]&amp#27;[39m Matched '/wd/hub/session/fa22c5fe-5ae1-4114-abfe-4bea6798cb79/element/F0030000-0000-0000-5301-000000000000/click' to command name 'click'
[debug] &amp#27;[35m[WD Proxy]&amp#27;[39m Proxying [POST /wd/hub/session/fa22c5fe-5ae1-4114-abfe-4bea6798cb79/element/F0030000-0000-0000-5301-000000000000/click] to [POST http://127.0.0.1:8100/session/60DEF1F0-4A14-4727-943C-DB82535553CA/element/F0030000-0000-0000-5301-000000000000/click] with body: {"id":"F0030000-0000-0000-5301-000000000000"}
[debug] &amp#27;[35m[WD Proxy]&amp#27;[39m Got response with status 200: {"value":null,"sessionId":"60DEF1F0-4A14-4727-943C-DB82535553CA"}
&amp#27;[35m[WD Proxy]&amp#27;[39m Replacing sessionId 60DEF1F0-4A14-4727-943C-DB82535553CA with fa22c5fe-5ae1-4114-abfe-4bea6798cb79
&amp#27;[35m[HTTP]&amp#27;[39m &amp#27;[37m<-- POST /wd/hub/session/fa22c5fe-5ae1-4114-abfe-4bea6798cb79/element/F0030000-0000-0000-5301-000000000000/click &amp#27;[39m&amp#27;[32m200&amp#27;[39m &amp#27;[90m290 ms - 65&amp#27;[39m
&amp#27;[35m[HTTP]&amp#27;[39m &amp#27;[90m&amp#27;[39m
&amp#27;[35m[HTTP]&amp#27;[39m &amp#27;[37m-->&amp#27;[39m &amp#27;[37mPOST&amp#27;[39m &amp#27;[37m/wd/hub/session/fa22c5fe-5ae1-4114-abfe-4bea6798cb79/elements&amp#27;[39m
&amp#27;[35m[HTTP]&amp#27;[39m &amp#27;[90m{"using":"xpath","value":"//XCUIElementTypeButton[@name='checkbox outline']"}&amp#27;[39m
[debug] &amp#27;[35m[W3C (fa22c5fe)]&amp#27;[39m Calling AppiumDriver.findElements() with args: ["xpath","//XCUIElementTypeButton[@name='checkbox outline']","fa22c5fe-5ae1-4114-abfe-4bea6798cb79"]
[debug] &amp#27;[35m[XCUITest]&amp#27;[39m Executing command 'findElements'
[debug] &amp#27;[35m[BaseDriver]&amp#27;[39m Valid locator strategies for this request: xpath, id, name, class name, -ios predicate string, -ios class chain, accessibility id, css selector
[debug] &amp#27;[35m[BaseDriver]&amp#27;[39m Waiting up to 25000 ms for condition
[debug] &amp#27;[35m[XCUITest]&amp#27;[39m Setting custom timeout to 750000 ms for 'findElements' command
[debug] &amp#27;[35m[WD Proxy]&amp#27;[39m Matched '/elements' to command name 'findElements'
[debug] &amp#27;[35m[WD Proxy]&amp#27;[39m Proxying [POST /elements] to [POST http://127.0.0.1:8100/session/60DEF1F0-4A14-4727-943C-DB82535553CA/elements] with body: {"using":"xpath","value":"//XCUIElementTypeButton[@name='checkbox outline']"}
[debug] &amp#27;[35m[WD Proxy]&amp#27;[39m Got response with status 200: {"value":[{"ELEMENT":"F0030000-0000-0000-5301-000000000000","element-6066-11e4-a52e-4f735466cecf":"F0030000-0000-0000-5301-000000000000"},{"ELEMENT":"00040000-0000-0000-5301-000000000000","element-6066-11e4-a52e-4f735466cecf":"00040000-0000-0000-5301-000000000000"},{"ELEMENT":"05040000-0000-0000-5301-000000000000","element-6066-11e4-a52e-4f735466cecf":"05040000-0000-0000-5301-000000000000"},{"ELEMENT":"0A040000-0000-0000-5301-000000000000","element-6066-11e4-a52e-4f735466cecf":"0A040000-0000-0000-5301-000000000000"}],"sessionId":"60DEF1F0-4A14-4727-943C-DB82535553CA"}
[debug] &amp#27;[35m[W3C (fa22c5fe)]&amp#27;[39m Responding to client with driver.findElements() result: [{"element-6066-11e4-a52e-4f735466cecf":"F0030000-0000-0000-5301-000000000000","ELEMENT":"F0030000-0000-0000-5301-000000000000"},{"element-6066-11e4-a52e-4f735466cecf":"00040000-0000-0000-5301-000000000000","ELEMENT":"00040000-0000-0000-5301-000000000000"},{"element-6066-11e4-a52e-4f735466cecf":"05040000-0000-0000-5301-000000000000","ELEMENT":"05040000-0000-0000-5301-000000000000"},{"element-6066-11e4-a52e-4f735466cecf":"0A040000-0000-0000-5301-000000000000","ELEMENT":"0A040000-0000-0000-5301-000000000000"}]
&amp#27;[35m[HTTP]&amp#27;[39m &amp#27;[37m<-- POST /wd/hub/session/fa22c5fe-5ae1-4114-abfe-4bea6798cb79/elements &amp#27;[39m&amp#27;[32m200&amp#27;[39m &amp#27;[90m882 ms - 523&amp#27;[39m
&amp#27;[35m[HTTP]&amp#27;[39m &amp#27;[90m&amp#27;[39m
&amp#27;[35m[HTTP]&amp#27;[39m &amp#27;[37m-->&amp#27;[39m &amp#27;[37mPOST&amp#27;[39m &amp#27;[37m/wd/hub/session/fa22c5fe-5ae1-4114-abfe-4bea6798cb79/element/00040000-0000-0000-5301-000000000000/click&amp#27;[39m
&amp#27;[35m[HTTP]&amp#27;[39m &amp#27;[90m{"id":"00040000-0000-0000-5301-000000000000"}&amp#27;[39m
&amp#27;[35m[W3C (fa22c5fe)]&amp#27;[39m Driver proxy active, passing request on via HTTP proxy
[debug] &amp#27;[35m[XCUITest]&amp#27;[39m Executing command 'proxyReqRes'
[debug] &amp#27;[35m[WD Proxy]&amp#27;[39m Matched '/wd/hub/session/fa22c5fe-5ae1-4114-abfe-4bea6798cb79/element/00040000-0000-0000-5301-000000000000/click' to command name 'click'
[debug] &amp#27;[35m[WD Proxy]&amp#27;[39m Proxying [POST /wd/hub/session/fa22c5fe-5ae1-4114-abfe-4bea6798cb79/element/00040000-0000-0000-5301-000000000000/click] to [POST http://127.0.0.1:8100/session/60DEF1F0-4A14-4727-943C-DB82535553CA/element/00040000-0000-0000-5301-000000000000/click] with body: {"id":"00040000-0000-0000-5301-000000000000"}
[debug] &amp#27;[35m[WD Proxy]&amp#27;[39m Got response with status 200: {"value":null,"sessionId":"60DEF1F0-4A14-4727-943C-DB82535553CA"}
&amp#27;[35m[WD Proxy]&amp#27;[39m Replacing sessionId 60DEF1F0-4A14-4727-943C-DB82535553CA with fa22c5fe-5ae1-4114-abfe-4bea6798cb79
&amp#27;[35m[HTTP]&amp#27;[39m &amp#27;[37m<-- POST /wd/hub/session/fa22c5fe-5ae1-4114-abfe-4bea6798cb79/element/00040000-0000-0000-5301-000000000000/click &amp#27;[39m&amp#27;[32m200&amp#27;[39m &amp#27;[90m289 ms - 65&amp#27;[39m
&amp#27;[35m[HTTP]&amp#27;[39m &amp#27;[90m&amp#27;[39m
&amp#27;[35m[HTTP]&amp#27;[39m &amp#27;[37m-->&amp#27;[39m &amp#27;[37mPOST&amp#27;[39m &amp#27;[37m/wd/hub/session/fa22c5fe-5ae1-4114-abfe-4bea6798cb79/elements&amp#27;[39m
&amp#27;[35m[HTTP]&amp#27;[39m &amp#27;[90m{"using":"xpath","value":"//XCUIElementTypeButton[@name='checkbox outline']"}&amp#27;[39m
[debug] &amp#27;[35m[W3C (fa22c5fe)]&amp#27;[39m Calling AppiumDriver.findElements() with args: ["xpath","//XCUIElementTypeButton[@name='checkbox outline']","fa22c5fe-5ae1-4114-abfe-4bea6798cb79"]
[debug] &amp#27;[35m[XCUITest]&amp#27;[39m Executing command 'findElements'
[debug] &amp#27;[35m[BaseDriver]&amp#27;[39m Valid locator strategies for this request: xpath, id, name, class name, -ios predicate string, -ios class chain, accessibility id, css selector
[debug] &amp#27;[35m[BaseDriver]&amp#27;[39m Waiting up to 25000 ms for condition
[debug] &amp#27;[35m[XCUITest]&amp#27;[39m Setting custom timeout to 750000 ms for 'findElements' command
[debug] &amp#27;[35m[WD Proxy]&amp#27;[39m Matched '/elements' to command name 'findElements'
[debug] &amp#27;[35m[WD Proxy]&amp#27;[39m Proxying [POST /elements] to [POST http://127.0.0.1:8100/session/60DEF1F0-4A14-4727-943C-DB82535553CA/elements] with body: {"using":"xpath","value":"//XCUIElementTypeButton[@name='checkbox outline']"}
[debug] &amp#27;[35m[WD Proxy]&amp#27;[39m Got response with status 200: {"value":[{"ELEMENT":"F0030000-0000-0000-5301-000000000000","element-6066-11e4-a52e-4f735466cecf":"F0030000-0000-0000-5301-000000000000"},{"ELEMENT":"00040000-0000-0000-5301-000000000000","element-6066-11e4-a52e-4f735466cecf":"00040000-0000-0000-5301-000000000000"},{"ELEMENT":"05040000-0000-0000-5301-000000000000","element-6066-11e4-a52e-4f735466cecf":"05040000-0000-0000-5301-000000000000"},{"ELEMENT":"0A040000-0000-0000-5301-000000000000","element-6066-11e4-a52e-4f735466cecf":"0A040000-0000-0000-5301-000000000000"}],"sessionId":"60DEF1F0-4A14-4727-943C-DB82535553CA"}
[debug] &amp#27;[35m[W3C (fa22c5fe)]&amp#27;[39m Responding to client with driver.findElements() result: [{"element-6066-11e4-a52e-4f735466cecf":"F0030000-0000-0000-5301-000000000000","ELEMENT":"F0030000-0000-0000-5301-000000000000"},{"element-6066-11e4-a52e-4f735466cecf":"00040000-0000-0000-5301-000000000000","ELEMENT":"00040000-0000-0000-5301-000000000000"},{"element-6066-11e4-a52e-4f735466cecf":"05040000-0000-0000-5301-000000000000","ELEMENT":"05040000-0000-0000-5301-000000000000"},{"element-6066-11e4-a52e-4f735466cecf":"0A040000-0000-0000-5301-000000000000","ELEMENT":"0A040000-0000-0000-5301-000000000000"}]
&amp#27;[35m[HTTP]&amp#27;[39m &amp#27;[37m<-- POST /wd/hub/session/fa22c5fe-5ae1-4114-abfe-4bea6798cb79/elements &amp#27;[39m&amp#27;[32m200&amp#27;[39m &amp#27;[90m875 ms - 523&amp#27;[39m
&amp#27;[35m[HTTP]&amp#27;[39m &amp#27;[90m&amp#27;[39m
&amp#27;[35m[HTTP]&amp#27;[39m &amp#27;[37m-->&amp#27;[39m &amp#27;[37mPOST&amp#27;[39m &amp#27;[37m/wd/hub/session/fa22c5fe-5ae1-4114-abfe-4bea6798cb79/element/05040000-0000-0000-5301-000000000000/click&amp#27;[39m
&amp#27;[35m[HTTP]&amp#27;[39m &amp#27;[90m{"id":"05040000-0000-0000-5301-000000000000"}&amp#27;[39m
&amp#27;[35m[W3C (fa22c5fe)]&amp#27;[39m Driver proxy active, passing request on via HTTP proxy
[debug] &amp#27;[35m[XCUITest]&amp#27;[39m Executing command 'proxyReqRes'
[debug] &amp#27;[35m[WD Proxy]&amp#27;[39m Matched '/wd/hub/session/fa22c5fe-5ae1-4114-abfe-4bea6798cb79/element/05040000-0000-0000-5301-000000000000/click' to command name 'click'
[debug] &amp#27;[35m[WD Proxy]&amp#27;[39m Proxying [POST /wd/hub/session/fa22c5fe-5ae1-4114-abfe-4bea6798cb79/element/05040000-0000-0000-5301-000000000000/click] to [POST http://127.0.0.1:8100/session/60DEF1F0-4A14-4727-943C-DB82535553CA/element/05040000-0000-0000-5301-000000000000/click] with body: {"id":"05040000-0000-0000-5301-000000000000"}
[debug] &amp#27;[35m[WD Proxy]&amp#27;[39m Got response with status 200: {"value":null,"sessionId":"60DEF1F0-4A14-4727-943C-DB82535553CA"}
&amp#27;[35m[WD Proxy]&amp#27;[39m Replacing sessionId 60DEF1F0-4A14-4727-943C-DB82535553CA with fa22c5fe-5ae1-4114-abfe-4bea6798cb79
&amp#27;[35m[HTTP]&amp#27;[39m &amp#27;[37m<-- POST /wd/hub/session/fa22c5fe-5ae1-4114-abfe-4bea6798cb79/element/05040000-0000-0000-5301-000000000000/click &amp#27;[39m&amp#27;[32m200&amp#27;[39m &amp#27;[90m273 ms - 65&amp#27;[39m
&amp#27;[35m[HTTP]&amp#27;[39m &amp#27;[90m&amp#27;[39m
&amp#27;[35m[HTTP]&amp#27;[39m &amp#27;[37m-->&amp#27;[39m &amp#27;[37mPOST&amp#27;[39m &amp#27;[37m/wd/hub/session/fa22c5fe-5ae1-4114-abfe-4bea6798cb79/elements&amp#27;[39m
&amp#27;[35m[HTTP]&amp#27;[39m &amp#27;[90m{"using":"xpath","value":"//XCUIElementTypeButton[@name='checkbox outline']"}&amp#27;[39m
[debug] &amp#27;[35m[W3C (fa22c5fe)]&amp#27;[39m Calling AppiumDriver.findElements() with args: ["xpath","//XCUIElementTypeButton[@name='checkbox outline']","fa22c5fe-5ae1-4114-abfe-4bea6798cb79"]
[debug] &amp#27;[35m[XCUITest]&amp#27;[39m Executing command 'findElements'
[debug] &amp#27;[35m[BaseDriver]&amp#27;[39m Valid locator strategies for this request: xpath, id, name, class name, -ios predicate string, -ios class chain, accessibility id, css selector
[debug] &amp#27;[35m[BaseDriver]&amp#27;[39m Waiting up to 25000 ms for condition
[debug] &amp#27;[35m[XCUITest]&amp#27;[39m Setting custom timeout to 750000 ms for 'findElements' command
[debug] &amp#27;[35m[WD Proxy]&amp#27;[39m Matched '/elements' to command name 'findElements'
[debug] &amp#27;[35m[WD Proxy]&amp#27;[39m Proxying [POST /elements] to [POST http://127.0.0.1:8100/session/60DEF1F0-4A14-4727-943C-DB82535553CA/elements] with body: {"using":"xpath","value":"//XCUIElementTypeButton[@name='checkbox outline']"}
[debug] &amp#27;[35m[WD Proxy]&amp#27;[39m Got response with status 200: {"value":[{"ELEMENT":"F0030000-0000-0000-5301-000000000000","element-6066-11e4-a52e-4f735466cecf":"F0030000-0000-0000-5301-000000000000"},{"ELEMENT":"00040000-0000-0000-5301-000000000000","element-6066-11e4-a52e-4f735466cecf":"00040000-0000-0000-5301-000000000000"},{"ELEMENT":"05040000-0000-0000-5301-000000000000","element-6066-11e4-a52e-4f735466cecf":"05040000-0000-0000-5301-000000000000"},{"ELEMENT":"0A040000-0000-0000-5301-000000000000","element-6066-11e4-a52e-4f735466cecf":"0A040000-0000-0000-5301-000000000000"}],"sessionId":"60DEF1F0-4A14-4727-943C-DB82535553CA"}
[debug] &amp#27;[35m[W3C (fa22c5fe)]&amp#27;[39m Responding to client with driver.findElements() result: [{"element-6066-11e4-a52e-4f735466cecf":"F0030000-0000-0000-5301-000000000000","ELEMENT":"F0030000-0000-0000-5301-000000000000"},{"element-6066-11e4-a52e-4f735466cecf":"00040000-0000-0000-5301-000000000000","ELEMENT":"00040000-0000-0000-5301-000000000000"},{"element-6066-11e4-a52e-4f735466cecf":"05040000-0000-0000-5301-000000000000","ELEMENT":"05040000-0000-0000-5301-000000000000"},{"element-6066-11e4-a52e-4f735466cecf":"0A040000-0000-0000-5301-000000000000","ELEMENT":"0A040000-0000-0000-5301-000000000000"}]
&amp#27;[35m[HTTP]&amp#27;[39m &amp#27;[37m<-- POST /wd/hub/session/fa22c5fe-5ae1-4114-abfe-4bea6798cb79/elements &amp#27;[39m&amp#27;[32m200&amp#27;[39m &amp#27;[90m994 ms - 523&amp#27;[39m
&amp#27;[35m[HTTP]&amp#27;[39m &amp#27;[90m&amp#27;[39m
&amp#27;[35m[HTTP]&amp#27;[39m &amp#27;[37m-->&amp#27;[39m &amp#27;[37mPOST&amp#27;[39m &amp#27;[37m/wd/hub/session/fa22c5fe-5ae1-4114-abfe-4bea6798cb79/element/0A040000-0000-0000-5301-000000000000/click&amp#27;[39m
&amp#27;[35m[HTTP]&amp#27;[39m &amp#27;[90m{"id":"0A040000-0000-0000-5301-000000000000"}&amp#27;[39m
&amp#27;[35m[W3C (fa22c5fe)]&amp#27;[39m Driver proxy active, passing request on via HTTP proxy
[debug] &amp#27;[35m[XCUITest]&amp#27;[39m Executing command 'proxyReqRes'
[debug] &amp#27;[35m[WD Proxy]&amp#27;[39m Matched '/wd/hub/session/fa22c5fe-5ae1-4114-abfe-4bea6798cb79/element/0A040000-0000-0000-5301-000000000000/click' to command name 'click'
[debug] &amp#27;[35m[WD Proxy]&amp#27;[39m Proxying [POST /wd/hub/session/fa22c5fe-5ae1-4114-abfe-4bea6798cb79/element/0A040000-0000-0000-5301-000000000000/click] to [POST http://127.0.0.1:8100/session/60DEF1F0-4A14-4727-943C-DB82535553CA/element/0A040000-0000-0000-5301-000000000000/click] with body: {"id":"0A040000-0000-0000-5301-000000000000"}
[debug] &amp#27;[35m[WD Proxy]&amp#27;[39m Got response with status 200: {"value":null,"sessionId":"60DEF1F0-4A14-4727-943C-DB82535553CA"}
&amp#27;[35m[WD Proxy]&amp#27;[39m Replacing sessionId 60DEF1F0-4A14-4727-943C-DB82535553CA with fa22c5fe-5ae1-4114-abfe-4bea6798cb79
&amp#27;[35m[HTTP]&amp#27;[39m &amp#27;[37m<-- POST /wd/hub/session/fa22c5fe-5ae1-4114-abfe-4bea6798cb79/element/0A040000-0000-0000-5301-000000000000/click &amp#27;[39m&amp#27;[32m200&amp#27;[39m &amp#27;[90m267 ms - 65&amp#27;[39m
&amp#27;[35m[HTTP]&amp#27;[39m &amp#27;[90m&amp#27;[39m
&amp#27;[35m[HTTP]&amp#27;[39m &amp#27;[37m-->&amp#27;[39m &amp#27;[37mPOST&amp#27;[39m &amp#27;[37m/wd/hub/session/fa22c5fe-5ae1-4114-abfe-4bea6798cb79/element&amp#27;[39m
&amp#27;[35m[HTTP]&amp#27;[39m &amp#27;[90m{"using":"xpath","value":"//XCUIElementTypeStaticText[@name='CONTINUE']"}&amp#27;[39m
[debug] &amp#27;[35m[W3C (fa22c5fe)]&amp#27;[39m Calling AppiumDriver.findElement() with args: ["xpath","//XCUIElementTypeStaticText[@name='CONTINUE']","fa22c5fe-5ae1-4114-abfe-4bea6798cb79"]
[debug] &amp#27;[35m[XCUITest]&amp#27;[39m Executing command 'findElement'
[debug] &amp#27;[35m[BaseDriver]&amp#27;[39m Valid locator strategies for this request: xpath, id, name, class name, -ios predicate string, -ios class chain, accessibility id, css selector
[debug] &amp#27;[35m[BaseDriver]&amp#27;[39m Waiting up to 25000 ms for condition
[debug] &amp#27;[35m[XCUITest]&amp#27;[39m Setting custom timeout to 750000 ms for 'findElement' command
[debug] &amp#27;[35m[WD Proxy]&amp#27;[39m Matched '/element' to command name 'findElement'
[debug] &amp#27;[35m[WD Proxy]&amp#27;[39m Proxying [POST /element] to [POST http://127.0.0.1:8100/session/60DEF1F0-4A14-4727-943C-DB82535553CA/element] with body: {"using":"xpath","value":"//XCUIElementTypeStaticText[@name='CONTINUE']"}
[debug] &amp#27;[35m[WD Proxy]&amp#27;[39m Got response with status 200: {"value":{"ELEMENT":"0E040000-0000-0000-5301-000000000000","element-6066-11e4-a52e-4f735466cecf":"0E040000-0000-0000-5301-000000000000"},"sessionId":"60DEF1F0-4A14-4727-943C-DB82535553CA"}
[debug] &amp#27;[35m[W3C (fa22c5fe)]&amp#27;[39m Responding to client with driver.findElement() result: {"element-6066-11e4-a52e-4f735466cecf":"0E040000-0000-0000-5301-000000000000","ELEMENT":"0E040000-0000-0000-5301-000000000000"}
&amp#27;[35m[HTTP]&amp#27;[39m &amp#27;[37m<-- POST /wd/hub/session/fa22c5fe-5ae1-4114-abfe-4bea6798cb79/element &amp#27;[39m&amp#27;[32m200&amp#27;[39m &amp#27;[90m695 ms - 137&amp#27;[39m
&amp#27;[35m[HTTP]&amp#27;[39m &amp#27;[90m&amp#27;[39m
&amp#27;[35m[HTTP]&amp#27;[39m &amp#27;[37m-->&amp#27;[39m &amp#27;[37mPOST&amp#27;[39m &amp#27;[37m/wd/hub/session/fa22c5fe-5ae1-4114-abfe-4bea6798cb79/element/0E040000-0000-0000-5301-000000000000/click&amp#27;[39m
&amp#27;[35m[HTTP]&amp#27;[39m &amp#27;[90m{"id":"0E040000-0000-0000-5301-000000000000"}&amp#27;[39m
&amp#27;[35m[W3C (fa22c5fe)]&amp#27;[39m Driver proxy active, passing request on via HTTP proxy
[debug] &amp#27;[35m[XCUITest]&amp#27;[39m Executing command 'proxyReqRes'
[debug] &amp#27;[35m[WD Proxy]&amp#27;[39m Matched '/wd/hub/session/fa22c5fe-5ae1-4114-abfe-4bea6798cb79/element/0E040000-0000-0000-5301-000000000000/click' to command name 'click'
[debug] &amp#27;[35m[WD Proxy]&amp#27;[39m Proxying [POST /wd/hub/session/fa22c5fe-5ae1-4114-abfe-4bea6798cb79/element/0E040000-0000-0000-5301-000000000000/click] to [POST http://127.0.0.1:8100/session/60DEF1F0-4A14-4727-943C-DB82535553CA/element/0E040000-0000-0000-5301-000000000000/click] with body: {"id":"0E040000-0000-0000-5301-000000000000"}
[debug] &amp#27;[35m[WD Proxy]&amp#27;[39m Got response with status 200: {"value":null,"sessionId":"60DEF1F0-4A14-4727-943C-DB82535553CA"}
&amp#27;[35m[WD Proxy]&amp#27;[39m Replacing sessionId 60DEF1F0-4A14-4727-943C-DB82535553CA with fa22c5fe-5ae1-4114-abfe-4bea6798cb79
&amp#27;[35m[HTTP]&amp#27;[39m &amp#27;[37m<-- POST /wd/hub/session/fa22c5fe-5ae1-4114-abfe-4bea6798cb79/element/0E040000-0000-0000-5301-000000000000/click &amp#27;[39m&amp#27;[32m200&amp#27;[39m &amp#27;[90m294 ms - 65&amp#27;[39m
&amp#27;[35m[HTTP]&amp#27;[39m &amp#27;[90m&amp#27;[39m
&amp#27;[35m[HTTP]&amp#27;[39m &amp#27;[37m-->&amp#27;[39m &amp#27;[37mPOST&amp#27;[39m &amp#27;[37m/wd/hub/session/fa22c5fe-5ae1-4114-abfe-4bea6798cb79/elements&amp#27;[39m
&amp#27;[35m[HTTP]&amp#27;[39m &amp#27;[90m{"using":"xpath","value":"//XCUIElementTypeButton[@name='checkbox outline']"}&amp#27;[39m
[debug] &amp#27;[35m[W3C (fa22c5fe)]&amp#27;[39m Calling AppiumDriver.findElements() with args: ["xpath","//XCUIElementTypeButton[@name='checkbox outline']","fa22c5fe-5ae1-4114-abfe-4bea6798cb79"]
[debug] &amp#27;[35m[XCUITest]&amp#27;[39m Executing command 'findElements'
[debug] &amp#27;[35m[BaseDriver]&amp#27;[39m Valid locator strategies for this request: xpath, id, name, class name, -ios predicate string, -ios class chain, accessibility id, css selector
[debug] &amp#27;[35m[BaseDriver]&amp#27;[39m Waiting up to 25000 ms for condition
[debug] &amp#27;[35m[XCUITest]&amp#27;[39m Setting custom timeout to 750000 ms for 'findElements' command
[debug] &amp#27;[35m[WD Proxy]&amp#27;[39m Matched '/elements' to command name 'findElements'
[debug] &amp#27;[35m[WD Proxy]&amp#27;[39m Proxying [POST /elements] to [POST http://127.0.0.1:8100/session/60DEF1F0-4A14-4727-943C-DB82535553CA/elements] with body: {"using":"xpath","value":"//XCUIElementTypeButton[@name='checkbox outline']"}
&amp#27;[35m[WD Proxy]&amp#27;[39m Got response with status 404: {"value":{"error":"stale element reference","message":"The previously found element \"\"checkbox outline\" Button\" is not present in the current view anymore. Make sure the application UI has the expected state. Original error: No matches found for Elements matching predicate 'wdUID IN {\"F0030000-0000-0000-5301-000000000000\", \"00040000-0000-0000-5301-000000000000\", \"05040000-0000-0000-5301-000000000000\", \"0A040000-0000-0000-5301-000000000000\"}' from input {(\n    Button,\n    Button,\n    Button,\n    Button,\n    Button,\n    Button,\n    Button,\n    Button,\n    Button,\n    Button,\n    Button,\n    Button,\n    Button,\n    Button,\n    Button,\n    Button,\n    Button,\n    Button,\n    Button\n)}","traceback":"(\n\t0   CoreFoundation                      0x00000001a103e5c0 472C9193-115D-34CD-AD1D-0E7E091C9432 + 1185216\n\t1   libobjc.A.dylib                     0x00000001b50b842c objc_exception_throw + 60\n\t2   WebDriverAgentLib                   0x0000000107fa11f8 -[XCUIElement(FBUtilitie...
[debug] &amp#27;[35m[W3C]&amp#27;[39m Matched W3C error code 'stale element reference' to StaleElementReferenceError
[debug] &amp#27;[35m[BaseDriver]&amp#27;[39m Waited for 748 ms so far
[debug] &amp#27;[35m[XCUITest]&amp#27;[39m Setting custom timeout to 750000 ms for 'findElements' command
[debug] &amp#27;[35m[WD Proxy]&amp#27;[39m Matched '/elements' to command name 'findElements'
[debug] &amp#27;[35m[WD Proxy]&amp#27;[39m Proxying [POST /elements] to [POST http://127.0.0.1:8100/session/60DEF1F0-4A14-4727-943C-DB82535553CA/elements] with body: {"using":"xpath","value":"//XCUIElementTypeButton[@name='checkbox outline']"}
[debug] &amp#27;[35m[WD Proxy]&amp#27;[39m Got response with status 200: {"value":[{"ELEMENT":"34040000-0000-0000-5301-000000000000","element-6066-11e4-a52e-4f735466cecf":"34040000-0000-0000-5301-000000000000"},{"ELEMENT":"39040000-0000-0000-5301-000000000000","element-6066-11e4-a52e-4f735466cecf":"39040000-0000-0000-5301-000000000000"},{"ELEMENT":"3E040000-0000-0000-5301-000000000000","element-6066-11e4-a52e-4f735466cecf":"3E040000-0000-0000-5301-000000000000"},{"ELEMENT":"43040000-0000-0000-5301-000000000000","element-6066-11e4-a52e-4f735466cecf":"43040000-0000-0000-5301-000000000000"},{"ELEMENT":"48040000-0000-0000-5301-000000000000","element-6066-11e4-a52e-4f735466cecf":"48040000-0000-0000-5301-000000000000"}],"sessionId":"60DEF1F0-4A14-4727-943C-DB82535553CA"}
[debug] &amp#27;[35m[W3C (fa22c5fe)]&amp#27;[39m Responding to client with driver.findElements() result: [{"element-6066-11e4-a52e-4f735466cecf":"34040000-0000-0000-5301-000000000000","ELEMENT":"34040000-0000-0000-5301-000000000000"},{"element-6066-11e4-a52e-4f735466cecf":"39040000-0000-0000-5301-000000000000","ELEMENT":"39040000-0000-0000-5301-000000000000"},{"element-6066-11e4-a52e-4f735466cecf":"3E040000-0000-0000-5301-000000000000","ELEMENT":"3E040000-0000-0000-5301-000000000000"},{"element-6066-11e4-a52e-4f735466cecf":"43040000-0000-0000-5301-000000000000","ELEMENT":"43040000-0000-0000-5301-000000000000"},{"element-6066-11e4-a52e-4f735466cecf":"48040000-0000-0000-5301-000000000000","ELEMENT":"48040000-0000-0000-5301-000000000000"}]
&amp#27;[35m[HTTP]&amp#27;[39m &amp#27;[37m<-- POST /wd/hub/session/fa22c5fe-5ae1-4114-abfe-4bea6798cb79/elements &amp#27;[39m&amp#27;[32m200&amp#27;[39m &amp#27;[90m2293 ms - 651&amp#27;[39m
&amp#27;[35m[HTTP]&amp#27;[39m &amp#27;[90m&amp#27;[39m
&amp#27;[35m[HTTP]&amp#27;[39m &amp#27;[37m-->&amp#27;[39m &amp#27;[37mPOST&amp#27;[39m &amp#27;[37m/wd/hub/session/fa22c5fe-5ae1-4114-abfe-4bea6798cb79/element&amp#27;[39m
&amp#27;[35m[HTTP]&amp#27;[39m &amp#27;[90m{"using":"xpath","value":"//XCUIElementTypeTextField[@value='Betriebsstunden']"}&amp#27;[39m
[debug] &amp#27;[35m[W3C (fa22c5fe)]&amp#27;[39m Calling AppiumDriver.findElement() with args: ["xpath","//XCUIElementTypeTextField[@value='Betriebsstunden']","fa22c5fe-5ae1-4114-abfe-4bea6798cb79"]
[debug] &amp#27;[35m[XCUITest]&amp#27;[39m Executing command 'findElement'
[debug] &amp#27;[35m[BaseDriver]&amp#27;[39m Valid locator strategies for this request: xpath, id, name, class name, -ios predicate string, -ios class chain, accessibility id, css selector
[debug] &amp#27;[35m[BaseDriver]&amp#27;[39m Waiting up to 25000 ms for condition
[debug] &amp#27;[35m[XCUITest]&amp#27;[39m Setting custom timeout to 750000 ms for 'findElement' command
[debug] &amp#27;[35m[WD Proxy]&amp#27;[39m Matched '/element' to command name 'findElement'
[debug] &amp#27;[35m[WD Proxy]&amp#27;[39m Proxying [POST /element] to [POST http://127.0.0.1:8100/session/60DEF1F0-4A14-4727-943C-DB82535553CA/element] with body: {"using":"xpath","value":"//XCUIElementTypeTextField[@value='Betriebsstunden']"}
[debug] &amp#27;[35m[WD Proxy]&amp#27;[39m Got response with status 200: {"value":{"ELEMENT":"30040000-0000-0000-5301-000000000000","element-6066-11e4-a52e-4f735466cecf":"30040000-0000-0000-5301-000000000000"},"sessionId":"60DEF1F0-4A14-4727-943C-DB82535553CA"}
[debug] &amp#27;[35m[W3C (fa22c5fe)]&amp#27;[39m Responding to client with driver.findElement() result: {"element-6066-11e4-a52e-4f735466cecf":"30040000-0000-0000-5301-000000000000","ELEMENT":"30040000-0000-0000-5301-000000000000"}
&amp#27;[35m[HTTP]&amp#27;[39m &amp#27;[37m<-- POST /wd/hub/session/fa22c5fe-5ae1-4114-abfe-4bea6798cb79/element &amp#27;[39m&amp#27;[32m200&amp#27;[39m &amp#27;[90m563 ms - 137&amp#27;[39m
&amp#27;[35m[HTTP]&amp#27;[39m &amp#27;[90m&amp#27;[39m
&amp#27;[35m[HTTP]&amp#27;[39m &amp#27;[37m-->&amp#27;[39m &amp#27;[37mPOST&amp#27;[39m &amp#27;[37m/wd/hub/session/fa22c5fe-5ae1-4114-abfe-4bea6798cb79/element/30040000-0000-0000-5301-000000000000/value&amp#27;[39m
&amp#27;[35m[HTTP]&amp#27;[39m &amp#27;[90m{"id":"30040000-0000-0000-5301-000000000000","text":"20","value":["2","0"]}&amp#27;[39m
[debug] &amp#27;[35m[W3C (fa22c5fe)]&amp#27;[39m Calling AppiumDriver.setValue() with args: [["2","0"],"30040000-0000-0000-5301-000000000000","fa22c5fe-5ae1-4114-abfe-4bea6798cb79"]
[debug] &amp#27;[35m[XCUITest]&amp#27;[39m Executing command 'setValue'
[debug] &amp#27;[35m[XCUITest]&amp#27;[39m Setting custom timeout to 750000 ms for 'setValue' command
[debug] &amp#27;[35m[WD Proxy]&amp#27;[39m Matched '/element/30040000-0000-0000-5301-000000000000/value' to command name 'setValue'
[debug] &amp#27;[35m[Protocol Converter]&amp#27;[39m Added 'text' property "20" to 'setValue' request body
[debug] &amp#27;[35m[WD Proxy]&amp#27;[39m Proxying [POST /element/30040000-0000-0000-5301-000000000000/value] to [POST http://127.0.0.1:8100/session/60DEF1F0-4A14-4727-943C-DB82535553CA/element/30040000-0000-0000-5301-000000000000/value] with body: {"value":["2","0"],"text":"20"}
[debug] &amp#27;[35m[WD Proxy]&amp#27;[39m Got response with status 200: {"value":null,"sessionId":"60DEF1F0-4A14-4727-943C-DB82535553CA"}
[debug] &amp#27;[35m[W3C (fa22c5fe)]&amp#27;[39m Responding to client with driver.setValue() result: null
&amp#27;[35m[HTTP]&amp#27;[39m &amp#27;[37m<-- POST /wd/hub/session/fa22c5fe-5ae1-4114-abfe-4bea6798cb79/element/30040000-0000-0000-5301-000000000000/value &amp#27;[39m&amp#27;[32m200&amp#27;[39m &amp#27;[90m585 ms - 14&amp#27;[39m
&amp#27;[35m[HTTP]&amp#27;[39m &amp#27;[90m&amp#27;[39m
&amp#27;[35m[HTTP]&amp#27;[39m &amp#27;[37m-->&amp#27;[39m &amp#27;[37mPOST&amp#27;[39m &amp#27;[37m/wd/hub/session/fa22c5fe-5ae1-4114-abfe-4bea6798cb79/elements&amp#27;[39m
&amp#27;[35m[HTTP]&amp#27;[39m &amp#27;[90m{"using":"xpath","value":"//XCUIElementTypeButton[@name='checkbox outline']"}&amp#27;[39m
[debug] &amp#27;[35m[W3C (fa22c5fe)]&amp#27;[39m Calling AppiumDriver.findElements() with args: ["xpath","//XCUIElementTypeButton[@name='checkbox outline']","fa22c5fe-5ae1-4114-abfe-4bea6798cb79"]
[debug] &amp#27;[35m[XCUITest]&amp#27;[39m Executing command 'findElements'
[debug] &amp#27;[35m[BaseDriver]&amp#27;[39m Valid locator strategies for this request: xpath, id, name, class name, -ios predicate string, -ios class chain, accessibility id, css selector
[debug] &amp#27;[35m[BaseDriver]&amp#27;[39m Waiting up to 25000 ms for condition
[debug] &amp#27;[35m[XCUITest]&amp#27;[39m Setting custom timeout to 750000 ms for 'findElements' command
[debug] &amp#27;[35m[WD Proxy]&amp#27;[39m Matched '/elements' to command name 'findElements'
[debug] &amp#27;[35m[WD Proxy]&amp#27;[39m Proxying [POST /elements] to [POST http://127.0.0.1:8100/session/60DEF1F0-4A14-4727-943C-DB82535553CA/elements] with body: {"using":"xpath","value":"//XCUIElementTypeButton[@name='checkbox outline']"}
[debug] &amp#27;[35m[WD Proxy]&amp#27;[39m Got response with status 200: {"value":[{"ELEMENT":"34040000-0000-0000-5301-000000000000","element-6066-11e4-a52e-4f735466cecf":"34040000-0000-0000-5301-000000000000"},{"ELEMENT":"39040000-0000-0000-5301-000000000000","element-6066-11e4-a52e-4f735466cecf":"39040000-0000-0000-5301-000000000000"},{"ELEMENT":"3E040000-0000-0000-5301-000000000000","element-6066-11e4-a52e-4f735466cecf":"3E040000-0000-0000-5301-000000000000"},{"ELEMENT":"43040000-0000-0000-5301-000000000000","element-6066-11e4-a52e-4f735466cecf":"43040000-0000-0000-5301-000000000000"},{"ELEMENT":"48040000-0000-0000-5301-000000000000","element-6066-11e4-a52e-4f735466cecf":"48040000-0000-0000-5301-000000000000"}],"sessionId":"60DEF1F0-4A14-4727-943C-DB82535553CA"}
[debug] &amp#27;[35m[W3C (fa22c5fe)]&amp#27;[39m Responding to client with driver.findElements() result: [{"element-6066-11e4-a52e-4f735466cecf":"34040000-0000-0000-5301-000000000000","ELEMENT":"34040000-0000-0000-5301-000000000000"},{"element-6066-11e4-a52e-4f735466cecf":"39040000-0000-0000-5301-000000000000","ELEMENT":"39040000-0000-0000-5301-000000000000"},{"element-6066-11e4-a52e-4f735466cecf":"3E040000-0000-0000-5301-000000000000","ELEMENT":"3E040000-0000-0000-5301-000000000000"},{"element-6066-11e4-a52e-4f735466cecf":"43040000-0000-0000-5301-000000000000","ELEMENT":"43040000-0000-0000-5301-000000000000"},{"element-6066-11e4-a52e-4f735466cecf":"48040000-0000-0000-5301-000000000000","ELEMENT":"48040000-0000-0000-5301-000000000000"}]
&amp#27;[35m[HTTP]&amp#27;[39m &amp#27;[37m<-- POST /wd/hub/session/fa22c5fe-5ae1-4114-abfe-4bea6798cb79/elements &amp#27;[39m&amp#27;[32m200&amp#27;[39m &amp#27;[90m1434 ms - 651&amp#27;[39m
&amp#27;[35m[HTTP]&amp#27;[39m &amp#27;[90m&amp#27;[39m
&amp#27;[35m[HTTP]&amp#27;[39m &amp#27;[37m-->&amp#27;[39m &amp#27;[37mPOST&amp#27;[39m &amp#27;[37m/wd/hub/session/fa22c5fe-5ae1-4114-abfe-4bea6798cb79/element/34040000-0000-0000-5301-000000000000/click&amp#27;[39m
&amp#27;[35m[HTTP]&amp#27;[39m &amp#27;[90m{"id":"34040000-0000-0000-5301-000000000000"}&amp#27;[39m
&amp#27;[35m[W3C (fa22c5fe)]&amp#27;[39m Driver proxy active, passing request on via HTTP proxy
[debug] &amp#27;[35m[XCUITest]&amp#27;[39m Executing command 'proxyReqRes'
[debug] &amp#27;[35m[WD Proxy]&amp#27;[39m Matched '/wd/hub/session/fa22c5fe-5ae1-4114-abfe-4bea6798cb79/element/34040000-0000-0000-5301-000000000000/click' to command name 'click'
[debug] &amp#27;[35m[WD Proxy]&amp#27;[39m Proxying [POST /wd/hub/session/fa22c5fe-5ae1-4114-abfe-4bea6798cb79/element/34040000-0000-0000-5301-000000000000/click] to [POST http://127.0.0.1:8100/session/60DEF1F0-4A14-4727-943C-DB82535553CA/element/34040000-0000-0000-5301-000000000000/click] with body: {"id":"34040000-0000-0000-5301-000000000000"}
[debug] &amp#27;[35m[WD Proxy]&amp#27;[39m Got response with status 200: {"value":null,"sessionId":"60DEF1F0-4A14-4727-943C-DB82535553CA"}
&amp#27;[35m[WD Proxy]&amp#27;[39m Replacing sessionId 60DEF1F0-4A14-4727-943C-DB82535553CA with fa22c5fe-5ae1-4114-abfe-4bea6798cb79
&amp#27;[35m[HTTP]&amp#27;[39m &amp#27;[37m<-- POST /wd/hub/session/fa22c5fe-5ae1-4114-abfe-4bea6798cb79/element/34040000-0000-0000-5301-000000000000/click &amp#27;[39m&amp#27;[32m200&amp#27;[39m &amp#27;[90m335 ms - 65&amp#27;[39m
&amp#27;[35m[HTTP]&amp#27;[39m &amp#27;[90m&amp#27;[39m
&amp#27;[35m[HTTP]&amp#27;[39m &amp#27;[37m-->&amp#27;[39m &amp#27;[37mPOST&amp#27;[39m &amp#27;[37m/wd/hub/session/fa22c5fe-5ae1-4114-abfe-4bea6798cb79/elements&amp#27;[39m
&amp#27;[35m[HTTP]&amp#27;[39m &amp#27;[90m{"using":"xpath","value":"//XCUIElementTypeButton[@name='checkbox outline']"}&amp#27;[39m
[debug] &amp#27;[35m[W3C (fa22c5fe)]&amp#27;[39m Calling AppiumDriver.findElements() with args: ["xpath","//XCUIElementTypeButton[@name='checkbox outline']","fa22c5fe-5ae1-4114-abfe-4bea6798cb79"]
[debug] &amp#27;[35m[XCUITest]&amp#27;[39m Executing command 'findElements'
[debug] &amp#27;[35m[BaseDriver]&amp#27;[39m Valid locator strategies for this request: xpath, id, name, class name, -ios predicate string, -ios class chain, accessibility id, css selector
[debug] &amp#27;[35m[BaseDriver]&amp#27;[39m Waiting up to 25000 ms for condition
[debug] &amp#27;[35m[XCUITest]&amp#27;[39m Setting custom timeout to 750000 ms for 'findElements' command
[debug] &amp#27;[35m[WD Proxy]&amp#27;[39m Matched '/elements' to command name 'findElements'
[debug] &amp#27;[35m[WD Proxy]&amp#27;[39m Proxying [POST /elements] to [POST http://127.0.0.1:8100/session/60DEF1F0-4A14-4727-943C-DB82535553CA/elements] with body: {"using":"xpath","value":"//XCUIElementTypeButton[@name='checkbox outline']"}
[debug] &amp#27;[35m[WD Proxy]&amp#27;[39m Got response with status 200: {"value":[{"ELEMENT":"34040000-0000-0000-5301-000000000000","element-6066-11e4-a52e-4f735466cecf":"34040000-0000-0000-5301-000000000000"},{"ELEMENT":"39040000-0000-0000-5301-000000000000","element-6066-11e4-a52e-4f735466cecf":"39040000-0000-0000-5301-000000000000"},{"ELEMENT":"3E040000-0000-0000-5301-000000000000","element-6066-11e4-a52e-4f735466cecf":"3E040000-0000-0000-5301-000000000000"},{"ELEMENT":"43040000-0000-0000-5301-000000000000","element-6066-11e4-a52e-4f735466cecf":"43040000-0000-0000-5301-000000000000"},{"ELEMENT":"48040000-0000-0000-5301-000000000000","element-6066-11e4-a52e-4f735466cecf":"48040000-0000-0000-5301-000000000000"}],"sessionId":"60DEF1F0-4A14-4727-943C-DB82535553CA"}
[debug] &amp#27;[35m[W3C (fa22c5fe)]&amp#27;[39m Responding to client with driver.findElements() result: [{"element-6066-11e4-a52e-4f735466cecf":"34040000-0000-0000-5301-000000000000","ELEMENT":"34040000-0000-0000-5301-000000000000"},{"element-6066-11e4-a52e-4f735466cecf":"39040000-0000-0000-5301-000000000000","ELEMENT":"39040000-0000-0000-5301-000000000000"},{"element-6066-11e4-a52e-4f735466cecf":"3E040000-0000-0000-5301-000000000000","ELEMENT":"3E040000-0000-0000-5301-000000000000"},{"element-6066-11e4-a52e-4f735466cecf":"43040000-0000-0000-5301-000000000000","ELEMENT":"43040000-0000-0000-5301-000000000000"},{"element-6066-11e4-a52e-4f735466cecf":"48040000-0000-0000-5301-000000000000","ELEMENT":"48040000-0000-0000-5301-000000000000"}]
&amp#27;[35m[HTTP]&amp#27;[39m &amp#27;[37m<-- POST /wd/hub/session/fa22c5fe-5ae1-4114-abfe-4bea6798cb79/elements &amp#27;[39m&amp#27;[32m200&amp#27;[39m &amp#27;[90m1038 ms - 651&amp#27;[39m
&amp#27;[35m[HTTP]&amp#27;[39m &amp#27;[90m&amp#27;[39m
&amp#27;[35m[HTTP]&amp#27;[39m &amp#27;[37m-->&amp#27;[39m &amp#27;[37mPOST&amp#27;[39m &amp#27;[37m/wd/hub/session/fa22c5fe-5ae1-4114-abfe-4bea6798cb79/element/39040000-0000-0000-5301-000000000000/click&amp#27;[39m
&amp#27;[35m[HTTP]&amp#27;[39m &amp#27;[90m{"id":"39040000-0000-0000-5301-000000000000"}&amp#27;[39m
&amp#27;[35m[W3C (fa22c5fe)]&amp#27;[39m Driver proxy active, passing request on via HTTP proxy
[debug] &amp#27;[35m[XCUITest]&amp#27;[39m Executing command 'proxyReqRes'
[debug] &amp#27;[35m[WD Proxy]&amp#27;[39m Matched '/wd/hub/session/fa22c5fe-5ae1-4114-abfe-4bea6798cb79/element/39040000-0000-0000-5301-000000000000/click' to command name 'click'
[debug] &amp#27;[35m[WD Proxy]&amp#27;[39m Proxying [POST /wd/hub/session/fa22c5fe-5ae1-4114-abfe-4bea6798cb79/element/39040000-0000-0000-5301-000000000000/click] to [POST http://127.0.0.1:8100/session/60DEF1F0-4A14-4727-943C-DB82535553CA/element/39040000-0000-0000-5301-000000000000/click] with body: {"id":"39040000-0000-0000-5301-000000000000"}
[debug] &amp#27;[35m[WD Proxy]&amp#27;[39m Got response with status 200: {"value":null,"sessionId":"60DEF1F0-4A14-4727-943C-DB82535553CA"}
&amp#27;[35m[WD Proxy]&amp#27;[39m Replacing sessionId 60DEF1F0-4A14-4727-943C-DB82535553CA with fa22c5fe-5ae1-4114-abfe-4bea6798cb79
&amp#27;[35m[HTTP]&amp#27;[39m &amp#27;[37m<-- POST /wd/hub/session/fa22c5fe-5ae1-4114-abfe-4bea6798cb79/element/39040000-0000-0000-5301-000000000000/click &amp#27;[39m&amp#27;[32m200&amp#27;[39m &amp#27;[90m213 ms - 65&amp#27;[39m
&amp#27;[35m[HTTP]&amp#27;[39m &amp#27;[90m&amp#27;[39m
&amp#27;[35m[HTTP]&amp#27;[39m &amp#27;[37m-->&amp#27;[39m &amp#27;[37mPOST&amp#27;[39m &amp#27;[37m/wd/hub/session/fa22c5fe-5ae1-4114-abfe-4bea6798cb79/elements&amp#27;[39m
&amp#27;[35m[HTTP]&amp#27;[39m &amp#27;[90m{"using":"xpath","value":"//XCUIElementTypeButton[@name='checkbox outline']"}&amp#27;[39m
[debug] &amp#27;[35m[W3C (fa22c5fe)]&amp#27;[39m Calling AppiumDriver.findElements() with args: ["xpath","//XCUIElementTypeButton[@name='checkbox outline']","fa22c5fe-5ae1-4114-abfe-4bea6798cb79"]
[debug] &amp#27;[35m[XCUITest]&amp#27;[39m Executing command 'findElements'
[debug] &amp#27;[35m[BaseDriver]&amp#27;[39m Valid locator strategies for this request: xpath, id, name, class name, -ios predicate string, -ios class chain, accessibility id, css selector
[debug] &amp#27;[35m[BaseDriver]&amp#27;[39m Waiting up to 25000 ms for condition
[debug] &amp#27;[35m[XCUITest]&amp#27;[39m Setting custom timeout to 750000 ms for 'findElements' command
[debug] &amp#27;[35m[WD Proxy]&amp#27;[39m Matched '/elements' to command name 'findElements'
[debug] &amp#27;[35m[WD Proxy]&amp#27;[39m Proxying [POST /elements] to [POST http://127.0.0.1:8100/session/60DEF1F0-4A14-4727-943C-DB82535553CA/elements] with body: {"using":"xpath","value":"//XCUIElementTypeButton[@name='checkbox outline']"}
[debug] &amp#27;[35m[WD Proxy]&amp#27;[39m Got response with status 200: {"value":[{"ELEMENT":"34040000-0000-0000-5301-000000000000","element-6066-11e4-a52e-4f735466cecf":"34040000-0000-0000-5301-000000000000"},{"ELEMENT":"39040000-0000-0000-5301-000000000000","element-6066-11e4-a52e-4f735466cecf":"39040000-0000-0000-5301-000000000000"},{"ELEMENT":"3E040000-0000-0000-5301-000000000000","element-6066-11e4-a52e-4f735466cecf":"3E040000-0000-0000-5301-000000000000"},{"ELEMENT":"43040000-0000-0000-5301-000000000000","element-6066-11e4-a52e-4f735466cecf":"43040000-0000-0000-5301-000000000000"},{"ELEMENT":"48040000-0000-0000-5301-000000000000","element-6066-11e4-a52e-4f735466cecf":"48040000-0000-0000-5301-000000000000"}],"sessionId":"60DEF1F0-4A14-4727-943C-DB82535553CA"}
[debug] &amp#27;[35m[W3C (fa22c5fe)]&amp#27;[39m Responding to client with driver.findElements() result: [{"element-6066-11e4-a52e-4f735466cecf":"34040000-0000-0000-5301-000000000000","ELEMENT":"34040000-0000-0000-5301-000000000000"},{"element-6066-11e4-a52e-4f735466cecf":"39040000-0000-0000-5301-000000000000","ELEMENT":"39040000-0000-0000-5301-000000000000"},{"element-6066-11e4-a52e-4f735466cecf":"3E040000-0000-0000-5301-000000000000","ELEMENT":"3E040000-0000-0000-5301-000000000000"},{"element-6066-11e4-a52e-4f735466cecf":"43040000-0000-0000-5301-000000000000","ELEMENT":"43040000-0000-0000-5301-000000000000"},{"element-6066-11e4-a52e-4f735466cecf":"48040000-0000-0000-5301-000000000000","ELEMENT":"48040000-0000-0000-5301-000000000000"}]
&amp#27;[35m[HTTP]&amp#27;[39m &amp#27;[37m<-- POST /wd/hub/session/fa22c5fe-5ae1-4114-abfe-4bea6798cb79/elements &amp#27;[39m&amp#27;[32m200&amp#27;[39m &amp#27;[90m957 ms - 651&amp#27;[39m
&amp#27;[35m[HTTP]&amp#27;[39m &amp#27;[90m&amp#27;[39m
&amp#27;[35m[HTTP]&amp#27;[39m &amp#27;[37m-->&amp#27;[39m &amp#27;[37mPOST&amp#27;[39m &amp#27;[37m/wd/hub/session/fa22c5fe-5ae1-4114-abfe-4bea6798cb79/element/3E040000-0000-0000-5301-000000000000/click&amp#27;[39m
&amp#27;[35m[HTTP]&amp#27;[39m &amp#27;[90m{"id":"3E040000-0000-0000-5301-000000000000"}&amp#27;[39m
&amp#27;[35m[W3C (fa22c5fe)]&amp#27;[39m Driver proxy active, passing request on via HTTP proxy
[debug] &amp#27;[35m[XCUITest]&amp#27;[39m Executing command 'proxyReqRes'
[debug] &amp#27;[35m[WD Proxy]&amp#27;[39m Matched '/wd/hub/session/fa22c5fe-5ae1-4114-abfe-4bea6798cb79/element/3E040000-0000-0000-5301-000000000000/click' to command name 'click'
[debug] &amp#27;[35m[WD Proxy]&amp#27;[39m Proxying [POST /wd/hub/session/fa22c5fe-5ae1-4114-abfe-4bea6798cb79/element/3E040000-0000-0000-5301-000000000000/click] to [POST http://127.0.0.1:8100/session/60DEF1F0-4A14-4727-943C-DB82535553CA/element/3E040000-0000-0000-5301-000000000000/click] with body: {"id":"3E040000-0000-0000-5301-000000000000"}
[debug] &amp#27;[35m[WD Proxy]&amp#27;[39m Got response with status 200: {"value":null,"sessionId":"60DEF1F0-4A14-4727-943C-DB82535553CA"}
&amp#27;[35m[WD Proxy]&amp#27;[39m Replacing sessionId 60DEF1F0-4A14-4727-943C-DB82535553CA with fa22c5fe-5ae1-4114-abfe-4bea6798cb79
&amp#27;[35m[HTTP]&amp#27;[39m &amp#27;[37m<-- POST /wd/hub/session/fa22c5fe-5ae1-4114-abfe-4bea6798cb79/element/3E040000-0000-0000-5301-000000000000/click &amp#27;[39m&amp#27;[32m200&amp#27;[39m &amp#27;[90m256 ms - 65&amp#27;[39m
&amp#27;[35m[HTTP]&amp#27;[39m &amp#27;[90m&amp#27;[39m
&amp#27;[35m[HTTP]&amp#27;[39m &amp#27;[37m-->&amp#27;[39m &amp#27;[37mPOST&amp#27;[39m &amp#27;[37m/wd/hub/session/fa22c5fe-5ae1-4114-abfe-4bea6798cb79/elements&amp#27;[39m
&amp#27;[35m[HTTP]&amp#27;[39m &amp#27;[90m{"using":"xpath","value":"//XCUIElementTypeButton[@name='checkbox outline']"}&amp#27;[39m
[debug] &amp#27;[35m[W3C (fa22c5fe)]&amp#27;[39m Calling AppiumDriver.findElements() with args: ["xpath","//XCUIElementTypeButton[@name='checkbox outline']","fa22c5fe-5ae1-4114-abfe-4bea6798cb79"]
[debug] &amp#27;[35m[XCUITest]&amp#27;[39m Executing command 'findElements'
[debug] &amp#27;[35m[BaseDriver]&amp#27;[39m Valid locator strategies for this request: xpath, id, name, class name, -ios predicate string, -ios class chain, accessibility id, css selector
[debug] &amp#27;[35m[BaseDriver]&amp#27;[39m Waiting up to 25000 ms for condition
[debug] &amp#27;[35m[XCUITest]&amp#27;[39m Setting custom timeout to 750000 ms for 'findElements' command
[debug] &amp#27;[35m[WD Proxy]&amp#27;[39m Matched '/elements' to command name 'findElements'
[debug] &amp#27;[35m[WD Proxy]&amp#27;[39m Proxying [POST /elements] to [POST http://127.0.0.1:8100/session/60DEF1F0-4A14-4727-943C-DB82535553CA/elements] with body: {"using":"xpath","value":"//XCUIElementTypeButton[@name='checkbox outline']"}
[debug] &amp#27;[35m[WD Proxy]&amp#27;[39m Got response with status 200: {"value":[{"ELEMENT":"34040000-0000-0000-5301-000000000000","element-6066-11e4-a52e-4f735466cecf":"34040000-0000-0000-5301-000000000000"},{"ELEMENT":"39040000-0000-0000-5301-000000000000","element-6066-11e4-a52e-4f735466cecf":"39040000-0000-0000-5301-000000000000"},{"ELEMENT":"3E040000-0000-0000-5301-000000000000","element-6066-11e4-a52e-4f735466cecf":"3E040000-0000-0000-5301-000000000000"},{"ELEMENT":"43040000-0000-0000-5301-000000000000","element-6066-11e4-a52e-4f735466cecf":"43040000-0000-0000-5301-000000000000"},{"ELEMENT":"48040000-0000-0000-5301-000000000000","element-6066-11e4-a52e-4f735466cecf":"48040000-0000-0000-5301-000000000000"}],"sessionId":"60DEF1F0-4A14-4727-943C-DB82535553CA"}
[debug] &amp#27;[35m[W3C (fa22c5fe)]&amp#27;[39m Responding to client with driver.findElements() result: [{"element-6066-11e4-a52e-4f735466cecf":"34040000-0000-0000-5301-000000000000","ELEMENT":"34040000-0000-0000-5301-000000000000"},{"element-6066-11e4-a52e-4f735466cecf":"39040000-0000-0000-5301-000000000000","ELEMENT":"39040000-0000-0000-5301-000000000000"},{"element-6066-11e4-a52e-4f735466cecf":"3E040000-0000-0000-5301-000000000000","ELEMENT":"3E040000-0000-0000-5301-000000000000"},{"element-6066-11e4-a52e-4f735466cecf":"43040000-0000-0000-5301-000000000000","ELEMENT":"43040000-0000-0000-5301-000000000000"},{"element-6066-11e4-a52e-4f735466cecf":"48040000-0000-0000-5301-000000000000","ELEMENT":"48040000-0000-0000-5301-000000000000"}]
&amp#27;[35m[HTTP]&amp#27;[39m &amp#27;[37m<-- POST /wd/hub/session/fa22c5fe-5ae1-4114-abfe-4bea6798cb79/elements &amp#27;[39m&amp#27;[32m200&amp#27;[39m &amp#27;[90m1184 ms - 651&amp#27;[39m
&amp#27;[35m[HTTP]&amp#27;[39m &amp#27;[90m&amp#27;[39m
&amp#27;[35m[HTTP]&amp#27;[39m &amp#27;[37m-->&amp#27;[39m &amp#27;[37mPOST&amp#27;[39m &amp#27;[37m/wd/hub/session/fa22c5fe-5ae1-4114-abfe-4bea6798cb79/element/43040000-0000-0000-5301-000000000000/click&amp#27;[39m
&amp#27;[35m[HTTP]&amp#27;[39m &amp#27;[90m{"id":"43040000-0000-0000-5301-000000000000"}&amp#27;[39m
&amp#27;[35m[W3C (fa22c5fe)]&amp#27;[39m Driver proxy active, passing request on via HTTP proxy
[debug] &amp#27;[35m[XCUITest]&amp#27;[39m Executing command 'proxyReqRes'
[debug] &amp#27;[35m[WD Proxy]&amp#27;[39m Matched '/wd/hub/session/fa22c5fe-5ae1-4114-abfe-4bea6798cb79/element/43040000-0000-0000-5301-000000000000/click' to command name 'click'
[debug] &amp#27;[35m[WD Proxy]&amp#27;[39m Proxying [POST /wd/hub/session/fa22c5fe-5ae1-4114-abfe-4bea6798cb79/element/43040000-0000-0000-5301-000000000000/click] to [POST http://127.0.0.1:8100/session/60DEF1F0-4A14-4727-943C-DB82535553CA/element/43040000-0000-0000-5301-000000000000/click] with body: {"id":"43040000-0000-0000-5301-000000000000"}
[debug] &amp#27;[35m[WD Proxy]&amp#27;[39m Got response with status 200: {"value":null,"sessionId":"60DEF1F0-4A14-4727-943C-DB82535553CA"}
&amp#27;[35m[WD Proxy]&amp#27;[39m Replacing sessionId 60DEF1F0-4A14-4727-943C-DB82535553CA with fa22c5fe-5ae1-4114-abfe-4bea6798cb79
&amp#27;[35m[HTTP]&amp#27;[39m &amp#27;[37m<-- POST /wd/hub/session/fa22c5fe-5ae1-4114-abfe-4bea6798cb79/element/43040000-0000-0000-5301-000000000000/click &amp#27;[39m&amp#27;[32m200&amp#27;[39m &amp#27;[90m291 ms - 65&amp#27;[39m
&amp#27;[35m[HTTP]&amp#27;[39m &amp#27;[90m&amp#27;[39m
&amp#27;[35m[HTTP]&amp#27;[39m &amp#27;[37m-->&amp#27;[39m &amp#27;[37mPOST&amp#27;[39m &amp#27;[37m/wd/hub/session/fa22c5fe-5ae1-4114-abfe-4bea6798cb79/elements&amp#27;[39m
&amp#27;[35m[HTTP]&amp#27;[39m &amp#27;[90m{"using":"xpath","value":"//XCUIElementTypeButton[@name='checkbox outline']"}&amp#27;[39m
[debug] &amp#27;[35m[W3C (fa22c5fe)]&amp#27;[39m Calling AppiumDriver.findElements() with args: ["xpath","//XCUIElementTypeButton[@name='checkbox outline']","fa22c5fe-5ae1-4114-abfe-4bea6798cb79"]
[debug] &amp#27;[35m[XCUITest]&amp#27;[39m Executing command 'findElements'
[debug] &amp#27;[35m[BaseDriver]&amp#27;[39m Valid locator strategies for this request: xpath, id, name, class name, -ios predicate string, -ios class chain, accessibility id, css selector
[debug] &amp#27;[35m[BaseDriver]&amp#27;[39m Waiting up to 25000 ms for condition
[debug] &amp#27;[35m[XCUITest]&amp#27;[39m Setting custom timeout to 750000 ms for 'findElements' command
[debug] &amp#27;[35m[WD Proxy]&amp#27;[39m Matched '/elements' to command name 'findElements'
[debug] &amp#27;[35m[WD Proxy]&amp#27;[39m Proxying [POST /elements] to [POST http://127.0.0.1:8100/session/60DEF1F0-4A14-4727-943C-DB82535553CA/elements] with body: {"using":"xpath","value":"//XCUIElementTypeButton[@name='checkbox outline']"}
[debug] &amp#27;[35m[WD Proxy]&amp#27;[39m Got response with status 200: {"value":[{"ELEMENT":"34040000-0000-0000-5301-000000000000","element-6066-11e4-a52e-4f735466cecf":"34040000-0000-0000-5301-000000000000"},{"ELEMENT":"39040000-0000-0000-5301-000000000000","element-6066-11e4-a52e-4f735466cecf":"39040000-0000-0000-5301-000000000000"},{"ELEMENT":"3E040000-0000-0000-5301-000000000000","element-6066-11e4-a52e-4f735466cecf":"3E040000-0000-0000-5301-000000000000"},{"ELEMENT":"43040000-0000-0000-5301-000000000000","element-6066-11e4-a52e-4f735466cecf":"43040000-0000-0000-5301-000000000000"},{"ELEMENT":"48040000-0000-0000-5301-000000000000","element-6066-11e4-a52e-4f735466cecf":"48040000-0000-0000-5301-000000000000"}],"sessionId":"60DEF1F0-4A14-4727-943C-DB82535553CA"}
[debug] &amp#27;[35m[W3C (fa22c5fe)]&amp#27;[39m Responding to client with driver.findElements() result: [{"element-6066-11e4-a52e-4f735466cecf":"34040000-0000-0000-5301-000000000000","ELEMENT":"34040000-0000-0000-5301-000000000000"},{"element-6066-11e4-a52e-4f735466cecf":"39040000-0000-0000-5301-000000000000","ELEMENT":"39040000-0000-0000-5301-000000000000"},{"element-6066-11e4-a52e-4f735466cecf":"3E040000-0000-0000-5301-000000000000","ELEMENT":"3E040000-0000-0000-5301-000000000000"},{"element-6066-11e4-a52e-4f735466cecf":"43040000-0000-0000-5301-000000000000","ELEMENT":"43040000-0000-0000-5301-000000000000"},{"element-6066-11e4-a52e-4f735466cecf":"48040000-0000-0000-5301-000000000000","ELEMENT":"48040000-0000-0000-5301-000000000000"}]
&amp#27;[35m[HTTP]&amp#27;[39m &amp#27;[37m<-- POST /wd/hub/session/fa22c5fe-5ae1-4114-abfe-4bea6798cb79/elements &amp#27;[39m&amp#27;[32m200&amp#27;[39m &amp#27;[90m1044 ms - 651&amp#27;[39m
&amp#27;[35m[HTTP]&amp#27;[39m &amp#27;[90m&amp#27;[39m
&amp#27;[35m[HTTP]&amp#27;[39m &amp#27;[37m-->&amp#27;[39m &amp#27;[37mPOST&amp#27;[39m &amp#27;[37m/wd/hub/session/fa22c5fe-5ae1-4114-abfe-4bea6798cb79/element/48040000-0000-0000-5301-000000000000/click&amp#27;[39m
&amp#27;[35m[HTTP]&amp#27;[39m &amp#27;[90m{"id":"48040000-0000-0000-5301-000000000000"}&amp#27;[39m
&amp#27;[35m[W3C (fa22c5fe)]&amp#27;[39m Driver proxy active, passing request on via HTTP proxy
[debug] &amp#27;[35m[XCUITest]&amp#27;[39m Executing command 'proxyReqRes'
[debug] &amp#27;[35m[WD Proxy]&amp#27;[39m Matched '/wd/hub/session/fa22c5fe-5ae1-4114-abfe-4bea6798cb79/element/48040000-0000-0000-5301-000000000000/click' to command name 'click'
[debug] &amp#27;[35m[WD Proxy]&amp#27;[39m Proxying [POST /wd/hub/session/fa22c5fe-5ae1-4114-abfe-4bea6798cb79/element/48040000-0000-0000-5301-000000000000/click] to [POST http://127.0.0.1:8100/session/60DEF1F0-4A14-4727-943C-DB82535553CA/element/48040000-0000-0000-5301-000000000000/click] with body: {"id":"48040000-0000-0000-5301-000000000000"}
[debug] &amp#27;[35m[WD Proxy]&amp#27;[39m Got response with status 200: {"value":null,"sessionId":"60DEF1F0-4A14-4727-943C-DB82535553CA"}
&amp#27;[35m[WD Proxy]&amp#27;[39m Replacing sessionId 60DEF1F0-4A14-4727-943C-DB82535553CA with fa22c5fe-5ae1-4114-abfe-4bea6798cb79
&amp#27;[35m[HTTP]&amp#27;[39m &amp#27;[37m<-- POST /wd/hub/session/fa22c5fe-5ae1-4114-abfe-4bea6798cb79/element/48040000-0000-0000-5301-000000000000/click &amp#27;[39m&amp#27;[32m200&amp#27;[39m &amp#27;[90m305 ms - 65&amp#27;[39m
&amp#27;[35m[HTTP]&amp#27;[39m &amp#27;[90m&amp#27;[39m
&amp#27;[35m[HTTP]&amp#27;[39m &amp#27;[37m-->&amp#27;[39m &amp#27;[37mPOST&amp#27;[39m &amp#27;[37m/wd/hub/session/fa22c5fe-5ae1-4114-abfe-4bea6798cb79/element&amp#27;[39m
&amp#27;[35m[HTTP]&amp#27;[39m &amp#27;[90m{"using":"xpath","value":"//XCUIElementTypeStaticText[@name='CONTINUE']"}&amp#27;[39m
[debug] &amp#27;[35m[W3C (fa22c5fe)]&amp#27;[39m Calling AppiumDriver.findElement() with args: ["xpath","//XCUIElementTypeStaticText[@name='CONTINUE']","fa22c5fe-5ae1-4114-abfe-4bea6798cb79"]
[debug] &amp#27;[35m[XCUITest]&amp#27;[39m Executing command 'findElement'
[debug] &amp#27;[35m[BaseDriver]&amp#27;[39m Valid locator strategies for this request: xpath, id, name, class name, -ios predicate string, -ios class chain, accessibility id, css selector
[debug] &amp#27;[35m[BaseDriver]&amp#27;[39m Waiting up to 25000 ms for condition
[debug] &amp#27;[35m[XCUITest]&amp#27;[39m Setting custom timeout to 750000 ms for 'findElement' command
[debug] &amp#27;[35m[WD Proxy]&amp#27;[39m Matched '/element' to command name 'findElement'
[debug] &amp#27;[35m[WD Proxy]&amp#27;[39m Proxying [POST /element] to [POST http://127.0.0.1:8100/session/60DEF1F0-4A14-4727-943C-DB82535553CA/element] with body: {"using":"xpath","value":"//XCUIElementTypeStaticText[@name='CONTINUE']"}
[debug] &amp#27;[35m[WD Proxy]&amp#27;[39m Got response with status 200: {"value":{"ELEMENT":"4C040000-0000-0000-5301-000000000000","element-6066-11e4-a52e-4f735466cecf":"4C040000-0000-0000-5301-000000000000"},"sessionId":"60DEF1F0-4A14-4727-943C-DB82535553CA"}
[debug] &amp#27;[35m[W3C (fa22c5fe)]&amp#27;[39m Responding to client with driver.findElement() result: {"element-6066-11e4-a52e-4f735466cecf":"4C040000-0000-0000-5301-000000000000","ELEMENT":"4C040000-0000-0000-5301-000000000000"}
&amp#27;[35m[HTTP]&amp#27;[39m &amp#27;[37m<-- POST /wd/hub/session/fa22c5fe-5ae1-4114-abfe-4bea6798cb79/element &amp#27;[39m&amp#27;[32m200&amp#27;[39m &amp#27;[90m792 ms - 137&amp#27;[39m
&amp#27;[35m[HTTP]&amp#27;[39m &amp#27;[90m&amp#27;[39m
&amp#27;[35m[HTTP]&amp#27;[39m &amp#27;[37m-->&amp#27;[39m &amp#27;[37mPOST&amp#27;[39m &amp#27;[37m/wd/hub/session/fa22c5fe-5ae1-4114-abfe-4bea6798cb79/element/4C040000-0000-0000-5301-000000000000/click&amp#27;[39m
&amp#27;[35m[HTTP]&amp#27;[39m &amp#27;[90m{"id":"4C040000-0000-0000-5301-000000000000"}&amp#27;[39m
&amp#27;[35m[W3C (fa22c5fe)]&amp#27;[39m Driver proxy active, passing request on via HTTP proxy
[debug] &amp#27;[35m[XCUITest]&amp#27;[39m Executing command 'proxyReqRes'
[debug] &amp#27;[35m[WD Proxy]&amp#27;[39m Matched '/wd/hub/session/fa22c5fe-5ae1-4114-abfe-4bea6798cb79/element/4C040000-0000-0000-5301-000000000000/click' to command name 'click'
[debug] &amp#27;[35m[WD Proxy]&amp#27;[39m Proxying [POST /wd/hub/session/fa22c5fe-5ae1-4114-abfe-4bea6798cb79/element/4C040000-0000-0000-5301-000000000000/click] to [POST http://127.0.0.1:8100/session/60DEF1F0-4A14-4727-943C-DB82535553CA/element/4C040000-0000-0000-5301-000000000000/click] with body: {"id":"4C040000-0000-0000-5301-000000000000"}
[debug] &amp#27;[35m[WD Proxy]&amp#27;[39m Got response with status 200: {"value":null,"sessionId":"60DEF1F0-4A14-4727-943C-DB82535553CA"}
&amp#27;[35m[WD Proxy]&amp#27;[39m Replacing sessionId 60DEF1F0-4A14-4727-943C-DB82535553CA with fa22c5fe-5ae1-4114-abfe-4bea6798cb79
&amp#27;[35m[HTTP]&amp#27;[39m &amp#27;[37m<-- POST /wd/hub/session/fa22c5fe-5ae1-4114-abfe-4bea6798cb79/element/4C040000-0000-0000-5301-000000000000/click &amp#27;[39m&amp#27;[32m200&amp#27;[39m &amp#27;[90m288 ms - 65&amp#27;[39m
&amp#27;[35m[HTTP]&amp#27;[39m &amp#27;[90m&amp#27;[39m
&amp#27;[35m[HTTP]&amp#27;[39m &amp#27;[37m-->&amp#27;[39m &amp#27;[37mPOST&amp#27;[39m &amp#27;[37m/wd/hub/session/fa22c5fe-5ae1-4114-abfe-4bea6798cb79/elements&amp#27;[39m
&amp#27;[35m[HTTP]&amp#27;[39m &amp#27;[90m{"using":"xpath","value":"//XCUIElementTypeButton[@name='checkbox outline']"}&amp#27;[39m
[debug] &amp#27;[35m[W3C (fa22c5fe)]&amp#27;[39m Calling AppiumDriver.findElements() with args: ["xpath","//XCUIElementTypeButton[@name='checkbox outline']","fa22c5fe-5ae1-4114-abfe-4bea6798cb79"]
[debug] &amp#27;[35m[XCUITest]&amp#27;[39m Executing command 'findElements'
[debug] &amp#27;[35m[BaseDriver]&amp#27;[39m Valid locator strategies for this request: xpath, id, name, class name, -ios predicate string, -ios class chain, accessibility id, css selector
[debug] &amp#27;[35m[BaseDriver]&amp#27;[39m Waiting up to 25000 ms for condition
[debug] &amp#27;[35m[XCUITest]&amp#27;[39m Setting custom timeout to 750000 ms for 'findElements' command
[debug] &amp#27;[35m[WD Proxy]&amp#27;[39m Matched '/elements' to command name 'findElements'
[debug] &amp#27;[35m[WD Proxy]&amp#27;[39m Proxying [POST /elements] to [POST http://127.0.0.1:8100/session/60DEF1F0-4A14-4727-943C-DB82535553CA/elements] with body: {"using":"xpath","value":"//XCUIElementTypeButton[@name='checkbox outline']"}
&amp#27;[35m[WD Proxy]&amp#27;[39m Got response with status 404: {"value":{"error":"stale element reference","message":"The previously found element \"\"checkbox outline\" Button\" is not present in the current view anymore. Make sure the application UI has the expected state. Original error: No matches found for Elements matching predicate 'wdUID IN {\"34040000-0000-0000-5301-000000000000\", \"39040000-0000-0000-5301-000000000000\", \"3E040000-0000-0000-5301-000000000000\", \"43040000-0000-0000-5301-000000000000\", \"48040000-0000-0000-5301-000000000000\"}' from input {(\n    Button,\n    Button,\n    Button,\n    Button,\n    Button,\n    Button,\n    Button,\n    Button,\n    Button,\n    Button,\n    Button,\n    Button,\n    Button,\n    Button,\n    Button,\n    Button\n)}","traceback":"(\n\t0   CoreFoundation                      0x00000001a103e5c0 472C9193-115D-34CD-AD1D-0E7E091C9432 + 1185216\n\t1   libobjc.A.dylib                     0x00000001b50b842c objc_exception_throw + 60\n\t2   WebDriverAgentLib                   0x0000000107fa11f8 -[XCUIElement(FBUtili...
[debug] &amp#27;[35m[W3C]&amp#27;[39m Matched W3C error code 'stale element reference' to StaleElementReferenceError
[debug] &amp#27;[35m[BaseDriver]&amp#27;[39m Waited for 817 ms so far
[debug] &amp#27;[35m[XCUITest]&amp#27;[39m Setting custom timeout to 750000 ms for 'findElements' command
[debug] &amp#27;[35m[WD Proxy]&amp#27;[39m Matched '/elements' to command name 'findElements'
[debug] &amp#27;[35m[WD Proxy]&amp#27;[39m Proxying [POST /elements] to [POST http://127.0.0.1:8100/session/60DEF1F0-4A14-4727-943C-DB82535553CA/elements] with body: {"using":"xpath","value":"//XCUIElementTypeButton[@name='checkbox outline']"}
[debug] &amp#27;[35m[WD Proxy]&amp#27;[39m Got response with status 200: {"value":[{"ELEMENT":"81040000-0000-0000-5301-000000000000","element-6066-11e4-a52e-4f735466cecf":"81040000-0000-0000-5301-000000000000"},{"ELEMENT":"91040000-0000-0000-5301-000000000000","element-6066-11e4-a52e-4f735466cecf":"91040000-0000-0000-5301-000000000000"},{"ELEMENT":"96040000-0000-0000-5301-000000000000","element-6066-11e4-a52e-4f735466cecf":"96040000-0000-0000-5301-000000000000"},{"ELEMENT":"9B040000-0000-0000-5301-000000000000","element-6066-11e4-a52e-4f735466cecf":"9B040000-0000-0000-5301-000000000000"}],"sessionId":"60DEF1F0-4A14-4727-943C-DB82535553CA"}
[debug] &amp#27;[35m[W3C (fa22c5fe)]&amp#27;[39m Responding to client with driver.findElements() result: [{"element-6066-11e4-a52e-4f735466cecf":"81040000-0000-0000-5301-000000000000","ELEMENT":"81040000-0000-0000-5301-000000000000"},{"element-6066-11e4-a52e-4f735466cecf":"91040000-0000-0000-5301-000000000000","ELEMENT":"91040000-0000-0000-5301-000000000000"},{"element-6066-11e4-a52e-4f735466cecf":"96040000-0000-0000-5301-000000000000","ELEMENT":"96040000-0000-0000-5301-000000000000"},{"element-6066-11e4-a52e-4f735466cecf":"9B040000-0000-0000-5301-000000000000","ELEMENT":"9B040000-0000-0000-5301-000000000000"}]
&amp#27;[35m[HTTP]&amp#27;[39m &amp#27;[37m<-- POST /wd/hub/session/fa22c5fe-5ae1-4114-abfe-4bea6798cb79/elements &amp#27;[39m&amp#27;[32m200&amp#27;[39m &amp#27;[90m2181 ms - 523&amp#27;[39m
&amp#27;[35m[HTTP]&amp#27;[39m &amp#27;[90m&amp#27;[39m
&amp#27;[35m[HTTP]&amp#27;[39m &amp#27;[37m-->&amp#27;[39m &amp#27;[37mPOST&amp#27;[39m &amp#27;[37m/wd/hub/session/fa22c5fe-5ae1-4114-abfe-4bea6798cb79/elements&amp#27;[39m
&amp#27;[35m[HTTP]&amp#27;[39m &amp#27;[90m{"using":"xpath","value":"//XCUIElementTypeButton[@name='checkbox outline']"}&amp#27;[39m
[debug] &amp#27;[35m[W3C (fa22c5fe)]&amp#27;[39m Calling AppiumDriver.findElements() with args: ["xpath","//XCUIElementTypeButton[@name='checkbox outline']","fa22c5fe-5ae1-4114-abfe-4bea6798cb79"]
[debug] &amp#27;[35m[XCUITest]&amp#27;[39m Executing command 'findElements'
[debug] &amp#27;[35m[BaseDriver]&amp#27;[39m Valid locator strategies for this request: xpath, id, name, class name, -ios predicate string, -ios class chain, accessibility id, css selector
[debug] &amp#27;[35m[BaseDriver]&amp#27;[39m Waiting up to 25000 ms for condition
[debug] &amp#27;[35m[XCUITest]&amp#27;[39m Setting custom timeout to 750000 ms for 'findElements' command
[debug] &amp#27;[35m[WD Proxy]&amp#27;[39m Matched '/elements' to command name 'findElements'
[debug] &amp#27;[35m[WD Proxy]&amp#27;[39m Proxying [POST /elements] to [POST http://127.0.0.1:8100/session/60DEF1F0-4A14-4727-943C-DB82535553CA/elements] with body: {"using":"xpath","value":"//XCUIElementTypeButton[@name='checkbox outline']"}
[debug] &amp#27;[35m[WD Proxy]&amp#27;[39m Got response with status 200: {"value":[{"ELEMENT":"81040000-0000-0000-5301-000000000000","element-6066-11e4-a52e-4f735466cecf":"81040000-0000-0000-5301-000000000000"},{"ELEMENT":"91040000-0000-0000-5301-000000000000","element-6066-11e4-a52e-4f735466cecf":"91040000-0000-0000-5301-000000000000"},{"ELEMENT":"96040000-0000-0000-5301-000000000000","element-6066-11e4-a52e-4f735466cecf":"96040000-0000-0000-5301-000000000000"},{"ELEMENT":"9B040000-0000-0000-5301-000000000000","element-6066-11e4-a52e-4f735466cecf":"9B040000-0000-0000-5301-000000000000"}],"sessionId":"60DEF1F0-4A14-4727-943C-DB82535553CA"}
[debug] &amp#27;[35m[W3C (fa22c5fe)]&amp#27;[39m Responding to client with driver.findElements() result: [{"element-6066-11e4-a52e-4f735466cecf":"81040000-0000-0000-5301-000000000000","ELEMENT":"81040000-0000-0000-5301-000000000000"},{"element-6066-11e4-a52e-4f735466cecf":"91040000-0000-0000-5301-000000000000","ELEMENT":"91040000-0000-0000-5301-000000000000"},{"element-6066-11e4-a52e-4f735466cecf":"96040000-0000-0000-5301-000000000000","ELEMENT":"96040000-0000-0000-5301-000000000000"},{"element-6066-11e4-a52e-4f735466cecf":"9B040000-0000-0000-5301-000000000000","ELEMENT":"9B040000-0000-0000-5301-000000000000"}]
&amp#27;[35m[HTTP]&amp#27;[39m &amp#27;[37m<-- POST /wd/hub/session/fa22c5fe-5ae1-4114-abfe-4bea6798cb79/elements &amp#27;[39m&amp#27;[32m200&amp#27;[39m &amp#27;[90m828 ms - 523&amp#27;[39m
&amp#27;[35m[HTTP]&amp#27;[39m &amp#27;[90m&amp#27;[39m
&amp#27;[35m[HTTP]&amp#27;[39m &amp#27;[37m-->&amp#27;[39m &amp#27;[37mPOST&amp#27;[39m &amp#27;[37m/wd/hub/session/fa22c5fe-5ae1-4114-abfe-4bea6798cb79/element/81040000-0000-0000-5301-000000000000/click&amp#27;[39m
&amp#27;[35m[HTTP]&amp#27;[39m &amp#27;[90m{"id":"81040000-0000-0000-5301-000000000000"}&amp#27;[39m
&amp#27;[35m[W3C (fa22c5fe)]&amp#27;[39m Driver proxy active, passing request on via HTTP proxy
[debug] &amp#27;[35m[XCUITest]&amp#27;[39m Executing command 'proxyReqRes'
[debug] &amp#27;[35m[WD Proxy]&amp#27;[39m Matched '/wd/hub/session/fa22c5fe-5ae1-4114-abfe-4bea6798cb79/element/81040000-0000-0000-5301-000000000000/click' to command name 'click'
[debug] &amp#27;[35m[WD Proxy]&amp#27;[39m Proxying [POST /wd/hub/session/fa22c5fe-5ae1-4114-abfe-4bea6798cb79/element/81040000-0000-0000-5301-000000000000/click] to [POST http://127.0.0.1:8100/session/60DEF1F0-4A14-4727-943C-DB82535553CA/element/81040000-0000-0000-5301-000000000000/click] with body: {"id":"81040000-0000-0000-5301-000000000000"}
[debug] &amp#27;[35m[WD Proxy]&amp#27;[39m Got response with status 200: {"value":null,"sessionId":"60DEF1F0-4A14-4727-943C-DB82535553CA"}
&amp#27;[35m[WD Proxy]&amp#27;[39m Replacing sessionId 60DEF1F0-4A14-4727-943C-DB82535553CA with fa22c5fe-5ae1-4114-abfe-4bea6798cb79
&amp#27;[35m[HTTP]&amp#27;[39m &amp#27;[37m<-- POST /wd/hub/session/fa22c5fe-5ae1-4114-abfe-4bea6798cb79/element/81040000-0000-0000-5301-000000000000/click &amp#27;[39m&amp#27;[32m200&amp#27;[39m &amp#27;[90m277 ms - 65&amp#27;[39m
&amp#27;[35m[HTTP]&amp#27;[39m &amp#27;[90m&amp#27;[39m
&amp#27;[35m[HTTP]&amp#27;[39m &amp#27;[37m-->&amp#27;[39m &amp#27;[37mPOST&amp#27;[39m &amp#27;[37m/wd/hub/session/fa22c5fe-5ae1-4114-abfe-4bea6798cb79/elements&amp#27;[39m
&amp#27;[35m[HTTP]&amp#27;[39m &amp#27;[90m{"using":"xpath","value":"//XCUIElementTypeButton[@name='checkbox outline']"}&amp#27;[39m
[debug] &amp#27;[35m[W3C (fa22c5fe)]&amp#27;[39m Calling AppiumDriver.findElements() with args: ["xpath","//XCUIElementTypeButton[@name='checkbox outline']","fa22c5fe-5ae1-4114-abfe-4bea6798cb79"]
[debug] &amp#27;[35m[XCUITest]&amp#27;[39m Executing command 'findElements'
[debug] &amp#27;[35m[BaseDriver]&amp#27;[39m Valid locator strategies for this request: xpath, id, name, class name, -ios predicate string, -ios class chain, accessibility id, css selector
[debug] &amp#27;[35m[BaseDriver]&amp#27;[39m Waiting up to 25000 ms for condition
[debug] &amp#27;[35m[XCUITest]&amp#27;[39m Setting custom timeout to 750000 ms for 'findElements' command
[debug] &amp#27;[35m[WD Proxy]&amp#27;[39m Matched '/elements' to command name 'findElements'
[debug] &amp#27;[35m[WD Proxy]&amp#27;[39m Proxying [POST /elements] to [POST http://127.0.0.1:8100/session/60DEF1F0-4A14-4727-943C-DB82535553CA/elements] with body: {"using":"xpath","value":"//XCUIElementTypeButton[@name='checkbox outline']"}
[debug] &amp#27;[35m[WD Proxy]&amp#27;[39m Got response with status 200: {"value":[{"ELEMENT":"81040000-0000-0000-5301-000000000000","element-6066-11e4-a52e-4f735466cecf":"81040000-0000-0000-5301-000000000000"},{"ELEMENT":"91040000-0000-0000-5301-000000000000","element-6066-11e4-a52e-4f735466cecf":"91040000-0000-0000-5301-000000000000"},{"ELEMENT":"96040000-0000-0000-5301-000000000000","element-6066-11e4-a52e-4f735466cecf":"96040000-0000-0000-5301-000000000000"},{"ELEMENT":"9B040000-0000-0000-5301-000000000000","element-6066-11e4-a52e-4f735466cecf":"9B040000-0000-0000-5301-000000000000"}],"sessionId":"60DEF1F0-4A14-4727-943C-DB82535553CA"}
[debug] &amp#27;[35m[W3C (fa22c5fe)]&amp#27;[39m Responding to client with driver.findElements() result: [{"element-6066-11e4-a52e-4f735466cecf":"81040000-0000-0000-5301-000000000000","ELEMENT":"81040000-0000-0000-5301-000000000000"},{"element-6066-11e4-a52e-4f735466cecf":"91040000-0000-0000-5301-000000000000","ELEMENT":"91040000-0000-0000-5301-000000000000"},{"element-6066-11e4-a52e-4f735466cecf":"96040000-0000-0000-5301-000000000000","ELEMENT":"96040000-0000-0000-5301-000000000000"},{"element-6066-11e4-a52e-4f735466cecf":"9B040000-0000-0000-5301-000000000000","ELEMENT":"9B040000-0000-0000-5301-000000000000"}]
&amp#27;[35m[HTTP]&amp#27;[39m &amp#27;[37m<-- POST /wd/hub/session/fa22c5fe-5ae1-4114-abfe-4bea6798cb79/elements &amp#27;[39m&amp#27;[32m200&amp#27;[39m &amp#27;[90m845 ms - 523&amp#27;[39m
&amp#27;[35m[HTTP]&amp#27;[39m &amp#27;[90m&amp#27;[39m
&amp#27;[35m[HTTP]&amp#27;[39m &amp#27;[37m-->&amp#27;[39m &amp#27;[37mPOST&amp#27;[39m &amp#27;[37m/wd/hub/session/fa22c5fe-5ae1-4114-abfe-4bea6798cb79/element/91040000-0000-0000-5301-000000000000/click&amp#27;[39m
&amp#27;[35m[HTTP]&amp#27;[39m &amp#27;[90m{"id":"91040000-0000-0000-5301-000000000000"}&amp#27;[39m
&amp#27;[35m[W3C (fa22c5fe)]&amp#27;[39m Driver proxy active, passing request on via HTTP proxy
[debug] &amp#27;[35m[XCUITest]&amp#27;[39m Executing command 'proxyReqRes'
[debug] &amp#27;[35m[WD Proxy]&amp#27;[39m Matched '/wd/hub/session/fa22c5fe-5ae1-4114-abfe-4bea6798cb79/element/91040000-0000-0000-5301-000000000000/click' to command name 'click'
[debug] &amp#27;[35m[WD Proxy]&amp#27;[39m Proxying [POST /wd/hub/session/fa22c5fe-5ae1-4114-abfe-4bea6798cb79/element/91040000-0000-0000-5301-000000000000/click] to [POST http://127.0.0.1:8100/session/60DEF1F0-4A14-4727-943C-DB82535553CA/element/91040000-0000-0000-5301-000000000000/click] with body: {"id":"91040000-0000-0000-5301-000000000000"}
[debug] &amp#27;[35m[WD Proxy]&amp#27;[39m Got response with status 200: {"value":null,"sessionId":"60DEF1F0-4A14-4727-943C-DB82535553CA"}
&amp#27;[35m[WD Proxy]&amp#27;[39m Replacing sessionId 60DEF1F0-4A14-4727-943C-DB82535553CA with fa22c5fe-5ae1-4114-abfe-4bea6798cb79
&amp#27;[35m[HTTP]&amp#27;[39m &amp#27;[37m<-- POST /wd/hub/session/fa22c5fe-5ae1-4114-abfe-4bea6798cb79/element/91040000-0000-0000-5301-000000000000/click &amp#27;[39m&amp#27;[32m200&amp#27;[39m &amp#27;[90m278 ms - 65&amp#27;[39m
&amp#27;[35m[HTTP]&amp#27;[39m &amp#27;[90m&amp#27;[39m
&amp#27;[35m[HTTP]&amp#27;[39m &amp#27;[37m-->&amp#27;[39m &amp#27;[37mPOST&amp#27;[39m &amp#27;[37m/wd/hub/session/fa22c5fe-5ae1-4114-abfe-4bea6798cb79/elements&amp#27;[39m
&amp#27;[35m[HTTP]&amp#27;[39m &amp#27;[90m{"using":"xpath","value":"//XCUIElementTypeButton[@name='checkbox outline']"}&amp#27;[39m
[debug] &amp#27;[35m[W3C (fa22c5fe)]&amp#27;[39m Calling AppiumDriver.findElements() with args: ["xpath","//XCUIElementTypeButton[@name='checkbox outline']","fa22c5fe-5ae1-4114-abfe-4bea6798cb79"]
[debug] &amp#27;[35m[XCUITest]&amp#27;[39m Executing command 'findElements'
[debug] &amp#27;[35m[BaseDriver]&amp#27;[39m Valid locator strategies for this request: xpath, id, name, class name, -ios predicate string, -ios class chain, accessibility id, css selector
[debug] &amp#27;[35m[BaseDriver]&amp#27;[39m Waiting up to 25000 ms for condition
[debug] &amp#27;[35m[XCUITest]&amp#27;[39m Setting custom timeout to 750000 ms for 'findElements' command
[debug] &amp#27;[35m[WD Proxy]&amp#27;[39m Matched '/elements' to command name 'findElements'
[debug] &amp#27;[35m[WD Proxy]&amp#27;[39m Proxying [POST /elements] to [POST http://127.0.0.1:8100/session/60DEF1F0-4A14-4727-943C-DB82535553CA/elements] with body: {"using":"xpath","value":"//XCUIElementTypeButton[@name='checkbox outline']"}
[debug] &amp#27;[35m[WD Proxy]&amp#27;[39m Got response with status 200: {"value":[{"ELEMENT":"81040000-0000-0000-5301-000000000000","element-6066-11e4-a52e-4f735466cecf":"81040000-0000-0000-5301-000000000000"},{"ELEMENT":"91040000-0000-0000-5301-000000000000","element-6066-11e4-a52e-4f735466cecf":"91040000-0000-0000-5301-000000000000"},{"ELEMENT":"96040000-0000-0000-5301-000000000000","element-6066-11e4-a52e-4f735466cecf":"96040000-0000-0000-5301-000000000000"},{"ELEMENT":"9B040000-0000-0000-5301-000000000000","element-6066-11e4-a52e-4f735466cecf":"9B040000-0000-0000-5301-000000000000"}],"sessionId":"60DEF1F0-4A14-4727-943C-DB82535553CA"}
[debug] &amp#27;[35m[W3C (fa22c5fe)]&amp#27;[39m Responding to client with driver.findElements() result: [{"element-6066-11e4-a52e-4f735466cecf":"81040000-0000-0000-5301-000000000000","ELEMENT":"81040000-0000-0000-5301-000000000000"},{"element-6066-11e4-a52e-4f735466cecf":"91040000-0000-0000-5301-000000000000","ELEMENT":"91040000-0000-0000-5301-000000000000"},{"element-6066-11e4-a52e-4f735466cecf":"96040000-0000-0000-5301-000000000000","ELEMENT":"96040000-0000-0000-5301-000000000000"},{"element-6066-11e4-a52e-4f735466cecf":"9B040000-0000-0000-5301-000000000000","ELEMENT":"9B040000-0000-0000-5301-000000000000"}]
&amp#27;[35m[HTTP]&amp#27;[39m &amp#27;[37m<-- POST /wd/hub/session/fa22c5fe-5ae1-4114-abfe-4bea6798cb79/elements &amp#27;[39m&amp#27;[32m200&amp#27;[39m &amp#27;[90m894 ms - 523&amp#27;[39m
&amp#27;[35m[HTTP]&amp#27;[39m &amp#27;[90m&amp#27;[39m
&amp#27;[35m[HTTP]&amp#27;[39m &amp#27;[37m-->&amp#27;[39m &amp#27;[37mPOST&amp#27;[39m &amp#27;[37m/wd/hub/session/fa22c5fe-5ae1-4114-abfe-4bea6798cb79/element/96040000-0000-0000-5301-000000000000/click&amp#27;[39m
&amp#27;[35m[HTTP]&amp#27;[39m &amp#27;[90m{"id":"96040000-0000-0000-5301-000000000000"}&amp#27;[39m
&amp#27;[35m[W3C (fa22c5fe)]&amp#27;[39m Driver proxy active, passing request on via HTTP proxy
[debug] &amp#27;[35m[XCUITest]&amp#27;[39m Executing command 'proxyReqRes'
[debug] &amp#27;[35m[WD Proxy]&amp#27;[39m Matched '/wd/hub/session/fa22c5fe-5ae1-4114-abfe-4bea6798cb79/element/96040000-0000-0000-5301-000000000000/click' to command name 'click'
[debug] &amp#27;[35m[WD Proxy]&amp#27;[39m Proxying [POST /wd/hub/session/fa22c5fe-5ae1-4114-abfe-4bea6798cb79/element/96040000-0000-0000-5301-000000000000/click] to [POST http://127.0.0.1:8100/session/60DEF1F0-4A14-4727-943C-DB82535553CA/element/96040000-0000-0000-5301-000000000000/click] with body: {"id":"96040000-0000-0000-5301-000000000000"}
[debug] &amp#27;[35m[WD Proxy]&amp#27;[39m Got response with status 200: {"value":null,"sessionId":"60DEF1F0-4A14-4727-943C-DB82535553CA"}
&amp#27;[35m[WD Proxy]&amp#27;[39m Replacing sessionId 60DEF1F0-4A14-4727-943C-DB82535553CA with fa22c5fe-5ae1-4114-abfe-4bea6798cb79
&amp#27;[35m[HTTP]&amp#27;[39m &amp#27;[37m<-- POST /wd/hub/session/fa22c5fe-5ae1-4114-abfe-4bea6798cb79/element/96040000-0000-0000-5301-000000000000/click &amp#27;[39m&amp#27;[32m200&amp#27;[39m &amp#27;[90m280 ms - 65&amp#27;[39m
&amp#27;[35m[HTTP]&amp#27;[39m &amp#27;[90m&amp#27;[39m
&amp#27;[35m[HTTP]&amp#27;[39m &amp#27;[37m-->&amp#27;[39m &amp#27;[37mPOST&amp#27;[39m &amp#27;[37m/wd/hub/session/fa22c5fe-5ae1-4114-abfe-4bea6798cb79/elements&amp#27;[39m
&amp#27;[35m[HTTP]&amp#27;[39m &amp#27;[90m{"using":"xpath","value":"//XCUIElementTypeButton[@name='checkbox outline']"}&amp#27;[39m
[debug] &amp#27;[35m[W3C (fa22c5fe)]&amp#27;[39m Calling AppiumDriver.findElements() with args: ["xpath","//XCUIElementTypeButton[@name='checkbox outline']","fa22c5fe-5ae1-4114-abfe-4bea6798cb79"]
[debug] &amp#27;[35m[XCUITest]&amp#27;[39m Executing command 'findElements'
[debug] &amp#27;[35m[BaseDriver]&amp#27;[39m Valid locator strategies for this request: xpath, id, name, class name, -ios predicate string, -ios class chain, accessibility id, css selector
[debug] &amp#27;[35m[BaseDriver]&amp#27;[39m Waiting up to 25000 ms for condition
[debug] &amp#27;[35m[XCUITest]&amp#27;[39m Setting custom timeout to 750000 ms for 'findElements' command
[debug] &amp#27;[35m[WD Proxy]&amp#27;[39m Matched '/elements' to command name 'findElements'
[debug] &amp#27;[35m[WD Proxy]&amp#27;[39m Proxying [POST /elements] to [POST http://127.0.0.1:8100/session/60DEF1F0-4A14-4727-943C-DB82535553CA/elements] with body: {"using":"xpath","value":"//XCUIElementTypeButton[@name='checkbox outline']"}
[debug] &amp#27;[35m[WD Proxy]&amp#27;[39m Got response with status 200: {"value":[{"ELEMENT":"81040000-0000-0000-5301-000000000000","element-6066-11e4-a52e-4f735466cecf":"81040000-0000-0000-5301-000000000000"},{"ELEMENT":"91040000-0000-0000-5301-000000000000","element-6066-11e4-a52e-4f735466cecf":"91040000-0000-0000-5301-000000000000"},{"ELEMENT":"96040000-0000-0000-5301-000000000000","element-6066-11e4-a52e-4f735466cecf":"96040000-0000-0000-5301-000000000000"},{"ELEMENT":"9B040000-0000-0000-5301-000000000000","element-6066-11e4-a52e-4f735466cecf":"9B040000-0000-0000-5301-000000000000"}],"sessionId":"60DEF1F0-4A14-4727-943C-DB82535553CA"}
[debug] &amp#27;[35m[W3C (fa22c5fe)]&amp#27;[39m Responding to client with driver.findElements() result: [{"element-6066-11e4-a52e-4f735466cecf":"81040000-0000-0000-5301-000000000000","ELEMENT":"81040000-0000-0000-5301-000000000000"},{"element-6066-11e4-a52e-4f735466cecf":"91040000-0000-0000-5301-000000000000","ELEMENT":"91040000-0000-0000-5301-000000000000"},{"element-6066-11e4-a52e-4f735466cecf":"96040000-0000-0000-5301-000000000000","ELEMENT":"96040000-0000-0000-5301-000000000000"},{"element-6066-11e4-a52e-4f735466cecf":"9B040000-0000-0000-5301-000000000000","ELEMENT":"9B040000-0000-0000-5301-000000000000"}]
&amp#27;[35m[HTTP]&amp#27;[39m &amp#27;[37m<-- POST /wd/hub/session/fa22c5fe-5ae1-4114-abfe-4bea6798cb79/elements &amp#27;[39m&amp#27;[32m200&amp#27;[39m &amp#27;[90m859 ms - 523&amp#27;[39m
&amp#27;[35m[HTTP]&amp#27;[39m &amp#27;[90m&amp#27;[39m
&amp#27;[35m[HTTP]&amp#27;[39m &amp#27;[37m-->&amp#27;[39m &amp#27;[37mPOST&amp#27;[39m &amp#27;[37m/wd/hub/session/fa22c5fe-5ae1-4114-abfe-4bea6798cb79/element/9B040000-0000-0000-5301-000000000000/click&amp#27;[39m
&amp#27;[35m[HTTP]&amp#27;[39m &amp#27;[90m{"id":"9B040000-0000-0000-5301-000000000000"}&amp#27;[39m
&amp#27;[35m[W3C (fa22c5fe)]&amp#27;[39m Driver proxy active, passing request on via HTTP proxy
[debug] &amp#27;[35m[XCUITest]&amp#27;[39m Executing command 'proxyReqRes'
[debug] &amp#27;[35m[WD Proxy]&amp#27;[39m Matched '/wd/hub/session/fa22c5fe-5ae1-4114-abfe-4bea6798cb79/element/9B040000-0000-0000-5301-000000000000/click' to command name 'click'
[debug] &amp#27;[35m[WD Proxy]&amp#27;[39m Proxying [POST /wd/hub/session/fa22c5fe-5ae1-4114-abfe-4bea6798cb79/element/9B040000-0000-0000-5301-000000000000/click] to [POST http://127.0.0.1:8100/session/60DEF1F0-4A14-4727-943C-DB82535553CA/element/9B040000-0000-0000-5301-000000000000/click] with body: {"id":"9B040000-0000-0000-5301-000000000000"}
[debug] &amp#27;[35m[WD Proxy]&amp#27;[39m Got response with status 200: {"value":null,"sessionId":"60DEF1F0-4A14-4727-943C-DB82535553CA"}
&amp#27;[35m[WD Proxy]&amp#27;[39m Replacing sessionId 60DEF1F0-4A14-4727-943C-DB82535553CA with fa22c5fe-5ae1-4114-abfe-4bea6798cb79
&amp#27;[35m[HTTP]&amp#27;[39m &amp#27;[37m<-- POST /wd/hub/session/fa22c5fe-5ae1-4114-abfe-4bea6798cb79/element/9B040000-0000-0000-5301-000000000000/click &amp#27;[39m&amp#27;[32m200&amp#27;[39m &amp#27;[90m267 ms - 65&amp#27;[39m
&amp#27;[35m[HTTP]&amp#27;[39m &amp#27;[90m&amp#27;[39m
&amp#27;[35m[HTTP]&amp#27;[39m &amp#27;[37m-->&amp#27;[39m &amp#27;[37mPOST&amp#27;[39m &amp#27;[37m/wd/hub/session/fa22c5fe-5ae1-4114-abfe-4bea6798cb79/element&amp#27;[39m
&amp#27;[35m[HTTP]&amp#27;[39m &amp#27;[90m{"using":"xpath","value":"//XCUIElementTypeStaticText[@name='CONTINUE']"}&amp#27;[39m
[debug] &amp#27;[35m[W3C (fa22c5fe)]&amp#27;[39m Calling AppiumDriver.findElement() with args: ["xpath","//XCUIElementTypeStaticText[@name='CONTINUE']","fa22c5fe-5ae1-4114-abfe-4bea6798cb79"]
[debug] &amp#27;[35m[XCUITest]&amp#27;[39m Executing command 'findElement'
[debug] &amp#27;[35m[BaseDriver]&amp#27;[39m Valid locator strategies for this request: xpath, id, name, class name, -ios predicate string, -ios class chain, accessibility id, css selector
[debug] &amp#27;[35m[BaseDriver]&amp#27;[39m Waiting up to 25000 ms for condition
[debug] &amp#27;[35m[XCUITest]&amp#27;[39m Setting custom timeout to 750000 ms for 'findElement' command
[debug] &amp#27;[35m[WD Proxy]&amp#27;[39m Matched '/element' to command name 'findElement'
[debug] &amp#27;[35m[WD Proxy]&amp#27;[39m Proxying [POST /element] to [POST http://127.0.0.1:8100/session/60DEF1F0-4A14-4727-943C-DB82535553CA/element] with body: {"using":"xpath","value":"//XCUIElementTypeStaticText[@name='CONTINUE']"}
[debug] &amp#27;[35m[WD Proxy]&amp#27;[39m Got response with status 200: {"value":{"ELEMENT":"9F040000-0000-0000-5301-000000000000","element-6066-11e4-a52e-4f735466cecf":"9F040000-0000-0000-5301-000000000000"},"sessionId":"60DEF1F0-4A14-4727-943C-DB82535553CA"}
[debug] &amp#27;[35m[W3C (fa22c5fe)]&amp#27;[39m Responding to client with driver.findElement() result: {"element-6066-11e4-a52e-4f735466cecf":"9F040000-0000-0000-5301-000000000000","ELEMENT":"9F040000-0000-0000-5301-000000000000"}
&amp#27;[35m[HTTP]&amp#27;[39m &amp#27;[37m<-- POST /wd/hub/session/fa22c5fe-5ae1-4114-abfe-4bea6798cb79/element &amp#27;[39m&amp#27;[32m200&amp#27;[39m &amp#27;[90m656 ms - 137&amp#27;[39m
&amp#27;[35m[HTTP]&amp#27;[39m &amp#27;[90m&amp#27;[39m
&amp#27;[35m[HTTP]&amp#27;[39m &amp#27;[37m-->&amp#27;[39m &amp#27;[37mPOST&amp#27;[39m &amp#27;[37m/wd/hub/session/fa22c5fe-5ae1-4114-abfe-4bea6798cb79/element/9F040000-0000-0000-5301-000000000000/click&amp#27;[39m
&amp#27;[35m[HTTP]&amp#27;[39m &amp#27;[90m{"id":"9F040000-0000-0000-5301-000000000000"}&amp#27;[39m
&amp#27;[35m[W3C (fa22c5fe)]&amp#27;[39m Driver proxy active, passing request on via HTTP proxy
[debug] &amp#27;[35m[XCUITest]&amp#27;[39m Executing command 'proxyReqRes'
[debug] &amp#27;[35m[WD Proxy]&amp#27;[39m Matched '/wd/hub/session/fa22c5fe-5ae1-4114-abfe-4bea6798cb79/element/9F040000-0000-0000-5301-000000000000/click' to command name 'click'
[debug] &amp#27;[35m[WD Proxy]&amp#27;[39m Proxying [POST /wd/hub/session/fa22c5fe-5ae1-4114-abfe-4bea6798cb79/element/9F040000-0000-0000-5301-000000000000/click] to [POST http://127.0.0.1:8100/session/60DEF1F0-4A14-4727-943C-DB82535553CA/element/9F040000-0000-0000-5301-000000000000/click] with body: {"id":"9F040000-0000-0000-5301-000000000000"}
[debug] &amp#27;[35m[WD Proxy]&amp#27;[39m Got response with status 200: {"value":null,"sessionId":"60DEF1F0-4A14-4727-943C-DB82535553CA"}
&amp#27;[35m[WD Proxy]&amp#27;[39m Replacing sessionId 60DEF1F0-4A14-4727-943C-DB82535553CA with fa22c5fe-5ae1-4114-abfe-4bea6798cb79
&amp#27;[35m[HTTP]&amp#27;[39m &amp#27;[37m<-- POST /wd/hub/session/fa22c5fe-5ae1-4114-abfe-4bea6798cb79/element/9F040000-0000-0000-5301-000000000000/click &amp#27;[39m&amp#27;[32m200&amp#27;[39m &amp#27;[90m264 ms - 65&amp#27;[39m
&amp#27;[35m[HTTP]&amp#27;[39m &amp#27;[90m&amp#27;[39m
&amp#27;[35m[HTTP]&amp#27;[39m &amp#27;[37m-->&amp#27;[39m &amp#27;[37mPOST&amp#27;[39m &amp#27;[37m/wd/hub/session/fa22c5fe-5ae1-4114-abfe-4bea6798cb79/elements&amp#27;[39m
&amp#27;[35m[HTTP]&amp#27;[39m &amp#27;[90m{"using":"xpath","value":"//XCUIElementTypeButton[@name='checkbox outline']"}&amp#27;[39m
[debug] &amp#27;[35m[W3C (fa22c5fe)]&amp#27;[39m Calling AppiumDriver.findElements() with args: ["xpath","//XCUIElementTypeButton[@name='checkbox outline']","fa22c5fe-5ae1-4114-abfe-4bea6798cb79"]
[debug] &amp#27;[35m[XCUITest]&amp#27;[39m Executing command 'findElements'
[debug] &amp#27;[35m[BaseDriver]&amp#27;[39m Valid locator strategies for this request: xpath, id, name, class name, -ios predicate string, -ios class chain, accessibility id, css selector
[debug] &amp#27;[35m[BaseDriver]&amp#27;[39m Waiting up to 25000 ms for condition
[debug] &amp#27;[35m[XCUITest]&amp#27;[39m Setting custom timeout to 750000 ms for 'findElements' command
[debug] &amp#27;[35m[WD Proxy]&amp#27;[39m Matched '/elements' to command name 'findElements'
[debug] &amp#27;[35m[WD Proxy]&amp#27;[39m Proxying [POST /elements] to [POST http://127.0.0.1:8100/session/60DEF1F0-4A14-4727-943C-DB82535553CA/elements] with body: {"using":"xpath","value":"//XCUIElementTypeButton[@name='checkbox outline']"}
&amp#27;[35m[WD Proxy]&amp#27;[39m Got response with status 404: {"value":{"error":"stale element reference","message":"The previously found element \"\"checkbox outline\" Button\" is not present in the current view anymore. Make sure the application UI has the expected state. Original error: No matches found for Elements matching predicate 'wdUID IN {\"81040000-0000-0000-5301-000000000000\", \"91040000-0000-0000-5301-000000000000\", \"96040000-0000-0000-5301-000000000000\", \"9B040000-0000-0000-5301-000000000000\"}' from input {(\n    Button,\n    Button,\n    Button,\n    Button,\n    Button,\n    Button,\n    Button,\n    Button,\n    Button,\n    Button,\n    Button,\n    Button,\n    Button,\n    Button,\n    Button,\n    Button\n)}","traceback":"(\n\t0   CoreFoundation                      0x00000001a103e5c0 472C9193-115D-34CD-AD1D-0E7E091C9432 + 1185216\n\t1   libobjc.A.dylib                     0x00000001b50b842c objc_exception_throw + 60\n\t2   WebDriverAgentLib                   0x0000000107fa11f8 -[XCUIElement(FBUtilities) fb_takeSnapshot] + 852\n\t3   WebDri...
[debug] &amp#27;[35m[W3C]&amp#27;[39m Matched W3C error code 'stale element reference' to StaleElementReferenceError
[debug] &amp#27;[35m[BaseDriver]&amp#27;[39m Waited for 770 ms so far
[debug] &amp#27;[35m[XCUITest]&amp#27;[39m Setting custom timeout to 750000 ms for 'findElements' command
[debug] &amp#27;[35m[WD Proxy]&amp#27;[39m Matched '/elements' to command name 'findElements'
[debug] &amp#27;[35m[WD Proxy]&amp#27;[39m Proxying [POST /elements] to [POST http://127.0.0.1:8100/session/60DEF1F0-4A14-4727-943C-DB82535553CA/elements] with body: {"using":"xpath","value":"//XCUIElementTypeButton[@name='checkbox outline']"}
[debug] &amp#27;[35m[WD Proxy]&amp#27;[39m Got response with status 200: {"value":[{"ELEMENT":"B6040000-0000-0000-5301-000000000000","element-6066-11e4-a52e-4f735466cecf":"B6040000-0000-0000-5301-000000000000"},{"ELEMENT":"C6040000-0000-0000-5301-000000000000","element-6066-11e4-a52e-4f735466cecf":"C6040000-0000-0000-5301-000000000000"},{"ELEMENT":"CB040000-0000-0000-5301-000000000000","element-6066-11e4-a52e-4f735466cecf":"CB040000-0000-0000-5301-000000000000"},{"ELEMENT":"D0040000-0000-0000-5301-000000000000","element-6066-11e4-a52e-4f735466cecf":"D0040000-0000-0000-5301-000000000000"}],"sessionId":"60DEF1F0-4A14-4727-943C-DB82535553CA"}
[debug] &amp#27;[35m[W3C (fa22c5fe)]&amp#27;[39m Responding to client with driver.findElements() result: [{"element-6066-11e4-a52e-4f735466cecf":"B6040000-0000-0000-5301-000000000000","ELEMENT":"B6040000-0000-0000-5301-000000000000"},{"element-6066-11e4-a52e-4f735466cecf":"C6040000-0000-0000-5301-000000000000","ELEMENT":"C6040000-0000-0000-5301-000000000000"},{"element-6066-11e4-a52e-4f735466cecf":"CB040000-0000-0000-5301-000000000000","ELEMENT":"CB040000-0000-0000-5301-000000000000"},{"element-6066-11e4-a52e-4f735466cecf":"D0040000-0000-0000-5301-000000000000","ELEMENT":"D0040000-0000-0000-5301-000000000000"}]
&amp#27;[35m[HTTP]&amp#27;[39m &amp#27;[37m<-- POST /wd/hub/session/fa22c5fe-5ae1-4114-abfe-4bea6798cb79/elements &amp#27;[39m&amp#27;[32m200&amp#27;[39m &amp#27;[90m2099 ms - 523&amp#27;[39m
&amp#27;[35m[HTTP]&amp#27;[39m &amp#27;[90m&amp#27;[39m
&amp#27;[35m[HTTP]&amp#27;[39m &amp#27;[37m-->&amp#27;[39m &amp#27;[37mPOST&amp#27;[39m &amp#27;[37m/wd/hub/session/fa22c5fe-5ae1-4114-abfe-4bea6798cb79/elements&amp#27;[39m
&amp#27;[35m[HTTP]&amp#27;[39m &amp#27;[90m{"using":"xpath","value":"//XCUIElementTypeButton[@name='checkbox outline']"}&amp#27;[39m
[debug] &amp#27;[35m[W3C (fa22c5fe)]&amp#27;[39m Calling AppiumDriver.findElements() with args: ["xpath","//XCUIElementTypeButton[@name='checkbox outline']","fa22c5fe-5ae1-4114-abfe-4bea6798cb79"]
[debug] &amp#27;[35m[XCUITest]&amp#27;[39m Executing command 'findElements'
[debug] &amp#27;[35m[BaseDriver]&amp#27;[39m Valid locator strategies for this request: xpath, id, name, class name, -ios predicate string, -ios class chain, accessibility id, css selector
[debug] &amp#27;[35m[BaseDriver]&amp#27;[39m Waiting up to 25000 ms for condition
[debug] &amp#27;[35m[XCUITest]&amp#27;[39m Setting custom timeout to 750000 ms for 'findElements' command
[debug] &amp#27;[35m[WD Proxy]&amp#27;[39m Matched '/elements' to command name 'findElements'
[debug] &amp#27;[35m[WD Proxy]&amp#27;[39m Proxying [POST /elements] to [POST http://127.0.0.1:8100/session/60DEF1F0-4A14-4727-943C-DB82535553CA/elements] with body: {"using":"xpath","value":"//XCUIElementTypeButton[@name='checkbox outline']"}
[debug] &amp#27;[35m[WD Proxy]&amp#27;[39m Got response with status 200: {"value":[{"ELEMENT":"B6040000-0000-0000-5301-000000000000","element-6066-11e4-a52e-4f735466cecf":"B6040000-0000-0000-5301-000000000000"},{"ELEMENT":"C6040000-0000-0000-5301-000000000000","element-6066-11e4-a52e-4f735466cecf":"C6040000-0000-0000-5301-000000000000"},{"ELEMENT":"CB040000-0000-0000-5301-000000000000","element-6066-11e4-a52e-4f735466cecf":"CB040000-0000-0000-5301-000000000000"},{"ELEMENT":"D0040000-0000-0000-5301-000000000000","element-6066-11e4-a52e-4f735466cecf":"D0040000-0000-0000-5301-000000000000"}],"sessionId":"60DEF1F0-4A14-4727-943C-DB82535553CA"}
[debug] &amp#27;[35m[W3C (fa22c5fe)]&amp#27;[39m Responding to client with driver.findElements() result: [{"element-6066-11e4-a52e-4f735466cecf":"B6040000-0000-0000-5301-000000000000","ELEMENT":"B6040000-0000-0000-5301-000000000000"},{"element-6066-11e4-a52e-4f735466cecf":"C6040000-0000-0000-5301-000000000000","ELEMENT":"C6040000-0000-0000-5301-000000000000"},{"element-6066-11e4-a52e-4f735466cecf":"CB040000-0000-0000-5301-000000000000","ELEMENT":"CB040000-0000-0000-5301-000000000000"},{"element-6066-11e4-a52e-4f735466cecf":"D0040000-0000-0000-5301-000000000000","ELEMENT":"D0040000-0000-0000-5301-000000000000"}]
&amp#27;[35m[HTTP]&amp#27;[39m &amp#27;[37m<-- POST /wd/hub/session/fa22c5fe-5ae1-4114-abfe-4bea6798cb79/elements &amp#27;[39m&amp#27;[32m200&amp#27;[39m &amp#27;[90m824 ms - 523&amp#27;[39m
&amp#27;[35m[HTTP]&amp#27;[39m &amp#27;[90m&amp#27;[39m
&amp#27;[35m[HTTP]&amp#27;[39m &amp#27;[37m-->&amp#27;[39m &amp#27;[37mPOST&amp#27;[39m &amp#27;[37m/wd/hub/session/fa22c5fe-5ae1-4114-abfe-4bea6798cb79/element/B6040000-0000-0000-5301-000000000000/click&amp#27;[39m
&amp#27;[35m[HTTP]&amp#27;[39m &amp#27;[90m{"id":"B6040000-0000-0000-5301-000000000000"}&amp#27;[39m
&amp#27;[35m[W3C (fa22c5fe)]&amp#27;[39m Driver proxy active, passing request on via HTTP proxy
[debug] &amp#27;[35m[XCUITest]&amp#27;[39m Executing command 'proxyReqRes'
[debug] &amp#27;[35m[WD Proxy]&amp#27;[39m Matched '/wd/hub/session/fa22c5fe-5ae1-4114-abfe-4bea6798cb79/element/B6040000-0000-0000-5301-000000000000/click' to command name 'click'
[debug] &amp#27;[35m[WD Proxy]&amp#27;[39m Proxying [POST /wd/hub/session/fa22c5fe-5ae1-4114-abfe-4bea6798cb79/element/B6040000-0000-0000-5301-000000000000/click] to [POST http://127.0.0.1:8100/session/60DEF1F0-4A14-4727-943C-DB82535553CA/element/B6040000-0000-0000-5301-000000000000/click] with body: {"id":"B6040000-0000-0000-5301-000000000000"}
[debug] &amp#27;[35m[WD Proxy]&amp#27;[39m Got response with status 200: {"value":null,"sessionId":"60DEF1F0-4A14-4727-943C-DB82535553CA"}
&amp#27;[35m[WD Proxy]&amp#27;[39m Replacing sessionId 60DEF1F0-4A14-4727-943C-DB82535553CA with fa22c5fe-5ae1-4114-abfe-4bea6798cb79
&amp#27;[35m[HTTP]&amp#27;[39m &amp#27;[37m<-- POST /wd/hub/session/fa22c5fe-5ae1-4114-abfe-4bea6798cb79/element/B6040000-0000-0000-5301-000000000000/click &amp#27;[39m&amp#27;[32m200&amp#27;[39m &amp#27;[90m285 ms - 65&amp#27;[39m
&amp#27;[35m[HTTP]&amp#27;[39m &amp#27;[90m&amp#27;[39m
&amp#27;[35m[HTTP]&amp#27;[39m &amp#27;[37m-->&amp#27;[39m &amp#27;[37mPOST&amp#27;[39m &amp#27;[37m/wd/hub/session/fa22c5fe-5ae1-4114-abfe-4bea6798cb79/elements&amp#27;[39m
&amp#27;[35m[HTTP]&amp#27;[39m &amp#27;[90m{"using":"xpath","value":"//XCUIElementTypeButton[@name='checkbox outline']"}&amp#27;[39m
[debug] &amp#27;[35m[W3C (fa22c5fe)]&amp#27;[39m Calling AppiumDriver.findElements() with args: ["xpath","//XCUIElementTypeButton[@name='checkbox outline']","fa22c5fe-5ae1-4114-abfe-4bea6798cb79"]
[debug] &amp#27;[35m[XCUITest]&amp#27;[39m Executing command 'findElements'
[debug] &amp#27;[35m[BaseDriver]&amp#27;[39m Valid locator strategies for this request: xpath, id, name, class name, -ios predicate string, -ios class chain, accessibility id, css selector
[debug] &amp#27;[35m[BaseDriver]&amp#27;[39m Waiting up to 25000 ms for condition
[debug] &amp#27;[35m[XCUITest]&amp#27;[39m Setting custom timeout to 750000 ms for 'findElements' command
[debug] &amp#27;[35m[WD Proxy]&amp#27;[39m Matched '/elements' to command name 'findElements'
[debug] &amp#27;[35m[WD Proxy]&amp#27;[39m Proxying [POST /elements] to [POST http://127.0.0.1:8100/session/60DEF1F0-4A14-4727-943C-DB82535553CA/elements] with body: {"using":"xpath","value":"//XCUIElementTypeButton[@name='checkbox outline']"}
[debug] &amp#27;[35m[WD Proxy]&amp#27;[39m Got response with status 200: {"value":[{"ELEMENT":"B6040000-0000-0000-5301-000000000000","element-6066-11e4-a52e-4f735466cecf":"B6040000-0000-0000-5301-000000000000"},{"ELEMENT":"C6040000-0000-0000-5301-000000000000","element-6066-11e4-a52e-4f735466cecf":"C6040000-0000-0000-5301-000000000000"},{"ELEMENT":"CB040000-0000-0000-5301-000000000000","element-6066-11e4-a52e-4f735466cecf":"CB040000-0000-0000-5301-000000000000"},{"ELEMENT":"D0040000-0000-0000-5301-000000000000","element-6066-11e4-a52e-4f735466cecf":"D0040000-0000-0000-5301-000000000000"}],"sessionId":"60DEF1F0-4A14-4727-943C-DB82535553CA"}
[debug] &amp#27;[35m[W3C (fa22c5fe)]&amp#27;[39m Responding to client with driver.findElements() result: [{"element-6066-11e4-a52e-4f735466cecf":"B6040000-0000-0000-5301-000000000000","ELEMENT":"B6040000-0000-0000-5301-000000000000"},{"element-6066-11e4-a52e-4f735466cecf":"C6040000-0000-0000-5301-000000000000","ELEMENT":"C6040000-0000-0000-5301-000000000000"},{"element-6066-11e4-a52e-4f735466cecf":"CB040000-0000-0000-5301-000000000000","ELEMENT":"CB040000-0000-0000-5301-000000000000"},{"element-6066-11e4-a52e-4f735466cecf":"D0040000-0000-0000-5301-000000000000","ELEMENT":"D0040000-0000-0000-5301-000000000000"}]
&amp#27;[35m[HTTP]&amp#27;[39m &amp#27;[37m<-- POST /wd/hub/session/fa22c5fe-5ae1-4114-abfe-4bea6798cb79/elements &amp#27;[39m&amp#27;[32m200&amp#27;[39m &amp#27;[90m915 ms - 523&amp#27;[39m
&amp#27;[35m[HTTP]&amp#27;[39m &amp#27;[90m&amp#27;[39m
&amp#27;[35m[HTTP]&amp#27;[39m &amp#27;[37m-->&amp#27;[39m &amp#27;[37mPOST&amp#27;[39m &amp#27;[37m/wd/hub/session/fa22c5fe-5ae1-4114-abfe-4bea6798cb79/element/C6040000-0000-0000-5301-000000000000/click&amp#27;[39m
&amp#27;[35m[HTTP]&amp#27;[39m &amp#27;[90m{"id":"C6040000-0000-0000-5301-000000000000"}&amp#27;[39m
&amp#27;[35m[W3C (fa22c5fe)]&amp#27;[39m Driver proxy active, passing request on via HTTP proxy
[debug] &amp#27;[35m[XCUITest]&amp#27;[39m Executing command 'proxyReqRes'
[debug] &amp#27;[35m[WD Proxy]&amp#27;[39m Matched '/wd/hub/session/fa22c5fe-5ae1-4114-abfe-4bea6798cb79/element/C6040000-0000-0000-5301-000000000000/click' to command name 'click'
[debug] &amp#27;[35m[WD Proxy]&amp#27;[39m Proxying [POST /wd/hub/session/fa22c5fe-5ae1-4114-abfe-4bea6798cb79/element/C6040000-0000-0000-5301-000000000000/click] to [POST http://127.0.0.1:8100/session/60DEF1F0-4A14-4727-943C-DB82535553CA/element/C6040000-0000-0000-5301-000000000000/click] with body: {"id":"C6040000-0000-0000-5301-000000000000"}
[debug] &amp#27;[35m[WD Proxy]&amp#27;[39m Got response with status 200: {"value":null,"sessionId":"60DEF1F0-4A14-4727-943C-DB82535553CA"}
&amp#27;[35m[WD Proxy]&amp#27;[39m Replacing sessionId 60DEF1F0-4A14-4727-943C-DB82535553CA with fa22c5fe-5ae1-4114-abfe-4bea6798cb79
&amp#27;[35m[HTTP]&amp#27;[39m &amp#27;[37m<-- POST /wd/hub/session/fa22c5fe-5ae1-4114-abfe-4bea6798cb79/element/C6040000-0000-0000-5301-000000000000/click &amp#27;[39m&amp#27;[32m200&amp#27;[39m &amp#27;[90m264 ms - 65&amp#27;[39m
&amp#27;[35m[HTTP]&amp#27;[39m &amp#27;[90m&amp#27;[39m
&amp#27;[35m[HTTP]&amp#27;[39m &amp#27;[37m-->&amp#27;[39m &amp#27;[37mPOST&amp#27;[39m &amp#27;[37m/wd/hub/session/fa22c5fe-5ae1-4114-abfe-4bea6798cb79/elements&amp#27;[39m
&amp#27;[35m[HTTP]&amp#27;[39m &amp#27;[90m{"using":"xpath","value":"//XCUIElementTypeButton[@name='checkbox outline']"}&amp#27;[39m
[debug] &amp#27;[35m[W3C (fa22c5fe)]&amp#27;[39m Calling AppiumDriver.findElements() with args: ["xpath","//XCUIElementTypeButton[@name='checkbox outline']","fa22c5fe-5ae1-4114-abfe-4bea6798cb79"]
[debug] &amp#27;[35m[XCUITest]&amp#27;[39m Executing command 'findElements'
[debug] &amp#27;[35m[BaseDriver]&amp#27;[39m Valid locator strategies for this request: xpath, id, name, class name, -ios predicate string, -ios class chain, accessibility id, css selector
[debug] &amp#27;[35m[BaseDriver]&amp#27;[39m Waiting up to 25000 ms for condition
[debug] &amp#27;[35m[XCUITest]&amp#27;[39m Setting custom timeout to 750000 ms for 'findElements' command
[debug] &amp#27;[35m[WD Proxy]&amp#27;[39m Matched '/elements' to command name 'findElements'
[debug] &amp#27;[35m[WD Proxy]&amp#27;[39m Proxying [POST /elements] to [POST http://127.0.0.1:8100/session/60DEF1F0-4A14-4727-943C-DB82535553CA/elements] with body: {"using":"xpath","value":"//XCUIElementTypeButton[@name='checkbox outline']"}
[debug] &amp#27;[35m[WD Proxy]&amp#27;[39m Got response with status 200: {"value":[{"ELEMENT":"B6040000-0000-0000-5301-000000000000","element-6066-11e4-a52e-4f735466cecf":"B6040000-0000-0000-5301-000000000000"},{"ELEMENT":"C6040000-0000-0000-5301-000000000000","element-6066-11e4-a52e-4f735466cecf":"C6040000-0000-0000-5301-000000000000"},{"ELEMENT":"CB040000-0000-0000-5301-000000000000","element-6066-11e4-a52e-4f735466cecf":"CB040000-0000-0000-5301-000000000000"},{"ELEMENT":"D0040000-0000-0000-5301-000000000000","element-6066-11e4-a52e-4f735466cecf":"D0040000-0000-0000-5301-000000000000"}],"sessionId":"60DEF1F0-4A14-4727-943C-DB82535553CA"}
[debug] &amp#27;[35m[W3C (fa22c5fe)]&amp#27;[39m Responding to client with driver.findElements() result: [{"element-6066-11e4-a52e-4f735466cecf":"B6040000-0000-0000-5301-000000000000","ELEMENT":"B6040000-0000-0000-5301-000000000000"},{"element-6066-11e4-a52e-4f735466cecf":"C6040000-0000-0000-5301-000000000000","ELEMENT":"C6040000-0000-0000-5301-000000000000"},{"element-6066-11e4-a52e-4f735466cecf":"CB040000-0000-0000-5301-000000000000","ELEMENT":"CB040000-0000-0000-5301-000000000000"},{"element-6066-11e4-a52e-4f735466cecf":"D0040000-0000-0000-5301-000000000000","ELEMENT":"D0040000-0000-0000-5301-000000000000"}]
&amp#27;[35m[HTTP]&amp#27;[39m &amp#27;[37m<-- POST /wd/hub/session/fa22c5fe-5ae1-4114-abfe-4bea6798cb79/elements &amp#27;[39m&amp#27;[32m200&amp#27;[39m &amp#27;[90m964 ms - 523&amp#27;[39m
&amp#27;[35m[HTTP]&amp#27;[39m &amp#27;[90m&amp#27;[39m
&amp#27;[35m[HTTP]&amp#27;[39m &amp#27;[37m-->&amp#27;[39m &amp#27;[37mPOST&amp#27;[39m &amp#27;[37m/wd/hub/session/fa22c5fe-5ae1-4114-abfe-4bea6798cb79/element/CB040000-0000-0000-5301-000000000000/click&amp#27;[39m
&amp#27;[35m[HTTP]&amp#27;[39m &amp#27;[90m{"id":"CB040000-0000-0000-5301-000000000000"}&amp#27;[39m
&amp#27;[35m[W3C (fa22c5fe)]&amp#27;[39m Driver proxy active, passing request on via HTTP proxy
[debug] &amp#27;[35m[XCUITest]&amp#27;[39m Executing command 'proxyReqRes'
[debug] &amp#27;[35m[WD Proxy]&amp#27;[39m Matched '/wd/hub/session/fa22c5fe-5ae1-4114-abfe-4bea6798cb79/element/CB040000-0000-0000-5301-000000000000/click' to command name 'click'
[debug] &amp#27;[35m[WD Proxy]&amp#27;[39m Proxying [POST /wd/hub/session/fa22c5fe-5ae1-4114-abfe-4bea6798cb79/element/CB040000-0000-0000-5301-000000000000/click] to [POST http://127.0.0.1:8100/session/60DEF1F0-4A14-4727-943C-DB82535553CA/element/CB040000-0000-0000-5301-000000000000/click] with body: {"id":"CB040000-0000-0000-5301-000000000000"}
[debug] &amp#27;[35m[WD Proxy]&amp#27;[39m Got response with status 200: {"value":null,"sessionId":"60DEF1F0-4A14-4727-943C-DB82535553CA"}
&amp#27;[35m[WD Proxy]&amp#27;[39m Replacing sessionId 60DEF1F0-4A14-4727-943C-DB82535553CA with fa22c5fe-5ae1-4114-abfe-4bea6798cb79
&amp#27;[35m[HTTP]&amp#27;[39m &amp#27;[37m<-- POST /wd/hub/session/fa22c5fe-5ae1-4114-abfe-4bea6798cb79/element/CB040000-0000-0000-5301-000000000000/click &amp#27;[39m&amp#27;[32m200&amp#27;[39m &amp#27;[90m272 ms - 65&amp#27;[39m
&amp#27;[35m[HTTP]&amp#27;[39m &amp#27;[90m&amp#27;[39m
&amp#27;[35m[HTTP]&amp#27;[39m &amp#27;[37m-->&amp#27;[39m &amp#27;[37mPOST&amp#27;[39m &amp#27;[37m/wd/hub/session/fa22c5fe-5ae1-4114-abfe-4bea6798cb79/elements&amp#27;[39m
&amp#27;[35m[HTTP]&amp#27;[39m &amp#27;[90m{"using":"xpath","value":"//XCUIElementTypeButton[@name='checkbox outline']"}&amp#27;[39m
[debug] &amp#27;[35m[W3C (fa22c5fe)]&amp#27;[39m Calling AppiumDriver.findElements() with args: ["xpath","//XCUIElementTypeButton[@name='checkbox outline']","fa22c5fe-5ae1-4114-abfe-4bea6798cb79"]
[debug] &amp#27;[35m[XCUITest]&amp#27;[39m Executing command 'findElements'
[debug] &amp#27;[35m[BaseDriver]&amp#27;[39m Valid locator strategies for this request: xpath, id, name, class name, -ios predicate string, -ios class chain, accessibility id, css selector
[debug] &amp#27;[35m[BaseDriver]&amp#27;[39m Waiting up to 25000 ms for condition
[debug] &amp#27;[35m[XCUITest]&amp#27;[39m Setting custom timeout to 750000 ms for 'findElements' command
[debug] &amp#27;[35m[WD Proxy]&amp#27;[39m Matched '/elements' to command name 'findElements'
[debug] &amp#27;[35m[WD Proxy]&amp#27;[39m Proxying [POST /elements] to [POST http://127.0.0.1:8100/session/60DEF1F0-4A14-4727-943C-DB82535553CA/elements] with body: {"using":"xpath","value":"//XCUIElementTypeButton[@name='checkbox outline']"}
[debug] &amp#27;[35m[WD Proxy]&amp#27;[39m Got response with status 200: {"value":[{"ELEMENT":"B6040000-0000-0000-5301-000000000000","element-6066-11e4-a52e-4f735466cecf":"B6040000-0000-0000-5301-000000000000"},{"ELEMENT":"C6040000-0000-0000-5301-000000000000","element-6066-11e4-a52e-4f735466cecf":"C6040000-0000-0000-5301-000000000000"},{"ELEMENT":"CB040000-0000-0000-5301-000000000000","element-6066-11e4-a52e-4f735466cecf":"CB040000-0000-0000-5301-000000000000"},{"ELEMENT":"D0040000-0000-0000-5301-000000000000","element-6066-11e4-a52e-4f735466cecf":"D0040000-0000-0000-5301-000000000000"}],"sessionId":"60DEF1F0-4A14-4727-943C-DB82535553CA"}
[debug] &amp#27;[35m[W3C (fa22c5fe)]&amp#27;[39m Responding to client with driver.findElements() result: [{"element-6066-11e4-a52e-4f735466cecf":"B6040000-0000-0000-5301-000000000000","ELEMENT":"B6040000-0000-0000-5301-000000000000"},{"element-6066-11e4-a52e-4f735466cecf":"C6040000-0000-0000-5301-000000000000","ELEMENT":"C6040000-0000-0000-5301-000000000000"},{"element-6066-11e4-a52e-4f735466cecf":"CB040000-0000-0000-5301-000000000000","ELEMENT":"CB040000-0000-0000-5301-000000000000"},{"element-6066-11e4-a52e-4f735466cecf":"D0040000-0000-0000-5301-000000000000","ELEMENT":"D0040000-0000-0000-5301-000000000000"}]
&amp#27;[35m[HTTP]&amp#27;[39m &amp#27;[37m<-- POST /wd/hub/session/fa22c5fe-5ae1-4114-abfe-4bea6798cb79/elements &amp#27;[39m&amp#27;[32m200&amp#27;[39m &amp#27;[90m867 ms - 523&amp#27;[39m
&amp#27;[35m[HTTP]&amp#27;[39m &amp#27;[90m&amp#27;[39m
&amp#27;[35m[HTTP]&amp#27;[39m &amp#27;[37m-->&amp#27;[39m &amp#27;[37mPOST&amp#27;[39m &amp#27;[37m/wd/hub/session/fa22c5fe-5ae1-4114-abfe-4bea6798cb79/element/D0040000-0000-0000-5301-000000000000/click&amp#27;[39m
&amp#27;[35m[HTTP]&amp#27;[39m &amp#27;[90m{"id":"D0040000-0000-0000-5301-000000000000"}&amp#27;[39m
&amp#27;[35m[W3C (fa22c5fe)]&amp#27;[39m Driver proxy active, passing request on via HTTP proxy
[debug] &amp#27;[35m[XCUITest]&amp#27;[39m Executing command 'proxyReqRes'
[debug] &amp#27;[35m[WD Proxy]&amp#27;[39m Matched '/wd/hub/session/fa22c5fe-5ae1-4114-abfe-4bea6798cb79/element/D0040000-0000-0000-5301-000000000000/click' to command name 'click'
[debug] &amp#27;[35m[WD Proxy]&amp#27;[39m Proxying [POST /wd/hub/session/fa22c5fe-5ae1-4114-abfe-4bea6798cb79/element/D0040000-0000-0000-5301-000000000000/click] to [POST http://127.0.0.1:8100/session/60DEF1F0-4A14-4727-943C-DB82535553CA/element/D0040000-0000-0000-5301-000000000000/click] with body: {"id":"D0040000-0000-0000-5301-000000000000"}
[debug] &amp#27;[35m[WD Proxy]&amp#27;[39m Got response with status 200: {"value":null,"sessionId":"60DEF1F0-4A14-4727-943C-DB82535553CA"}
&amp#27;[35m[WD Proxy]&amp#27;[39m Replacing sessionId 60DEF1F0-4A14-4727-943C-DB82535553CA with fa22c5fe-5ae1-4114-abfe-4bea6798cb79
&amp#27;[35m[HTTP]&amp#27;[39m &amp#27;[37m<-- POST /wd/hub/session/fa22c5fe-5ae1-4114-abfe-4bea6798cb79/element/D0040000-0000-0000-5301-000000000000/click &amp#27;[39m&amp#27;[32m200&amp#27;[39m &amp#27;[90m254 ms - 65&amp#27;[39m
&amp#27;[35m[HTTP]&amp#27;[39m &amp#27;[90m&amp#27;[39m
&amp#27;[35m[HTTP]&amp#27;[39m &amp#27;[37m-->&amp#27;[39m &amp#27;[37mPOST&amp#27;[39m &amp#27;[37m/wd/hub/session/fa22c5fe-5ae1-4114-abfe-4bea6798cb79/element&amp#27;[39m
&amp#27;[35m[HTTP]&amp#27;[39m &amp#27;[90m{"using":"xpath","value":"//XCUIElementTypeStaticText[@name='SUBMIT']"}&amp#27;[39m
[debug] &amp#27;[35m[W3C (fa22c5fe)]&amp#27;[39m Calling AppiumDriver.findElement() with args: ["xpath","//XCUIElementTypeStaticText[@name='SUBMIT']","fa22c5fe-5ae1-4114-abfe-4bea6798cb79"]
[debug] &amp#27;[35m[XCUITest]&amp#27;[39m Executing command 'findElement'
[debug] &amp#27;[35m[BaseDriver]&amp#27;[39m Valid locator strategies for this request: xpath, id, name, class name, -ios predicate string, -ios class chain, accessibility id, css selector
[debug] &amp#27;[35m[BaseDriver]&amp#27;[39m Waiting up to 25000 ms for condition
[debug] &amp#27;[35m[XCUITest]&amp#27;[39m Setting custom timeout to 750000 ms for 'findElement' command
[debug] &amp#27;[35m[WD Proxy]&amp#27;[39m Matched '/element' to command name 'findElement'
[debug] &amp#27;[35m[WD Proxy]&amp#27;[39m Proxying [POST /element] to [POST http://127.0.0.1:8100/session/60DEF1F0-4A14-4727-943C-DB82535553CA/element] with body: {"using":"xpath","value":"//XCUIElementTypeStaticText[@name='SUBMIT']"}
[debug] &amp#27;[35m[WD Proxy]&amp#27;[39m Got response with status 200: {"value":{"ELEMENT":"D4040000-0000-0000-5301-000000000000","element-6066-11e4-a52e-4f735466cecf":"D4040000-0000-0000-5301-000000000000"},"sessionId":"60DEF1F0-4A14-4727-943C-DB82535553CA"}
[debug] &amp#27;[35m[W3C (fa22c5fe)]&amp#27;[39m Responding to client with driver.findElement() result: {"element-6066-11e4-a52e-4f735466cecf":"D4040000-0000-0000-5301-000000000000","ELEMENT":"D4040000-0000-0000-5301-000000000000"}
&amp#27;[35m[HTTP]&amp#27;[39m &amp#27;[37m<-- POST /wd/hub/session/fa22c5fe-5ae1-4114-abfe-4bea6798cb79/element &amp#27;[39m&amp#27;[32m200&amp#27;[39m &amp#27;[90m729 ms - 137&amp#27;[39m
&amp#27;[35m[HTTP]&amp#27;[39m &amp#27;[90m&amp#27;[39m
&amp#27;[35m[HTTP]&amp#27;[39m &amp#27;[37m-->&amp#27;[39m &amp#27;[37mPOST&amp#27;[39m &amp#27;[37m/wd/hub/session/fa22c5fe-5ae1-4114-abfe-4bea6798cb79/element/D4040000-0000-0000-5301-000000000000/click&amp#27;[39m
&amp#27;[35m[HTTP]&amp#27;[39m &amp#27;[90m{"id":"D4040000-0000-0000-5301-000000000000"}&amp#27;[39m
&amp#27;[35m[W3C (fa22c5fe)]&amp#27;[39m Driver proxy active, passing request on via HTTP proxy
[debug] &amp#27;[35m[XCUITest]&amp#27;[39m Executing command 'proxyReqRes'
[debug] &amp#27;[35m[WD Proxy]&amp#27;[39m Matched '/wd/hub/session/fa22c5fe-5ae1-4114-abfe-4bea6798cb79/element/D4040000-0000-0000-5301-000000000000/click' to command name 'click'
[debug] &amp#27;[35m[WD Proxy]&amp#27;[39m Proxying [POST /wd/hub/session/fa22c5fe-5ae1-4114-abfe-4bea6798cb79/element/D4040000-0000-0000-5301-000000000000/click] to [POST http://127.0.0.1:8100/session/60DEF1F0-4A14-4727-943C-DB82535553CA/element/D4040000-0000-0000-5301-000000000000/click] with body: {"id":"D4040000-0000-0000-5301-000000000000"}
[debug] &amp#27;[35m[WD Proxy]&amp#27;[39m Got response with status 200: {"value":null,"sessionId":"60DEF1F0-4A14-4727-943C-DB82535553CA"}
&amp#27;[35m[WD Proxy]&amp#27;[39m Replacing sessionId 60DEF1F0-4A14-4727-943C-DB82535553CA with fa22c5fe-5ae1-4114-abfe-4bea6798cb79
&amp#27;[35m[HTTP]&amp#27;[39m &amp#27;[37m<-- POST /wd/hub/session/fa22c5fe-5ae1-4114-abfe-4bea6798cb79/element/D4040000-0000-0000-5301-000000000000/click &amp#27;[39m&amp#27;[32m200&amp#27;[39m &amp#27;[90m275 ms - 65&amp#27;[39m
&amp#27;[35m[HTTP]&amp#27;[39m &amp#27;[90m&amp#27;[39m
&amp#27;[35m[HTTP]&amp#27;[39m &amp#27;[37m-->&amp#27;[39m &amp#27;[37mPOST&amp#27;[39m &amp#27;[37m/wd/hub/session/fa22c5fe-5ae1-4114-abfe-4bea6798cb79/element&amp#27;[39m
&amp#27;[35m[HTTP]&amp#27;[39m &amp#27;[90m{"using":"xpath","value":"//XCUIElementTypeButton[@name='Agree']"}&amp#27;[39m
[debug] &amp#27;[35m[W3C (fa22c5fe)]&amp#27;[39m Calling AppiumDriver.findElement() with args: ["xpath","//XCUIElementTypeButton[@name='Agree']","fa22c5fe-5ae1-4114-abfe-4bea6798cb79"]
[debug] &amp#27;[35m[XCUITest]&amp#27;[39m Executing command 'findElement'
[debug] &amp#27;[35m[BaseDriver]&amp#27;[39m Valid locator strategies for this request: xpath, id, name, class name, -ios predicate string, -ios class chain, accessibility id, css selector
[debug] &amp#27;[35m[BaseDriver]&amp#27;[39m Waiting up to 25000 ms for condition
[debug] &amp#27;[35m[XCUITest]&amp#27;[39m Setting custom timeout to 750000 ms for 'findElement' command
[debug] &amp#27;[35m[WD Proxy]&amp#27;[39m Matched '/element' to command name 'findElement'
[debug] &amp#27;[35m[WD Proxy]&amp#27;[39m Proxying [POST /element] to [POST http://127.0.0.1:8100/session/60DEF1F0-4A14-4727-943C-DB82535553CA/element] with body: {"using":"xpath","value":"//XCUIElementTypeButton[@name='Agree']"}
&amp#27;[35m[WD Proxy]&amp#27;[39m Got response with status 404: {"value":{"error":"no such element","message":"unable to find an element using 'xpath', value '//XCUIElementTypeButton[@name='Agree']'","traceback":"(\n\t0   WebDriverAgentLib                   0x0000000107fadc70 FBNoSuchElementErrorResponseForRequest + 288\n\t1   WebDriverAgentLib                   0x0000000107fada74 +[FBFindElementCommands handleFindElement:] + 336\n\t2   WebDriverAgentLib                   0x0000000107f77c70 -[FBRoute_TargetAction mountRequest:intoResponse:] + 180\n\t3   WebDriverAgentLib                   0x0000000107f64a8c __37-[FBWebServer registerRouteHandlers:]_block_invoke + 420\n\t4   WebDriverAgentLib                   0x0000000107f971e0 -[RoutingHTTPServer handleRoute:withRequest:response:] + 164\n\t5   WebDriverAgentLib                   0x0000000107f97c64 __72-[RoutingHTTPServer routeMethod:withPath:parameters:request:connection:]_block_invoke + 64\n\t6   libdispatch.dylib                   0x00000001a0c3cac8 8E662F82-B1E4-3E7E-A376-18E9755A8F51 + 15048\n\t7   libdispatch.dyl...
[debug] &amp#27;[35m[W3C]&amp#27;[39m Matched W3C error code 'no such element' to NoSuchElementError
[debug] &amp#27;[35m[BaseDriver]&amp#27;[39m Waited for 542 ms so far
[debug] &amp#27;[35m[XCUITest]&amp#27;[39m Setting custom timeout to 750000 ms for 'findElement' command
[debug] &amp#27;[35m[WD Proxy]&amp#27;[39m Matched '/element' to command name 'findElement'
[debug] &amp#27;[35m[WD Proxy]&amp#27;[39m Proxying [POST /element] to [POST http://127.0.0.1:8100/session/60DEF1F0-4A14-4727-943C-DB82535553CA/element] with body: {"using":"xpath","value":"//XCUIElementTypeButton[@name='Agree']"}
[debug] &amp#27;[35m[WD Proxy]&amp#27;[39m Got response with status 200: {"value":{"ELEMENT":"FF040000-0000-0000-5301-000000000000","element-6066-11e4-a52e-4f735466cecf":"FF040000-0000-0000-5301-000000000000"},"sessionId":"60DEF1F0-4A14-4727-943C-DB82535553CA"}
[debug] &amp#27;[35m[W3C (fa22c5fe)]&amp#27;[39m Responding to client with driver.findElement() result: {"element-6066-11e4-a52e-4f735466cecf":"FF040000-0000-0000-5301-000000000000","ELEMENT":"FF040000-0000-0000-5301-000000000000"}
&amp#27;[35m[HTTP]&amp#27;[39m &amp#27;[37m<-- POST /wd/hub/session/fa22c5fe-5ae1-4114-abfe-4bea6798cb79/element &amp#27;[39m&amp#27;[32m200&amp#27;[39m &amp#27;[90m1973 ms - 137&amp#27;[39m
&amp#27;[35m[HTTP]&amp#27;[39m &amp#27;[90m&amp#27;[39m
&amp#27;[35m[HTTP]&amp#27;[39m &amp#27;[37m-->&amp#27;[39m &amp#27;[37mGET&amp#27;[39m &amp#27;[37m/wd/hub/session/fa22c5fe-5ae1-4114-abfe-4bea6798cb79/element/FF040000-0000-0000-5301-000000000000/text&amp#27;[39m
&amp#27;[35m[HTTP]&amp#27;[39m &amp#27;[90m{}&amp#27;[39m
&amp#27;[35m[W3C (fa22c5fe)]&amp#27;[39m Driver proxy active, passing request on via HTTP proxy
[debug] &amp#27;[35m[XCUITest]&amp#27;[39m Executing command 'proxyReqRes'
[debug] &amp#27;[35m[WD Proxy]&amp#27;[39m Matched '/wd/hub/session/fa22c5fe-5ae1-4114-abfe-4bea6798cb79/element/FF040000-0000-0000-5301-000000000000/text' to command name 'getText'
[debug] &amp#27;[35m[WD Proxy]&amp#27;[39m Proxying [GET /wd/hub/session/fa22c5fe-5ae1-4114-abfe-4bea6798cb79/element/FF040000-0000-0000-5301-000000000000/text] to [GET http://127.0.0.1:8100/session/60DEF1F0-4A14-4727-943C-DB82535553CA/element/FF040000-0000-0000-5301-000000000000/text] with no body
[debug] &amp#27;[35m[WD Proxy]&amp#27;[39m Got response with status 200: {"value":"Agree","sessionId":"60DEF1F0-4A14-4727-943C-DB82535553CA"}
&amp#27;[35m[WD Proxy]&amp#27;[39m Replacing sessionId 60DEF1F0-4A14-4727-943C-DB82535553CA with fa22c5fe-5ae1-4114-abfe-4bea6798cb79
&amp#27;[35m[HTTP]&amp#27;[39m &amp#27;[37m<-- GET /wd/hub/session/fa22c5fe-5ae1-4114-abfe-4bea6798cb79/element/FF040000-0000-0000-5301-000000000000/text &amp#27;[39m&amp#27;[32m200&amp#27;[39m &amp#27;[90m87 ms - 68&amp#27;[39m
&amp#27;[35m[HTTP]&amp#27;[39m &amp#27;[90m&amp#27;[39m
&amp#27;[35m[HTTP]&amp#27;[39m &amp#27;[37m-->&amp#27;[39m &amp#27;[37mPOST&amp#27;[39m &amp#27;[37m/wd/hub/session/fa22c5fe-5ae1-4114-abfe-4bea6798cb79/element&amp#27;[39m
&amp#27;[35m[HTTP]&amp#27;[39m &amp#27;[90m{"using":"accessibility id","value":"Agree"}&amp#27;[39m
[debug] &amp#27;[35m[W3C (fa22c5fe)]&amp#27;[39m Calling AppiumDriver.findElement() with args: ["accessibility id","Agree","fa22c5fe-5ae1-4114-abfe-4bea6798cb79"]
[debug] &amp#27;[35m[XCUITest]&amp#27;[39m Executing command 'findElement'
[debug] &amp#27;[35m[BaseDriver]&amp#27;[39m Valid locator strategies for this request: xpath, id, name, class name, -ios predicate string, -ios class chain, accessibility id, css selector
[debug] &amp#27;[35m[BaseDriver]&amp#27;[39m Waiting up to 25000 ms for condition
[debug] &amp#27;[35m[XCUITest]&amp#27;[39m Setting custom timeout to 750000 ms for 'findElement' command
[debug] &amp#27;[35m[WD Proxy]&amp#27;[39m Matched '/element' to command name 'findElement'
[debug] &amp#27;[35m[WD Proxy]&amp#27;[39m Proxying [POST /element] to [POST http://127.0.0.1:8100/session/60DEF1F0-4A14-4727-943C-DB82535553CA/element] with body: {"using":"accessibility id","value":"Agree"}
[debug] &amp#27;[35m[WD Proxy]&amp#27;[39m Got response with status 200: {"value":{"ELEMENT":"FF040000-0000-0000-5301-000000000000","element-6066-11e4-a52e-4f735466cecf":"FF040000-0000-0000-5301-000000000000"},"sessionId":"60DEF1F0-4A14-4727-943C-DB82535553CA"}
[debug] &amp#27;[35m[W3C (fa22c5fe)]&amp#27;[39m Responding to client with driver.findElement() result: {"element-6066-11e4-a52e-4f735466cecf":"FF040000-0000-0000-5301-000000000000","ELEMENT":"FF040000-0000-0000-5301-000000000000"}
&amp#27;[35m[HTTP]&amp#27;[39m &amp#27;[37m<-- POST /wd/hub/session/fa22c5fe-5ae1-4114-abfe-4bea6798cb79/element &amp#27;[39m&amp#27;[32m200&amp#27;[39m &amp#27;[90m197 ms - 137&amp#27;[39m
&amp#27;[35m[HTTP]&amp#27;[39m &amp#27;[90m&amp#27;[39m
&amp#27;[35m[HTTP]&amp#27;[39m &amp#27;[37m-->&amp#27;[39m &amp#27;[37mGET&amp#27;[39m &amp#27;[37m/wd/hub/session/fa22c5fe-5ae1-4114-abfe-4bea6798cb79/element/FF040000-0000-0000-5301-000000000000/location&amp#27;[39m
&amp#27;[35m[HTTP]&amp#27;[39m &amp#27;[90m{}&amp#27;[39m
[debug] &amp#27;[35m[W3C (fa22c5fe)]&amp#27;[39m Calling AppiumDriver.getLocation() with args: ["FF040000-0000-0000-5301-000000000000","fa22c5fe-5ae1-4114-abfe-4bea6798cb79"]
[debug] &amp#27;[35m[XCUITest]&amp#27;[39m Executing command 'getLocation'
[debug] &amp#27;[35m[XCUITest]&amp#27;[39m Setting custom timeout to 750000 ms for 'getElementRect' command
[debug] &amp#27;[35m[WD Proxy]&amp#27;[39m Matched '/element/FF040000-0000-0000-5301-000000000000/rect' to command name 'getElementRect'
[debug] &amp#27;[35m[WD Proxy]&amp#27;[39m Proxying [GET /element/FF040000-0000-0000-5301-000000000000/rect] to [GET http://127.0.0.1:8100/session/60DEF1F0-4A14-4727-943C-DB82535553CA/element/FF040000-0000-0000-5301-000000000000/rect] with no body
[debug] &amp#27;[35m[WD Proxy]&amp#27;[39m Got response with status 200: {"value":{"y":408,"x":188,"width":135,"height":44},"sessionId":"60DEF1F0-4A14-4727-943C-DB82535553CA"}
[debug] &amp#27;[35m[W3C (fa22c5fe)]&amp#27;[39m Responding to client with driver.getLocation() result: {"x":188,"y":408}
&amp#27;[35m[HTTP]&amp#27;[39m &amp#27;[37m<-- GET /wd/hub/session/fa22c5fe-5ae1-4114-abfe-4bea6798cb79/element/FF040000-0000-0000-5301-000000000000/location &amp#27;[39m&amp#27;[32m200&amp#27;[39m &amp#27;[90m102 ms - 27&amp#27;[39m
&amp#27;[35m[HTTP]&amp#27;[39m &amp#27;[90m&amp#27;[39m
&amp#27;[35m[HTTP]&amp#27;[39m &amp#27;[37m-->&amp#27;[39m &amp#27;[37mGET&amp#27;[39m &amp#27;[37m/wd/hub/session/fa22c5fe-5ae1-4114-abfe-4bea6798cb79/element/FF040000-0000-0000-5301-000000000000/location&amp#27;[39m
&amp#27;[35m[HTTP]&amp#27;[39m &amp#27;[90m{}&amp#27;[39m
[debug] &amp#27;[35m[W3C (fa22c5fe)]&amp#27;[39m Calling AppiumDriver.getLocation() with args: ["FF040000-0000-0000-5301-000000000000","fa22c5fe-5ae1-4114-abfe-4bea6798cb79"]
[debug] &amp#27;[35m[XCUITest]&amp#27;[39m Executing command 'getLocation'
[debug] &amp#27;[35m[XCUITest]&amp#27;[39m Setting custom timeout to 750000 ms for 'getElementRect' command
[debug] &amp#27;[35m[WD Proxy]&amp#27;[39m Matched '/element/FF040000-0000-0000-5301-000000000000/rect' to command name 'getElementRect'
[debug] &amp#27;[35m[WD Proxy]&amp#27;[39m Proxying [GET /element/FF040000-0000-0000-5301-000000000000/rect] to [GET http://127.0.0.1:8100/session/60DEF1F0-4A14-4727-943C-DB82535553CA/element/FF040000-0000-0000-5301-000000000000/rect] with no body
[debug] &amp#27;[35m[WD Proxy]&amp#27;[39m Got response with status 200: {"value":{"y":408,"x":188,"width":135,"height":44},"sessionId":"60DEF1F0-4A14-4727-943C-DB82535553CA"}
[debug] &amp#27;[35m[W3C (fa22c5fe)]&amp#27;[39m Responding to client with driver.getLocation() result: {"x":188,"y":408}
&amp#27;[35m[HTTP]&amp#27;[39m &amp#27;[37m<-- GET /wd/hub/session/fa22c5fe-5ae1-4114-abfe-4bea6798cb79/element/FF040000-0000-0000-5301-000000000000/location &amp#27;[39m&amp#27;[32m200&amp#27;[39m &amp#27;[90m91 ms - 27&amp#27;[39m
&amp#27;[35m[HTTP]&amp#27;[39m &amp#27;[90m&amp#27;[39m
&amp#27;[35m[HTTP]&amp#27;[39m &amp#27;[37m-->&amp#27;[39m &amp#27;[37mPOST&amp#27;[39m &amp#27;[37m/wd/hub/session/fa22c5fe-5ae1-4114-abfe-4bea6798cb79/touch/perform&amp#27;[39m
&amp#27;[35m[HTTP]&amp#27;[39m &amp#27;[90m{"actions":[{"action":"tap","options":{"x":258,"y":438}}]}&amp#27;[39m
[debug] &amp#27;[35m[W3C (fa22c5fe)]&amp#27;[39m Calling AppiumDriver.performTouch() with args: [[{"action":"tap","options":{"x":258,"y":438}}],"fa22c5fe-5ae1-4114-abfe-4bea6798cb79"]
[debug] &amp#27;[35m[XCUITest]&amp#27;[39m Executing command 'performTouch'
[debug] &amp#27;[35m[XCUITest]&amp#27;[39m Received the following touch action: tap(options={"x":258,"y":438})
[debug] &amp#27;[35m[XCUITest]&amp#27;[39m Setting custom timeout to 750000 ms for 'performTouch' command
[debug] &amp#27;[35m[WD Proxy]&amp#27;[39m Proxying [POST /wda/touch/perform] to [POST http://127.0.0.1:8100/session/60DEF1F0-4A14-4727-943C-DB82535553CA/wda/touch/perform] with body: {"actions":[{"action":"tap","options":{"x":258,"y":438}}]}
[debug] &amp#27;[35m[WD Proxy]&amp#27;[39m Got response with status 200: {"value":null,"sessionId":"60DEF1F0-4A14-4727-943C-DB82535553CA"}
[debug] &amp#27;[35m[W3C (fa22c5fe)]&amp#27;[39m Responding to client with driver.performTouch() result: null
&amp#27;[35m[HTTP]&amp#27;[39m &amp#27;[37m<-- POST /wd/hub/session/fa22c5fe-5ae1-4114-abfe-4bea6798cb79/touch/perform &amp#27;[39m&amp#27;[32m200&amp#27;[39m &amp#27;[90m1399 ms - 14&amp#27;[39m
&amp#27;[35m[HTTP]&amp#27;[39m &amp#27;[90m&amp#27;[39m
&amp#27;[35m[HTTP]&amp#27;[39m &amp#27;[37m-->&amp#27;[39m &amp#27;[37mPOST&amp#27;[39m &amp#27;[37m/wd/hub/session/fa22c5fe-5ae1-4114-abfe-4bea6798cb79/element&amp#27;[39m
&amp#27;[35m[HTTP]&amp#27;[39m &amp#27;[90m{"using":"xpath","value":"//XCUIElementTypeButton[@name='ic unlocked']"}&amp#27;[39m
[debug] &amp#27;[35m[W3C (fa22c5fe)]&amp#27;[39m Calling AppiumDriver.findElement() with args: ["xpath","//XCUIElementTypeButton[@name='ic unlocked']","fa22c5fe-5ae1-4114-abfe-4bea6798cb79"]
[debug] &amp#27;[35m[XCUITest]&amp#27;[39m Executing command 'findElement'
[debug] &amp#27;[35m[BaseDriver]&amp#27;[39m Valid locator strategies for this request: xpath, id, name, class name, -ios predicate string, -ios class chain, accessibility id, css selector
[debug] &amp#27;[35m[BaseDriver]&amp#27;[39m Waiting up to 25000 ms for condition
[debug] &amp#27;[35m[XCUITest]&amp#27;[39m Setting custom timeout to 750000 ms for 'findElement' command
[debug] &amp#27;[35m[WD Proxy]&amp#27;[39m Matched '/element' to command name 'findElement'
[debug] &amp#27;[35m[WD Proxy]&amp#27;[39m Proxying [POST /element] to [POST http://127.0.0.1:8100/session/60DEF1F0-4A14-4727-943C-DB82535553CA/element] with body: {"using":"xpath","value":"//XCUIElementTypeButton[@name='ic unlocked']"}
&amp#27;[35m[WD Proxy]&amp#27;[39m Got response with status 404: {"value":{"error":"no such element","message":"unable to find an element using 'xpath', value '//XCUIElementTypeButton[@name='ic unlocked']'","traceback":"(\n\t0   WebDriverAgentLib                   0x0000000107fadc70 FBNoSuchElementErrorResponseForRequest + 288\n\t1   WebDriverAgentLib                   0x0000000107fada74 +[FBFindElementCommands handleFindElement:] + 336\n\t2   WebDriverAgentLib                   0x0000000107f77c70 -[FBRoute_TargetAction mountRequest:intoResponse:] + 180\n\t3   WebDriverAgentLib                   0x0000000107f64a8c __37-[FBWebServer registerRouteHandlers:]_block_invoke + 420\n\t4   WebDriverAgentLib                   0x0000000107f971e0 -[RoutingHTTPServer handleRoute:withRequest:response:] + 164\n\t5   WebDriverAgentLib                   0x0000000107f97c64 __72-[RoutingHTTPServer routeMethod:withPath:parameters:request:connection:]_block_invoke + 64\n\t6   libdispatch.dylib                   0x00000001a0c3cac8 8E662F82-B1E4-3E7E-A376-18E9755A8F51 + 15048\n\t7   libdispat...
[debug] &amp#27;[35m[W3C]&amp#27;[39m Matched W3C error code 'no such element' to NoSuchElementError
[debug] &amp#27;[35m[BaseDriver]&amp#27;[39m Waited for 248 ms so far
[debug] &amp#27;[35m[XCUITest]&amp#27;[39m Setting custom timeout to 750000 ms for 'findElement' command
[debug] &amp#27;[35m[WD Proxy]&amp#27;[39m Matched '/element' to command name 'findElement'
[debug] &amp#27;[35m[WD Proxy]&amp#27;[39m Proxying [POST /element] to [POST http://127.0.0.1:8100/session/60DEF1F0-4A14-4727-943C-DB82535553CA/element] with body: {"using":"xpath","value":"//XCUIElementTypeButton[@name='ic unlocked']"}
&amp#27;[35m[WD Proxy]&amp#27;[39m Got response with status 404: {"value":{"error":"no such element","message":"unable to find an element using 'xpath', value '//XCUIElementTypeButton[@name='ic unlocked']'","traceback":"(\n\t0   WebDriverAgentLib                   0x0000000107fadc70 FBNoSuchElementErrorResponseForRequest + 288\n\t1   WebDriverAgentLib                   0x0000000107fada74 +[FBFindElementCommands handleFindElement:] + 336\n\t2   WebDriverAgentLib                   0x0000000107f77c70 -[FBRoute_TargetAction mountRequest:intoResponse:] + 180\n\t3   WebDriverAgentLib                   0x0000000107f64a8c __37-[FBWebServer registerRouteHandlers:]_block_invoke + 420\n\t4   WebDriverAgentLib                   0x0000000107f971e0 -[RoutingHTTPServer handleRoute:withRequest:response:] + 164\n\t5   WebDriverAgentLib                   0x0000000107f97c64 __72-[RoutingHTTPServer routeMethod:withPath:parameters:request:connection:]_block_invoke + 64\n\t6   libdispatch.dylib                   0x00000001a0c3cac8 8E662F82-B1E4-3E7E-A376-18E9755A8F51 + 15048\n\t7   libdispat...
[debug] &amp#27;[35m[W3C]&amp#27;[39m Matched W3C error code 'no such element' to NoSuchElementError
[debug] &amp#27;[35m[BaseDriver]&amp#27;[39m Waited for 986 ms so far
[debug] &amp#27;[35m[XCUITest]&amp#27;[39m Setting custom timeout to 750000 ms for 'findElement' command
[debug] &amp#27;[35m[WD Proxy]&amp#27;[39m Matched '/element' to command name 'findElement'
[debug] &amp#27;[35m[WD Proxy]&amp#27;[39m Proxying [POST /element] to [POST http://127.0.0.1:8100/session/60DEF1F0-4A14-4727-943C-DB82535553CA/element] with body: {"using":"xpath","value":"//XCUIElementTypeButton[@name='ic unlocked']"}
&amp#27;[35m[WD Proxy]&amp#27;[39m Got response with status 404: {"value":{"error":"no such element","message":"unable to find an element using 'xpath', value '//XCUIElementTypeButton[@name='ic unlocked']'","traceback":"(\n\t0   WebDriverAgentLib                   0x0000000107fadc70 FBNoSuchElementErrorResponseForRequest + 288\n\t1   WebDriverAgentLib                   0x0000000107fada74 +[FBFindElementCommands handleFindElement:] + 336\n\t2   WebDriverAgentLib                   0x0000000107f77c70 -[FBRoute_TargetAction mountRequest:intoResponse:] + 180\n\t3   WebDriverAgentLib                   0x0000000107f64a8c __37-[FBWebServer registerRouteHandlers:]_block_invoke + 420\n\t4   WebDriverAgentLib                   0x0000000107f971e0 -[RoutingHTTPServer handleRoute:withRequest:response:] + 164\n\t5   WebDriverAgentLib                   0x0000000107f97c64 __72-[RoutingHTTPServer routeMethod:withPath:parameters:request:connection:]_block_invoke + 64\n\t6   libdispatch.dylib                   0x00000001a0c3cac8 8E662F82-B1E4-3E7E-A376-18E9755A8F51 + 15048\n\t7   libdispat...
[debug] &amp#27;[35m[W3C]&amp#27;[39m Matched W3C error code 'no such element' to NoSuchElementError
[debug] &amp#27;[35m[BaseDriver]&amp#27;[39m Waited for 2002 ms so far
[debug] &amp#27;[35m[XCUITest]&amp#27;[39m Setting custom timeout to 750000 ms for 'findElement' command
[debug] &amp#27;[35m[WD Proxy]&amp#27;[39m Matched '/element' to command name 'findElement'
[debug] &amp#27;[35m[WD Proxy]&amp#27;[39m Proxying [POST /element] to [POST http://127.0.0.1:8100/session/60DEF1F0-4A14-4727-943C-DB82535553CA/element] with body: {"using":"xpath","value":"//XCUIElementTypeButton[@name='ic unlocked']"}
&amp#27;[35m[WD Proxy]&amp#27;[39m Got response with status 404: {"value":{"error":"no such element","message":"unable to find an element using 'xpath', value '//XCUIElementTypeButton[@name='ic unlocked']'","traceback":"(\n\t0   WebDriverAgentLib                   0x0000000107fadc70 FBNoSuchElementErrorResponseForRequest + 288\n\t1   WebDriverAgentLib                   0x0000000107fada74 +[FBFindElementCommands handleFindElement:] + 336\n\t2   WebDriverAgentLib                   0x0000000107f77c70 -[FBRoute_TargetAction mountRequest:intoResponse:] + 180\n\t3   WebDriverAgentLib                   0x0000000107f64a8c __37-[FBWebServer registerRouteHandlers:]_block_invoke + 420\n\t4   WebDriverAgentLib                   0x0000000107f971e0 -[RoutingHTTPServer handleRoute:withRequest:response:] + 164\n\t5   WebDriverAgentLib                   0x0000000107f97c64 __72-[RoutingHTTPServer routeMethod:withPath:parameters:request:connection:]_block_invoke + 64\n\t6   libdispatch.dylib                   0x00000001a0c3cac8 8E662F82-B1E4-3E7E-A376-18E9755A8F51 + 15048\n\t7   libdispat...
[debug] &amp#27;[35m[W3C]&amp#27;[39m Matched W3C error code 'no such element' to NoSuchElementError
[debug] &amp#27;[35m[BaseDriver]&amp#27;[39m Waited for 2800 ms so far
[debug] &amp#27;[35m[XCUITest]&amp#27;[39m Setting custom timeout to 750000 ms for 'findElement' command
[debug] &amp#27;[35m[WD Proxy]&amp#27;[39m Matched '/element' to command name 'findElement'
[debug] &amp#27;[35m[WD Proxy]&amp#27;[39m Proxying [POST /element] to [POST http://127.0.0.1:8100/session/60DEF1F0-4A14-4727-943C-DB82535553CA/element] with body: {"using":"xpath","value":"//XCUIElementTypeButton[@name='ic unlocked']"}
&amp#27;[35m[WD Proxy]&amp#27;[39m Got response with status 404: {"value":{"error":"no such element","message":"unable to find an element using 'xpath', value '//XCUIElementTypeButton[@name='ic unlocked']'","traceback":"(\n\t0   WebDriverAgentLib                   0x0000000107fadc70 FBNoSuchElementErrorResponseForRequest + 288\n\t1   WebDriverAgentLib                   0x0000000107fada74 +[FBFindElementCommands handleFindElement:] + 336\n\t2   WebDriverAgentLib                   0x0000000107f77c70 -[FBRoute_TargetAction mountRequest:intoResponse:] + 180\n\t3   WebDriverAgentLib                   0x0000000107f64a8c __37-[FBWebServer registerRouteHandlers:]_block_invoke + 420\n\t4   WebDriverAgentLib                   0x0000000107f971e0 -[RoutingHTTPServer handleRoute:withRequest:response:] + 164\n\t5   WebDriverAgentLib                   0x0000000107f97c64 __72-[RoutingHTTPServer routeMethod:withPath:parameters:request:connection:]_block_invoke + 64\n\t6   libdispatch.dylib                   0x00000001a0c3cac8 8E662F82-B1E4-3E7E-A376-18E9755A8F51 + 15048\n\t7   libdispat...
[debug] &amp#27;[35m[W3C]&amp#27;[39m Matched W3C error code 'no such element' to NoSuchElementError
[debug] &amp#27;[35m[BaseDriver]&amp#27;[39m Waited for 3689 ms so far
[debug] &amp#27;[35m[XCUITest]&amp#27;[39m Setting custom timeout to 750000 ms for 'findElement' command
[debug] &amp#27;[35m[WD Proxy]&amp#27;[39m Matched '/element' to command name 'findElement'
[debug] &amp#27;[35m[WD Proxy]&amp#27;[39m Proxying [POST /element] to [POST http://127.0.0.1:8100/session/60DEF1F0-4A14-4727-943C-DB82535553CA/element] with body: {"using":"xpath","value":"//XCUIElementTypeButton[@name='ic unlocked']"}
&amp#27;[35m[WD Proxy]&amp#27;[39m Got response with status 404: {"value":{"error":"no such element","message":"unable to find an element using 'xpath', value '//XCUIElementTypeButton[@name='ic unlocked']'","traceback":"(\n\t0   WebDriverAgentLib                   0x0000000107fadc70 FBNoSuchElementErrorResponseForRequest + 288\n\t1   WebDriverAgentLib                   0x0000000107fada74 +[FBFindElementCommands handleFindElement:] + 336\n\t2   WebDriverAgentLib                   0x0000000107f77c70 -[FBRoute_TargetAction mountRequest:intoResponse:] + 180\n\t3   WebDriverAgentLib                   0x0000000107f64a8c __37-[FBWebServer registerRouteHandlers:]_block_invoke + 420\n\t4   WebDriverAgentLib                   0x0000000107f971e0 -[RoutingHTTPServer handleRoute:withRequest:response:] + 164\n\t5   WebDriverAgentLib                   0x0000000107f97c64 __72-[RoutingHTTPServer routeMethod:withPath:parameters:request:connection:]_block_invoke + 64\n\t6   libdispatch.dylib                   0x00000001a0c3cac8 8E662F82-B1E4-3E7E-A376-18E9755A8F51 + 15048\n\t7   libdispat...
[debug] &amp#27;[35m[W3C]&amp#27;[39m Matched W3C error code 'no such element' to NoSuchElementError
[debug] &amp#27;[35m[BaseDriver]&amp#27;[39m Waited for 4538 ms so far
[debug] &amp#27;[35m[XCUITest]&amp#27;[39m Setting custom timeout to 750000 ms for 'findElement' command
[debug] &amp#27;[35m[WD Proxy]&amp#27;[39m Matched '/element' to command name 'findElement'
[debug] &amp#27;[35m[WD Proxy]&amp#27;[39m Proxying [POST /element] to [POST http://127.0.0.1:8100/session/60DEF1F0-4A14-4727-943C-DB82535553CA/element] with body: {"using":"xpath","value":"//XCUIElementTypeButton[@name='ic unlocked']"}
&amp#27;[35m[WD Proxy]&amp#27;[39m Got response with status 404: {"value":{"error":"no such element","message":"unable to find an element using 'xpath', value '//XCUIElementTypeButton[@name='ic unlocked']'","traceback":"(\n\t0   WebDriverAgentLib                   0x0000000107fadc70 FBNoSuchElementErrorResponseForRequest + 288\n\t1   WebDriverAgentLib                   0x0000000107fada74 +[FBFindElementCommands handleFindElement:] + 336\n\t2   WebDriverAgentLib                   0x0000000107f77c70 -[FBRoute_TargetAction mountRequest:intoResponse:] + 180\n\t3   WebDriverAgentLib                   0x0000000107f64a8c __37-[FBWebServer registerRouteHandlers:]_block_invoke + 420\n\t4   WebDriverAgentLib                   0x0000000107f971e0 -[RoutingHTTPServer handleRoute:withRequest:response:] + 164\n\t5   WebDriverAgentLib                   0x0000000107f97c64 __72-[RoutingHTTPServer routeMethod:withPath:parameters:request:connection:]_block_invoke + 64\n\t6   libdispatch.dylib                   0x00000001a0c3cac8 8E662F82-B1E4-3E7E-A376-18E9755A8F51 + 15048\n\t7   libdispat...
[debug] &amp#27;[35m[W3C]&amp#27;[39m Matched W3C error code 'no such element' to NoSuchElementError
[debug] &amp#27;[35m[BaseDriver]&amp#27;[39m Waited for 5501 ms so far
[debug] &amp#27;[35m[XCUITest]&amp#27;[39m Setting custom timeout to 750000 ms for 'findElement' command
[debug] &amp#27;[35m[WD Proxy]&amp#27;[39m Matched '/element' to command name 'findElement'
[debug] &amp#27;[35m[WD Proxy]&amp#27;[39m Proxying [POST /element] to [POST http://127.0.0.1:8100/session/60DEF1F0-4A14-4727-943C-DB82535553CA/element] with body: {"using":"xpath","value":"//XCUIElementTypeButton[@name='ic unlocked']"}
[debug] &amp#27;[35m[WD Proxy]&amp#27;[39m Got response with status 200: {"value":{"ELEMENT":"16050000-0000-0000-5301-000000000000","element-6066-11e4-a52e-4f735466cecf":"16050000-0000-0000-5301-000000000000"},"sessionId":"60DEF1F0-4A14-4727-943C-DB82535553CA"}
[debug] &amp#27;[35m[W3C (fa22c5fe)]&amp#27;[39m Responding to client with driver.findElement() result: {"element-6066-11e4-a52e-4f735466cecf":"16050000-0000-0000-5301-000000000000","ELEMENT":"16050000-0000-0000-5301-000000000000"}
&amp#27;[35m[HTTP]&amp#27;[39m &amp#27;[37m<-- POST /wd/hub/session/fa22c5fe-5ae1-4114-abfe-4bea6798cb79/element &amp#27;[39m&amp#27;[32m200&amp#27;[39m &amp#27;[90m6579 ms - 137&amp#27;[39m
&amp#27;[35m[HTTP]&amp#27;[39m &amp#27;[90m&amp#27;[39m
&amp#27;[35m[HTTP]&amp#27;[39m &amp#27;[37m-->&amp#27;[39m &amp#27;[37mPOST&amp#27;[39m &amp#27;[37m/wd/hub/session/fa22c5fe-5ae1-4114-abfe-4bea6798cb79/element/16050000-0000-0000-5301-000000000000/click&amp#27;[39m
&amp#27;[35m[HTTP]&amp#27;[39m &amp#27;[90m{"id":"16050000-0000-0000-5301-000000000000"}&amp#27;[39m
&amp#27;[35m[W3C (fa22c5fe)]&amp#27;[39m Driver proxy active, passing request on via HTTP proxy
[debug] &amp#27;[35m[XCUITest]&amp#27;[39m Executing command 'proxyReqRes'
[debug] &amp#27;[35m[WD Proxy]&amp#27;[39m Matched '/wd/hub/session/fa22c5fe-5ae1-4114-abfe-4bea6798cb79/element/16050000-0000-0000-5301-000000000000/click' to command name 'click'
[debug] &amp#27;[35m[WD Proxy]&amp#27;[39m Proxying [POST /wd/hub/session/fa22c5fe-5ae1-4114-abfe-4bea6798cb79/element/16050000-0000-0000-5301-000000000000/click] to [POST http://127.0.0.1:8100/session/60DEF1F0-4A14-4727-943C-DB82535553CA/element/16050000-0000-0000-5301-000000000000/click] with body: {"id":"16050000-0000-0000-5301-000000000000"}
[debug] &amp#27;[35m[WD Proxy]&amp#27;[39m Got response with status 200: {"value":null,"sessionId":"60DEF1F0-4A14-4727-943C-DB82535553CA"}
&amp#27;[35m[WD Proxy]&amp#27;[39m Replacing sessionId 60DEF1F0-4A14-4727-943C-DB82535553CA with fa22c5fe-5ae1-4114-abfe-4bea6798cb79
&amp#27;[35m[HTTP]&amp#27;[39m &amp#27;[37m<-- POST /wd/hub/session/fa22c5fe-5ae1-4114-abfe-4bea6798cb79/element/16050000-0000-0000-5301-000000000000/click &amp#27;[39m&amp#27;[32m200&amp#27;[39m &amp#27;[90m234 ms - 65&amp#27;[39m
&amp#27;[35m[HTTP]&amp#27;[39m &amp#27;[90m&amp#27;[39m
&amp#27;[35m[HTTP]&amp#27;[39m &amp#27;[37m-->&amp#27;[39m &amp#27;[37mPOST&amp#27;[39m &amp#27;[37m/wd/hub/session/fa22c5fe-5ae1-4114-abfe-4bea6798cb79/execute/sync&amp#27;[39m
&amp#27;[35m[HTTP]&amp#27;[39m &amp#27;[90m{"script":"mobile:scroll","args":[{"label":"END RENTAL","direction":"down"}]}&amp#27;[39m
[debug] &amp#27;[35m[W3C (fa22c5fe)]&amp#27;[39m Calling AppiumDriver.execute() with args: ["mobile:scroll",[{"label":"END RENTAL","direction":"down"}],"fa22c5fe-5ae1-4114-abfe-4bea6798cb79"]
[debug] &amp#27;[35m[XCUITest]&amp#27;[39m Executing command 'execute'
[debug] &amp#27;[35m[BaseDriver]&amp#27;[39m Waiting up to 25000 ms for condition
[debug] &amp#27;[35m[XCUITest]&amp#27;[39m Setting custom timeout to 750000 ms for 'findElement' command
[debug] &amp#27;[35m[WD Proxy]&amp#27;[39m Matched '/element' to command name 'findElement'
[debug] &amp#27;[35m[WD Proxy]&amp#27;[39m Proxying [POST /element] to [POST http://127.0.0.1:8100/session/60DEF1F0-4A14-4727-943C-DB82535553CA/element] with body: {"using":"class name","value":"XCUIElementTypeApplication"}
[debug] &amp#27;[35m[WD Proxy]&amp#27;[39m Got response with status 200: {"value":{"ELEMENT":"01000000-0000-0000-5301-000000000000","element-6066-11e4-a52e-4f735466cecf":"01000000-0000-0000-5301-000000000000"},"sessionId":"60DEF1F0-4A14-4727-943C-DB82535553CA"}
&amp#27;[35m[XCUITest]&amp#27;[39m Proxying to WDA with an unknown route: POST /wda/element/01000000-0000-0000-5301-000000000000/scroll
[debug] &amp#27;[35m[XCUITest]&amp#27;[39m Setting custom timeout to 750000 ms for 'Unknown' command
[debug] &amp#27;[35m[WD Proxy]&amp#27;[39m Proxying [POST /wda/element/01000000-0000-0000-5301-000000000000/scroll] to [POST http://127.0.0.1:8100/session/60DEF1F0-4A14-4727-943C-DB82535553CA/wda/element/01000000-0000-0000-5301-000000000000/scroll] with body: {"direction":"down"}
[debug] &amp#27;[35m[WD Proxy]&amp#27;[39m Got response with status 200: {"value":null,"sessionId":"60DEF1F0-4A14-4727-943C-DB82535553CA"}
[debug] &amp#27;[35m[W3C (fa22c5fe)]&amp#27;[39m Responding to client with driver.execute() result: null
&amp#27;[35m[HTTP]&amp#27;[39m &amp#27;[37m<-- POST /wd/hub/session/fa22c5fe-5ae1-4114-abfe-4bea6798cb79/execute/sync &amp#27;[39m&amp#27;[32m200&amp#27;[39m &amp#27;[90m3958 ms - 14&amp#27;[39m
&amp#27;[35m[HTTP]&amp#27;[39m &amp#27;[90m&amp#27;[39m
&amp#27;[35m[HTTP]&amp#27;[39m &amp#27;[37m-->&amp#27;[39m &amp#27;[37mPOST&amp#27;[39m &amp#27;[37m/wd/hub/session/fa22c5fe-5ae1-4114-abfe-4bea6798cb79/element&amp#27;[39m
&amp#27;[35m[HTTP]&amp#27;[39m &amp#27;[90m{"using":"xpath","value":"//XCUIElementTypeStaticText[@label='END RENTAL']"}&amp#27;[39m
[debug] &amp#27;[35m[W3C (fa22c5fe)]&amp#27;[39m Calling AppiumDriver.findElement() with args: ["xpath","//XCUIElementTypeStaticText[@label='END RENTAL']","fa22c5fe-5ae1-4114-abfe-4bea6798cb79"]
[debug] &amp#27;[35m[XCUITest]&amp#27;[39m Executing command 'findElement'
[debug] &amp#27;[35m[BaseDriver]&amp#27;[39m Valid locator strategies for this request: xpath, id, name, class name, -ios predicate string, -ios class chain, accessibility id, css selector
[debug] &amp#27;[35m[BaseDriver]&amp#27;[39m Waiting up to 25000 ms for condition
[debug] &amp#27;[35m[XCUITest]&amp#27;[39m Setting custom timeout to 750000 ms for 'findElement' command
[debug] &amp#27;[35m[WD Proxy]&amp#27;[39m Matched '/element' to command name 'findElement'
[debug] &amp#27;[35m[WD Proxy]&amp#27;[39m Proxying [POST /element] to [POST http://127.0.0.1:8100/session/60DEF1F0-4A14-4727-943C-DB82535553CA/element] with body: {"using":"xpath","value":"//XCUIElementTypeStaticText[@label='END RENTAL']"}
[debug] &amp#27;[35m[WD Proxy]&amp#27;[39m Got response with status 200: {"value":{"ELEMENT":"14050000-0000-0000-5301-000000000000","element-6066-11e4-a52e-4f735466cecf":"14050000-0000-0000-5301-000000000000"},"sessionId":"60DEF1F0-4A14-4727-943C-DB82535553CA"}
[debug] &amp#27;[35m[W3C (fa22c5fe)]&amp#27;[39m Responding to client with driver.findElement() result: {"element-6066-11e4-a52e-4f735466cecf":"14050000-0000-0000-5301-000000000000","ELEMENT":"14050000-0000-0000-5301-000000000000"}
&amp#27;[35m[HTTP]&amp#27;[39m &amp#27;[37m<-- POST /wd/hub/session/fa22c5fe-5ae1-4114-abfe-4bea6798cb79/element &amp#27;[39m&amp#27;[32m200&amp#27;[39m &amp#27;[90m465 ms - 137&amp#27;[39m
&amp#27;[35m[HTTP]&amp#27;[39m &amp#27;[90m&amp#27;[39m
&amp#27;[35m[HTTP]&amp#27;[39m &amp#27;[37m-->&amp#27;[39m &amp#27;[37mPOST&amp#27;[39m &amp#27;[37m/wd/hub/session/fa22c5fe-5ae1-4114-abfe-4bea6798cb79/element/14050000-0000-0000-5301-000000000000/click&amp#27;[39m
&amp#27;[35m[HTTP]&amp#27;[39m &amp#27;[90m{"id":"14050000-0000-0000-5301-000000000000"}&amp#27;[39m
&amp#27;[35m[W3C (fa22c5fe)]&amp#27;[39m Driver proxy active, passing request on via HTTP proxy
[debug] &amp#27;[35m[XCUITest]&amp#27;[39m Executing command 'proxyReqRes'
[debug] &amp#27;[35m[WD Proxy]&amp#27;[39m Matched '/wd/hub/session/fa22c5fe-5ae1-4114-abfe-4bea6798cb79/element/14050000-0000-0000-5301-000000000000/click' to command name 'click'
[debug] &amp#27;[35m[WD Proxy]&amp#27;[39m Proxying [POST /wd/hub/session/fa22c5fe-5ae1-4114-abfe-4bea6798cb79/element/14050000-0000-0000-5301-000000000000/click] to [POST http://127.0.0.1:8100/session/60DEF1F0-4A14-4727-943C-DB82535553CA/element/14050000-0000-0000-5301-000000000000/click] with body: {"id":"14050000-0000-0000-5301-000000000000"}
[debug] &amp#27;[35m[WD Proxy]&amp#27;[39m Got response with status 200: {"value":null,"sessionId":"60DEF1F0-4A14-4727-943C-DB82535553CA"}
&amp#27;[35m[WD Proxy]&amp#27;[39m Replacing sessionId 60DEF1F0-4A14-4727-943C-DB82535553CA with fa22c5fe-5ae1-4114-abfe-4bea6798cb79
&amp#27;[35m[HTTP]&amp#27;[39m &amp#27;[37m<-- POST /wd/hub/session/fa22c5fe-5ae1-4114-abfe-4bea6798cb79/element/14050000-0000-0000-5301-000000000000/click &amp#27;[39m&amp#27;[32m200&amp#27;[39m &amp#27;[90m243 ms - 65&amp#27;[39m
&amp#27;[35m[HTTP]&amp#27;[39m &amp#27;[90m&amp#27;[39m
&amp#27;[35m[HTTP]&amp#27;[39m &amp#27;[37m-->&amp#27;[39m &amp#27;[37mPOST&amp#27;[39m &amp#27;[37m/wd/hub/session/fa22c5fe-5ae1-4114-abfe-4bea6798cb79/element&amp#27;[39m
&amp#27;[35m[HTTP]&amp#27;[39m &amp#27;[90m{"using":"xpath","value":"//XCUIElementTypeButton[@name='Continue']"}&amp#27;[39m
[debug] &amp#27;[35m[W3C (fa22c5fe)]&amp#27;[39m Calling AppiumDriver.findElement() with args: ["xpath","//XCUIElementTypeButton[@name='Continue']","fa22c5fe-5ae1-4114-abfe-4bea6798cb79"]
[debug] &amp#27;[35m[XCUITest]&amp#27;[39m Executing command 'findElement'
[debug] &amp#27;[35m[BaseDriver]&amp#27;[39m Valid locator strategies for this request: xpath, id, name, class name, -ios predicate string, -ios class chain, accessibility id, css selector
[debug] &amp#27;[35m[BaseDriver]&amp#27;[39m Waiting up to 25000 ms for condition
[debug] &amp#27;[35m[XCUITest]&amp#27;[39m Setting custom timeout to 750000 ms for 'findElement' command
[debug] &amp#27;[35m[WD Proxy]&amp#27;[39m Matched '/element' to command name 'findElement'
[debug] &amp#27;[35m[WD Proxy]&amp#27;[39m Proxying [POST /element] to [POST http://127.0.0.1:8100/session/60DEF1F0-4A14-4727-943C-DB82535553CA/element] with body: {"using":"xpath","value":"//XCUIElementTypeButton[@name='Continue']"}
[debug] &amp#27;[35m[WD Proxy]&amp#27;[39m Got response with status 200: {"value":{"ELEMENT":"38050000-0000-0000-5301-000000000000","element-6066-11e4-a52e-4f735466cecf":"38050000-0000-0000-5301-000000000000"},"sessionId":"60DEF1F0-4A14-4727-943C-DB82535553CA"}
[debug] &amp#27;[35m[W3C (fa22c5fe)]&amp#27;[39m Responding to client with driver.findElement() result: {"element-6066-11e4-a52e-4f735466cecf":"38050000-0000-0000-5301-000000000000","ELEMENT":"38050000-0000-0000-5301-000000000000"}
&amp#27;[35m[HTTP]&amp#27;[39m &amp#27;[37m<-- POST /wd/hub/session/fa22c5fe-5ae1-4114-abfe-4bea6798cb79/element &amp#27;[39m&amp#27;[32m200&amp#27;[39m &amp#27;[90m464 ms - 137&amp#27;[39m
&amp#27;[35m[HTTP]&amp#27;[39m &amp#27;[90m&amp#27;[39m
&amp#27;[35m[HTTP]&amp#27;[39m &amp#27;[37m-->&amp#27;[39m &amp#27;[37mGET&amp#27;[39m &amp#27;[37m/wd/hub/session/fa22c5fe-5ae1-4114-abfe-4bea6798cb79/element/38050000-0000-0000-5301-000000000000/text&amp#27;[39m
&amp#27;[35m[HTTP]&amp#27;[39m &amp#27;[90m{}&amp#27;[39m
&amp#27;[35m[W3C (fa22c5fe)]&amp#27;[39m Driver proxy active, passing request on via HTTP proxy
[debug] &amp#27;[35m[XCUITest]&amp#27;[39m Executing command 'proxyReqRes'
[debug] &amp#27;[35m[WD Proxy]&amp#27;[39m Matched '/wd/hub/session/fa22c5fe-5ae1-4114-abfe-4bea6798cb79/element/38050000-0000-0000-5301-000000000000/text' to command name 'getText'
[debug] &amp#27;[35m[WD Proxy]&amp#27;[39m Proxying [GET /wd/hub/session/fa22c5fe-5ae1-4114-abfe-4bea6798cb79/element/38050000-0000-0000-5301-000000000000/text] to [GET http://127.0.0.1:8100/session/60DEF1F0-4A14-4727-943C-DB82535553CA/element/38050000-0000-0000-5301-000000000000/text] with no body
[debug] &amp#27;[35m[WD Proxy]&amp#27;[39m Got response with status 200: {"value":"Continue","sessionId":"60DEF1F0-4A14-4727-943C-DB82535553CA"}
&amp#27;[35m[WD Proxy]&amp#27;[39m Replacing sessionId 60DEF1F0-4A14-4727-943C-DB82535553CA with fa22c5fe-5ae1-4114-abfe-4bea6798cb79
&amp#27;[35m[HTTP]&amp#27;[39m &amp#27;[37m<-- GET /wd/hub/session/fa22c5fe-5ae1-4114-abfe-4bea6798cb79/element/38050000-0000-0000-5301-000000000000/text &amp#27;[39m&amp#27;[32m200&amp#27;[39m &amp#27;[90m36 ms - 71&amp#27;[39m
&amp#27;[35m[HTTP]&amp#27;[39m &amp#27;[90m&amp#27;[39m
&amp#27;[35m[HTTP]&amp#27;[39m &amp#27;[37m-->&amp#27;[39m &amp#27;[37mPOST&amp#27;[39m &amp#27;[37m/wd/hub/session/fa22c5fe-5ae1-4114-abfe-4bea6798cb79/element&amp#27;[39m
&amp#27;[35m[HTTP]&amp#27;[39m &amp#27;[90m{"using":"accessibility id","value":"Continue"}&amp#27;[39m
[debug] &amp#27;[35m[W3C (fa22c5fe)]&amp#27;[39m Calling AppiumDriver.findElement() with args: ["accessibility id","Continue","fa22c5fe-5ae1-4114-abfe-4bea6798cb79"]
[debug] &amp#27;[35m[XCUITest]&amp#27;[39m Executing command 'findElement'
[debug] &amp#27;[35m[BaseDriver]&amp#27;[39m Valid locator strategies for this request: xpath, id, name, class name, -ios predicate string, -ios class chain, accessibility id, css selector
[debug] &amp#27;[35m[BaseDriver]&amp#27;[39m Waiting up to 25000 ms for condition
[debug] &amp#27;[35m[XCUITest]&amp#27;[39m Setting custom timeout to 750000 ms for 'findElement' command
[debug] &amp#27;[35m[WD Proxy]&amp#27;[39m Matched '/element' to command name 'findElement'
[debug] &amp#27;[35m[WD Proxy]&amp#27;[39m Proxying [POST /element] to [POST http://127.0.0.1:8100/session/60DEF1F0-4A14-4727-943C-DB82535553CA/element] with body: {"using":"accessibility id","value":"Continue"}
[debug] &amp#27;[35m[WD Proxy]&amp#27;[39m Got response with status 200: {"value":{"ELEMENT":"38050000-0000-0000-5301-000000000000","element-6066-11e4-a52e-4f735466cecf":"38050000-0000-0000-5301-000000000000"},"sessionId":"60DEF1F0-4A14-4727-943C-DB82535553CA"}
[debug] &amp#27;[35m[W3C (fa22c5fe)]&amp#27;[39m Responding to client with driver.findElement() result: {"element-6066-11e4-a52e-4f735466cecf":"38050000-0000-0000-5301-000000000000","ELEMENT":"38050000-0000-0000-5301-000000000000"}
&amp#27;[35m[HTTP]&amp#27;[39m &amp#27;[37m<-- POST /wd/hub/session/fa22c5fe-5ae1-4114-abfe-4bea6798cb79/element &amp#27;[39m&amp#27;[32m200&amp#27;[39m &amp#27;[90m122 ms - 137&amp#27;[39m
&amp#27;[35m[HTTP]&amp#27;[39m &amp#27;[90m&amp#27;[39m
&amp#27;[35m[HTTP]&amp#27;[39m &amp#27;[37m-->&amp#27;[39m &amp#27;[37mGET&amp#27;[39m &amp#27;[37m/wd/hub/session/fa22c5fe-5ae1-4114-abfe-4bea6798cb79/element/38050000-0000-0000-5301-000000000000/location&amp#27;[39m
&amp#27;[35m[HTTP]&amp#27;[39m &amp#27;[90m{}&amp#27;[39m
[debug] &amp#27;[35m[W3C (fa22c5fe)]&amp#27;[39m Calling AppiumDriver.getLocation() with args: ["38050000-0000-0000-5301-000000000000","fa22c5fe-5ae1-4114-abfe-4bea6798cb79"]
[debug] &amp#27;[35m[XCUITest]&amp#27;[39m Executing command 'getLocation'
[debug] &amp#27;[35m[XCUITest]&amp#27;[39m Setting custom timeout to 750000 ms for 'getElementRect' command
[debug] &amp#27;[35m[WD Proxy]&amp#27;[39m Matched '/element/38050000-0000-0000-5301-000000000000/rect' to command name 'getElementRect'
[debug] &amp#27;[35m[WD Proxy]&amp#27;[39m Proxying [GET /element/38050000-0000-0000-5301-000000000000/rect] to [GET http://127.0.0.1:8100/session/60DEF1F0-4A14-4727-943C-DB82535553CA/element/38050000-0000-0000-5301-000000000000/rect] with no body
[debug] &amp#27;[35m[WD Proxy]&amp#27;[39m Got response with status 200: {"value":{"y":397,"x":188,"width":135,"height":44},"sessionId":"60DEF1F0-4A14-4727-943C-DB82535553CA"}
[debug] &amp#27;[35m[W3C (fa22c5fe)]&amp#27;[39m Responding to client with driver.getLocation() result: {"x":188,"y":397}
&amp#27;[35m[HTTP]&amp#27;[39m &amp#27;[37m<-- GET /wd/hub/session/fa22c5fe-5ae1-4114-abfe-4bea6798cb79/element/38050000-0000-0000-5301-000000000000/location &amp#27;[39m&amp#27;[32m200&amp#27;[39m &amp#27;[90m65 ms - 27&amp#27;[39m
&amp#27;[35m[HTTP]&amp#27;[39m &amp#27;[90m&amp#27;[39m
&amp#27;[35m[HTTP]&amp#27;[39m &amp#27;[37m-->&amp#27;[39m &amp#27;[37mGET&amp#27;[39m &amp#27;[37m/wd/hub/session/fa22c5fe-5ae1-4114-abfe-4bea6798cb79/element/38050000-0000-0000-5301-000000000000/location&amp#27;[39m
&amp#27;[35m[HTTP]&amp#27;[39m &amp#27;[90m{}&amp#27;[39m
[debug] &amp#27;[35m[W3C (fa22c5fe)]&amp#27;[39m Calling AppiumDriver.getLocation() with args: ["38050000-0000-0000-5301-000000000000","fa22c5fe-5ae1-4114-abfe-4bea6798cb79"]
[debug] &amp#27;[35m[XCUITest]&amp#27;[39m Executing command 'getLocation'
[debug] &amp#27;[35m[XCUITest]&amp#27;[39m Setting custom timeout to 750000 ms for 'getElementRect' command
[debug] &amp#27;[35m[WD Proxy]&amp#27;[39m Matched '/element/38050000-0000-0000-5301-000000000000/rect' to command name 'getElementRect'
[debug] &amp#27;[35m[WD Proxy]&amp#27;[39m Proxying [GET /element/38050000-0000-0000-5301-000000000000/rect] to [GET http://127.0.0.1:8100/session/60DEF1F0-4A14-4727-943C-DB82535553CA/element/38050000-0000-0000-5301-000000000000/rect] with no body
[debug] &amp#27;[35m[WD Proxy]&amp#27;[39m Got response with status 200: {"value":{"y":397,"x":188,"width":135,"height":44},"sessionId":"60DEF1F0-4A14-4727-943C-DB82535553CA"}
[debug] &amp#27;[35m[W3C (fa22c5fe)]&amp#27;[39m Responding to client with driver.getLocation() result: {"x":188,"y":397}
&amp#27;[35m[HTTP]&amp#27;[39m &amp#27;[37m<-- GET /wd/hub/session/fa22c5fe-5ae1-4114-abfe-4bea6798cb79/element/38050000-0000-0000-5301-000000000000/location &amp#27;[39m&amp#27;[32m200&amp#27;[39m &amp#27;[90m64 ms - 27&amp#27;[39m
&amp#27;[35m[HTTP]&amp#27;[39m &amp#27;[90m&amp#27;[39m
&amp#27;[35m[HTTP]&amp#27;[39m &amp#27;[37m-->&amp#27;[39m &amp#27;[37mPOST&amp#27;[39m &amp#27;[37m/wd/hub/session/fa22c5fe-5ae1-4114-abfe-4bea6798cb79/touch/perform&amp#27;[39m
&amp#27;[35m[HTTP]&amp#27;[39m &amp#27;[90m{"actions":[{"action":"tap","options":{"x":258,"y":427}}]}&amp#27;[39m
[debug] &amp#27;[35m[W3C (fa22c5fe)]&amp#27;[39m Calling AppiumDriver.performTouch() with args: [[{"action":"tap","options":{"x":258,"y":427}}],"fa22c5fe-5ae1-4114-abfe-4bea6798cb79"]
[debug] &amp#27;[35m[XCUITest]&amp#27;[39m Executing command 'performTouch'
[debug] &amp#27;[35m[XCUITest]&amp#27;[39m Received the following touch action: tap(options={"x":258,"y":427})
[debug] &amp#27;[35m[XCUITest]&amp#27;[39m Setting custom timeout to 750000 ms for 'performTouch' command
[debug] &amp#27;[35m[WD Proxy]&amp#27;[39m Proxying [POST /wda/touch/perform] to [POST http://127.0.0.1:8100/session/60DEF1F0-4A14-4727-943C-DB82535553CA/wda/touch/perform] with body: {"actions":[{"action":"tap","options":{"x":258,"y":427}}]}
[debug] &amp#27;[35m[WD Proxy]&amp#27;[39m Got response with status 200: {"value":null,"sessionId":"60DEF1F0-4A14-4727-943C-DB82535553CA"}
[debug] &amp#27;[35m[W3C (fa22c5fe)]&amp#27;[39m Responding to client with driver.performTouch() result: null
&amp#27;[35m[HTTP]&amp#27;[39m &amp#27;[37m<-- POST /wd/hub/session/fa22c5fe-5ae1-4114-abfe-4bea6798cb79/touch/perform &amp#27;[39m&amp#27;[32m200&amp#27;[39m &amp#27;[90m616 ms - 14&amp#27;[39m
&amp#27;[35m[HTTP]&amp#27;[39m &amp#27;[90m&amp#27;[39m
&amp#27;[35m[HTTP]&amp#27;[39m &amp#27;[37m-->&amp#27;[39m &amp#27;[37mPOST&amp#27;[39m &amp#27;[37m/wd/hub/session/fa22c5fe-5ae1-4114-abfe-4bea6798cb79/elements&amp#27;[39m
&amp#27;[35m[HTTP]&amp#27;[39m &amp#27;[90m{"using":"xpath","value":"//XCUIElementTypeButton[@name='checkbox outline']"}&amp#27;[39m
[debug] &amp#27;[35m[W3C (fa22c5fe)]&amp#27;[39m Calling AppiumDriver.findElements() with args: ["xpath","//XCUIElementTypeButton[@name='checkbox outline']","fa22c5fe-5ae1-4114-abfe-4bea6798cb79"]
[debug] &amp#27;[35m[XCUITest]&amp#27;[39m Executing command 'findElements'
[debug] &amp#27;[35m[BaseDriver]&amp#27;[39m Valid locator strategies for this request: xpath, id, name, class name, -ios predicate string, -ios class chain, accessibility id, css selector
[debug] &amp#27;[35m[BaseDriver]&amp#27;[39m Waiting up to 25000 ms for condition
[debug] &amp#27;[35m[XCUITest]&amp#27;[39m Setting custom timeout to 750000 ms for 'findElements' command
[debug] &amp#27;[35m[WD Proxy]&amp#27;[39m Matched '/elements' to command name 'findElements'
[debug] &amp#27;[35m[WD Proxy]&amp#27;[39m Proxying [POST /elements] to [POST http://127.0.0.1:8100/session/60DEF1F0-4A14-4727-943C-DB82535553CA/elements] with body: {"using":"xpath","value":"//XCUIElementTypeButton[@name='checkbox outline']"}
[debug] &amp#27;[35m[WD Proxy]&amp#27;[39m Got response with status 200: {"value":[{"ELEMENT":"4E050000-0000-0000-5301-000000000000","element-6066-11e4-a52e-4f735466cecf":"4E050000-0000-0000-5301-000000000000"},{"ELEMENT":"5E050000-0000-0000-5301-000000000000","element-6066-11e4-a52e-4f735466cecf":"5E050000-0000-0000-5301-000000000000"},{"ELEMENT":"63050000-0000-0000-5301-000000000000","element-6066-11e4-a52e-4f735466cecf":"63050000-0000-0000-5301-000000000000"},{"ELEMENT":"68050000-0000-0000-5301-000000000000","element-6066-11e4-a52e-4f735466cecf":"68050000-0000-0000-5301-000000000000"}],"sessionId":"60DEF1F0-4A14-4727-943C-DB82535553CA"}
[debug] &amp#27;[35m[W3C (fa22c5fe)]&amp#27;[39m Responding to client with driver.findElements() result: [{"element-6066-11e4-a52e-4f735466cecf":"4E050000-0000-0000-5301-000000000000","ELEMENT":"4E050000-0000-0000-5301-000000000000"},{"element-6066-11e4-a52e-4f735466cecf":"5E050000-0000-0000-5301-000000000000","ELEMENT":"5E050000-0000-0000-5301-000000000000"},{"element-6066-11e4-a52e-4f735466cecf":"63050000-0000-0000-5301-000000000000","ELEMENT":"63050000-0000-0000-5301-000000000000"},{"element-6066-11e4-a52e-4f735466cecf":"68050000-0000-0000-5301-000000000000","ELEMENT":"68050000-0000-0000-5301-000000000000"}]
&amp#27;[35m[HTTP]&amp#27;[39m &amp#27;[37m<-- POST /wd/hub/session/fa22c5fe-5ae1-4114-abfe-4bea6798cb79/elements &amp#27;[39m&amp#27;[32m200&amp#27;[39m &amp#27;[90m583 ms - 523&amp#27;[39m
&amp#27;[35m[HTTP]&amp#27;[39m &amp#27;[90m&amp#27;[39m
&amp#27;[35m[HTTP]&amp#27;[39m &amp#27;[37m-->&amp#27;[39m &amp#27;[37mPOST&amp#27;[39m &amp#27;[37m/wd/hub/session/fa22c5fe-5ae1-4114-abfe-4bea6798cb79/elements&amp#27;[39m
&amp#27;[35m[HTTP]&amp#27;[39m &amp#27;[90m{"using":"xpath","value":"//XCUIElementTypeButton[@name='checkbox outline']"}&amp#27;[39m
[debug] &amp#27;[35m[W3C (fa22c5fe)]&amp#27;[39m Calling AppiumDriver.findElements() with args: ["xpath","//XCUIElementTypeButton[@name='checkbox outline']","fa22c5fe-5ae1-4114-abfe-4bea6798cb79"]
[debug] &amp#27;[35m[XCUITest]&amp#27;[39m Executing command 'findElements'
[debug] &amp#27;[35m[BaseDriver]&amp#27;[39m Valid locator strategies for this request: xpath, id, name, class name, -ios predicate string, -ios class chain, accessibility id, css selector
[debug] &amp#27;[35m[BaseDriver]&amp#27;[39m Waiting up to 25000 ms for condition
[debug] &amp#27;[35m[XCUITest]&amp#27;[39m Setting custom timeout to 750000 ms for 'findElements' command
[debug] &amp#27;[35m[WD Proxy]&amp#27;[39m Matched '/elements' to command name 'findElements'
[debug] &amp#27;[35m[WD Proxy]&amp#27;[39m Proxying [POST /elements] to [POST http://127.0.0.1:8100/session/60DEF1F0-4A14-4727-943C-DB82535553CA/elements] with body: {"using":"xpath","value":"//XCUIElementTypeButton[@name='checkbox outline']"}
[debug] &amp#27;[35m[WD Proxy]&amp#27;[39m Got response with status 200: {"value":[{"ELEMENT":"4E050000-0000-0000-5301-000000000000","element-6066-11e4-a52e-4f735466cecf":"4E050000-0000-0000-5301-000000000000"},{"ELEMENT":"5E050000-0000-0000-5301-000000000000","element-6066-11e4-a52e-4f735466cecf":"5E050000-0000-0000-5301-000000000000"},{"ELEMENT":"63050000-0000-0000-5301-000000000000","element-6066-11e4-a52e-4f735466cecf":"63050000-0000-0000-5301-000000000000"},{"ELEMENT":"68050000-0000-0000-5301-000000000000","element-6066-11e4-a52e-4f735466cecf":"68050000-0000-0000-5301-000000000000"}],"sessionId":"60DEF1F0-4A14-4727-943C-DB82535553CA"}
[debug] &amp#27;[35m[W3C (fa22c5fe)]&amp#27;[39m Responding to client with driver.findElements() result: [{"element-6066-11e4-a52e-4f735466cecf":"4E050000-0000-0000-5301-000000000000","ELEMENT":"4E050000-0000-0000-5301-000000000000"},{"element-6066-11e4-a52e-4f735466cecf":"5E050000-0000-0000-5301-000000000000","ELEMENT":"5E050000-0000-0000-5301-000000000000"},{"element-6066-11e4-a52e-4f735466cecf":"63050000-0000-0000-5301-000000000000","ELEMENT":"63050000-0000-0000-5301-000000000000"},{"element-6066-11e4-a52e-4f735466cecf":"68050000-0000-0000-5301-000000000000","ELEMENT":"68050000-0000-0000-5301-000000000000"}]
&amp#27;[35m[HTTP]&amp#27;[39m &amp#27;[37m<-- POST /wd/hub/session/fa22c5fe-5ae1-4114-abfe-4bea6798cb79/elements &amp#27;[39m&amp#27;[32m200&amp#27;[39m &amp#27;[90m878 ms - 523&amp#27;[39m
&amp#27;[35m[HTTP]&amp#27;[39m &amp#27;[90m&amp#27;[39m
&amp#27;[35m[HTTP]&amp#27;[39m &amp#27;[37m-->&amp#27;[39m &amp#27;[37mPOST&amp#27;[39m &amp#27;[37m/wd/hub/session/fa22c5fe-5ae1-4114-abfe-4bea6798cb79/element/4E050000-0000-0000-5301-000000000000/click&amp#27;[39m
&amp#27;[35m[HTTP]&amp#27;[39m &amp#27;[90m{"id":"4E050000-0000-0000-5301-000000000000"}&amp#27;[39m
&amp#27;[35m[W3C (fa22c5fe)]&amp#27;[39m Driver proxy active, passing request on via HTTP proxy
[debug] &amp#27;[35m[XCUITest]&amp#27;[39m Executing command 'proxyReqRes'
[debug] &amp#27;[35m[WD Proxy]&amp#27;[39m Matched '/wd/hub/session/fa22c5fe-5ae1-4114-abfe-4bea6798cb79/element/4E050000-0000-0000-5301-000000000000/click' to command name 'click'
[debug] &amp#27;[35m[WD Proxy]&amp#27;[39m Proxying [POST /wd/hub/session/fa22c5fe-5ae1-4114-abfe-4bea6798cb79/element/4E050000-0000-0000-5301-000000000000/click] to [POST http://127.0.0.1:8100/session/60DEF1F0-4A14-4727-943C-DB82535553CA/element/4E050000-0000-0000-5301-000000000000/click] with body: {"id":"4E050000-0000-0000-5301-000000000000"}
[debug] &amp#27;[35m[WD Proxy]&amp#27;[39m Got response with status 200: {"value":null,"sessionId":"60DEF1F0-4A14-4727-943C-DB82535553CA"}
&amp#27;[35m[WD Proxy]&amp#27;[39m Replacing sessionId 60DEF1F0-4A14-4727-943C-DB82535553CA with fa22c5fe-5ae1-4114-abfe-4bea6798cb79
&amp#27;[35m[HTTP]&amp#27;[39m &amp#27;[37m<-- POST /wd/hub/session/fa22c5fe-5ae1-4114-abfe-4bea6798cb79/element/4E050000-0000-0000-5301-000000000000/click &amp#27;[39m&amp#27;[32m200&amp#27;[39m &amp#27;[90m280 ms - 65&amp#27;[39m
&amp#27;[35m[HTTP]&amp#27;[39m &amp#27;[90m&amp#27;[39m
&amp#27;[35m[HTTP]&amp#27;[39m &amp#27;[37m-->&amp#27;[39m &amp#27;[37mPOST&amp#27;[39m &amp#27;[37m/wd/hub/session/fa22c5fe-5ae1-4114-abfe-4bea6798cb79/elements&amp#27;[39m
&amp#27;[35m[HTTP]&amp#27;[39m &amp#27;[90m{"using":"xpath","value":"//XCUIElementTypeButton[@name='checkbox outline']"}&amp#27;[39m
[debug] &amp#27;[35m[W3C (fa22c5fe)]&amp#27;[39m Calling AppiumDriver.findElements() with args: ["xpath","//XCUIElementTypeButton[@name='checkbox outline']","fa22c5fe-5ae1-4114-abfe-4bea6798cb79"]
[debug] &amp#27;[35m[XCUITest]&amp#27;[39m Executing command 'findElements'
[debug] &amp#27;[35m[BaseDriver]&amp#27;[39m Valid locator strategies for this request: xpath, id, name, class name, -ios predicate string, -ios class chain, accessibility id, css selector
[debug] &amp#27;[35m[BaseDriver]&amp#27;[39m Waiting up to 25000 ms for condition
[debug] &amp#27;[35m[XCUITest]&amp#27;[39m Setting custom timeout to 750000 ms for 'findElements' command
[debug] &amp#27;[35m[WD Proxy]&amp#27;[39m Matched '/elements' to command name 'findElements'
[debug] &amp#27;[35m[WD Proxy]&amp#27;[39m Proxying [POST /elements] to [POST http://127.0.0.1:8100/session/60DEF1F0-4A14-4727-943C-DB82535553CA/elements] with body: {"using":"xpath","value":"//XCUIElementTypeButton[@name='checkbox outline']"}
[debug] &amp#27;[35m[WD Proxy]&amp#27;[39m Got response with status 200: {"value":[{"ELEMENT":"4E050000-0000-0000-5301-000000000000","element-6066-11e4-a52e-4f735466cecf":"4E050000-0000-0000-5301-000000000000"},{"ELEMENT":"5E050000-0000-0000-5301-000000000000","element-6066-11e4-a52e-4f735466cecf":"5E050000-0000-0000-5301-000000000000"},{"ELEMENT":"63050000-0000-0000-5301-000000000000","element-6066-11e4-a52e-4f735466cecf":"63050000-0000-0000-5301-000000000000"},{"ELEMENT":"68050000-0000-0000-5301-000000000000","element-6066-11e4-a52e-4f735466cecf":"68050000-0000-0000-5301-000000000000"}],"sessionId":"60DEF1F0-4A14-4727-943C-DB82535553CA"}
[debug] &amp#27;[35m[W3C (fa22c5fe)]&amp#27;[39m Responding to client with driver.findElements() result: [{"element-6066-11e4-a52e-4f735466cecf":"4E050000-0000-0000-5301-000000000000","ELEMENT":"4E050000-0000-0000-5301-000000000000"},{"element-6066-11e4-a52e-4f735466cecf":"5E050000-0000-0000-5301-000000000000","ELEMENT":"5E050000-0000-0000-5301-000000000000"},{"element-6066-11e4-a52e-4f735466cecf":"63050000-0000-0000-5301-000000000000","ELEMENT":"63050000-0000-0000-5301-000000000000"},{"element-6066-11e4-a52e-4f735466cecf":"68050000-0000-0000-5301-000000000000","ELEMENT":"68050000-0000-0000-5301-000000000000"}]
&amp#27;[35m[HTTP]&amp#27;[39m &amp#27;[37m<-- POST /wd/hub/session/fa22c5fe-5ae1-4114-abfe-4bea6798cb79/elements &amp#27;[39m&amp#27;[32m200&amp#27;[39m &amp#27;[90m921 ms - 523&amp#27;[39m
&amp#27;[35m[HTTP]&amp#27;[39m &amp#27;[90m&amp#27;[39m
&amp#27;[35m[HTTP]&amp#27;[39m &amp#27;[37m-->&amp#27;[39m &amp#27;[37mPOST&amp#27;[39m &amp#27;[37m/wd/hub/session/fa22c5fe-5ae1-4114-abfe-4bea6798cb79/element/5E050000-0000-0000-5301-000000000000/click&amp#27;[39m
&amp#27;[35m[HTTP]&amp#27;[39m &amp#27;[90m{"id":"5E050000-0000-0000-5301-000000000000"}&amp#27;[39m
&amp#27;[35m[W3C (fa22c5fe)]&amp#27;[39m Driver proxy active, passing request on via HTTP proxy
[debug] &amp#27;[35m[XCUITest]&amp#27;[39m Executing command 'proxyReqRes'
[debug] &amp#27;[35m[WD Proxy]&amp#27;[39m Matched '/wd/hub/session/fa22c5fe-5ae1-4114-abfe-4bea6798cb79/element/5E050000-0000-0000-5301-000000000000/click' to command name 'click'
[debug] &amp#27;[35m[WD Proxy]&amp#27;[39m Proxying [POST /wd/hub/session/fa22c5fe-5ae1-4114-abfe-4bea6798cb79/element/5E050000-0000-0000-5301-000000000000/click] to [POST http://127.0.0.1:8100/session/60DEF1F0-4A14-4727-943C-DB82535553CA/element/5E050000-0000-0000-5301-000000000000/click] with body: {"id":"5E050000-0000-0000-5301-000000000000"}
[debug] &amp#27;[35m[WD Proxy]&amp#27;[39m Got response with status 200: {"value":null,"sessionId":"60DEF1F0-4A14-4727-943C-DB82535553CA"}
&amp#27;[35m[WD Proxy]&amp#27;[39m Replacing sessionId 60DEF1F0-4A14-4727-943C-DB82535553CA with fa22c5fe-5ae1-4114-abfe-4bea6798cb79
&amp#27;[35m[HTTP]&amp#27;[39m &amp#27;[37m<-- POST /wd/hub/session/fa22c5fe-5ae1-4114-abfe-4bea6798cb79/element/5E050000-0000-0000-5301-000000000000/click &amp#27;[39m&amp#27;[32m200&amp#27;[39m &amp#27;[90m283 ms - 65&amp#27;[39m
&amp#27;[35m[HTTP]&amp#27;[39m &amp#27;[90m&amp#27;[39m
&amp#27;[35m[HTTP]&amp#27;[39m &amp#27;[37m-->&amp#27;[39m &amp#27;[37mPOST&amp#27;[39m &amp#27;[37m/wd/hub/session/fa22c5fe-5ae1-4114-abfe-4bea6798cb79/elements&amp#27;[39m
&amp#27;[35m[HTTP]&amp#27;[39m &amp#27;[90m{"using":"xpath","value":"//XCUIElementTypeButton[@name='checkbox outline']"}&amp#27;[39m
[debug] &amp#27;[35m[W3C (fa22c5fe)]&amp#27;[39m Calling AppiumDriver.findElements() with args: ["xpath","//XCUIElementTypeButton[@name='checkbox outline']","fa22c5fe-5ae1-4114-abfe-4bea6798cb79"]
[debug] &amp#27;[35m[XCUITest]&amp#27;[39m Executing command 'findElements'
[debug] &amp#27;[35m[BaseDriver]&amp#27;[39m Valid locator strategies for this request: xpath, id, name, class name, -ios predicate string, -ios class chain, accessibility id, css selector
[debug] &amp#27;[35m[BaseDriver]&amp#27;[39m Waiting up to 25000 ms for condition
[debug] &amp#27;[35m[XCUITest]&amp#27;[39m Setting custom timeout to 750000 ms for 'findElements' command
[debug] &amp#27;[35m[WD Proxy]&amp#27;[39m Matched '/elements' to command name 'findElements'
[debug] &amp#27;[35m[WD Proxy]&amp#27;[39m Proxying [POST /elements] to [POST http://127.0.0.1:8100/session/60DEF1F0-4A14-4727-943C-DB82535553CA/elements] with body: {"using":"xpath","value":"//XCUIElementTypeButton[@name='checkbox outline']"}
[debug] &amp#27;[35m[WD Proxy]&amp#27;[39m Got response with status 200: {"value":[{"ELEMENT":"4E050000-0000-0000-5301-000000000000","element-6066-11e4-a52e-4f735466cecf":"4E050000-0000-0000-5301-000000000000"},{"ELEMENT":"5E050000-0000-0000-5301-000000000000","element-6066-11e4-a52e-4f735466cecf":"5E050000-0000-0000-5301-000000000000"},{"ELEMENT":"63050000-0000-0000-5301-000000000000","element-6066-11e4-a52e-4f735466cecf":"63050000-0000-0000-5301-000000000000"},{"ELEMENT":"68050000-0000-0000-5301-000000000000","element-6066-11e4-a52e-4f735466cecf":"68050000-0000-0000-5301-000000000000"}],"sessionId":"60DEF1F0-4A14-4727-943C-DB82535553CA"}
[debug] &amp#27;[35m[W3C (fa22c5fe)]&amp#27;[39m Responding to client with driver.findElements() result: [{"element-6066-11e4-a52e-4f735466cecf":"4E050000-0000-0000-5301-000000000000","ELEMENT":"4E050000-0000-0000-5301-000000000000"},{"element-6066-11e4-a52e-4f735466cecf":"5E050000-0000-0000-5301-000000000000","ELEMENT":"5E050000-0000-0000-5301-000000000000"},{"element-6066-11e4-a52e-4f735466cecf":"63050000-0000-0000-5301-000000000000","ELEMENT":"63050000-0000-0000-5301-000000000000"},{"element-6066-11e4-a52e-4f735466cecf":"68050000-0000-0000-5301-000000000000","ELEMENT":"68050000-0000-0000-5301-000000000000"}]
&amp#27;[35m[HTTP]&amp#27;[39m &amp#27;[37m<-- POST /wd/hub/session/fa22c5fe-5ae1-4114-abfe-4bea6798cb79/elements &amp#27;[39m&amp#27;[32m200&amp#27;[39m &amp#27;[90m930 ms - 523&amp#27;[39m
&amp#27;[35m[HTTP]&amp#27;[39m &amp#27;[90m&amp#27;[39m
&amp#27;[35m[HTTP]&amp#27;[39m &amp#27;[37m-->&amp#27;[39m &amp#27;[37mPOST&amp#27;[39m &amp#27;[37m/wd/hub/session/fa22c5fe-5ae1-4114-abfe-4bea6798cb79/element/63050000-0000-0000-5301-000000000000/click&amp#27;[39m
&amp#27;[35m[HTTP]&amp#27;[39m &amp#27;[90m{"id":"63050000-0000-0000-5301-000000000000"}&amp#27;[39m
&amp#27;[35m[W3C (fa22c5fe)]&amp#27;[39m Driver proxy active, passing request on via HTTP proxy
[debug] &amp#27;[35m[XCUITest]&amp#27;[39m Executing command 'proxyReqRes'
[debug] &amp#27;[35m[WD Proxy]&amp#27;[39m Matched '/wd/hub/session/fa22c5fe-5ae1-4114-abfe-4bea6798cb79/element/63050000-0000-0000-5301-000000000000/click' to command name 'click'
[debug] &amp#27;[35m[WD Proxy]&amp#27;[39m Proxying [POST /wd/hub/session/fa22c5fe-5ae1-4114-abfe-4bea6798cb79/element/63050000-0000-0000-5301-000000000000/click] to [POST http://127.0.0.1:8100/session/60DEF1F0-4A14-4727-943C-DB82535553CA/element/63050000-0000-0000-5301-000000000000/click] with body: {"id":"63050000-0000-0000-5301-000000000000"}
[debug] &amp#27;[35m[WD Proxy]&amp#27;[39m Got response with status 200: {"value":null,"sessionId":"60DEF1F0-4A14-4727-943C-DB82535553CA"}
&amp#27;[35m[WD Proxy]&amp#27;[39m Replacing sessionId 60DEF1F0-4A14-4727-943C-DB82535553CA with fa22c5fe-5ae1-4114-abfe-4bea6798cb79
&amp#27;[35m[HTTP]&amp#27;[39m &amp#27;[37m<-- POST /wd/hub/session/fa22c5fe-5ae1-4114-abfe-4bea6798cb79/element/63050000-0000-0000-5301-000000000000/click &amp#27;[39m&amp#27;[32m200&amp#27;[39m &amp#27;[90m265 ms - 65&amp#27;[39m
&amp#27;[35m[HTTP]&amp#27;[39m &amp#27;[90m&amp#27;[39m
&amp#27;[35m[HTTP]&amp#27;[39m &amp#27;[37m-->&amp#27;[39m &amp#27;[37mPOST&amp#27;[39m &amp#27;[37m/wd/hub/session/fa22c5fe-5ae1-4114-abfe-4bea6798cb79/elements&amp#27;[39m
&amp#27;[35m[HTTP]&amp#27;[39m &amp#27;[90m{"using":"xpath","value":"//XCUIElementTypeButton[@name='checkbox outline']"}&amp#27;[39m
[debug] &amp#27;[35m[W3C (fa22c5fe)]&amp#27;[39m Calling AppiumDriver.findElements() with args: ["xpath","//XCUIElementTypeButton[@name='checkbox outline']","fa22c5fe-5ae1-4114-abfe-4bea6798cb79"]
[debug] &amp#27;[35m[XCUITest]&amp#27;[39m Executing command 'findElements'
[debug] &amp#27;[35m[BaseDriver]&amp#27;[39m Valid locator strategies for this request: xpath, id, name, class name, -ios predicate string, -ios class chain, accessibility id, css selector
[debug] &amp#27;[35m[BaseDriver]&amp#27;[39m Waiting up to 25000 ms for condition
[debug] &amp#27;[35m[XCUITest]&amp#27;[39m Setting custom timeout to 750000 ms for 'findElements' command
[debug] &amp#27;[35m[WD Proxy]&amp#27;[39m Matched '/elements' to command name 'findElements'
[debug] &amp#27;[35m[WD Proxy]&amp#27;[39m Proxying [POST /elements] to [POST http://127.0.0.1:8100/session/60DEF1F0-4A14-4727-943C-DB82535553CA/elements] with body: {"using":"xpath","value":"//XCUIElementTypeButton[@name='checkbox outline']"}
[debug] &amp#27;[35m[WD Proxy]&amp#27;[39m Got response with status 200: {"value":[{"ELEMENT":"4E050000-0000-0000-5301-000000000000","element-6066-11e4-a52e-4f735466cecf":"4E050000-0000-0000-5301-000000000000"},{"ELEMENT":"5E050000-0000-0000-5301-000000000000","element-6066-11e4-a52e-4f735466cecf":"5E050000-0000-0000-5301-000000000000"},{"ELEMENT":"63050000-0000-0000-5301-000000000000","element-6066-11e4-a52e-4f735466cecf":"63050000-0000-0000-5301-000000000000"},{"ELEMENT":"68050000-0000-0000-5301-000000000000","element-6066-11e4-a52e-4f735466cecf":"68050000-0000-0000-5301-000000000000"}],"sessionId":"60DEF1F0-4A14-4727-943C-DB82535553CA"}
[debug] &amp#27;[35m[W3C (fa22c5fe)]&amp#27;[39m Responding to client with driver.findElements() result: [{"element-6066-11e4-a52e-4f735466cecf":"4E050000-0000-0000-5301-000000000000","ELEMENT":"4E050000-0000-0000-5301-000000000000"},{"element-6066-11e4-a52e-4f735466cecf":"5E050000-0000-0000-5301-000000000000","ELEMENT":"5E050000-0000-0000-5301-000000000000"},{"element-6066-11e4-a52e-4f735466cecf":"63050000-0000-0000-5301-000000000000","ELEMENT":"63050000-0000-0000-5301-000000000000"},{"element-6066-11e4-a52e-4f735466cecf":"68050000-0000-0000-5301-000000000000","ELEMENT":"68050000-0000-0000-5301-000000000000"}]
&amp#27;[35m[HTTP]&amp#27;[39m &amp#27;[37m<-- POST /wd/hub/session/fa22c5fe-5ae1-4114-abfe-4bea6798cb79/elements &amp#27;[39m&amp#27;[32m200&amp#27;[39m &amp#27;[90m868 ms - 523&amp#27;[39m
&amp#27;[35m[HTTP]&amp#27;[39m &amp#27;[90m&amp#27;[39m
&amp#27;[35m[HTTP]&amp#27;[39m &amp#27;[37m-->&amp#27;[39m &amp#27;[37mPOST&amp#27;[39m &amp#27;[37m/wd/hub/session/fa22c5fe-5ae1-4114-abfe-4bea6798cb79/element/68050000-0000-0000-5301-000000000000/click&amp#27;[39m
&amp#27;[35m[HTTP]&amp#27;[39m &amp#27;[90m{"id":"68050000-0000-0000-5301-000000000000"}&amp#27;[39m
&amp#27;[35m[W3C (fa22c5fe)]&amp#27;[39m Driver proxy active, passing request on via HTTP proxy
[debug] &amp#27;[35m[XCUITest]&amp#27;[39m Executing command 'proxyReqRes'
[debug] &amp#27;[35m[WD Proxy]&amp#27;[39m Matched '/wd/hub/session/fa22c5fe-5ae1-4114-abfe-4bea6798cb79/element/68050000-0000-0000-5301-000000000000/click' to command name 'click'
[debug] &amp#27;[35m[WD Proxy]&amp#27;[39m Proxying [POST /wd/hub/session/fa22c5fe-5ae1-4114-abfe-4bea6798cb79/element/68050000-0000-0000-5301-000000000000/click] to [POST http://127.0.0.1:8100/session/60DEF1F0-4A14-4727-943C-DB82535553CA/element/68050000-0000-0000-5301-000000000000/click] with body: {"id":"68050000-0000-0000-5301-000000000000"}
[debug] &amp#27;[35m[WD Proxy]&amp#27;[39m Got response with status 200: {"value":null,"sessionId":"60DEF1F0-4A14-4727-943C-DB82535553CA"}
&amp#27;[35m[WD Proxy]&amp#27;[39m Replacing sessionId 60DEF1F0-4A14-4727-943C-DB82535553CA with fa22c5fe-5ae1-4114-abfe-4bea6798cb79
&amp#27;[35m[HTTP]&amp#27;[39m &amp#27;[37m<-- POST /wd/hub/session/fa22c5fe-5ae1-4114-abfe-4bea6798cb79/element/68050000-0000-0000-5301-000000000000/click &amp#27;[39m&amp#27;[32m200&amp#27;[39m &amp#27;[90m265 ms - 65&amp#27;[39m
&amp#27;[35m[HTTP]&amp#27;[39m &amp#27;[90m&amp#27;[39m
&amp#27;[35m[HTTP]&amp#27;[39m &amp#27;[37m-->&amp#27;[39m &amp#27;[37mPOST&amp#27;[39m &amp#27;[37m/wd/hub/session/fa22c5fe-5ae1-4114-abfe-4bea6798cb79/element&amp#27;[39m
&amp#27;[35m[HTTP]&amp#27;[39m &amp#27;[90m{"using":"xpath","value":"//XCUIElementTypeStaticText[@name='CONTINUE']"}&amp#27;[39m
[debug] &amp#27;[35m[W3C (fa22c5fe)]&amp#27;[39m Calling AppiumDriver.findElement() with args: ["xpath","//XCUIElementTypeStaticText[@name='CONTINUE']","fa22c5fe-5ae1-4114-abfe-4bea6798cb79"]
[debug] &amp#27;[35m[XCUITest]&amp#27;[39m Executing command 'findElement'
[debug] &amp#27;[35m[BaseDriver]&amp#27;[39m Valid locator strategies for this request: xpath, id, name, class name, -ios predicate string, -ios class chain, accessibility id, css selector
[debug] &amp#27;[35m[BaseDriver]&amp#27;[39m Waiting up to 25000 ms for condition
[debug] &amp#27;[35m[XCUITest]&amp#27;[39m Setting custom timeout to 750000 ms for 'findElement' command
[debug] &amp#27;[35m[WD Proxy]&amp#27;[39m Matched '/element' to command name 'findElement'
[debug] &amp#27;[35m[WD Proxy]&amp#27;[39m Proxying [POST /element] to [POST http://127.0.0.1:8100/session/60DEF1F0-4A14-4727-943C-DB82535553CA/element] with body: {"using":"xpath","value":"//XCUIElementTypeStaticText[@name='CONTINUE']"}
[debug] &amp#27;[35m[WD Proxy]&amp#27;[39m Got response with status 200: {"value":{"ELEMENT":"6C050000-0000-0000-5301-000000000000","element-6066-11e4-a52e-4f735466cecf":"6C050000-0000-0000-5301-000000000000"},"sessionId":"60DEF1F0-4A14-4727-943C-DB82535553CA"}
[debug] &amp#27;[35m[W3C (fa22c5fe)]&amp#27;[39m Responding to client with driver.findElement() result: {"element-6066-11e4-a52e-4f735466cecf":"6C050000-0000-0000-5301-000000000000","ELEMENT":"6C050000-0000-0000-5301-000000000000"}
&amp#27;[35m[HTTP]&amp#27;[39m &amp#27;[37m<-- POST /wd/hub/session/fa22c5fe-5ae1-4114-abfe-4bea6798cb79/element &amp#27;[39m&amp#27;[32m200&amp#27;[39m &amp#27;[90m685 ms - 137&amp#27;[39m
&amp#27;[35m[HTTP]&amp#27;[39m &amp#27;[90m&amp#27;[39m
&amp#27;[35m[HTTP]&amp#27;[39m &amp#27;[37m-->&amp#27;[39m &amp#27;[37mPOST&amp#27;[39m &amp#27;[37m/wd/hub/session/fa22c5fe-5ae1-4114-abfe-4bea6798cb79/element/6C050000-0000-0000-5301-000000000000/click&amp#27;[39m
&amp#27;[35m[HTTP]&amp#27;[39m &amp#27;[90m{"id":"6C050000-0000-0000-5301-000000000000"}&amp#27;[39m
&amp#27;[35m[W3C (fa22c5fe)]&amp#27;[39m Driver proxy active, passing request on via HTTP proxy
[debug] &amp#27;[35m[XCUITest]&amp#27;[39m Executing command 'proxyReqRes'
[debug] &amp#27;[35m[WD Proxy]&amp#27;[39m Matched '/wd/hub/session/fa22c5fe-5ae1-4114-abfe-4bea6798cb79/element/6C050000-0000-0000-5301-000000000000/click' to command name 'click'
[debug] &amp#27;[35m[WD Proxy]&amp#27;[39m Proxying [POST /wd/hub/session/fa22c5fe-5ae1-4114-abfe-4bea6798cb79/element/6C050000-0000-0000-5301-000000000000/click] to [POST http://127.0.0.1:8100/session/60DEF1F0-4A14-4727-943C-DB82535553CA/element/6C050000-0000-0000-5301-000000000000/click] with body: {"id":"6C050000-0000-0000-5301-000000000000"}
[debug] &amp#27;[35m[WD Proxy]&amp#27;[39m Got response with status 200: {"value":null,"sessionId":"60DEF1F0-4A14-4727-943C-DB82535553CA"}
&amp#27;[35m[WD Proxy]&amp#27;[39m Replacing sessionId 60DEF1F0-4A14-4727-943C-DB82535553CA with fa22c5fe-5ae1-4114-abfe-4bea6798cb79
&amp#27;[35m[HTTP]&amp#27;[39m &amp#27;[37m<-- POST /wd/hub/session/fa22c5fe-5ae1-4114-abfe-4bea6798cb79/element/6C050000-0000-0000-5301-000000000000/click &amp#27;[39m&amp#27;[32m200&amp#27;[39m &amp#27;[90m285 ms - 65&amp#27;[39m
&amp#27;[35m[HTTP]&amp#27;[39m &amp#27;[90m&amp#27;[39m
&amp#27;[35m[HTTP]&amp#27;[39m &amp#27;[37m-->&amp#27;[39m &amp#27;[37mPOST&amp#27;[39m &amp#27;[37m/wd/hub/session/fa22c5fe-5ae1-4114-abfe-4bea6798cb79/elements&amp#27;[39m
&amp#27;[35m[HTTP]&amp#27;[39m &amp#27;[90m{"using":"xpath","value":"//XCUIElementTypeButton[@name='checkbox outline']"}&amp#27;[39m
[debug] &amp#27;[35m[W3C (fa22c5fe)]&amp#27;[39m Calling AppiumDriver.findElements() with args: ["xpath","//XCUIElementTypeButton[@name='checkbox outline']","fa22c5fe-5ae1-4114-abfe-4bea6798cb79"]
[debug] &amp#27;[35m[XCUITest]&amp#27;[39m Executing command 'findElements'
[debug] &amp#27;[35m[BaseDriver]&amp#27;[39m Valid locator strategies for this request: xpath, id, name, class name, -ios predicate string, -ios class chain, accessibility id, css selector
[debug] &amp#27;[35m[BaseDriver]&amp#27;[39m Waiting up to 25000 ms for condition
[debug] &amp#27;[35m[XCUITest]&amp#27;[39m Setting custom timeout to 750000 ms for 'findElements' command
[debug] &amp#27;[35m[WD Proxy]&amp#27;[39m Matched '/elements' to command name 'findElements'
[debug] &amp#27;[35m[WD Proxy]&amp#27;[39m Proxying [POST /elements] to [POST http://127.0.0.1:8100/session/60DEF1F0-4A14-4727-943C-DB82535553CA/elements] with body: {"using":"xpath","value":"//XCUIElementTypeButton[@name='checkbox outline']"}
&amp#27;[35m[WD Proxy]&amp#27;[39m Got response with status 404: {"value":{"error":"stale element reference","message":"The previously found element \"\"checkbox outline\" Button\" is not present in the current view anymore. Make sure the application UI has the expected state. Original error: No matches found for Elements matching predicate 'wdUID IN {\"4E050000-0000-0000-5301-000000000000\", \"5E050000-0000-0000-5301-000000000000\", \"63050000-0000-0000-5301-000000000000\", \"68050000-0000-0000-5301-000000000000\"}' from input {(\n    Button,\n    Button,\n    Button,\n    Button,\n    Button,\n    Button,\n    Button,\n    Button,\n    Button,\n    Button,\n    Button,\n    Button,\n    Button,\n    Button,\n    Button,\n    Button,\n    Button,\n    Button,\n    Button\n)}","traceback":"(\n\t0   CoreFoundation                      0x00000001a103e5c0 472C9193-115D-34CD-AD1D-0E7E091C9432 + 1185216\n\t1   libobjc.A.dylib                     0x00000001b50b842c objc_exception_throw + 60\n\t2   WebDriverAgentLib                   0x0000000107fa11f8 -[XCUIElement(FBUtilitie...
[debug] &amp#27;[35m[W3C]&amp#27;[39m Matched W3C error code 'stale element reference' to StaleElementReferenceError
[debug] &amp#27;[35m[BaseDriver]&amp#27;[39m Waited for 749 ms so far
[debug] &amp#27;[35m[XCUITest]&amp#27;[39m Setting custom timeout to 750000 ms for 'findElements' command
[debug] &amp#27;[35m[WD Proxy]&amp#27;[39m Matched '/elements' to command name 'findElements'
[debug] &amp#27;[35m[WD Proxy]&amp#27;[39m Proxying [POST /elements] to [POST http://127.0.0.1:8100/session/60DEF1F0-4A14-4727-943C-DB82535553CA/elements] with body: {"using":"xpath","value":"//XCUIElementTypeButton[@name='checkbox outline']"}
[debug] &amp#27;[35m[WD Proxy]&amp#27;[39m Got response with status 200: {"value":[{"ELEMENT":"93050000-0000-0000-5301-000000000000","element-6066-11e4-a52e-4f735466cecf":"93050000-0000-0000-5301-000000000000"},{"ELEMENT":"98050000-0000-0000-5301-000000000000","element-6066-11e4-a52e-4f735466cecf":"98050000-0000-0000-5301-000000000000"},{"ELEMENT":"9D050000-0000-0000-5301-000000000000","element-6066-11e4-a52e-4f735466cecf":"9D050000-0000-0000-5301-000000000000"},{"ELEMENT":"A2050000-0000-0000-5301-000000000000","element-6066-11e4-a52e-4f735466cecf":"A2050000-0000-0000-5301-000000000000"},{"ELEMENT":"A7050000-0000-0000-5301-000000000000","element-6066-11e4-a52e-4f735466cecf":"A7050000-0000-0000-5301-000000000000"}],"sessionId":"60DEF1F0-4A14-4727-943C-DB82535553CA"}
[debug] &amp#27;[35m[W3C (fa22c5fe)]&amp#27;[39m Responding to client with driver.findElements() result: [{"element-6066-11e4-a52e-4f735466cecf":"93050000-0000-0000-5301-000000000000","ELEMENT":"93050000-0000-0000-5301-000000000000"},{"element-6066-11e4-a52e-4f735466cecf":"98050000-0000-0000-5301-000000000000","ELEMENT":"98050000-0000-0000-5301-000000000000"},{"element-6066-11e4-a52e-4f735466cecf":"9D050000-0000-0000-5301-000000000000","ELEMENT":"9D050000-0000-0000-5301-000000000000"},{"element-6066-11e4-a52e-4f735466cecf":"A2050000-0000-0000-5301-000000000000","ELEMENT":"A2050000-0000-0000-5301-000000000000"},{"element-6066-11e4-a52e-4f735466cecf":"A7050000-0000-0000-5301-000000000000","ELEMENT":"A7050000-0000-0000-5301-000000000000"}]
&amp#27;[35m[HTTP]&amp#27;[39m &amp#27;[37m<-- POST /wd/hub/session/fa22c5fe-5ae1-4114-abfe-4bea6798cb79/elements &amp#27;[39m&amp#27;[32m200&amp#27;[39m &amp#27;[90m2282 ms - 651&amp#27;[39m
&amp#27;[35m[HTTP]&amp#27;[39m &amp#27;[90m&amp#27;[39m
&amp#27;[35m[HTTP]&amp#27;[39m &amp#27;[37m-->&amp#27;[39m &amp#27;[37mPOST&amp#27;[39m &amp#27;[37m/wd/hub/session/fa22c5fe-5ae1-4114-abfe-4bea6798cb79/element&amp#27;[39m
&amp#27;[35m[HTTP]&amp#27;[39m &amp#27;[90m{"using":"xpath","value":"//XCUIElementTypeTextField[@value='Betriebsstunden']"}&amp#27;[39m
[debug] &amp#27;[35m[W3C (fa22c5fe)]&amp#27;[39m Calling AppiumDriver.findElement() with args: ["xpath","//XCUIElementTypeTextField[@value='Betriebsstunden']","fa22c5fe-5ae1-4114-abfe-4bea6798cb79"]
[debug] &amp#27;[35m[XCUITest]&amp#27;[39m Executing command 'findElement'
[debug] &amp#27;[35m[BaseDriver]&amp#27;[39m Valid locator strategies for this request: xpath, id, name, class name, -ios predicate string, -ios class chain, accessibility id, css selector
[debug] &amp#27;[35m[BaseDriver]&amp#27;[39m Waiting up to 25000 ms for condition
[debug] &amp#27;[35m[XCUITest]&amp#27;[39m Setting custom timeout to 750000 ms for 'findElement' command
[debug] &amp#27;[35m[WD Proxy]&amp#27;[39m Matched '/element' to command name 'findElement'
[debug] &amp#27;[35m[WD Proxy]&amp#27;[39m Proxying [POST /element] to [POST http://127.0.0.1:8100/session/60DEF1F0-4A14-4727-943C-DB82535553CA/element] with body: {"using":"xpath","value":"//XCUIElementTypeTextField[@value='Betriebsstunden']"}
[debug] &amp#27;[35m[WD Proxy]&amp#27;[39m Got response with status 200: {"value":{"ELEMENT":"8F050000-0000-0000-5301-000000000000","element-6066-11e4-a52e-4f735466cecf":"8F050000-0000-0000-5301-000000000000"},"sessionId":"60DEF1F0-4A14-4727-943C-DB82535553CA"}
[debug] &amp#27;[35m[W3C (fa22c5fe)]&amp#27;[39m Responding to client with driver.findElement() result: {"element-6066-11e4-a52e-4f735466cecf":"8F050000-0000-0000-5301-000000000000","ELEMENT":"8F050000-0000-0000-5301-000000000000"}
&amp#27;[35m[HTTP]&amp#27;[39m &amp#27;[37m<-- POST /wd/hub/session/fa22c5fe-5ae1-4114-abfe-4bea6798cb79/element &amp#27;[39m&amp#27;[32m200&amp#27;[39m &amp#27;[90m542 ms - 137&amp#27;[39m
&amp#27;[35m[HTTP]&amp#27;[39m &amp#27;[90m&amp#27;[39m
&amp#27;[35m[HTTP]&amp#27;[39m &amp#27;[37m-->&amp#27;[39m &amp#27;[37mPOST&amp#27;[39m &amp#27;[37m/wd/hub/session/fa22c5fe-5ae1-4114-abfe-4bea6798cb79/element/8F050000-0000-0000-5301-000000000000/value&amp#27;[39m
&amp#27;[35m[HTTP]&amp#27;[39m &amp#27;[90m{"id":"8F050000-0000-0000-5301-000000000000","text":"20","value":["2","0"]}&amp#27;[39m
[debug] &amp#27;[35m[W3C (fa22c5fe)]&amp#27;[39m Calling AppiumDriver.setValue() with args: [["2","0"],"8F050000-0000-0000-5301-000000000000","fa22c5fe-5ae1-4114-abfe-4bea6798cb79"]
[debug] &amp#27;[35m[XCUITest]&amp#27;[39m Executing command 'setValue'
[debug] &amp#27;[35m[XCUITest]&amp#27;[39m Setting custom timeout to 750000 ms for 'setValue' command
[debug] &amp#27;[35m[WD Proxy]&amp#27;[39m Matched '/element/8F050000-0000-0000-5301-000000000000/value' to command name 'setValue'
[debug] &amp#27;[35m[Protocol Converter]&amp#27;[39m Added 'text' property "20" to 'setValue' request body
[debug] &amp#27;[35m[WD Proxy]&amp#27;[39m Proxying [POST /element/8F050000-0000-0000-5301-000000000000/value] to [POST http://127.0.0.1:8100/session/60DEF1F0-4A14-4727-943C-DB82535553CA/element/8F050000-0000-0000-5301-000000000000/value] with body: {"value":["2","0"],"text":"20"}
[debug] &amp#27;[35m[WD Proxy]&amp#27;[39m Got response with status 200: {"value":null,"sessionId":"60DEF1F0-4A14-4727-943C-DB82535553CA"}
[debug] &amp#27;[35m[W3C (fa22c5fe)]&amp#27;[39m Responding to client with driver.setValue() result: null
&amp#27;[35m[HTTP]&amp#27;[39m &amp#27;[37m<-- POST /wd/hub/session/fa22c5fe-5ae1-4114-abfe-4bea6798cb79/element/8F050000-0000-0000-5301-000000000000/value &amp#27;[39m&amp#27;[32m200&amp#27;[39m &amp#27;[90m535 ms - 14&amp#27;[39m
&amp#27;[35m[HTTP]&amp#27;[39m &amp#27;[90m&amp#27;[39m
&amp#27;[35m[HTTP]&amp#27;[39m &amp#27;[37m-->&amp#27;[39m &amp#27;[37mPOST&amp#27;[39m &amp#27;[37m/wd/hub/session/fa22c5fe-5ae1-4114-abfe-4bea6798cb79/elements&amp#27;[39m
&amp#27;[35m[HTTP]&amp#27;[39m &amp#27;[90m{"using":"xpath","value":"//XCUIElementTypeButton[@name='checkbox outline']"}&amp#27;[39m
[debug] &amp#27;[35m[W3C (fa22c5fe)]&amp#27;[39m Calling AppiumDriver.findElements() with args: ["xpath","//XCUIElementTypeButton[@name='checkbox outline']","fa22c5fe-5ae1-4114-abfe-4bea6798cb79"]
[debug] &amp#27;[35m[XCUITest]&amp#27;[39m Executing command 'findElements'
[debug] &amp#27;[35m[BaseDriver]&amp#27;[39m Valid locator strategies for this request: xpath, id, name, class name, -ios predicate string, -ios class chain, accessibility id, css selector
[debug] &amp#27;[35m[BaseDriver]&amp#27;[39m Waiting up to 25000 ms for condition
[debug] &amp#27;[35m[XCUITest]&amp#27;[39m Setting custom timeout to 750000 ms for 'findElements' command
[debug] &amp#27;[35m[WD Proxy]&amp#27;[39m Matched '/elements' to command name 'findElements'
[debug] &amp#27;[35m[WD Proxy]&amp#27;[39m Proxying [POST /elements] to [POST http://127.0.0.1:8100/session/60DEF1F0-4A14-4727-943C-DB82535553CA/elements] with body: {"using":"xpath","value":"//XCUIElementTypeButton[@name='checkbox outline']"}
[debug] &amp#27;[35m[WD Proxy]&amp#27;[39m Got response with status 200: {"value":[{"ELEMENT":"93050000-0000-0000-5301-000000000000","element-6066-11e4-a52e-4f735466cecf":"93050000-0000-0000-5301-000000000000"},{"ELEMENT":"98050000-0000-0000-5301-000000000000","element-6066-11e4-a52e-4f735466cecf":"98050000-0000-0000-5301-000000000000"},{"ELEMENT":"9D050000-0000-0000-5301-000000000000","element-6066-11e4-a52e-4f735466cecf":"9D050000-0000-0000-5301-000000000000"},{"ELEMENT":"A2050000-0000-0000-5301-000000000000","element-6066-11e4-a52e-4f735466cecf":"A2050000-0000-0000-5301-000000000000"},{"ELEMENT":"A7050000-0000-0000-5301-000000000000","element-6066-11e4-a52e-4f735466cecf":"A7050000-0000-0000-5301-000000000000"}],"sessionId":"60DEF1F0-4A14-4727-943C-DB82535553CA"}
[debug] &amp#27;[35m[W3C (fa22c5fe)]&amp#27;[39m Responding to client with driver.findElements() result: [{"element-6066-11e4-a52e-4f735466cecf":"93050000-0000-0000-5301-000000000000","ELEMENT":"93050000-0000-0000-5301-000000000000"},{"element-6066-11e4-a52e-4f735466cecf":"98050000-0000-0000-5301-000000000000","ELEMENT":"98050000-0000-0000-5301-000000000000"},{"element-6066-11e4-a52e-4f735466cecf":"9D050000-0000-0000-5301-000000000000","ELEMENT":"9D050000-0000-0000-5301-000000000000"},{"element-6066-11e4-a52e-4f735466cecf":"A2050000-0000-0000-5301-000000000000","ELEMENT":"A2050000-0000-0000-5301-000000000000"},{"element-6066-11e4-a52e-4f735466cecf":"A7050000-0000-0000-5301-000000000000","ELEMENT":"A7050000-0000-0000-5301-000000000000"}]
&amp#27;[35m[HTTP]&amp#27;[39m &amp#27;[37m<-- POST /wd/hub/session/fa22c5fe-5ae1-4114-abfe-4bea6798cb79/elements &amp#27;[39m&amp#27;[32m200&amp#27;[39m &amp#27;[90m1405 ms - 651&amp#27;[39m
&amp#27;[35m[HTTP]&amp#27;[39m &amp#27;[90m&amp#27;[39m
&amp#27;[35m[HTTP]&amp#27;[39m &amp#27;[37m-->&amp#27;[39m &amp#27;[37mPOST&amp#27;[39m &amp#27;[37m/wd/hub/session/fa22c5fe-5ae1-4114-abfe-4bea6798cb79/element/93050000-0000-0000-5301-000000000000/click&amp#27;[39m
&amp#27;[35m[HTTP]&amp#27;[39m &amp#27;[90m{"id":"93050000-0000-0000-5301-000000000000"}&amp#27;[39m
&amp#27;[35m[W3C (fa22c5fe)]&amp#27;[39m Driver proxy active, passing request on via HTTP proxy
[debug] &amp#27;[35m[XCUITest]&amp#27;[39m Executing command 'proxyReqRes'
[debug] &amp#27;[35m[WD Proxy]&amp#27;[39m Matched '/wd/hub/session/fa22c5fe-5ae1-4114-abfe-4bea6798cb79/element/93050000-0000-0000-5301-000000000000/click' to command name 'click'
[debug] &amp#27;[35m[WD Proxy]&amp#27;[39m Proxying [POST /wd/hub/session/fa22c5fe-5ae1-4114-abfe-4bea6798cb79/element/93050000-0000-0000-5301-000000000000/click] to [POST http://127.0.0.1:8100/session/60DEF1F0-4A14-4727-943C-DB82535553CA/element/93050000-0000-0000-5301-000000000000/click] with body: {"id":"93050000-0000-0000-5301-000000000000"}
[debug] &amp#27;[35m[WD Proxy]&amp#27;[39m Got response with status 200: {"value":null,"sessionId":"60DEF1F0-4A14-4727-943C-DB82535553CA"}
&amp#27;[35m[WD Proxy]&amp#27;[39m Replacing sessionId 60DEF1F0-4A14-4727-943C-DB82535553CA with fa22c5fe-5ae1-4114-abfe-4bea6798cb79
&amp#27;[35m[HTTP]&amp#27;[39m &amp#27;[37m<-- POST /wd/hub/session/fa22c5fe-5ae1-4114-abfe-4bea6798cb79/element/93050000-0000-0000-5301-000000000000/click &amp#27;[39m&amp#27;[32m200&amp#27;[39m &amp#27;[90m820 ms - 65&amp#27;[39m
&amp#27;[35m[HTTP]&amp#27;[39m &amp#27;[90m&amp#27;[39m
&amp#27;[35m[HTTP]&amp#27;[39m &amp#27;[37m-->&amp#27;[39m &amp#27;[37mPOST&amp#27;[39m &amp#27;[37m/wd/hub/session/fa22c5fe-5ae1-4114-abfe-4bea6798cb79/elements&amp#27;[39m
&amp#27;[35m[HTTP]&amp#27;[39m &amp#27;[90m{"using":"xpath","value":"//XCUIElementTypeButton[@name='checkbox outline']"}&amp#27;[39m
[debug] &amp#27;[35m[W3C (fa22c5fe)]&amp#27;[39m Calling AppiumDriver.findElements() with args: ["xpath","//XCUIElementTypeButton[@name='checkbox outline']","fa22c5fe-5ae1-4114-abfe-4bea6798cb79"]
[debug] &amp#27;[35m[XCUITest]&amp#27;[39m Executing command 'findElements'
[debug] &amp#27;[35m[BaseDriver]&amp#27;[39m Valid locator strategies for this request: xpath, id, name, class name, -ios predicate string, -ios class chain, accessibility id, css selector
[debug] &amp#27;[35m[BaseDriver]&amp#27;[39m Waiting up to 25000 ms for condition
[debug] &amp#27;[35m[XCUITest]&amp#27;[39m Setting custom timeout to 750000 ms for 'findElements' command
[debug] &amp#27;[35m[WD Proxy]&amp#27;[39m Matched '/elements' to command name 'findElements'
[debug] &amp#27;[35m[WD Proxy]&amp#27;[39m Proxying [POST /elements] to [POST http://127.0.0.1:8100/session/60DEF1F0-4A14-4727-943C-DB82535553CA/elements] with body: {"using":"xpath","value":"//XCUIElementTypeButton[@name='checkbox outline']"}
[debug] &amp#27;[35m[WD Proxy]&amp#27;[39m Got response with status 200: {"value":[{"ELEMENT":"93050000-0000-0000-5301-000000000000","element-6066-11e4-a52e-4f735466cecf":"93050000-0000-0000-5301-000000000000"},{"ELEMENT":"98050000-0000-0000-5301-000000000000","element-6066-11e4-a52e-4f735466cecf":"98050000-0000-0000-5301-000000000000"},{"ELEMENT":"9D050000-0000-0000-5301-000000000000","element-6066-11e4-a52e-4f735466cecf":"9D050000-0000-0000-5301-000000000000"},{"ELEMENT":"A2050000-0000-0000-5301-000000000000","element-6066-11e4-a52e-4f735466cecf":"A2050000-0000-0000-5301-000000000000"},{"ELEMENT":"A7050000-0000-0000-5301-000000000000","element-6066-11e4-a52e-4f735466cecf":"A7050000-0000-0000-5301-000000000000"}],"sessionId":"60DEF1F0-4A14-4727-943C-DB82535553CA"}
[debug] &amp#27;[35m[W3C (fa22c5fe)]&amp#27;[39m Responding to client with driver.findElements() result: [{"element-6066-11e4-a52e-4f735466cecf":"93050000-0000-0000-5301-000000000000","ELEMENT":"93050000-0000-0000-5301-000000000000"},{"element-6066-11e4-a52e-4f735466cecf":"98050000-0000-0000-5301-000000000000","ELEMENT":"98050000-0000-0000-5301-000000000000"},{"element-6066-11e4-a52e-4f735466cecf":"9D050000-0000-0000-5301-000000000000","ELEMENT":"9D050000-0000-0000-5301-000000000000"},{"element-6066-11e4-a52e-4f735466cecf":"A2050000-0000-0000-5301-000000000000","ELEMENT":"A2050000-0000-0000-5301-000000000000"},{"element-6066-11e4-a52e-4f735466cecf":"A7050000-0000-0000-5301-000000000000","ELEMENT":"A7050000-0000-0000-5301-000000000000"}]
&amp#27;[35m[HTTP]&amp#27;[39m &amp#27;[37m<-- POST /wd/hub/session/fa22c5fe-5ae1-4114-abfe-4bea6798cb79/elements &amp#27;[39m&amp#27;[32m200&amp#27;[39m &amp#27;[90m1136 ms - 651&amp#27;[39m
&amp#27;[35m[HTTP]&amp#27;[39m &amp#27;[90m&amp#27;[39m
&amp#27;[35m[HTTP]&amp#27;[39m &amp#27;[37m-->&amp#27;[39m &amp#27;[37mPOST&amp#27;[39m &amp#27;[37m/wd/hub/session/fa22c5fe-5ae1-4114-abfe-4bea6798cb79/element/98050000-0000-0000-5301-000000000000/click&amp#27;[39m
&amp#27;[35m[HTTP]&amp#27;[39m &amp#27;[90m{"id":"98050000-0000-0000-5301-000000000000"}&amp#27;[39m
&amp#27;[35m[W3C (fa22c5fe)]&amp#27;[39m Driver proxy active, passing request on via HTTP proxy
[debug] &amp#27;[35m[XCUITest]&amp#27;[39m Executing command 'proxyReqRes'
[debug] &amp#27;[35m[WD Proxy]&amp#27;[39m Matched '/wd/hub/session/fa22c5fe-5ae1-4114-abfe-4bea6798cb79/element/98050000-0000-0000-5301-000000000000/click' to command name 'click'
[debug] &amp#27;[35m[WD Proxy]&amp#27;[39m Proxying [POST /wd/hub/session/fa22c5fe-5ae1-4114-abfe-4bea6798cb79/element/98050000-0000-0000-5301-000000000000/click] to [POST http://127.0.0.1:8100/session/60DEF1F0-4A14-4727-943C-DB82535553CA/element/98050000-0000-0000-5301-000000000000/click] with body: {"id":"98050000-0000-0000-5301-000000000000"}
[debug] &amp#27;[35m[WD Proxy]&amp#27;[39m Got response with status 200: {"value":null,"sessionId":"60DEF1F0-4A14-4727-943C-DB82535553CA"}
&amp#27;[35m[WD Proxy]&amp#27;[39m Replacing sessionId 60DEF1F0-4A14-4727-943C-DB82535553CA with fa22c5fe-5ae1-4114-abfe-4bea6798cb79
&amp#27;[35m[HTTP]&amp#27;[39m &amp#27;[37m<-- POST /wd/hub/session/fa22c5fe-5ae1-4114-abfe-4bea6798cb79/element/98050000-0000-0000-5301-000000000000/click &amp#27;[39m&amp#27;[32m200&amp#27;[39m &amp#27;[90m286 ms - 65&amp#27;[39m
&amp#27;[35m[HTTP]&amp#27;[39m &amp#27;[90m&amp#27;[39m
&amp#27;[35m[HTTP]&amp#27;[39m &amp#27;[37m-->&amp#27;[39m &amp#27;[37mPOST&amp#27;[39m &amp#27;[37m/wd/hub/session/fa22c5fe-5ae1-4114-abfe-4bea6798cb79/elements&amp#27;[39m
&amp#27;[35m[HTTP]&amp#27;[39m &amp#27;[90m{"using":"xpath","value":"//XCUIElementTypeButton[@name='checkbox outline']"}&amp#27;[39m
[debug] &amp#27;[35m[W3C (fa22c5fe)]&amp#27;[39m Calling AppiumDriver.findElements() with args: ["xpath","//XCUIElementTypeButton[@name='checkbox outline']","fa22c5fe-5ae1-4114-abfe-4bea6798cb79"]
[debug] &amp#27;[35m[XCUITest]&amp#27;[39m Executing command 'findElements'
[debug] &amp#27;[35m[BaseDriver]&amp#27;[39m Valid locator strategies for this request: xpath, id, name, class name, -ios predicate string, -ios class chain, accessibility id, css selector
[debug] &amp#27;[35m[BaseDriver]&amp#27;[39m Waiting up to 25000 ms for condition
[debug] &amp#27;[35m[XCUITest]&amp#27;[39m Setting custom timeout to 750000 ms for 'findElements' command
[debug] &amp#27;[35m[WD Proxy]&amp#27;[39m Matched '/elements' to command name 'findElements'
[debug] &amp#27;[35m[WD Proxy]&amp#27;[39m Proxying [POST /elements] to [POST http://127.0.0.1:8100/session/60DEF1F0-4A14-4727-943C-DB82535553CA/elements] with body: {"using":"xpath","value":"//XCUIElementTypeButton[@name='checkbox outline']"}
[debug] &amp#27;[35m[WD Proxy]&amp#27;[39m Got response with status 200: {"value":[{"ELEMENT":"93050000-0000-0000-5301-000000000000","element-6066-11e4-a52e-4f735466cecf":"93050000-0000-0000-5301-000000000000"},{"ELEMENT":"98050000-0000-0000-5301-000000000000","element-6066-11e4-a52e-4f735466cecf":"98050000-0000-0000-5301-000000000000"},{"ELEMENT":"9D050000-0000-0000-5301-000000000000","element-6066-11e4-a52e-4f735466cecf":"9D050000-0000-0000-5301-000000000000"},{"ELEMENT":"A2050000-0000-0000-5301-000000000000","element-6066-11e4-a52e-4f735466cecf":"A2050000-0000-0000-5301-000000000000"},{"ELEMENT":"A7050000-0000-0000-5301-000000000000","element-6066-11e4-a52e-4f735466cecf":"A7050000-0000-0000-5301-000000000000"}],"sessionId":"60DEF1F0-4A14-4727-943C-DB82535553CA"}
[debug] &amp#27;[35m[W3C (fa22c5fe)]&amp#27;[39m Responding to client with driver.findElements() result: [{"element-6066-11e4-a52e-4f735466cecf":"93050000-0000-0000-5301-000000000000","ELEMENT":"93050000-0000-0000-5301-000000000000"},{"element-6066-11e4-a52e-4f735466cecf":"98050000-0000-0000-5301-000000000000","ELEMENT":"98050000-0000-0000-5301-000000000000"},{"element-6066-11e4-a52e-4f735466cecf":"9D050000-0000-0000-5301-000000000000","ELEMENT":"9D050000-0000-0000-5301-000000000000"},{"element-6066-11e4-a52e-4f735466cecf":"A2050000-0000-0000-5301-000000000000","ELEMENT":"A2050000-0000-0000-5301-000000000000"},{"element-6066-11e4-a52e-4f735466cecf":"A7050000-0000-0000-5301-000000000000","ELEMENT":"A7050000-0000-0000-5301-000000000000"}]
&amp#27;[35m[HTTP]&amp#27;[39m &amp#27;[37m<-- POST /wd/hub/session/fa22c5fe-5ae1-4114-abfe-4bea6798cb79/elements &amp#27;[39m&amp#27;[32m200&amp#27;[39m &amp#27;[90m1089 ms - 651&amp#27;[39m
&amp#27;[35m[HTTP]&amp#27;[39m &amp#27;[90m&amp#27;[39m
&amp#27;[35m[HTTP]&amp#27;[39m &amp#27;[37m-->&amp#27;[39m &amp#27;[37mPOST&amp#27;[39m &amp#27;[37m/wd/hub/session/fa22c5fe-5ae1-4114-abfe-4bea6798cb79/element/9D050000-0000-0000-5301-000000000000/click&amp#27;[39m
&amp#27;[35m[HTTP]&amp#27;[39m &amp#27;[90m{"id":"9D050000-0000-0000-5301-000000000000"}&amp#27;[39m
&amp#27;[35m[W3C (fa22c5fe)]&amp#27;[39m Driver proxy active, passing request on via HTTP proxy
[debug] &amp#27;[35m[XCUITest]&amp#27;[39m Executing command 'proxyReqRes'
[debug] &amp#27;[35m[WD Proxy]&amp#27;[39m Matched '/wd/hub/session/fa22c5fe-5ae1-4114-abfe-4bea6798cb79/element/9D050000-0000-0000-5301-000000000000/click' to command name 'click'
[debug] &amp#27;[35m[WD Proxy]&amp#27;[39m Proxying [POST /wd/hub/session/fa22c5fe-5ae1-4114-abfe-4bea6798cb79/element/9D050000-0000-0000-5301-000000000000/click] to [POST http://127.0.0.1:8100/session/60DEF1F0-4A14-4727-943C-DB82535553CA/element/9D050000-0000-0000-5301-000000000000/click] with body: {"id":"9D050000-0000-0000-5301-000000000000"}
[debug] &amp#27;[35m[WD Proxy]&amp#27;[39m Got response with status 200: {"value":null,"sessionId":"60DEF1F0-4A14-4727-943C-DB82535553CA"}
&amp#27;[35m[WD Proxy]&amp#27;[39m Replacing sessionId 60DEF1F0-4A14-4727-943C-DB82535553CA with fa22c5fe-5ae1-4114-abfe-4bea6798cb79
&amp#27;[35m[HTTP]&amp#27;[39m &amp#27;[37m<-- POST /wd/hub/session/fa22c5fe-5ae1-4114-abfe-4bea6798cb79/element/9D050000-0000-0000-5301-000000000000/click &amp#27;[39m&amp#27;[32m200&amp#27;[39m &amp#27;[90m314 ms - 65&amp#27;[39m
&amp#27;[35m[HTTP]&amp#27;[39m &amp#27;[90m&amp#27;[39m
&amp#27;[35m[HTTP]&amp#27;[39m &amp#27;[37m-->&amp#27;[39m &amp#27;[37mPOST&amp#27;[39m &amp#27;[37m/wd/hub/session/fa22c5fe-5ae1-4114-abfe-4bea6798cb79/elements&amp#27;[39m
&amp#27;[35m[HTTP]&amp#27;[39m &amp#27;[90m{"using":"xpath","value":"//XCUIElementTypeButton[@name='checkbox outline']"}&amp#27;[39m
[debug] &amp#27;[35m[W3C (fa22c5fe)]&amp#27;[39m Calling AppiumDriver.findElements() with args: ["xpath","//XCUIElementTypeButton[@name='checkbox outline']","fa22c5fe-5ae1-4114-abfe-4bea6798cb79"]
[debug] &amp#27;[35m[XCUITest]&amp#27;[39m Executing command 'findElements'
[debug] &amp#27;[35m[BaseDriver]&amp#27;[39m Valid locator strategies for this request: xpath, id, name, class name, -ios predicate string, -ios class chain, accessibility id, css selector
[debug] &amp#27;[35m[BaseDriver]&amp#27;[39m Waiting up to 25000 ms for condition
[debug] &amp#27;[35m[XCUITest]&amp#27;[39m Setting custom timeout to 750000 ms for 'findElements' command
[debug] &amp#27;[35m[WD Proxy]&amp#27;[39m Matched '/elements' to command name 'findElements'
[debug] &amp#27;[35m[WD Proxy]&amp#27;[39m Proxying [POST /elements] to [POST http://127.0.0.1:8100/session/60DEF1F0-4A14-4727-943C-DB82535553CA/elements] with body: {"using":"xpath","value":"//XCUIElementTypeButton[@name='checkbox outline']"}
[debug] &amp#27;[35m[WD Proxy]&amp#27;[39m Got response with status 200: {"value":[{"ELEMENT":"93050000-0000-0000-5301-000000000000","element-6066-11e4-a52e-4f735466cecf":"93050000-0000-0000-5301-000000000000"},{"ELEMENT":"98050000-0000-0000-5301-000000000000","element-6066-11e4-a52e-4f735466cecf":"98050000-0000-0000-5301-000000000000"},{"ELEMENT":"9D050000-0000-0000-5301-000000000000","element-6066-11e4-a52e-4f735466cecf":"9D050000-0000-0000-5301-000000000000"},{"ELEMENT":"A2050000-0000-0000-5301-000000000000","element-6066-11e4-a52e-4f735466cecf":"A2050000-0000-0000-5301-000000000000"},{"ELEMENT":"A7050000-0000-0000-5301-000000000000","element-6066-11e4-a52e-4f735466cecf":"A7050000-0000-0000-5301-000000000000"}],"sessionId":"60DEF1F0-4A14-4727-943C-DB82535553CA"}
[debug] &amp#27;[35m[W3C (fa22c5fe)]&amp#27;[39m Responding to client with driver.findElements() result: [{"element-6066-11e4-a52e-4f735466cecf":"93050000-0000-0000-5301-000000000000","ELEMENT":"93050000-0000-0000-5301-000000000000"},{"element-6066-11e4-a52e-4f735466cecf":"98050000-0000-0000-5301-000000000000","ELEMENT":"98050000-0000-0000-5301-000000000000"},{"element-6066-11e4-a52e-4f735466cecf":"9D050000-0000-0000-5301-000000000000","ELEMENT":"9D050000-0000-0000-5301-000000000000"},{"element-6066-11e4-a52e-4f735466cecf":"A2050000-0000-0000-5301-000000000000","ELEMENT":"A2050000-0000-0000-5301-000000000000"},{"element-6066-11e4-a52e-4f735466cecf":"A7050000-0000-0000-5301-000000000000","ELEMENT":"A7050000-0000-0000-5301-000000000000"}]
&amp#27;[35m[HTTP]&amp#27;[39m &amp#27;[37m<-- POST /wd/hub/session/fa22c5fe-5ae1-4114-abfe-4bea6798cb79/elements &amp#27;[39m&amp#27;[32m200&amp#27;[39m &amp#27;[90m1116 ms - 651&amp#27;[39m
&amp#27;[35m[HTTP]&amp#27;[39m &amp#27;[90m&amp#27;[39m
&amp#27;[35m[HTTP]&amp#27;[39m &amp#27;[37m-->&amp#27;[39m &amp#27;[37mPOST&amp#27;[39m &amp#27;[37m/wd/hub/session/fa22c5fe-5ae1-4114-abfe-4bea6798cb79/element/A2050000-0000-0000-5301-000000000000/click&amp#27;[39m
&amp#27;[35m[HTTP]&amp#27;[39m &amp#27;[90m{"id":"A2050000-0000-0000-5301-000000000000"}&amp#27;[39m
&amp#27;[35m[W3C (fa22c5fe)]&amp#27;[39m Driver proxy active, passing request on via HTTP proxy
[debug] &amp#27;[35m[XCUITest]&amp#27;[39m Executing command 'proxyReqRes'
[debug] &amp#27;[35m[WD Proxy]&amp#27;[39m Matched '/wd/hub/session/fa22c5fe-5ae1-4114-abfe-4bea6798cb79/element/A2050000-0000-0000-5301-000000000000/click' to command name 'click'
[debug] &amp#27;[35m[WD Proxy]&amp#27;[39m Proxying [POST /wd/hub/session/fa22c5fe-5ae1-4114-abfe-4bea6798cb79/element/A2050000-0000-0000-5301-000000000000/click] to [POST http://127.0.0.1:8100/session/60DEF1F0-4A14-4727-943C-DB82535553CA/element/A2050000-0000-0000-5301-000000000000/click] with body: {"id":"A2050000-0000-0000-5301-000000000000"}
[debug] &amp#27;[35m[WD Proxy]&amp#27;[39m Got response with status 200: {"value":null,"sessionId":"60DEF1F0-4A14-4727-943C-DB82535553CA"}
&amp#27;[35m[WD Proxy]&amp#27;[39m Replacing sessionId 60DEF1F0-4A14-4727-943C-DB82535553CA with fa22c5fe-5ae1-4114-abfe-4bea6798cb79
&amp#27;[35m[HTTP]&amp#27;[39m &amp#27;[37m<-- POST /wd/hub/session/fa22c5fe-5ae1-4114-abfe-4bea6798cb79/element/A2050000-0000-0000-5301-000000000000/click &amp#27;[39m&amp#27;[32m200&amp#27;[39m &amp#27;[90m292 ms - 65&amp#27;[39m
&amp#27;[35m[HTTP]&amp#27;[39m &amp#27;[90m&amp#27;[39m
&amp#27;[35m[HTTP]&amp#27;[39m &amp#27;[37m-->&amp#27;[39m &amp#27;[37mPOST&amp#27;[39m &amp#27;[37m/wd/hub/session/fa22c5fe-5ae1-4114-abfe-4bea6798cb79/elements&amp#27;[39m
&amp#27;[35m[HTTP]&amp#27;[39m &amp#27;[90m{"using":"xpath","value":"//XCUIElementTypeButton[@name='checkbox outline']"}&amp#27;[39m
[debug] &amp#27;[35m[W3C (fa22c5fe)]&amp#27;[39m Calling AppiumDriver.findElements() with args: ["xpath","//XCUIElementTypeButton[@name='checkbox outline']","fa22c5fe-5ae1-4114-abfe-4bea6798cb79"]
[debug] &amp#27;[35m[XCUITest]&amp#27;[39m Executing command 'findElements'
[debug] &amp#27;[35m[BaseDriver]&amp#27;[39m Valid locator strategies for this request: xpath, id, name, class name, -ios predicate string, -ios class chain, accessibility id, css selector
[debug] &amp#27;[35m[BaseDriver]&amp#27;[39m Waiting up to 25000 ms for condition
[debug] &amp#27;[35m[XCUITest]&amp#27;[39m Setting custom timeout to 750000 ms for 'findElements' command
[debug] &amp#27;[35m[WD Proxy]&amp#27;[39m Matched '/elements' to command name 'findElements'
[debug] &amp#27;[35m[WD Proxy]&amp#27;[39m Proxying [POST /elements] to [POST http://127.0.0.1:8100/session/60DEF1F0-4A14-4727-943C-DB82535553CA/elements] with body: {"using":"xpath","value":"//XCUIElementTypeButton[@name='checkbox outline']"}
[debug] &amp#27;[35m[WD Proxy]&amp#27;[39m Got response with status 200: {"value":[{"ELEMENT":"93050000-0000-0000-5301-000000000000","element-6066-11e4-a52e-4f735466cecf":"93050000-0000-0000-5301-000000000000"},{"ELEMENT":"98050000-0000-0000-5301-000000000000","element-6066-11e4-a52e-4f735466cecf":"98050000-0000-0000-5301-000000000000"},{"ELEMENT":"9D050000-0000-0000-5301-000000000000","element-6066-11e4-a52e-4f735466cecf":"9D050000-0000-0000-5301-000000000000"},{"ELEMENT":"A2050000-0000-0000-5301-000000000000","element-6066-11e4-a52e-4f735466cecf":"A2050000-0000-0000-5301-000000000000"},{"ELEMENT":"A7050000-0000-0000-5301-000000000000","element-6066-11e4-a52e-4f735466cecf":"A7050000-0000-0000-5301-000000000000"}],"sessionId":"60DEF1F0-4A14-4727-943C-DB82535553CA"}
[debug] &amp#27;[35m[W3C (fa22c5fe)]&amp#27;[39m Responding to client with driver.findElements() result: [{"element-6066-11e4-a52e-4f735466cecf":"93050000-0000-0000-5301-000000000000","ELEMENT":"93050000-0000-0000-5301-000000000000"},{"element-6066-11e4-a52e-4f735466cecf":"98050000-0000-0000-5301-000000000000","ELEMENT":"98050000-0000-0000-5301-000000000000"},{"element-6066-11e4-a52e-4f735466cecf":"9D050000-0000-0000-5301-000000000000","ELEMENT":"9D050000-0000-0000-5301-000000000000"},{"element-6066-11e4-a52e-4f735466cecf":"A2050000-0000-0000-5301-000000000000","ELEMENT":"A2050000-0000-0000-5301-000000000000"},{"element-6066-11e4-a52e-4f735466cecf":"A7050000-0000-0000-5301-000000000000","ELEMENT":"A7050000-0000-0000-5301-000000000000"}]
&amp#27;[35m[HTTP]&amp#27;[39m &amp#27;[37m<-- POST /wd/hub/session/fa22c5fe-5ae1-4114-abfe-4bea6798cb79/elements &amp#27;[39m&amp#27;[32m200&amp#27;[39m &amp#27;[90m1167 ms - 651&amp#27;[39m
&amp#27;[35m[HTTP]&amp#27;[39m &amp#27;[90m&amp#27;[39m
&amp#27;[35m[HTTP]&amp#27;[39m &amp#27;[37m-->&amp#27;[39m &amp#27;[37mPOST&amp#27;[39m &amp#27;[37m/wd/hub/session/fa22c5fe-5ae1-4114-abfe-4bea6798cb79/element/A7050000-0000-0000-5301-000000000000/click&amp#27;[39m
&amp#27;[35m[HTTP]&amp#27;[39m &amp#27;[90m{"id":"A7050000-0000-0000-5301-000000000000"}&amp#27;[39m
&amp#27;[35m[W3C (fa22c5fe)]&amp#27;[39m Driver proxy active, passing request on via HTTP proxy
[debug] &amp#27;[35m[XCUITest]&amp#27;[39m Executing command 'proxyReqRes'
[debug] &amp#27;[35m[WD Proxy]&amp#27;[39m Matched '/wd/hub/session/fa22c5fe-5ae1-4114-abfe-4bea6798cb79/element/A7050000-0000-0000-5301-000000000000/click' to command name 'click'
[debug] &amp#27;[35m[WD Proxy]&amp#27;[39m Proxying [POST /wd/hub/session/fa22c5fe-5ae1-4114-abfe-4bea6798cb79/element/A7050000-0000-0000-5301-000000000000/click] to [POST http://127.0.0.1:8100/session/60DEF1F0-4A14-4727-943C-DB82535553CA/element/A7050000-0000-0000-5301-000000000000/click] with body: {"id":"A7050000-0000-0000-5301-000000000000"}
[debug] &amp#27;[35m[WD Proxy]&amp#27;[39m Got response with status 200: {"value":null,"sessionId":"60DEF1F0-4A14-4727-943C-DB82535553CA"}
&amp#27;[35m[WD Proxy]&amp#27;[39m Replacing sessionId 60DEF1F0-4A14-4727-943C-DB82535553CA with fa22c5fe-5ae1-4114-abfe-4bea6798cb79
&amp#27;[35m[HTTP]&amp#27;[39m &amp#27;[37m<-- POST /wd/hub/session/fa22c5fe-5ae1-4114-abfe-4bea6798cb79/element/A7050000-0000-0000-5301-000000000000/click &amp#27;[39m&amp#27;[32m200&amp#27;[39m &amp#27;[90m304 ms - 65&amp#27;[39m
&amp#27;[35m[HTTP]&amp#27;[39m &amp#27;[90m&amp#27;[39m
&amp#27;[35m[HTTP]&amp#27;[39m &amp#27;[37m-->&amp#27;[39m &amp#27;[37mPOST&amp#27;[39m &amp#27;[37m/wd/hub/session/fa22c5fe-5ae1-4114-abfe-4bea6798cb79/element&amp#27;[39m
&amp#27;[35m[HTTP]&amp#27;[39m &amp#27;[90m{"using":"xpath","value":"//XCUIElementTypeStaticText[@name='CONTINUE']"}&amp#27;[39m
[debug] &amp#27;[35m[W3C (fa22c5fe)]&amp#27;[39m Calling AppiumDriver.findElement() with args: ["xpath","//XCUIElementTypeStaticText[@name='CONTINUE']","fa22c5fe-5ae1-4114-abfe-4bea6798cb79"]
[debug] &amp#27;[35m[XCUITest]&amp#27;[39m Executing command 'findElement'
[debug] &amp#27;[35m[BaseDriver]&amp#27;[39m Valid locator strategies for this request: xpath, id, name, class name, -ios predicate string, -ios class chain, accessibility id, css selector
[debug] &amp#27;[35m[BaseDriver]&amp#27;[39m Waiting up to 25000 ms for condition
[debug] &amp#27;[35m[XCUITest]&amp#27;[39m Setting custom timeout to 750000 ms for 'findElement' command
[debug] &amp#27;[35m[WD Proxy]&amp#27;[39m Matched '/element' to command name 'findElement'
[debug] &amp#27;[35m[WD Proxy]&amp#27;[39m Proxying [POST /element] to [POST http://127.0.0.1:8100/session/60DEF1F0-4A14-4727-943C-DB82535553CA/element] with body: {"using":"xpath","value":"//XCUIElementTypeStaticText[@name='CONTINUE']"}
[debug] &amp#27;[35m[WD Proxy]&amp#27;[39m Got response with status 200: {"value":{"ELEMENT":"AB050000-0000-0000-5301-000000000000","element-6066-11e4-a52e-4f735466cecf":"AB050000-0000-0000-5301-000000000000"},"sessionId":"60DEF1F0-4A14-4727-943C-DB82535553CA"}
[debug] &amp#27;[35m[W3C (fa22c5fe)]&amp#27;[39m Responding to client with driver.findElement() result: {"element-6066-11e4-a52e-4f735466cecf":"AB050000-0000-0000-5301-000000000000","ELEMENT":"AB050000-0000-0000-5301-000000000000"}
&amp#27;[35m[HTTP]&amp#27;[39m &amp#27;[37m<-- POST /wd/hub/session/fa22c5fe-5ae1-4114-abfe-4bea6798cb79/element &amp#27;[39m&amp#27;[32m200&amp#27;[39m &amp#27;[90m801 ms - 137&amp#27;[39m
&amp#27;[35m[HTTP]&amp#27;[39m &amp#27;[90m&amp#27;[39m
&amp#27;[35m[HTTP]&amp#27;[39m &amp#27;[37m-->&amp#27;[39m &amp#27;[37mPOST&amp#27;[39m &amp#27;[37m/wd/hub/session/fa22c5fe-5ae1-4114-abfe-4bea6798cb79/element/AB050000-0000-0000-5301-000000000000/click&amp#27;[39m
&amp#27;[35m[HTTP]&amp#27;[39m &amp#27;[90m{"id":"AB050000-0000-0000-5301-000000000000"}&amp#27;[39m
&amp#27;[35m[W3C (fa22c5fe)]&amp#27;[39m Driver proxy active, passing request on via HTTP proxy
[debug] &amp#27;[35m[XCUITest]&amp#27;[39m Executing command 'proxyReqRes'
[debug] &amp#27;[35m[WD Proxy]&amp#27;[39m Matched '/wd/hub/session/fa22c5fe-5ae1-4114-abfe-4bea6798cb79/element/AB050000-0000-0000-5301-000000000000/click' to command name 'click'
[debug] &amp#27;[35m[WD Proxy]&amp#27;[39m Proxying [POST /wd/hub/session/fa22c5fe-5ae1-4114-abfe-4bea6798cb79/element/AB050000-0000-0000-5301-000000000000/click] to [POST http://127.0.0.1:8100/session/60DEF1F0-4A14-4727-943C-DB82535553CA/element/AB050000-0000-0000-5301-000000000000/click] with body: {"id":"AB050000-0000-0000-5301-000000000000"}
[debug] &amp#27;[35m[WD Proxy]&amp#27;[39m Got response with status 200: {"value":null,"sessionId":"60DEF1F0-4A14-4727-943C-DB82535553CA"}
&amp#27;[35m[WD Proxy]&amp#27;[39m Replacing sessionId 60DEF1F0-4A14-4727-943C-DB82535553CA with fa22c5fe-5ae1-4114-abfe-4bea6798cb79
&amp#27;[35m[HTTP]&amp#27;[39m &amp#27;[37m<-- POST /wd/hub/session/fa22c5fe-5ae1-4114-abfe-4bea6798cb79/element/AB050000-0000-0000-5301-000000000000/click &amp#27;[39m&amp#27;[32m200&amp#27;[39m &amp#27;[90m289 ms - 65&amp#27;[39m
&amp#27;[35m[HTTP]&amp#27;[39m &amp#27;[90m&amp#27;[39m
&amp#27;[35m[HTTP]&amp#27;[39m &amp#27;[37m-->&amp#27;[39m &amp#27;[37mPOST&amp#27;[39m &amp#27;[37m/wd/hub/session/fa22c5fe-5ae1-4114-abfe-4bea6798cb79/elements&amp#27;[39m
&amp#27;[35m[HTTP]&amp#27;[39m &amp#27;[90m{"using":"xpath","value":"//XCUIElementTypeButton[@name='checkbox outline']"}&amp#27;[39m
[debug] &amp#27;[35m[W3C (fa22c5fe)]&amp#27;[39m Calling AppiumDriver.findElements() with args: ["xpath","//XCUIElementTypeButton[@name='checkbox outline']","fa22c5fe-5ae1-4114-abfe-4bea6798cb79"]
[debug] &amp#27;[35m[XCUITest]&amp#27;[39m Executing command 'findElements'
[debug] &amp#27;[35m[BaseDriver]&amp#27;[39m Valid locator strategies for this request: xpath, id, name, class name, -ios predicate string, -ios class chain, accessibility id, css selector
[debug] &amp#27;[35m[BaseDriver]&amp#27;[39m Waiting up to 25000 ms for condition
[debug] &amp#27;[35m[XCUITest]&amp#27;[39m Setting custom timeout to 750000 ms for 'findElements' command
[debug] &amp#27;[35m[WD Proxy]&amp#27;[39m Matched '/elements' to command name 'findElements'
[debug] &amp#27;[35m[WD Proxy]&amp#27;[39m Proxying [POST /elements] to [POST http://127.0.0.1:8100/session/60DEF1F0-4A14-4727-943C-DB82535553CA/elements] with body: {"using":"xpath","value":"//XCUIElementTypeButton[@name='checkbox outline']"}
&amp#27;[35m[WD Proxy]&amp#27;[39m Got response with status 404: {"value":{"error":"stale element reference","message":"The previously found element \"\"checkbox outline\" Button\" is not present in the current view anymore. Make sure the application UI has the expected state. Original error: No matches found for Elements matching predicate 'wdUID IN {\"93050000-0000-0000-5301-000000000000\", \"98050000-0000-0000-5301-000000000000\", \"9D050000-0000-0000-5301-000000000000\", \"A2050000-0000-0000-5301-000000000000\", \"A7050000-0000-0000-5301-000000000000\"}' from input {(\n    Button,\n    Button,\n    Button,\n    Button,\n    Button,\n    Button,\n    Button,\n    Button,\n    Button,\n    Button,\n    Button,\n    Button,\n    Button,\n    Button,\n    Button,\n    Button\n)}","traceback":"(\n\t0   CoreFoundation                      0x00000001a103e5c0 472C9193-115D-34CD-AD1D-0E7E091C9432 + 1185216\n\t1   libobjc.A.dylib                     0x00000001b50b842c objc_exception_throw + 60\n\t2   WebDriverAgentLib                   0x0000000107fa11f8 -[XCUIElement(FBUtili...
[debug] &amp#27;[35m[W3C]&amp#27;[39m Matched W3C error code 'stale element reference' to StaleElementReferenceError
[debug] &amp#27;[35m[BaseDriver]&amp#27;[39m Waited for 831 ms so far
[debug] &amp#27;[35m[XCUITest]&amp#27;[39m Setting custom timeout to 750000 ms for 'findElements' command
[debug] &amp#27;[35m[WD Proxy]&amp#27;[39m Matched '/elements' to command name 'findElements'
[debug] &amp#27;[35m[WD Proxy]&amp#27;[39m Proxying [POST /elements] to [POST http://127.0.0.1:8100/session/60DEF1F0-4A14-4727-943C-DB82535553CA/elements] with body: {"using":"xpath","value":"//XCUIElementTypeButton[@name='checkbox outline']"}
[debug] &amp#27;[35m[WD Proxy]&amp#27;[39m Got response with status 200: {"value":[{"ELEMENT":"E0050000-0000-0000-5301-000000000000","element-6066-11e4-a52e-4f735466cecf":"E0050000-0000-0000-5301-000000000000"},{"ELEMENT":"F0050000-0000-0000-5301-000000000000","element-6066-11e4-a52e-4f735466cecf":"F0050000-0000-0000-5301-000000000000"},{"ELEMENT":"F5050000-0000-0000-5301-000000000000","element-6066-11e4-a52e-4f735466cecf":"F5050000-0000-0000-5301-000000000000"},{"ELEMENT":"FA050000-0000-0000-5301-000000000000","element-6066-11e4-a52e-4f735466cecf":"FA050000-0000-0000-5301-000000000000"}],"sessionId":"60DEF1F0-4A14-4727-943C-DB82535553CA"}
[debug] &amp#27;[35m[W3C (fa22c5fe)]&amp#27;[39m Responding to client with driver.findElements() result: [{"element-6066-11e4-a52e-4f735466cecf":"E0050000-0000-0000-5301-000000000000","ELEMENT":"E0050000-0000-0000-5301-000000000000"},{"element-6066-11e4-a52e-4f735466cecf":"F0050000-0000-0000-5301-000000000000","ELEMENT":"F0050000-0000-0000-5301-000000000000"},{"element-6066-11e4-a52e-4f735466cecf":"F5050000-0000-0000-5301-000000000000","ELEMENT":"F5050000-0000-0000-5301-000000000000"},{"element-6066-11e4-a52e-4f735466cecf":"FA050000-0000-0000-5301-000000000000","ELEMENT":"FA050000-0000-0000-5301-000000000000"}]
&amp#27;[35m[HTTP]&amp#27;[39m &amp#27;[37m<-- POST /wd/hub/session/fa22c5fe-5ae1-4114-abfe-4bea6798cb79/elements &amp#27;[39m&amp#27;[32m200&amp#27;[39m &amp#27;[90m2161 ms - 523&amp#27;[39m
&amp#27;[35m[HTTP]&amp#27;[39m &amp#27;[90m&amp#27;[39m
&amp#27;[35m[HTTP]&amp#27;[39m &amp#27;[37m-->&amp#27;[39m &amp#27;[37mPOST&amp#27;[39m &amp#27;[37m/wd/hub/session/fa22c5fe-5ae1-4114-abfe-4bea6798cb79/elements&amp#27;[39m
&amp#27;[35m[HTTP]&amp#27;[39m &amp#27;[90m{"using":"xpath","value":"//XCUIElementTypeButton[@name='checkbox outline']"}&amp#27;[39m
[debug] &amp#27;[35m[W3C (fa22c5fe)]&amp#27;[39m Calling AppiumDriver.findElements() with args: ["xpath","//XCUIElementTypeButton[@name='checkbox outline']","fa22c5fe-5ae1-4114-abfe-4bea6798cb79"]
[debug] &amp#27;[35m[XCUITest]&amp#27;[39m Executing command 'findElements'
[debug] &amp#27;[35m[BaseDriver]&amp#27;[39m Valid locator strategies for this request: xpath, id, name, class name, -ios predicate string, -ios class chain, accessibility id, css selector
[debug] &amp#27;[35m[BaseDriver]&amp#27;[39m Waiting up to 25000 ms for condition
[debug] &amp#27;[35m[XCUITest]&amp#27;[39m Setting custom timeout to 750000 ms for 'findElements' command
[debug] &amp#27;[35m[WD Proxy]&amp#27;[39m Matched '/elements' to command name 'findElements'
[debug] &amp#27;[35m[WD Proxy]&amp#27;[39m Proxying [POST /elements] to [POST http://127.0.0.1:8100/session/60DEF1F0-4A14-4727-943C-DB82535553CA/elements] with body: {"using":"xpath","value":"//XCUIElementTypeButton[@name='checkbox outline']"}
[debug] &amp#27;[35m[WD Proxy]&amp#27;[39m Got response with status 200: {"value":[{"ELEMENT":"E0050000-0000-0000-5301-000000000000","element-6066-11e4-a52e-4f735466cecf":"E0050000-0000-0000-5301-000000000000"},{"ELEMENT":"F0050000-0000-0000-5301-000000000000","element-6066-11e4-a52e-4f735466cecf":"F0050000-0000-0000-5301-000000000000"},{"ELEMENT":"F5050000-0000-0000-5301-000000000000","element-6066-11e4-a52e-4f735466cecf":"F5050000-0000-0000-5301-000000000000"},{"ELEMENT":"FA050000-0000-0000-5301-000000000000","element-6066-11e4-a52e-4f735466cecf":"FA050000-0000-0000-5301-000000000000"}],"sessionId":"60DEF1F0-4A14-4727-943C-DB82535553CA"}
[debug] &amp#27;[35m[W3C (fa22c5fe)]&amp#27;[39m Responding to client with driver.findElements() result: [{"element-6066-11e4-a52e-4f735466cecf":"E0050000-0000-0000-5301-000000000000","ELEMENT":"E0050000-0000-0000-5301-000000000000"},{"element-6066-11e4-a52e-4f735466cecf":"F0050000-0000-0000-5301-000000000000","ELEMENT":"F0050000-0000-0000-5301-000000000000"},{"element-6066-11e4-a52e-4f735466cecf":"F5050000-0000-0000-5301-000000000000","ELEMENT":"F5050000-0000-0000-5301-000000000000"},{"element-6066-11e4-a52e-4f735466cecf":"FA050000-0000-0000-5301-000000000000","ELEMENT":"FA050000-0000-0000-5301-000000000000"}]
&amp#27;[35m[HTTP]&amp#27;[39m &amp#27;[37m<-- POST /wd/hub/session/fa22c5fe-5ae1-4114-abfe-4bea6798cb79/elements &amp#27;[39m&amp#27;[32m200&amp#27;[39m &amp#27;[90m850 ms - 523&amp#27;[39m
&amp#27;[35m[HTTP]&amp#27;[39m &amp#27;[90m&amp#27;[39m
&amp#27;[35m[HTTP]&amp#27;[39m &amp#27;[37m-->&amp#27;[39m &amp#27;[37mPOST&amp#27;[39m &amp#27;[37m/wd/hub/session/fa22c5fe-5ae1-4114-abfe-4bea6798cb79/element/E0050000-0000-0000-5301-000000000000/click&amp#27;[39m
&amp#27;[35m[HTTP]&amp#27;[39m &amp#27;[90m{"id":"E0050000-0000-0000-5301-000000000000"}&amp#27;[39m
&amp#27;[35m[W3C (fa22c5fe)]&amp#27;[39m Driver proxy active, passing request on via HTTP proxy
[debug] &amp#27;[35m[XCUITest]&amp#27;[39m Executing command 'proxyReqRes'
[debug] &amp#27;[35m[WD Proxy]&amp#27;[39m Matched '/wd/hub/session/fa22c5fe-5ae1-4114-abfe-4bea6798cb79/element/E0050000-0000-0000-5301-000000000000/click' to command name 'click'
[debug] &amp#27;[35m[WD Proxy]&amp#27;[39m Proxying [POST /wd/hub/session/fa22c5fe-5ae1-4114-abfe-4bea6798cb79/element/E0050000-0000-0000-5301-000000000000/click] to [POST http://127.0.0.1:8100/session/60DEF1F0-4A14-4727-943C-DB82535553CA/element/E0050000-0000-0000-5301-000000000000/click] with body: {"id":"E0050000-0000-0000-5301-000000000000"}
[debug] &amp#27;[35m[WD Proxy]&amp#27;[39m Got response with status 200: {"value":null,"sessionId":"60DEF1F0-4A14-4727-943C-DB82535553CA"}
&amp#27;[35m[WD Proxy]&amp#27;[39m Replacing sessionId 60DEF1F0-4A14-4727-943C-DB82535553CA with fa22c5fe-5ae1-4114-abfe-4bea6798cb79
&amp#27;[35m[HTTP]&amp#27;[39m &amp#27;[37m<-- POST /wd/hub/session/fa22c5fe-5ae1-4114-abfe-4bea6798cb79/element/E0050000-0000-0000-5301-000000000000/click &amp#27;[39m&amp#27;[32m200&amp#27;[39m &amp#27;[90m269 ms - 65&amp#27;[39m
&amp#27;[35m[HTTP]&amp#27;[39m &amp#27;[90m&amp#27;[39m
&amp#27;[35m[HTTP]&amp#27;[39m &amp#27;[37m-->&amp#27;[39m &amp#27;[37mPOST&amp#27;[39m &amp#27;[37m/wd/hub/session/fa22c5fe-5ae1-4114-abfe-4bea6798cb79/elements&amp#27;[39m
&amp#27;[35m[HTTP]&amp#27;[39m &amp#27;[90m{"using":"xpath","value":"//XCUIElementTypeButton[@name='checkbox outline']"}&amp#27;[39m
[debug] &amp#27;[35m[W3C (fa22c5fe)]&amp#27;[39m Calling AppiumDriver.findElements() with args: ["xpath","//XCUIElementTypeButton[@name='checkbox outline']","fa22c5fe-5ae1-4114-abfe-4bea6798cb79"]
[debug] &amp#27;[35m[XCUITest]&amp#27;[39m Executing command 'findElements'
[debug] &amp#27;[35m[BaseDriver]&amp#27;[39m Valid locator strategies for this request: xpath, id, name, class name, -ios predicate string, -ios class chain, accessibility id, css selector
[debug] &amp#27;[35m[BaseDriver]&amp#27;[39m Waiting up to 25000 ms for condition
[debug] &amp#27;[35m[XCUITest]&amp#27;[39m Setting custom timeout to 750000 ms for 'findElements' command
[debug] &amp#27;[35m[WD Proxy]&amp#27;[39m Matched '/elements' to command name 'findElements'
[debug] &amp#27;[35m[WD Proxy]&amp#27;[39m Proxying [POST /elements] to [POST http://127.0.0.1:8100/session/60DEF1F0-4A14-4727-943C-DB82535553CA/elements] with body: {"using":"xpath","value":"//XCUIElementTypeButton[@name='checkbox outline']"}
[debug] &amp#27;[35m[WD Proxy]&amp#27;[39m Got response with status 200: {"value":[{"ELEMENT":"E0050000-0000-0000-5301-000000000000","element-6066-11e4-a52e-4f735466cecf":"E0050000-0000-0000-5301-000000000000"},{"ELEMENT":"F0050000-0000-0000-5301-000000000000","element-6066-11e4-a52e-4f735466cecf":"F0050000-0000-0000-5301-000000000000"},{"ELEMENT":"F5050000-0000-0000-5301-000000000000","element-6066-11e4-a52e-4f735466cecf":"F5050000-0000-0000-5301-000000000000"},{"ELEMENT":"FA050000-0000-0000-5301-000000000000","element-6066-11e4-a52e-4f735466cecf":"FA050000-0000-0000-5301-000000000000"}],"sessionId":"60DEF1F0-4A14-4727-943C-DB82535553CA"}
[debug] &amp#27;[35m[W3C (fa22c5fe)]&amp#27;[39m Responding to client with driver.findElements() result: [{"element-6066-11e4-a52e-4f735466cecf":"E0050000-0000-0000-5301-000000000000","ELEMENT":"E0050000-0000-0000-5301-000000000000"},{"element-6066-11e4-a52e-4f735466cecf":"F0050000-0000-0000-5301-000000000000","ELEMENT":"F0050000-0000-0000-5301-000000000000"},{"element-6066-11e4-a52e-4f735466cecf":"F5050000-0000-0000-5301-000000000000","ELEMENT":"F5050000-0000-0000-5301-000000000000"},{"element-6066-11e4-a52e-4f735466cecf":"FA050000-0000-0000-5301-000000000000","ELEMENT":"FA050000-0000-0000-5301-000000000000"}]
&amp#27;[35m[HTTP]&amp#27;[39m &amp#27;[37m<-- POST /wd/hub/session/fa22c5fe-5ae1-4114-abfe-4bea6798cb79/elements &amp#27;[39m&amp#27;[32m200&amp#27;[39m &amp#27;[90m946 ms - 523&amp#27;[39m
&amp#27;[35m[HTTP]&amp#27;[39m &amp#27;[90m&amp#27;[39m
&amp#27;[35m[HTTP]&amp#27;[39m &amp#27;[37m-->&amp#27;[39m &amp#27;[37mPOST&amp#27;[39m &amp#27;[37m/wd/hub/session/fa22c5fe-5ae1-4114-abfe-4bea6798cb79/element/F0050000-0000-0000-5301-000000000000/click&amp#27;[39m
&amp#27;[35m[HTTP]&amp#27;[39m &amp#27;[90m{"id":"F0050000-0000-0000-5301-000000000000"}&amp#27;[39m
&amp#27;[35m[W3C (fa22c5fe)]&amp#27;[39m Driver proxy active, passing request on via HTTP proxy
[debug] &amp#27;[35m[XCUITest]&amp#27;[39m Executing command 'proxyReqRes'
[debug] &amp#27;[35m[WD Proxy]&amp#27;[39m Matched '/wd/hub/session/fa22c5fe-5ae1-4114-abfe-4bea6798cb79/element/F0050000-0000-0000-5301-000000000000/click' to command name 'click'
[debug] &amp#27;[35m[WD Proxy]&amp#27;[39m Proxying [POST /wd/hub/session/fa22c5fe-5ae1-4114-abfe-4bea6798cb79/element/F0050000-0000-0000-5301-000000000000/click] to [POST http://127.0.0.1:8100/session/60DEF1F0-4A14-4727-943C-DB82535553CA/element/F0050000-0000-0000-5301-000000000000/click] with body: {"id":"F0050000-0000-0000-5301-000000000000"}
[debug] &amp#27;[35m[WD Proxy]&amp#27;[39m Got response with status 200: {"value":null,"sessionId":"60DEF1F0-4A14-4727-943C-DB82535553CA"}
&amp#27;[35m[WD Proxy]&amp#27;[39m Replacing sessionId 60DEF1F0-4A14-4727-943C-DB82535553CA with fa22c5fe-5ae1-4114-abfe-4bea6798cb79
&amp#27;[35m[HTTP]&amp#27;[39m &amp#27;[37m<-- POST /wd/hub/session/fa22c5fe-5ae1-4114-abfe-4bea6798cb79/element/F0050000-0000-0000-5301-000000000000/click &amp#27;[39m&amp#27;[32m200&amp#27;[39m &amp#27;[90m290 ms - 65&amp#27;[39m
&amp#27;[35m[HTTP]&amp#27;[39m &amp#27;[90m&amp#27;[39m
&amp#27;[35m[HTTP]&amp#27;[39m &amp#27;[37m-->&amp#27;[39m &amp#27;[37mPOST&amp#27;[39m &amp#27;[37m/wd/hub/session/fa22c5fe-5ae1-4114-abfe-4bea6798cb79/elements&amp#27;[39m
&amp#27;[35m[HTTP]&amp#27;[39m &amp#27;[90m{"using":"xpath","value":"//XCUIElementTypeButton[@name='checkbox outline']"}&amp#27;[39m
[debug] &amp#27;[35m[W3C (fa22c5fe)]&amp#27;[39m Calling AppiumDriver.findElements() with args: ["xpath","//XCUIElementTypeButton[@name='checkbox outline']","fa22c5fe-5ae1-4114-abfe-4bea6798cb79"]
[debug] &amp#27;[35m[XCUITest]&amp#27;[39m Executing command 'findElements'
[debug] &amp#27;[35m[BaseDriver]&amp#27;[39m Valid locator strategies for this request: xpath, id, name, class name, -ios predicate string, -ios class chain, accessibility id, css selector
[debug] &amp#27;[35m[BaseDriver]&amp#27;[39m Waiting up to 25000 ms for condition
[debug] &amp#27;[35m[XCUITest]&amp#27;[39m Setting custom timeout to 750000 ms for 'findElements' command
[debug] &amp#27;[35m[WD Proxy]&amp#27;[39m Matched '/elements' to command name 'findElements'
[debug] &amp#27;[35m[WD Proxy]&amp#27;[39m Proxying [POST /elements] to [POST http://127.0.0.1:8100/session/60DEF1F0-4A14-4727-943C-DB82535553CA/elements] with body: {"using":"xpath","value":"//XCUIElementTypeButton[@name='checkbox outline']"}
[debug] &amp#27;[35m[WD Proxy]&amp#27;[39m Got response with status 200: {"value":[{"ELEMENT":"E0050000-0000-0000-5301-000000000000","element-6066-11e4-a52e-4f735466cecf":"E0050000-0000-0000-5301-000000000000"},{"ELEMENT":"F0050000-0000-0000-5301-000000000000","element-6066-11e4-a52e-4f735466cecf":"F0050000-0000-0000-5301-000000000000"},{"ELEMENT":"F5050000-0000-0000-5301-000000000000","element-6066-11e4-a52e-4f735466cecf":"F5050000-0000-0000-5301-000000000000"},{"ELEMENT":"FA050000-0000-0000-5301-000000000000","element-6066-11e4-a52e-4f735466cecf":"FA050000-0000-0000-5301-000000000000"}],"sessionId":"60DEF1F0-4A14-4727-943C-DB82535553CA"}
[debug] &amp#27;[35m[W3C (fa22c5fe)]&amp#27;[39m Responding to client with driver.findElements() result: [{"element-6066-11e4-a52e-4f735466cecf":"E0050000-0000-0000-5301-000000000000","ELEMENT":"E0050000-0000-0000-5301-000000000000"},{"element-6066-11e4-a52e-4f735466cecf":"F0050000-0000-0000-5301-000000000000","ELEMENT":"F0050000-0000-0000-5301-000000000000"},{"element-6066-11e4-a52e-4f735466cecf":"F5050000-0000-0000-5301-000000000000","ELEMENT":"F5050000-0000-0000-5301-000000000000"},{"element-6066-11e4-a52e-4f735466cecf":"FA050000-0000-0000-5301-000000000000","ELEMENT":"FA050000-0000-0000-5301-000000000000"}]
&amp#27;[35m[HTTP]&amp#27;[39m &amp#27;[37m<-- POST /wd/hub/session/fa22c5fe-5ae1-4114-abfe-4bea6798cb79/elements &amp#27;[39m&amp#27;[32m200&amp#27;[39m &amp#27;[90m909 ms - 523&amp#27;[39m
&amp#27;[35m[HTTP]&amp#27;[39m &amp#27;[90m&amp#27;[39m
&amp#27;[35m[HTTP]&amp#27;[39m &amp#27;[37m-->&amp#27;[39m &amp#27;[37mPOST&amp#27;[39m &amp#27;[37m/wd/hub/session/fa22c5fe-5ae1-4114-abfe-4bea6798cb79/element/F5050000-0000-0000-5301-000000000000/click&amp#27;[39m
&amp#27;[35m[HTTP]&amp#27;[39m &amp#27;[90m{"id":"F5050000-0000-0000-5301-000000000000"}&amp#27;[39m
&amp#27;[35m[W3C (fa22c5fe)]&amp#27;[39m Driver proxy active, passing request on via HTTP proxy
[debug] &amp#27;[35m[XCUITest]&amp#27;[39m Executing command 'proxyReqRes'
[debug] &amp#27;[35m[WD Proxy]&amp#27;[39m Matched '/wd/hub/session/fa22c5fe-5ae1-4114-abfe-4bea6798cb79/element/F5050000-0000-0000-5301-000000000000/click' to command name 'click'
[debug] &amp#27;[35m[WD Proxy]&amp#27;[39m Proxying [POST /wd/hub/session/fa22c5fe-5ae1-4114-abfe-4bea6798cb79/element/F5050000-0000-0000-5301-000000000000/click] to [POST http://127.0.0.1:8100/session/60DEF1F0-4A14-4727-943C-DB82535553CA/element/F5050000-0000-0000-5301-000000000000/click] with body: {"id":"F5050000-0000-0000-5301-000000000000"}
[debug] &amp#27;[35m[WD Proxy]&amp#27;[39m Got response with status 200: {"value":null,"sessionId":"60DEF1F0-4A14-4727-943C-DB82535553CA"}
&amp#27;[35m[WD Proxy]&amp#27;[39m Replacing sessionId 60DEF1F0-4A14-4727-943C-DB82535553CA with fa22c5fe-5ae1-4114-abfe-4bea6798cb79
&amp#27;[35m[HTTP]&amp#27;[39m &amp#27;[37m<-- POST /wd/hub/session/fa22c5fe-5ae1-4114-abfe-4bea6798cb79/element/F5050000-0000-0000-5301-000000000000/click &amp#27;[39m&amp#27;[32m200&amp#27;[39m &amp#27;[90m232 ms - 65&amp#27;[39m
&amp#27;[35m[HTTP]&amp#27;[39m &amp#27;[90m&amp#27;[39m
&amp#27;[35m[HTTP]&amp#27;[39m &amp#27;[37m-->&amp#27;[39m &amp#27;[37mPOST&amp#27;[39m &amp#27;[37m/wd/hub/session/fa22c5fe-5ae1-4114-abfe-4bea6798cb79/elements&amp#27;[39m
&amp#27;[35m[HTTP]&amp#27;[39m &amp#27;[90m{"using":"xpath","value":"//XCUIElementTypeButton[@name='checkbox outline']"}&amp#27;[39m
[debug] &amp#27;[35m[W3C (fa22c5fe)]&amp#27;[39m Calling AppiumDriver.findElements() with args: ["xpath","//XCUIElementTypeButton[@name='checkbox outline']","fa22c5fe-5ae1-4114-abfe-4bea6798cb79"]
[debug] &amp#27;[35m[XCUITest]&amp#27;[39m Executing command 'findElements'
[debug] &amp#27;[35m[BaseDriver]&amp#27;[39m Valid locator strategies for this request: xpath, id, name, class name, -ios predicate string, -ios class chain, accessibility id, css selector
[debug] &amp#27;[35m[BaseDriver]&amp#27;[39m Waiting up to 25000 ms for condition
[debug] &amp#27;[35m[XCUITest]&amp#27;[39m Setting custom timeout to 750000 ms for 'findElements' command
[debug] &amp#27;[35m[WD Proxy]&amp#27;[39m Matched '/elements' to command name 'findElements'
[debug] &amp#27;[35m[WD Proxy]&amp#27;[39m Proxying [POST /elements] to [POST http://127.0.0.1:8100/session/60DEF1F0-4A14-4727-943C-DB82535553CA/elements] with body: {"using":"xpath","value":"//XCUIElementTypeButton[@name='checkbox outline']"}
[debug] &amp#27;[35m[WD Proxy]&amp#27;[39m Got response with status 200: {"value":[{"ELEMENT":"E0050000-0000-0000-5301-000000000000","element-6066-11e4-a52e-4f735466cecf":"E0050000-0000-0000-5301-000000000000"},{"ELEMENT":"F0050000-0000-0000-5301-000000000000","element-6066-11e4-a52e-4f735466cecf":"F0050000-0000-0000-5301-000000000000"},{"ELEMENT":"F5050000-0000-0000-5301-000000000000","element-6066-11e4-a52e-4f735466cecf":"F5050000-0000-0000-5301-000000000000"},{"ELEMENT":"FA050000-0000-0000-5301-000000000000","element-6066-11e4-a52e-4f735466cecf":"FA050000-0000-0000-5301-000000000000"}],"sessionId":"60DEF1F0-4A14-4727-943C-DB82535553CA"}
[debug] &amp#27;[35m[W3C (fa22c5fe)]&amp#27;[39m Responding to client with driver.findElements() result: [{"element-6066-11e4-a52e-4f735466cecf":"E0050000-0000-0000-5301-000000000000","ELEMENT":"E0050000-0000-0000-5301-000000000000"},{"element-6066-11e4-a52e-4f735466cecf":"F0050000-0000-0000-5301-000000000000","ELEMENT":"F0050000-0000-0000-5301-000000000000"},{"element-6066-11e4-a52e-4f735466cecf":"F5050000-0000-0000-5301-000000000000","ELEMENT":"F5050000-0000-0000-5301-000000000000"},{"element-6066-11e4-a52e-4f735466cecf":"FA050000-0000-0000-5301-000000000000","ELEMENT":"FA050000-0000-0000-5301-000000000000"}]
&amp#27;[35m[HTTP]&amp#27;[39m &amp#27;[37m<-- POST /wd/hub/session/fa22c5fe-5ae1-4114-abfe-4bea6798cb79/elements &amp#27;[39m&amp#27;[32m200&amp#27;[39m &amp#27;[90m843 ms - 523&amp#27;[39m
&amp#27;[35m[HTTP]&amp#27;[39m &amp#27;[90m&amp#27;[39m
&amp#27;[35m[HTTP]&amp#27;[39m &amp#27;[37m-->&amp#27;[39m &amp#27;[37mPOST&amp#27;[39m &amp#27;[37m/wd/hub/session/fa22c5fe-5ae1-4114-abfe-4bea6798cb79/element/FA050000-0000-0000-5301-000000000000/click&amp#27;[39m
&amp#27;[35m[HTTP]&amp#27;[39m &amp#27;[90m{"id":"FA050000-0000-0000-5301-000000000000"}&amp#27;[39m
&amp#27;[35m[W3C (fa22c5fe)]&amp#27;[39m Driver proxy active, passing request on via HTTP proxy
[debug] &amp#27;[35m[XCUITest]&amp#27;[39m Executing command 'proxyReqRes'
[debug] &amp#27;[35m[WD Proxy]&amp#27;[39m Matched '/wd/hub/session/fa22c5fe-5ae1-4114-abfe-4bea6798cb79/element/FA050000-0000-0000-5301-000000000000/click' to command name 'click'
[debug] &amp#27;[35m[WD Proxy]&amp#27;[39m Proxying [POST /wd/hub/session/fa22c5fe-5ae1-4114-abfe-4bea6798cb79/element/FA050000-0000-0000-5301-000000000000/click] to [POST http://127.0.0.1:8100/session/60DEF1F0-4A14-4727-943C-DB82535553CA/element/FA050000-0000-0000-5301-000000000000/click] with body: {"id":"FA050000-0000-0000-5301-000000000000"}
[debug] &amp#27;[35m[WD Proxy]&amp#27;[39m Got response with status 200: {"value":null,"sessionId":"60DEF1F0-4A14-4727-943C-DB82535553CA"}
&amp#27;[35m[WD Proxy]&amp#27;[39m Replacing sessionId 60DEF1F0-4A14-4727-943C-DB82535553CA with fa22c5fe-5ae1-4114-abfe-4bea6798cb79
&amp#27;[35m[HTTP]&amp#27;[39m &amp#27;[37m<-- POST /wd/hub/session/fa22c5fe-5ae1-4114-abfe-4bea6798cb79/element/FA050000-0000-0000-5301-000000000000/click &amp#27;[39m&amp#27;[32m200&amp#27;[39m &amp#27;[90m276 ms - 65&amp#27;[39m
&amp#27;[35m[HTTP]&amp#27;[39m &amp#27;[90m&amp#27;[39m
&amp#27;[35m[HTTP]&amp#27;[39m &amp#27;[37m-->&amp#27;[39m &amp#27;[37mPOST&amp#27;[39m &amp#27;[37m/wd/hub/session/fa22c5fe-5ae1-4114-abfe-4bea6798cb79/element&amp#27;[39m
&amp#27;[35m[HTTP]&amp#27;[39m &amp#27;[90m{"using":"xpath","value":"//XCUIElementTypeStaticText[@name='CONTINUE']"}&amp#27;[39m
[debug] &amp#27;[35m[W3C (fa22c5fe)]&amp#27;[39m Calling AppiumDriver.findElement() with args: ["xpath","//XCUIElementTypeStaticText[@name='CONTINUE']","fa22c5fe-5ae1-4114-abfe-4bea6798cb79"]
[debug] &amp#27;[35m[XCUITest]&amp#27;[39m Executing command 'findElement'
[debug] &amp#27;[35m[BaseDriver]&amp#27;[39m Valid locator strategies for this request: xpath, id, name, class name, -ios predicate string, -ios class chain, accessibility id, css selector
[debug] &amp#27;[35m[BaseDriver]&amp#27;[39m Waiting up to 25000 ms for condition
[debug] &amp#27;[35m[XCUITest]&amp#27;[39m Setting custom timeout to 750000 ms for 'findElement' command
[debug] &amp#27;[35m[WD Proxy]&amp#27;[39m Matched '/element' to command name 'findElement'
[debug] &amp#27;[35m[WD Proxy]&amp#27;[39m Proxying [POST /element] to [POST http://127.0.0.1:8100/session/60DEF1F0-4A14-4727-943C-DB82535553CA/element] with body: {"using":"xpath","value":"//XCUIElementTypeStaticText[@name='CONTINUE']"}
[debug] &amp#27;[35m[WD Proxy]&amp#27;[39m Got response with status 200: {"value":{"ELEMENT":"FE050000-0000-0000-5301-000000000000","element-6066-11e4-a52e-4f735466cecf":"FE050000-0000-0000-5301-000000000000"},"sessionId":"60DEF1F0-4A14-4727-943C-DB82535553CA"}
[debug] &amp#27;[35m[W3C (fa22c5fe)]&amp#27;[39m Responding to client with driver.findElement() result: {"element-6066-11e4-a52e-4f735466cecf":"FE050000-0000-0000-5301-000000000000","ELEMENT":"FE050000-0000-0000-5301-000000000000"}
&amp#27;[35m[HTTP]&amp#27;[39m &amp#27;[37m<-- POST /wd/hub/session/fa22c5fe-5ae1-4114-abfe-4bea6798cb79/element &amp#27;[39m&amp#27;[32m200&amp#27;[39m &amp#27;[90m673 ms - 137&amp#27;[39m
&amp#27;[35m[HTTP]&amp#27;[39m &amp#27;[90m&amp#27;[39m
&amp#27;[35m[HTTP]&amp#27;[39m &amp#27;[37m-->&amp#27;[39m &amp#27;[37mPOST&amp#27;[39m &amp#27;[37m/wd/hub/session/fa22c5fe-5ae1-4114-abfe-4bea6798cb79/element/FE050000-0000-0000-5301-000000000000/click&amp#27;[39m
&amp#27;[35m[HTTP]&amp#27;[39m &amp#27;[90m{"id":"FE050000-0000-0000-5301-000000000000"}&amp#27;[39m
&amp#27;[35m[W3C (fa22c5fe)]&amp#27;[39m Driver proxy active, passing request on via HTTP proxy
[debug] &amp#27;[35m[XCUITest]&amp#27;[39m Executing command 'proxyReqRes'
[debug] &amp#27;[35m[WD Proxy]&amp#27;[39m Matched '/wd/hub/session/fa22c5fe-5ae1-4114-abfe-4bea6798cb79/element/FE050000-0000-0000-5301-000000000000/click' to command name 'click'
[debug] &amp#27;[35m[WD Proxy]&amp#27;[39m Proxying [POST /wd/hub/session/fa22c5fe-5ae1-4114-abfe-4bea6798cb79/element/FE050000-0000-0000-5301-000000000000/click] to [POST http://127.0.0.1:8100/session/60DEF1F0-4A14-4727-943C-DB82535553CA/element/FE050000-0000-0000-5301-000000000000/click] with body: {"id":"FE050000-0000-0000-5301-000000000000"}
[debug] &amp#27;[35m[WD Proxy]&amp#27;[39m Got response with status 200: {"value":null,"sessionId":"60DEF1F0-4A14-4727-943C-DB82535553CA"}
&amp#27;[35m[WD Proxy]&amp#27;[39m Replacing sessionId 60DEF1F0-4A14-4727-943C-DB82535553CA with fa22c5fe-5ae1-4114-abfe-4bea6798cb79
&amp#27;[35m[HTTP]&amp#27;[39m &amp#27;[37m<-- POST /wd/hub/session/fa22c5fe-5ae1-4114-abfe-4bea6798cb79/element/FE050000-0000-0000-5301-000000000000/click &amp#27;[39m&amp#27;[32m200&amp#27;[39m &amp#27;[90m279 ms - 65&amp#27;[39m
&amp#27;[35m[HTTP]&amp#27;[39m &amp#27;[90m&amp#27;[39m
&amp#27;[35m[HTTP]&amp#27;[39m &amp#27;[37m-->&amp#27;[39m &amp#27;[37mPOST&amp#27;[39m &amp#27;[37m/wd/hub/session/fa22c5fe-5ae1-4114-abfe-4bea6798cb79/elements&amp#27;[39m
&amp#27;[35m[HTTP]&amp#27;[39m &amp#27;[90m{"using":"xpath","value":"//XCUIElementTypeButton[@name='checkbox outline']"}&amp#27;[39m
[debug] &amp#27;[35m[W3C (fa22c5fe)]&amp#27;[39m Calling AppiumDriver.findElements() with args: ["xpath","//XCUIElementTypeButton[@name='checkbox outline']","fa22c5fe-5ae1-4114-abfe-4bea6798cb79"]
[debug] &amp#27;[35m[XCUITest]&amp#27;[39m Executing command 'findElements'
[debug] &amp#27;[35m[BaseDriver]&amp#27;[39m Valid locator strategies for this request: xpath, id, name, class name, -ios predicate string, -ios class chain, accessibility id, css selector
[debug] &amp#27;[35m[BaseDriver]&amp#27;[39m Waiting up to 25000 ms for condition
[debug] &amp#27;[35m[XCUITest]&amp#27;[39m Setting custom timeout to 750000 ms for 'findElements' command
[debug] &amp#27;[35m[WD Proxy]&amp#27;[39m Matched '/elements' to command name 'findElements'
[debug] &amp#27;[35m[WD Proxy]&amp#27;[39m Proxying [POST /elements] to [POST http://127.0.0.1:8100/session/60DEF1F0-4A14-4727-943C-DB82535553CA/elements] with body: {"using":"xpath","value":"//XCUIElementTypeButton[@name='checkbox outline']"}
&amp#27;[35m[WD Proxy]&amp#27;[39m Got response with status 404: {"value":{"error":"stale element reference","message":"The previously found element \"\"checkbox outline\" Button\" is not present in the current view anymore. Make sure the application UI has the expected state. Original error: No matches found for Elements matching predicate 'wdUID IN {\"E0050000-0000-0000-5301-000000000000\", \"F0050000-0000-0000-5301-000000000000\", \"F5050000-0000-0000-5301-000000000000\", \"FA050000-0000-0000-5301-000000000000\"}' from input {(\n    Button,\n    Button,\n    Button,\n    Button,\n    Button,\n    Button,\n    Button,\n    Button,\n    Button,\n    Button,\n    Button,\n    Button,\n    Button,\n    Button,\n    Button,\n    Button\n)}","traceback":"(\n\t0   CoreFoundation                      0x00000001a103e5c0 472C9193-115D-34CD-AD1D-0E7E091C9432 + 1185216\n\t1   libobjc.A.dylib                     0x00000001b50b842c objc_exception_throw + 60\n\t2   WebDriverAgentLib                   0x0000000107fa11f8 -[XCUIElement(FBUtilities) fb_takeSnapshot] + 852\n\t3   WebDri...
[debug] &amp#27;[35m[W3C]&amp#27;[39m Matched W3C error code 'stale element reference' to StaleElementReferenceError
[debug] &amp#27;[35m[BaseDriver]&amp#27;[39m Waited for 725 ms so far
[debug] &amp#27;[35m[XCUITest]&amp#27;[39m Setting custom timeout to 750000 ms for 'findElements' command
[debug] &amp#27;[35m[WD Proxy]&amp#27;[39m Matched '/elements' to command name 'findElements'
[debug] &amp#27;[35m[WD Proxy]&amp#27;[39m Proxying [POST /elements] to [POST http://127.0.0.1:8100/session/60DEF1F0-4A14-4727-943C-DB82535553CA/elements] with body: {"using":"xpath","value":"//XCUIElementTypeButton[@name='checkbox outline']"}
[debug] &amp#27;[35m[WD Proxy]&amp#27;[39m Got response with status 200: {"value":[{"ELEMENT":"15060000-0000-0000-5301-000000000000","element-6066-11e4-a52e-4f735466cecf":"15060000-0000-0000-5301-000000000000"},{"ELEMENT":"25060000-0000-0000-5301-000000000000","element-6066-11e4-a52e-4f735466cecf":"25060000-0000-0000-5301-000000000000"},{"ELEMENT":"2A060000-0000-0000-5301-000000000000","element-6066-11e4-a52e-4f735466cecf":"2A060000-0000-0000-5301-000000000000"},{"ELEMENT":"2F060000-0000-0000-5301-000000000000","element-6066-11e4-a52e-4f735466cecf":"2F060000-0000-0000-5301-000000000000"}],"sessionId":"60DEF1F0-4A14-4727-943C-DB82535553CA"}
[debug] &amp#27;[35m[W3C (fa22c5fe)]&amp#27;[39m Responding to client with driver.findElements() result: [{"element-6066-11e4-a52e-4f735466cecf":"15060000-0000-0000-5301-000000000000","ELEMENT":"15060000-0000-0000-5301-000000000000"},{"element-6066-11e4-a52e-4f735466cecf":"25060000-0000-0000-5301-000000000000","ELEMENT":"25060000-0000-0000-5301-000000000000"},{"element-6066-11e4-a52e-4f735466cecf":"2A060000-0000-0000-5301-000000000000","ELEMENT":"2A060000-0000-0000-5301-000000000000"},{"element-6066-11e4-a52e-4f735466cecf":"2F060000-0000-0000-5301-000000000000","ELEMENT":"2F060000-0000-0000-5301-000000000000"}]
&amp#27;[35m[HTTP]&amp#27;[39m &amp#27;[37m<-- POST /wd/hub/session/fa22c5fe-5ae1-4114-abfe-4bea6798cb79/elements &amp#27;[39m&amp#27;[32m200&amp#27;[39m &amp#27;[90m2043 ms - 523&amp#27;[39m
&amp#27;[35m[HTTP]&amp#27;[39m &amp#27;[90m&amp#27;[39m
&amp#27;[35m[HTTP]&amp#27;[39m &amp#27;[37m-->&amp#27;[39m &amp#27;[37mPOST&amp#27;[39m &amp#27;[37m/wd/hub/session/fa22c5fe-5ae1-4114-abfe-4bea6798cb79/elements&amp#27;[39m
&amp#27;[35m[HTTP]&amp#27;[39m &amp#27;[90m{"using":"xpath","value":"//XCUIElementTypeButton[@name='checkbox outline']"}&amp#27;[39m
[debug] &amp#27;[35m[W3C (fa22c5fe)]&amp#27;[39m Calling AppiumDriver.findElements() with args: ["xpath","//XCUIElementTypeButton[@name='checkbox outline']","fa22c5fe-5ae1-4114-abfe-4bea6798cb79"]
[debug] &amp#27;[35m[XCUITest]&amp#27;[39m Executing command 'findElements'
[debug] &amp#27;[35m[BaseDriver]&amp#27;[39m Valid locator strategies for this request: xpath, id, name, class name, -ios predicate string, -ios class chain, accessibility id, css selector
[debug] &amp#27;[35m[BaseDriver]&amp#27;[39m Waiting up to 25000 ms for condition
[debug] &amp#27;[35m[XCUITest]&amp#27;[39m Setting custom timeout to 750000 ms for 'findElements' command
[debug] &amp#27;[35m[WD Proxy]&amp#27;[39m Matched '/elements' to command name 'findElements'
[debug] &amp#27;[35m[WD Proxy]&amp#27;[39m Proxying [POST /elements] to [POST http://127.0.0.1:8100/session/60DEF1F0-4A14-4727-943C-DB82535553CA/elements] with body: {"using":"xpath","value":"//XCUIElementTypeButton[@name='checkbox outline']"}
[debug] &amp#27;[35m[WD Proxy]&amp#27;[39m Got response with status 200: {"value":[{"ELEMENT":"15060000-0000-0000-5301-000000000000","element-6066-11e4-a52e-4f735466cecf":"15060000-0000-0000-5301-000000000000"},{"ELEMENT":"25060000-0000-0000-5301-000000000000","element-6066-11e4-a52e-4f735466cecf":"25060000-0000-0000-5301-000000000000"},{"ELEMENT":"2A060000-0000-0000-5301-000000000000","element-6066-11e4-a52e-4f735466cecf":"2A060000-0000-0000-5301-000000000000"},{"ELEMENT":"2F060000-0000-0000-5301-000000000000","element-6066-11e4-a52e-4f735466cecf":"2F060000-0000-0000-5301-000000000000"}],"sessionId":"60DEF1F0-4A14-4727-943C-DB82535553CA"}
[debug] &amp#27;[35m[W3C (fa22c5fe)]&amp#27;[39m Responding to client with driver.findElements() result: [{"element-6066-11e4-a52e-4f735466cecf":"15060000-0000-0000-5301-000000000000","ELEMENT":"15060000-0000-0000-5301-000000000000"},{"element-6066-11e4-a52e-4f735466cecf":"25060000-0000-0000-5301-000000000000","ELEMENT":"25060000-0000-0000-5301-000000000000"},{"element-6066-11e4-a52e-4f735466cecf":"2A060000-0000-0000-5301-000000000000","ELEMENT":"2A060000-0000-0000-5301-000000000000"},{"element-6066-11e4-a52e-4f735466cecf":"2F060000-0000-0000-5301-000000000000","ELEMENT":"2F060000-0000-0000-5301-000000000000"}]
&amp#27;[35m[HTTP]&amp#27;[39m &amp#27;[37m<-- POST /wd/hub/session/fa22c5fe-5ae1-4114-abfe-4bea6798cb79/elements &amp#27;[39m&amp#27;[32m200&amp#27;[39m &amp#27;[90m833 ms - 523&amp#27;[39m
&amp#27;[35m[HTTP]&amp#27;[39m &amp#27;[90m&amp#27;[39m
&amp#27;[35m[HTTP]&amp#27;[39m &amp#27;[37m-->&amp#27;[39m &amp#27;[37mPOST&amp#27;[39m &amp#27;[37m/wd/hub/session/fa22c5fe-5ae1-4114-abfe-4bea6798cb79/element/15060000-0000-0000-5301-000000000000/click&amp#27;[39m
&amp#27;[35m[HTTP]&amp#27;[39m &amp#27;[90m{"id":"15060000-0000-0000-5301-000000000000"}&amp#27;[39m
&amp#27;[35m[W3C (fa22c5fe)]&amp#27;[39m Driver proxy active, passing request on via HTTP proxy
[debug] &amp#27;[35m[XCUITest]&amp#27;[39m Executing command 'proxyReqRes'
[debug] &amp#27;[35m[WD Proxy]&amp#27;[39m Matched '/wd/hub/session/fa22c5fe-5ae1-4114-abfe-4bea6798cb79/element/15060000-0000-0000-5301-000000000000/click' to command name 'click'
[debug] &amp#27;[35m[WD Proxy]&amp#27;[39m Proxying [POST /wd/hub/session/fa22c5fe-5ae1-4114-abfe-4bea6798cb79/element/15060000-0000-0000-5301-000000000000/click] to [POST http://127.0.0.1:8100/session/60DEF1F0-4A14-4727-943C-DB82535553CA/element/15060000-0000-0000-5301-000000000000/click] with body: {"id":"15060000-0000-0000-5301-000000000000"}
[debug] &amp#27;[35m[WD Proxy]&amp#27;[39m Got response with status 200: {"value":null,"sessionId":"60DEF1F0-4A14-4727-943C-DB82535553CA"}
&amp#27;[35m[WD Proxy]&amp#27;[39m Replacing sessionId 60DEF1F0-4A14-4727-943C-DB82535553CA with fa22c5fe-5ae1-4114-abfe-4bea6798cb79
&amp#27;[35m[HTTP]&amp#27;[39m &amp#27;[37m<-- POST /wd/hub/session/fa22c5fe-5ae1-4114-abfe-4bea6798cb79/element/15060000-0000-0000-5301-000000000000/click &amp#27;[39m&amp#27;[32m200&amp#27;[39m &amp#27;[90m296 ms - 65&amp#27;[39m
&amp#27;[35m[HTTP]&amp#27;[39m &amp#27;[90m&amp#27;[39m
&amp#27;[35m[HTTP]&amp#27;[39m &amp#27;[37m-->&amp#27;[39m &amp#27;[37mPOST&amp#27;[39m &amp#27;[37m/wd/hub/session/fa22c5fe-5ae1-4114-abfe-4bea6798cb79/elements&amp#27;[39m
&amp#27;[35m[HTTP]&amp#27;[39m &amp#27;[90m{"using":"xpath","value":"//XCUIElementTypeButton[@name='checkbox outline']"}&amp#27;[39m
[debug] &amp#27;[35m[W3C (fa22c5fe)]&amp#27;[39m Calling AppiumDriver.findElements() with args: ["xpath","//XCUIElementTypeButton[@name='checkbox outline']","fa22c5fe-5ae1-4114-abfe-4bea6798cb79"]
[debug] &amp#27;[35m[XCUITest]&amp#27;[39m Executing command 'findElements'
[debug] &amp#27;[35m[BaseDriver]&amp#27;[39m Valid locator strategies for this request: xpath, id, name, class name, -ios predicate string, -ios class chain, accessibility id, css selector
[debug] &amp#27;[35m[BaseDriver]&amp#27;[39m Waiting up to 25000 ms for condition
[debug] &amp#27;[35m[XCUITest]&amp#27;[39m Setting custom timeout to 750000 ms for 'findElements' command
[debug] &amp#27;[35m[WD Proxy]&amp#27;[39m Matched '/elements' to command name 'findElements'
[debug] &amp#27;[35m[WD Proxy]&amp#27;[39m Proxying [POST /elements] to [POST http://127.0.0.1:8100/session/60DEF1F0-4A14-4727-943C-DB82535553CA/elements] with body: {"using":"xpath","value":"//XCUIElementTypeButton[@name='checkbox outline']"}
[debug] &amp#27;[35m[WD Proxy]&amp#27;[39m Got response with status 200: {"value":[{"ELEMENT":"15060000-0000-0000-5301-000000000000","element-6066-11e4-a52e-4f735466cecf":"15060000-0000-0000-5301-000000000000"},{"ELEMENT":"25060000-0000-0000-5301-000000000000","element-6066-11e4-a52e-4f735466cecf":"25060000-0000-0000-5301-000000000000"},{"ELEMENT":"2A060000-0000-0000-5301-000000000000","element-6066-11e4-a52e-4f735466cecf":"2A060000-0000-0000-5301-000000000000"},{"ELEMENT":"2F060000-0000-0000-5301-000000000000","element-6066-11e4-a52e-4f735466cecf":"2F060000-0000-0000-5301-000000000000"}],"sessionId":"60DEF1F0-4A14-4727-943C-DB82535553CA"}
[debug] &amp#27;[35m[W3C (fa22c5fe)]&amp#27;[39m Responding to client with driver.findElements() result: [{"element-6066-11e4-a52e-4f735466cecf":"15060000-0000-0000-5301-000000000000","ELEMENT":"15060000-0000-0000-5301-000000000000"},{"element-6066-11e4-a52e-4f735466cecf":"25060000-0000-0000-5301-000000000000","ELEMENT":"25060000-0000-0000-5301-000000000000"},{"element-6066-11e4-a52e-4f735466cecf":"2A060000-0000-0000-5301-000000000000","ELEMENT":"2A060000-0000-0000-5301-000000000000"},{"element-6066-11e4-a52e-4f735466cecf":"2F060000-0000-0000-5301-000000000000","ELEMENT":"2F060000-0000-0000-5301-000000000000"}]
&amp#27;[35m[HTTP]&amp#27;[39m &amp#27;[37m<-- POST /wd/hub/session/fa22c5fe-5ae1-4114-abfe-4bea6798cb79/elements &amp#27;[39m&amp#27;[32m200&amp#27;[39m &amp#27;[90m904 ms - 523&amp#27;[39m
&amp#27;[35m[HTTP]&amp#27;[39m &amp#27;[90m&amp#27;[39m
&amp#27;[35m[HTTP]&amp#27;[39m &amp#27;[37m-->&amp#27;[39m &amp#27;[37mPOST&amp#27;[39m &amp#27;[37m/wd/hub/session/fa22c5fe-5ae1-4114-abfe-4bea6798cb79/element/25060000-0000-0000-5301-000000000000/click&amp#27;[39m
&amp#27;[35m[HTTP]&amp#27;[39m &amp#27;[90m{"id":"25060000-0000-0000-5301-000000000000"}&amp#27;[39m
&amp#27;[35m[W3C (fa22c5fe)]&amp#27;[39m Driver proxy active, passing request on via HTTP proxy
[debug] &amp#27;[35m[XCUITest]&amp#27;[39m Executing command 'proxyReqRes'
[debug] &amp#27;[35m[WD Proxy]&amp#27;[39m Matched '/wd/hub/session/fa22c5fe-5ae1-4114-abfe-4bea6798cb79/element/25060000-0000-0000-5301-000000000000/click' to command name 'click'
[debug] &amp#27;[35m[WD Proxy]&amp#27;[39m Proxying [POST /wd/hub/session/fa22c5fe-5ae1-4114-abfe-4bea6798cb79/element/25060000-0000-0000-5301-000000000000/click] to [POST http://127.0.0.1:8100/session/60DEF1F0-4A14-4727-943C-DB82535553CA/element/25060000-0000-0000-5301-000000000000/click] with body: {"id":"25060000-0000-0000-5301-000000000000"}
[debug] &amp#27;[35m[WD Proxy]&amp#27;[39m Got response with status 200: {"value":null,"sessionId":"60DEF1F0-4A14-4727-943C-DB82535553CA"}
&amp#27;[35m[WD Proxy]&amp#27;[39m Replacing sessionId 60DEF1F0-4A14-4727-943C-DB82535553CA with fa22c5fe-5ae1-4114-abfe-4bea6798cb79
&amp#27;[35m[HTTP]&amp#27;[39m &amp#27;[37m<-- POST /wd/hub/session/fa22c5fe-5ae1-4114-abfe-4bea6798cb79/element/25060000-0000-0000-5301-000000000000/click &amp#27;[39m&amp#27;[32m200&amp#27;[39m &amp#27;[90m285 ms - 65&amp#27;[39m
&amp#27;[35m[HTTP]&amp#27;[39m &amp#27;[90m&amp#27;[39m
&amp#27;[35m[HTTP]&amp#27;[39m &amp#27;[37m-->&amp#27;[39m &amp#27;[37mPOST&amp#27;[39m &amp#27;[37m/wd/hub/session/fa22c5fe-5ae1-4114-abfe-4bea6798cb79/elements&amp#27;[39m
&amp#27;[35m[HTTP]&amp#27;[39m &amp#27;[90m{"using":"xpath","value":"//XCUIElementTypeButton[@name='checkbox outline']"}&amp#27;[39m
[debug] &amp#27;[35m[W3C (fa22c5fe)]&amp#27;[39m Calling AppiumDriver.findElements() with args: ["xpath","//XCUIElementTypeButton[@name='checkbox outline']","fa22c5fe-5ae1-4114-abfe-4bea6798cb79"]
[debug] &amp#27;[35m[XCUITest]&amp#27;[39m Executing command 'findElements'
[debug] &amp#27;[35m[BaseDriver]&amp#27;[39m Valid locator strategies for this request: xpath, id, name, class name, -ios predicate string, -ios class chain, accessibility id, css selector
[debug] &amp#27;[35m[BaseDriver]&amp#27;[39m Waiting up to 25000 ms for condition
[debug] &amp#27;[35m[XCUITest]&amp#27;[39m Setting custom timeout to 750000 ms for 'findElements' command
[debug] &amp#27;[35m[WD Proxy]&amp#27;[39m Matched '/elements' to command name 'findElements'
[debug] &amp#27;[35m[WD Proxy]&amp#27;[39m Proxying [POST /elements] to [POST http://127.0.0.1:8100/session/60DEF1F0-4A14-4727-943C-DB82535553CA/elements] with body: {"using":"xpath","value":"//XCUIElementTypeButton[@name='checkbox outline']"}
[debug] &amp#27;[35m[WD Proxy]&amp#27;[39m Got response with status 200: {"value":[{"ELEMENT":"15060000-0000-0000-5301-000000000000","element-6066-11e4-a52e-4f735466cecf":"15060000-0000-0000-5301-000000000000"},{"ELEMENT":"25060000-0000-0000-5301-000000000000","element-6066-11e4-a52e-4f735466cecf":"25060000-0000-0000-5301-000000000000"},{"ELEMENT":"2A060000-0000-0000-5301-000000000000","element-6066-11e4-a52e-4f735466cecf":"2A060000-0000-0000-5301-000000000000"},{"ELEMENT":"2F060000-0000-0000-5301-000000000000","element-6066-11e4-a52e-4f735466cecf":"2F060000-0000-0000-5301-000000000000"}],"sessionId":"60DEF1F0-4A14-4727-943C-DB82535553CA"}
[debug] &amp#27;[35m[W3C (fa22c5fe)]&amp#27;[39m Responding to client with driver.findElements() result: [{"element-6066-11e4-a52e-4f735466cecf":"15060000-0000-0000-5301-000000000000","ELEMENT":"15060000-0000-0000-5301-000000000000"},{"element-6066-11e4-a52e-4f735466cecf":"25060000-0000-0000-5301-000000000000","ELEMENT":"25060000-0000-0000-5301-000000000000"},{"element-6066-11e4-a52e-4f735466cecf":"2A060000-0000-0000-5301-000000000000","ELEMENT":"2A060000-0000-0000-5301-000000000000"},{"element-6066-11e4-a52e-4f735466cecf":"2F060000-0000-0000-5301-000000000000","ELEMENT":"2F060000-0000-0000-5301-000000000000"}]
&amp#27;[35m[HTTP]&amp#27;[39m &amp#27;[37m<-- POST /wd/hub/session/fa22c5fe-5ae1-4114-abfe-4bea6798cb79/elements &amp#27;[39m&amp#27;[32m200&amp#27;[39m &amp#27;[90m894 ms - 523&amp#27;[39m
&amp#27;[35m[HTTP]&amp#27;[39m &amp#27;[90m&amp#27;[39m
&amp#27;[35m[HTTP]&amp#27;[39m &amp#27;[37m-->&amp#27;[39m &amp#27;[37mPOST&amp#27;[39m &amp#27;[37m/wd/hub/session/fa22c5fe-5ae1-4114-abfe-4bea6798cb79/element/2A060000-0000-0000-5301-000000000000/click&amp#27;[39m
&amp#27;[35m[HTTP]&amp#27;[39m &amp#27;[90m{"id":"2A060000-0000-0000-5301-000000000000"}&amp#27;[39m
&amp#27;[35m[W3C (fa22c5fe)]&amp#27;[39m Driver proxy active, passing request on via HTTP proxy
[debug] &amp#27;[35m[XCUITest]&amp#27;[39m Executing command 'proxyReqRes'
[debug] &amp#27;[35m[WD Proxy]&amp#27;[39m Matched '/wd/hub/session/fa22c5fe-5ae1-4114-abfe-4bea6798cb79/element/2A060000-0000-0000-5301-000000000000/click' to command name 'click'
[debug] &amp#27;[35m[WD Proxy]&amp#27;[39m Proxying [POST /wd/hub/session/fa22c5fe-5ae1-4114-abfe-4bea6798cb79/element/2A060000-0000-0000-5301-000000000000/click] to [POST http://127.0.0.1:8100/session/60DEF1F0-4A14-4727-943C-DB82535553CA/element/2A060000-0000-0000-5301-000000000000/click] with body: {"id":"2A060000-0000-0000-5301-000000000000"}
[debug] &amp#27;[35m[WD Proxy]&amp#27;[39m Got response with status 200: {"value":null,"sessionId":"60DEF1F0-4A14-4727-943C-DB82535553CA"}
&amp#27;[35m[WD Proxy]&amp#27;[39m Replacing sessionId 60DEF1F0-4A14-4727-943C-DB82535553CA with fa22c5fe-5ae1-4114-abfe-4bea6798cb79
&amp#27;[35m[HTTP]&amp#27;[39m &amp#27;[37m<-- POST /wd/hub/session/fa22c5fe-5ae1-4114-abfe-4bea6798cb79/element/2A060000-0000-0000-5301-000000000000/click &amp#27;[39m&amp#27;[32m200&amp#27;[39m &amp#27;[90m258 ms - 65&amp#27;[39m
&amp#27;[35m[HTTP]&amp#27;[39m &amp#27;[90m&amp#27;[39m
&amp#27;[35m[HTTP]&amp#27;[39m &amp#27;[37m-->&amp#27;[39m &amp#27;[37mPOST&amp#27;[39m &amp#27;[37m/wd/hub/session/fa22c5fe-5ae1-4114-abfe-4bea6798cb79/elements&amp#27;[39m
&amp#27;[35m[HTTP]&amp#27;[39m &amp#27;[90m{"using":"xpath","value":"//XCUIElementTypeButton[@name='checkbox outline']"}&amp#27;[39m
[debug] &amp#27;[35m[W3C (fa22c5fe)]&amp#27;[39m Calling AppiumDriver.findElements() with args: ["xpath","//XCUIElementTypeButton[@name='checkbox outline']","fa22c5fe-5ae1-4114-abfe-4bea6798cb79"]
[debug] &amp#27;[35m[XCUITest]&amp#27;[39m Executing command 'findElements'
[debug] &amp#27;[35m[BaseDriver]&amp#27;[39m Valid locator strategies for this request: xpath, id, name, class name, -ios predicate string, -ios class chain, accessibility id, css selector
[debug] &amp#27;[35m[BaseDriver]&amp#27;[39m Waiting up to 25000 ms for condition
[debug] &amp#27;[35m[XCUITest]&amp#27;[39m Setting custom timeout to 750000 ms for 'findElements' command
[debug] &amp#27;[35m[WD Proxy]&amp#27;[39m Matched '/elements' to command name 'findElements'
[debug] &amp#27;[35m[WD Proxy]&amp#27;[39m Proxying [POST /elements] to [POST http://127.0.0.1:8100/session/60DEF1F0-4A14-4727-943C-DB82535553CA/elements] with body: {"using":"xpath","value":"//XCUIElementTypeButton[@name='checkbox outline']"}
[debug] &amp#27;[35m[WD Proxy]&amp#27;[39m Got response with status 200: {"value":[{"ELEMENT":"15060000-0000-0000-5301-000000000000","element-6066-11e4-a52e-4f735466cecf":"15060000-0000-0000-5301-000000000000"},{"ELEMENT":"25060000-0000-0000-5301-000000000000","element-6066-11e4-a52e-4f735466cecf":"25060000-0000-0000-5301-000000000000"},{"ELEMENT":"2A060000-0000-0000-5301-000000000000","element-6066-11e4-a52e-4f735466cecf":"2A060000-0000-0000-5301-000000000000"},{"ELEMENT":"2F060000-0000-0000-5301-000000000000","element-6066-11e4-a52e-4f735466cecf":"2F060000-0000-0000-5301-000000000000"}],"sessionId":"60DEF1F0-4A14-4727-943C-DB82535553CA"}
[debug] &amp#27;[35m[W3C (fa22c5fe)]&amp#27;[39m Responding to client with driver.findElements() result: [{"element-6066-11e4-a52e-4f735466cecf":"15060000-0000-0000-5301-000000000000","ELEMENT":"15060000-0000-0000-5301-000000000000"},{"element-6066-11e4-a52e-4f735466cecf":"25060000-0000-0000-5301-000000000000","ELEMENT":"25060000-0000-0000-5301-000000000000"},{"element-6066-11e4-a52e-4f735466cecf":"2A060000-0000-0000-5301-000000000000","ELEMENT":"2A060000-0000-0000-5301-000000000000"},{"element-6066-11e4-a52e-4f735466cecf":"2F060000-0000-0000-5301-000000000000","ELEMENT":"2F060000-0000-0000-5301-000000000000"}]
&amp#27;[35m[HTTP]&amp#27;[39m &amp#27;[37m<-- POST /wd/hub/session/fa22c5fe-5ae1-4114-abfe-4bea6798cb79/elements &amp#27;[39m&amp#27;[32m200&amp#27;[39m &amp#27;[90m893 ms - 523&amp#27;[39m
&amp#27;[35m[HTTP]&amp#27;[39m &amp#27;[90m&amp#27;[39m
&amp#27;[35m[HTTP]&amp#27;[39m &amp#27;[37m-->&amp#27;[39m &amp#27;[37mPOST&amp#27;[39m &amp#27;[37m/wd/hub/session/fa22c5fe-5ae1-4114-abfe-4bea6798cb79/element/2F060000-0000-0000-5301-000000000000/click&amp#27;[39m
&amp#27;[35m[HTTP]&amp#27;[39m &amp#27;[90m{"id":"2F060000-0000-0000-5301-000000000000"}&amp#27;[39m
&amp#27;[35m[W3C (fa22c5fe)]&amp#27;[39m Driver proxy active, passing request on via HTTP proxy
[debug] &amp#27;[35m[XCUITest]&amp#27;[39m Executing command 'proxyReqRes'
[debug] &amp#27;[35m[WD Proxy]&amp#27;[39m Matched '/wd/hub/session/fa22c5fe-5ae1-4114-abfe-4bea6798cb79/element/2F060000-0000-0000-5301-000000000000/click' to command name 'click'
[debug] &amp#27;[35m[WD Proxy]&amp#27;[39m Proxying [POST /wd/hub/session/fa22c5fe-5ae1-4114-abfe-4bea6798cb79/element/2F060000-0000-0000-5301-000000000000/click] to [POST http://127.0.0.1:8100/session/60DEF1F0-4A14-4727-943C-DB82535553CA/element/2F060000-0000-0000-5301-000000000000/click] with body: {"id":"2F060000-0000-0000-5301-000000000000"}
[debug] &amp#27;[35m[WD Proxy]&amp#27;[39m Got response with status 200: {"value":null,"sessionId":"60DEF1F0-4A14-4727-943C-DB82535553CA"}
&amp#27;[35m[WD Proxy]&amp#27;[39m Replacing sessionId 60DEF1F0-4A14-4727-943C-DB82535553CA with fa22c5fe-5ae1-4114-abfe-4bea6798cb79
&amp#27;[35m[HTTP]&amp#27;[39m &amp#27;[37m<-- POST /wd/hub/session/fa22c5fe-5ae1-4114-abfe-4bea6798cb79/element/2F060000-0000-0000-5301-000000000000/click &amp#27;[39m&amp#27;[32m200&amp#27;[39m &amp#27;[90m266 ms - 65&amp#27;[39m
&amp#27;[35m[HTTP]&amp#27;[39m &amp#27;[90m&amp#27;[39m
&amp#27;[35m[HTTP]&amp#27;[39m &amp#27;[37m-->&amp#27;[39m &amp#27;[37mPOST&amp#27;[39m &amp#27;[37m/wd/hub/session/fa22c5fe-5ae1-4114-abfe-4bea6798cb79/element&amp#27;[39m
&amp#27;[35m[HTTP]&amp#27;[39m &amp#27;[90m{"using":"xpath","value":"//XCUIElementTypeStaticText[@name='CONTINUE']"}&amp#27;[39m
[debug] &amp#27;[35m[W3C (fa22c5fe)]&amp#27;[39m Calling AppiumDriver.findElement() with args: ["xpath","//XCUIElementTypeStaticText[@name='CONTINUE']","fa22c5fe-5ae1-4114-abfe-4bea6798cb79"]
[debug] &amp#27;[35m[XCUITest]&amp#27;[39m Executing command 'findElement'
[debug] &amp#27;[35m[BaseDriver]&amp#27;[39m Valid locator strategies for this request: xpath, id, name, class name, -ios predicate string, -ios class chain, accessibility id, css selector
[debug] &amp#27;[35m[BaseDriver]&amp#27;[39m Waiting up to 25000 ms for condition
[debug] &amp#27;[35m[XCUITest]&amp#27;[39m Setting custom timeout to 750000 ms for 'findElement' command
[debug] &amp#27;[35m[WD Proxy]&amp#27;[39m Matched '/element' to command name 'findElement'
[debug] &amp#27;[35m[WD Proxy]&amp#27;[39m Proxying [POST /element] to [POST http://127.0.0.1:8100/session/60DEF1F0-4A14-4727-943C-DB82535553CA/element] with body: {"using":"xpath","value":"//XCUIElementTypeStaticText[@name='CONTINUE']"}
[debug] &amp#27;[35m[WD Proxy]&amp#27;[39m Got response with status 200: {"value":{"ELEMENT":"33060000-0000-0000-5301-000000000000","element-6066-11e4-a52e-4f735466cecf":"33060000-0000-0000-5301-000000000000"},"sessionId":"60DEF1F0-4A14-4727-943C-DB82535553CA"}
[debug] &amp#27;[35m[W3C (fa22c5fe)]&amp#27;[39m Responding to client with driver.findElement() result: {"element-6066-11e4-a52e-4f735466cecf":"33060000-0000-0000-5301-000000000000","ELEMENT":"33060000-0000-0000-5301-000000000000"}
&amp#27;[35m[HTTP]&amp#27;[39m &amp#27;[37m<-- POST /wd/hub/session/fa22c5fe-5ae1-4114-abfe-4bea6798cb79/element &amp#27;[39m&amp#27;[32m200&amp#27;[39m &amp#27;[90m931 ms - 137&amp#27;[39m
&amp#27;[35m[HTTP]&amp#27;[39m &amp#27;[90m&amp#27;[39m
&amp#27;[35m[HTTP]&amp#27;[39m &amp#27;[37m-->&amp#27;[39m &amp#27;[37mPOST&amp#27;[39m &amp#27;[37m/wd/hub/session/fa22c5fe-5ae1-4114-abfe-4bea6798cb79/element/33060000-0000-0000-5301-000000000000/click&amp#27;[39m
&amp#27;[35m[HTTP]&amp#27;[39m &amp#27;[90m{"id":"33060000-0000-0000-5301-000000000000"}&amp#27;[39m
&amp#27;[35m[W3C (fa22c5fe)]&amp#27;[39m Driver proxy active, passing request on via HTTP proxy
[debug] &amp#27;[35m[XCUITest]&amp#27;[39m Executing command 'proxyReqRes'
[debug] &amp#27;[35m[WD Proxy]&amp#27;[39m Matched '/wd/hub/session/fa22c5fe-5ae1-4114-abfe-4bea6798cb79/element/33060000-0000-0000-5301-000000000000/click' to command name 'click'
[debug] &amp#27;[35m[WD Proxy]&amp#27;[39m Proxying [POST /wd/hub/session/fa22c5fe-5ae1-4114-abfe-4bea6798cb79/element/33060000-0000-0000-5301-000000000000/click] to [POST http://127.0.0.1:8100/session/60DEF1F0-4A14-4727-943C-DB82535553CA/element/33060000-0000-0000-5301-000000000000/click] with body: {"id":"33060000-0000-0000-5301-000000000000"}
[debug] &amp#27;[35m[WD Proxy]&amp#27;[39m Got response with status 200: {"value":null,"sessionId":"60DEF1F0-4A14-4727-943C-DB82535553CA"}
&amp#27;[35m[WD Proxy]&amp#27;[39m Replacing sessionId 60DEF1F0-4A14-4727-943C-DB82535553CA with fa22c5fe-5ae1-4114-abfe-4bea6798cb79
&amp#27;[35m[HTTP]&amp#27;[39m &amp#27;[37m<-- POST /wd/hub/session/fa22c5fe-5ae1-4114-abfe-4bea6798cb79/element/33060000-0000-0000-5301-000000000000/click &amp#27;[39m&amp#27;[32m200&amp#27;[39m &amp#27;[90m290 ms - 65&amp#27;[39m
&amp#27;[35m[HTTP]&amp#27;[39m &amp#27;[90m&amp#27;[39m
&amp#27;[35m[HTTP]&amp#27;[39m &amp#27;[37m-->&amp#27;[39m &amp#27;[37mPOST&amp#27;[39m &amp#27;[37m/wd/hub/session/fa22c5fe-5ae1-4114-abfe-4bea6798cb79/element&amp#27;[39m
&amp#27;[35m[HTTP]&amp#27;[39m &amp#27;[90m{"using":"xpath","value":"//XCUIElementTypeApplication[@name=\"Rental+ (ZG)\"]/XCUIElementTypeWindow[1]/XCUIElementTypeOther/XCUIElementTypeOther/XCUIElementTypeOther/XCUIElementTypeOther/XCUIElementTypeOther/XCUIElementTypeOther/XCUIElementTypeOther[2]/XCUIElementTypeOther/XCUIElementTypeScrollView/XCUIElementTypeOther/XCUIElementTypeOther/XCUIElementTypeScrollView/XCUIElementTypeOther[1]/XCUIElementTypeOther[1]/XCUIElementTypeButton"}&amp#27;[39m
[debug] &amp#27;[35m[W3C (fa22c5fe)]&amp#27;[39m Calling AppiumDriver.findElement() with args: ["xpath","//XCUIElementTypeApplication[@name=\"Rental+ (ZG)\"]/XCUIElementTypeWindow[1]/XCUIElementTypeOther/XCUIElementTypeOther/XCUIElementTypeOther/XCUIElementTypeOther/XCUIElementTypeOther/XCUIElementTypeOther/XCUIElementTypeOther[2]/XCUIElementTypeOther/XCUIElementTypeScrollView/XCUIElementTypeOther/XCUIElementTypeOther/XCUIElementTypeScrollView/XCUIElementTypeOther[1]/XCUIElementTypeOther[1]/XCUIElementTypeButton","fa22c5fe-5ae1-4114-abfe-4bea6798cb79"]
[debug] &amp#27;[35m[XCUITest]&amp#27;[39m Executing command 'findElement'
[debug] &amp#27;[35m[BaseDriver]&amp#27;[39m Valid locator strategies for this request: xpath, id, name, class name, -ios predicate string, -ios class chain, accessibility id, css selector
[debug] &amp#27;[35m[BaseDriver]&amp#27;[39m Waiting up to 25000 ms for condition
[debug] &amp#27;[35m[XCUITest]&amp#27;[39m Setting custom timeout to 750000 ms for 'findElement' command
[debug] &amp#27;[35m[WD Proxy]&amp#27;[39m Matched '/element' to command name 'findElement'
[debug] &amp#27;[35m[WD Proxy]&amp#27;[39m Proxying [POST /element] to [POST http://127.0.0.1:8100/session/60DEF1F0-4A14-4727-943C-DB82535553CA/element] with body: {"using":"xpath","value":"//XCUIElementTypeApplication[@name=\"Rental+ (ZG)\"]/XCUIElementTypeWindow[1]/XCUIElementTypeOther/XCUIElementTypeOther/XCUIElementTypeOther/XCUIElementTypeOther/XCUIElementTypeOther/XCUIElementTypeOther/XCUIElementTypeOther[2]/XCUIElementTypeOther/XCUIElementTypeScrollView/XCUIElementTypeOther/XCUIElementTypeOther/XCUIElementTypeScrollView/XCUIElementTypeOther[1]/XCUIElementTypeOther[1]/XCUIElementTypeButton"}
[debug] &amp#27;[35m[WD Proxy]&amp#27;[39m Got response with status 200: {"value":{"ELEMENT":"49060000-0000-0000-5301-000000000000","element-6066-11e4-a52e-4f735466cecf":"49060000-0000-0000-5301-000000000000"},"sessionId":"60DEF1F0-4A14-4727-943C-DB82535553CA"}
[debug] &amp#27;[35m[W3C (fa22c5fe)]&amp#27;[39m Responding to client with driver.findElement() result: {"element-6066-11e4-a52e-4f735466cecf":"49060000-0000-0000-5301-000000000000","ELEMENT":"49060000-0000-0000-5301-000000000000"}
&amp#27;[35m[HTTP]&amp#27;[39m &amp#27;[37m<-- POST /wd/hub/session/fa22c5fe-5ae1-4114-abfe-4bea6798cb79/element &amp#27;[39m&amp#27;[32m200&amp#27;[39m &amp#27;[90m405 ms - 137&amp#27;[39m
&amp#27;[35m[HTTP]&amp#27;[39m &amp#27;[90m&amp#27;[39m
&amp#27;[35m[HTTP]&amp#27;[39m &amp#27;[37m-->&amp#27;[39m &amp#27;[37mPOST&amp#27;[39m &amp#27;[37m/wd/hub/session/fa22c5fe-5ae1-4114-abfe-4bea6798cb79/element/49060000-0000-0000-5301-000000000000/click&amp#27;[39m
&amp#27;[35m[HTTP]&amp#27;[39m &amp#27;[90m{"id":"49060000-0000-0000-5301-000000000000"}&amp#27;[39m
&amp#27;[35m[W3C (fa22c5fe)]&amp#27;[39m Driver proxy active, passing request on via HTTP proxy
[debug] &amp#27;[35m[XCUITest]&amp#27;[39m Executing command 'proxyReqRes'
[debug] &amp#27;[35m[WD Proxy]&amp#27;[39m Matched '/wd/hub/session/fa22c5fe-5ae1-4114-abfe-4bea6798cb79/element/49060000-0000-0000-5301-000000000000/click' to command name 'click'
[debug] &amp#27;[35m[WD Proxy]&amp#27;[39m Proxying [POST /wd/hub/session/fa22c5fe-5ae1-4114-abfe-4bea6798cb79/element/49060000-0000-0000-5301-000000000000/click] to [POST http://127.0.0.1:8100/session/60DEF1F0-4A14-4727-943C-DB82535553CA/element/49060000-0000-0000-5301-000000000000/click] with body: {"id":"49060000-0000-0000-5301-000000000000"}
[debug] &amp#27;[35m[WD Proxy]&amp#27;[39m Got response with status 200: {"value":null,"sessionId":"60DEF1F0-4A14-4727-943C-DB82535553CA"}
&amp#27;[35m[WD Proxy]&amp#27;[39m Replacing sessionId 60DEF1F0-4A14-4727-943C-DB82535553CA with fa22c5fe-5ae1-4114-abfe-4bea6798cb79
&amp#27;[35m[HTTP]&amp#27;[39m &amp#27;[37m<-- POST /wd/hub/session/fa22c5fe-5ae1-4114-abfe-4bea6798cb79/element/49060000-0000-0000-5301-000000000000/click &amp#27;[39m&amp#27;[32m200&amp#27;[39m &amp#27;[90m261 ms - 65&amp#27;[39m
&amp#27;[35m[HTTP]&amp#27;[39m &amp#27;[90m&amp#27;[39m
&amp#27;[35m[HTTP]&amp#27;[39m &amp#27;[37m-->&amp#27;[39m &amp#27;[37mPOST&amp#27;[39m &amp#27;[37m/wd/hub/session/fa22c5fe-5ae1-4114-abfe-4bea6798cb79/element&amp#27;[39m
&amp#27;[35m[HTTP]&amp#27;[39m &amp#27;[90m{"using":"xpath","value":"//XCUIElementTypeButton[@label='Take Picture']"}&amp#27;[39m
[debug] &amp#27;[35m[W3C (fa22c5fe)]&amp#27;[39m Calling AppiumDriver.findElement() with args: ["xpath","//XCUIElementTypeButton[@label='Take Picture']","fa22c5fe-5ae1-4114-abfe-4bea6798cb79"]
[debug] &amp#27;[35m[XCUITest]&amp#27;[39m Executing command 'findElement'
[debug] &amp#27;[35m[BaseDriver]&amp#27;[39m Valid locator strategies for this request: xpath, id, name, class name, -ios predicate string, -ios class chain, accessibility id, css selector
[debug] &amp#27;[35m[BaseDriver]&amp#27;[39m Waiting up to 25000 ms for condition
[debug] &amp#27;[35m[XCUITest]&amp#27;[39m Setting custom timeout to 750000 ms for 'findElement' command
[debug] &amp#27;[35m[WD Proxy]&amp#27;[39m Matched '/element' to command name 'findElement'
[debug] &amp#27;[35m[WD Proxy]&amp#27;[39m Proxying [POST /element] to [POST http://127.0.0.1:8100/session/60DEF1F0-4A14-4727-943C-DB82535553CA/element] with body: {"using":"xpath","value":"//XCUIElementTypeButton[@label='Take Picture']"}
[debug] &amp#27;[35m[WD Proxy]&amp#27;[39m Got response with status 200: {"value":{"ELEMENT":"5F060000-0000-0000-5301-000000000000","element-6066-11e4-a52e-4f735466cecf":"5F060000-0000-0000-5301-000000000000"},"sessionId":"60DEF1F0-4A14-4727-943C-DB82535553CA"}
[debug] &amp#27;[35m[W3C (fa22c5fe)]&amp#27;[39m Responding to client with driver.findElement() result: {"element-6066-11e4-a52e-4f735466cecf":"5F060000-0000-0000-5301-000000000000","ELEMENT":"5F060000-0000-0000-5301-000000000000"}
&amp#27;[35m[HTTP]&amp#27;[39m &amp#27;[37m<-- POST /wd/hub/session/fa22c5fe-5ae1-4114-abfe-4bea6798cb79/element &amp#27;[39m&amp#27;[32m200&amp#27;[39m &amp#27;[90m275 ms - 137&amp#27;[39m
&amp#27;[35m[HTTP]&amp#27;[39m &amp#27;[90m&amp#27;[39m
&amp#27;[35m[HTTP]&amp#27;[39m &amp#27;[37m-->&amp#27;[39m &amp#27;[37mPOST&amp#27;[39m &amp#27;[37m/wd/hub/session/fa22c5fe-5ae1-4114-abfe-4bea6798cb79/element/5F060000-0000-0000-5301-000000000000/click&amp#27;[39m
&amp#27;[35m[HTTP]&amp#27;[39m &amp#27;[90m{"id":"5F060000-0000-0000-5301-000000000000"}&amp#27;[39m
&amp#27;[35m[W3C (fa22c5fe)]&amp#27;[39m Driver proxy active, passing request on via HTTP proxy
[debug] &amp#27;[35m[XCUITest]&amp#27;[39m Executing command 'proxyReqRes'
[debug] &amp#27;[35m[WD Proxy]&amp#27;[39m Matched '/wd/hub/session/fa22c5fe-5ae1-4114-abfe-4bea6798cb79/element/5F060000-0000-0000-5301-000000000000/click' to command name 'click'
[debug] &amp#27;[35m[WD Proxy]&amp#27;[39m Proxying [POST /wd/hub/session/fa22c5fe-5ae1-4114-abfe-4bea6798cb79/element/5F060000-0000-0000-5301-000000000000/click] to [POST http://127.0.0.1:8100/session/60DEF1F0-4A14-4727-943C-DB82535553CA/element/5F060000-0000-0000-5301-000000000000/click] with body: {"id":"5F060000-0000-0000-5301-000000000000"}
[debug] &amp#27;[35m[WD Proxy]&amp#27;[39m Got response with status 200: {"value":null,"sessionId":"60DEF1F0-4A14-4727-943C-DB82535553CA"}
&amp#27;[35m[WD Proxy]&amp#27;[39m Replacing sessionId 60DEF1F0-4A14-4727-943C-DB82535553CA with fa22c5fe-5ae1-4114-abfe-4bea6798cb79
&amp#27;[35m[HTTP]&amp#27;[39m &amp#27;[37m<-- POST /wd/hub/session/fa22c5fe-5ae1-4114-abfe-4bea6798cb79/element/5F060000-0000-0000-5301-000000000000/click &amp#27;[39m&amp#27;[32m200&amp#27;[39m &amp#27;[90m261 ms - 65&amp#27;[39m
&amp#27;[35m[HTTP]&amp#27;[39m &amp#27;[90m&amp#27;[39m
&amp#27;[35m[HTTP]&amp#27;[39m &amp#27;[37m-->&amp#27;[39m &amp#27;[37mPOST&amp#27;[39m &amp#27;[37m/wd/hub/session/fa22c5fe-5ae1-4114-abfe-4bea6798cb79/element&amp#27;[39m
&amp#27;[35m[HTTP]&amp#27;[39m &amp#27;[90m{"using":"xpath","value":"//XCUIElementTypeButton[@label='Use Photo']"}&amp#27;[39m
[debug] &amp#27;[35m[W3C (fa22c5fe)]&amp#27;[39m Calling AppiumDriver.findElement() with args: ["xpath","//XCUIElementTypeButton[@label='Use Photo']","fa22c5fe-5ae1-4114-abfe-4bea6798cb79"]
[debug] &amp#27;[35m[XCUITest]&amp#27;[39m Executing command 'findElement'
[debug] &amp#27;[35m[BaseDriver]&amp#27;[39m Valid locator strategies for this request: xpath, id, name, class name, -ios predicate string, -ios class chain, accessibility id, css selector
[debug] &amp#27;[35m[BaseDriver]&amp#27;[39m Waiting up to 25000 ms for condition
[debug] &amp#27;[35m[XCUITest]&amp#27;[39m Setting custom timeout to 750000 ms for 'findElement' command
[debug] &amp#27;[35m[WD Proxy]&amp#27;[39m Matched '/element' to command name 'findElement'
[debug] &amp#27;[35m[WD Proxy]&amp#27;[39m Proxying [POST /element] to [POST http://127.0.0.1:8100/session/60DEF1F0-4A14-4727-943C-DB82535553CA/element] with body: {"using":"xpath","value":"//XCUIElementTypeButton[@label='Use Photo']"}
[debug] &amp#27;[35m[WD Proxy]&amp#27;[39m Got response with status 200: {"value":{"ELEMENT":"69060000-0000-0000-5301-000000000000","element-6066-11e4-a52e-4f735466cecf":"69060000-0000-0000-5301-000000000000"},"sessionId":"60DEF1F0-4A14-4727-943C-DB82535553CA"}
[debug] &amp#27;[35m[W3C (fa22c5fe)]&amp#27;[39m Responding to client with driver.findElement() result: {"element-6066-11e4-a52e-4f735466cecf":"69060000-0000-0000-5301-000000000000","ELEMENT":"69060000-0000-0000-5301-000000000000"}
&amp#27;[35m[HTTP]&amp#27;[39m &amp#27;[37m<-- POST /wd/hub/session/fa22c5fe-5ae1-4114-abfe-4bea6798cb79/element &amp#27;[39m&amp#27;[32m200&amp#27;[39m &amp#27;[90m223 ms - 137&amp#27;[39m
&amp#27;[35m[HTTP]&amp#27;[39m &amp#27;[90m&amp#27;[39m
&amp#27;[35m[HTTP]&amp#27;[39m &amp#27;[37m-->&amp#27;[39m &amp#27;[37mPOST&amp#27;[39m &amp#27;[37m/wd/hub/session/fa22c5fe-5ae1-4114-abfe-4bea6798cb79/element/69060000-0000-0000-5301-000000000000/click&amp#27;[39m
&amp#27;[35m[HTTP]&amp#27;[39m &amp#27;[90m{"id":"69060000-0000-0000-5301-000000000000"}&amp#27;[39m
&amp#27;[35m[W3C (fa22c5fe)]&amp#27;[39m Driver proxy active, passing request on via HTTP proxy
[debug] &amp#27;[35m[XCUITest]&amp#27;[39m Executing command 'proxyReqRes'
[debug] &amp#27;[35m[WD Proxy]&amp#27;[39m Matched '/wd/hub/session/fa22c5fe-5ae1-4114-abfe-4bea6798cb79/element/69060000-0000-0000-5301-000000000000/click' to command name 'click'
[debug] &amp#27;[35m[WD Proxy]&amp#27;[39m Proxying [POST /wd/hub/session/fa22c5fe-5ae1-4114-abfe-4bea6798cb79/element/69060000-0000-0000-5301-000000000000/click] to [POST http://127.0.0.1:8100/session/60DEF1F0-4A14-4727-943C-DB82535553CA/element/69060000-0000-0000-5301-000000000000/click] with body: {"id":"69060000-0000-0000-5301-000000000000"}
[debug] &amp#27;[35m[WD Proxy]&amp#27;[39m Got response with status 200: {"value":null,"sessionId":"60DEF1F0-4A14-4727-943C-DB82535553CA"}
&amp#27;[35m[WD Proxy]&amp#27;[39m Replacing sessionId 60DEF1F0-4A14-4727-943C-DB82535553CA with fa22c5fe-5ae1-4114-abfe-4bea6798cb79
&amp#27;[35m[HTTP]&amp#27;[39m &amp#27;[37m<-- POST /wd/hub/session/fa22c5fe-5ae1-4114-abfe-4bea6798cb79/element/69060000-0000-0000-5301-000000000000/click &amp#27;[39m&amp#27;[32m200&amp#27;[39m &amp#27;[90m349 ms - 65&amp#27;[39m
&amp#27;[35m[HTTP]&amp#27;[39m &amp#27;[90m&amp#27;[39m
&amp#27;[35m[HTTP]&amp#27;[39m &amp#27;[37m-->&amp#27;[39m &amp#27;[37mPOST&amp#27;[39m &amp#27;[37m/wd/hub/session/fa22c5fe-5ae1-4114-abfe-4bea6798cb79/element&amp#27;[39m
&amp#27;[35m[HTTP]&amp#27;[39m &amp#27;[90m{"using":"xpath","value":"//XCUIElementTypeApplication[@name=\"Rental+ (ZG)\"]/XCUIElementTypeWindow[1]/XCUIElementTypeOther/XCUIElementTypeOther/XCUIElementTypeOther/XCUIElementTypeOther/XCUIElementTypeOther/XCUIElementTypeOther/XCUIElementTypeOther[2]/XCUIElementTypeOther/XCUIElementTypeScrollView/XCUIElementTypeOther/XCUIElementTypeOther/XCUIElementTypeScrollView/XCUIElementTypeOther[1]/XCUIElementTypeOther[3]/XCUIElementTypeButton[2]\n"}&amp#27;[39m
[debug] &amp#27;[35m[W3C (fa22c5fe)]&amp#27;[39m Calling AppiumDriver.findElement() with args: ["xpath","//XCUIElementTypeApplication[@name=\"Rental+ (ZG)\"]/XCUIElementTypeWindow[1]/XCUIElementTypeOther/XCUIElementTypeOther/XCUIElementTypeOther/XCUIElementTypeOther/XCUIElementTypeOther/XCUIElementTypeOther/XCUIElementTypeOther[2]/XCUIElementTypeOther/XCUIElementTypeScrollView/XCUIElementTypeOther/XCUIElementTypeOther/XCUIElementTypeScrollView/XCUIElementTypeOther[1]/XCUIElementTypeOther[3]/XCUIElementTypeButton[2]\n","fa22c5fe-5ae1-4114-abfe-4bea6798cb79"]
[debug] &amp#27;[35m[XCUITest]&amp#27;[39m Executing command 'findElement'
[debug] &amp#27;[35m[BaseDriver]&amp#27;[39m Valid locator strategies for this request: xpath, id, name, class name, -ios predicate string, -ios class chain, accessibility id, css selector
[debug] &amp#27;[35m[BaseDriver]&amp#27;[39m Waiting up to 25000 ms for condition
[debug] &amp#27;[35m[XCUITest]&amp#27;[39m Setting custom timeout to 750000 ms for 'findElement' command
[debug] &amp#27;[35m[WD Proxy]&amp#27;[39m Matched '/element' to command name 'findElement'
[debug] &amp#27;[35m[WD Proxy]&amp#27;[39m Proxying [POST /element] to [POST http://127.0.0.1:8100/session/60DEF1F0-4A14-4727-943C-DB82535553CA/element] with body: {"using":"xpath","value":"//XCUIElementTypeApplication[@name=\"Rental+ (ZG)\"]/XCUIElementTypeWindow[1]/XCUIElementTypeOther/XCUIElementTypeOther/XCUIElementTypeOther/XCUIElementTypeOther/XCUIElementTypeOther/XCUIElementTypeOther/XCUIElementTypeOther[2]/XCUIElementTypeOther/XCUIElementTypeScrollView/XCUIElementTypeOther/XCUIElementTypeOther/XCUIElementTypeScrollView/XCUIElementTypeOther[1]/XCUIElementTypeOther[3]/XCUIElementTypeButton[2]\n"}
[debug] &amp#27;[35m[WD Proxy]&amp#27;[39m Got response with status 200: {"value":{"ELEMENT":"4C060000-0000-0000-5301-000000000000","element-6066-11e4-a52e-4f735466cecf":"4C060000-0000-0000-5301-000000000000"},"sessionId":"60DEF1F0-4A14-4727-943C-DB82535553CA"}
[debug] &amp#27;[35m[W3C (fa22c5fe)]&amp#27;[39m Responding to client with driver.findElement() result: {"element-6066-11e4-a52e-4f735466cecf":"4C060000-0000-0000-5301-000000000000","ELEMENT":"4C060000-0000-0000-5301-000000000000"}
&amp#27;[35m[HTTP]&amp#27;[39m &amp#27;[37m<-- POST /wd/hub/session/fa22c5fe-5ae1-4114-abfe-4bea6798cb79/element &amp#27;[39m&amp#27;[32m200&amp#27;[39m &amp#27;[90m398 ms - 137&amp#27;[39m
&amp#27;[35m[HTTP]&amp#27;[39m &amp#27;[90m&amp#27;[39m
&amp#27;[35m[HTTP]&amp#27;[39m &amp#27;[37m-->&amp#27;[39m &amp#27;[37mPOST&amp#27;[39m &amp#27;[37m/wd/hub/session/fa22c5fe-5ae1-4114-abfe-4bea6798cb79/element/4C060000-0000-0000-5301-000000000000/click&amp#27;[39m
&amp#27;[35m[HTTP]&amp#27;[39m &amp#27;[90m{"id":"4C060000-0000-0000-5301-000000000000"}&amp#27;[39m
&amp#27;[35m[W3C (fa22c5fe)]&amp#27;[39m Driver proxy active, passing request on via HTTP proxy
[debug] &amp#27;[35m[XCUITest]&amp#27;[39m Executing command 'proxyReqRes'
[debug] &amp#27;[35m[WD Proxy]&amp#27;[39m Matched '/wd/hub/session/fa22c5fe-5ae1-4114-abfe-4bea6798cb79/element/4C060000-0000-0000-5301-000000000000/click' to command name 'click'
[debug] &amp#27;[35m[WD Proxy]&amp#27;[39m Proxying [POST /wd/hub/session/fa22c5fe-5ae1-4114-abfe-4bea6798cb79/element/4C060000-0000-0000-5301-000000000000/click] to [POST http://127.0.0.1:8100/session/60DEF1F0-4A14-4727-943C-DB82535553CA/element/4C060000-0000-0000-5301-000000000000/click] with body: {"id":"4C060000-0000-0000-5301-000000000000"}
[debug] &amp#27;[35m[WD Proxy]&amp#27;[39m Got response with status 200: {"value":null,"sessionId":"60DEF1F0-4A14-4727-943C-DB82535553CA"}
&amp#27;[35m[WD Proxy]&amp#27;[39m Replacing sessionId 60DEF1F0-4A14-4727-943C-DB82535553CA with fa22c5fe-5ae1-4114-abfe-4bea6798cb79
&amp#27;[35m[HTTP]&amp#27;[39m &amp#27;[37m<-- POST /wd/hub/session/fa22c5fe-5ae1-4114-abfe-4bea6798cb79/element/4C060000-0000-0000-5301-000000000000/click &amp#27;[39m&amp#27;[32m200&amp#27;[39m &amp#27;[90m230 ms - 65&amp#27;[39m
&amp#27;[35m[HTTP]&amp#27;[39m &amp#27;[90m&amp#27;[39m
&amp#27;[35m[HTTP]&amp#27;[39m &amp#27;[37m-->&amp#27;[39m &amp#27;[37mPOST&amp#27;[39m &amp#27;[37m/wd/hub/session/fa22c5fe-5ae1-4114-abfe-4bea6798cb79/element&amp#27;[39m
&amp#27;[35m[HTTP]&amp#27;[39m &amp#27;[90m{"using":"xpath","value":"//XCUIElementTypeApplication[@name=\"Rental+ (ZG)\"]/XCUIElementTypeWindow[1]/XCUIElementTypeOther/XCUIElementTypeOther/XCUIElementTypeOther/XCUIElementTypeOther/XCUIElementTypeOther/XCUIElementTypeOther/XCUIElementTypeOther[2]/XCUIElementTypeOther/XCUIElementTypeScrollView/XCUIElementTypeOther/XCUIElementTypeOther/XCUIElementTypeScrollView/XCUIElementTypeOther[1]/XCUIElementTypeOther[1]/XCUIElementTypeButton"}&amp#27;[39m
[debug] &amp#27;[35m[W3C (fa22c5fe)]&amp#27;[39m Calling AppiumDriver.findElement() with args: ["xpath","//XCUIElementTypeApplication[@name=\"Rental+ (ZG)\"]/XCUIElementTypeWindow[1]/XCUIElementTypeOther/XCUIElementTypeOther/XCUIElementTypeOther/XCUIElementTypeOther/XCUIElementTypeOther/XCUIElementTypeOther/XCUIElementTypeOther[2]/XCUIElementTypeOther/XCUIElementTypeScrollView/XCUIElementTypeOther/XCUIElementTypeOther/XCUIElementTypeScrollView/XCUIElementTypeOther[1]/XCUIElementTypeOther[1]/XCUIElementTypeButton","fa22c5fe-5ae1-4114-abfe-4bea6798cb79"]
[debug] &amp#27;[35m[XCUITest]&amp#27;[39m Executing command 'findElement'
[debug] &amp#27;[35m[BaseDriver]&amp#27;[39m Valid locator strategies for this request: xpath, id, name, class name, -ios predicate string, -ios class chain, accessibility id, css selector
[debug] &amp#27;[35m[BaseDriver]&amp#27;[39m Waiting up to 25000 ms for condition
[debug] &amp#27;[35m[XCUITest]&amp#27;[39m Setting custom timeout to 750000 ms for 'findElement' command
[debug] &amp#27;[35m[WD Proxy]&amp#27;[39m Matched '/element' to command name 'findElement'
[debug] &amp#27;[35m[WD Proxy]&amp#27;[39m Proxying [POST /element] to [POST http://127.0.0.1:8100/session/60DEF1F0-4A14-4727-943C-DB82535553CA/element] with body: {"using":"xpath","value":"//XCUIElementTypeApplication[@name=\"Rental+ (ZG)\"]/XCUIElementTypeWindow[1]/XCUIElementTypeOther/XCUIElementTypeOther/XCUIElementTypeOther/XCUIElementTypeOther/XCUIElementTypeOther/XCUIElementTypeOther/XCUIElementTypeOther[2]/XCUIElementTypeOther/XCUIElementTypeScrollView/XCUIElementTypeOther/XCUIElementTypeOther/XCUIElementTypeScrollView/XCUIElementTypeOther[1]/XCUIElementTypeOther[1]/XCUIElementTypeButton"}
[debug] &amp#27;[35m[WD Proxy]&amp#27;[39m Got response with status 200: {"value":{"ELEMENT":"75060000-0000-0000-5301-000000000000","element-6066-11e4-a52e-4f735466cecf":"75060000-0000-0000-5301-000000000000"},"sessionId":"60DEF1F0-4A14-4727-943C-DB82535553CA"}
[debug] &amp#27;[35m[W3C (fa22c5fe)]&amp#27;[39m Responding to client with driver.findElement() result: {"element-6066-11e4-a52e-4f735466cecf":"75060000-0000-0000-5301-000000000000","ELEMENT":"75060000-0000-0000-5301-000000000000"}
&amp#27;[35m[HTTP]&amp#27;[39m &amp#27;[37m<-- POST /wd/hub/session/fa22c5fe-5ae1-4114-abfe-4bea6798cb79/element &amp#27;[39m&amp#27;[32m200&amp#27;[39m &amp#27;[90m406 ms - 137&amp#27;[39m
&amp#27;[35m[HTTP]&amp#27;[39m &amp#27;[90m&amp#27;[39m
&amp#27;[35m[HTTP]&amp#27;[39m &amp#27;[37m-->&amp#27;[39m &amp#27;[37mPOST&amp#27;[39m &amp#27;[37m/wd/hub/session/fa22c5fe-5ae1-4114-abfe-4bea6798cb79/element/75060000-0000-0000-5301-000000000000/click&amp#27;[39m
&amp#27;[35m[HTTP]&amp#27;[39m &amp#27;[90m{"id":"75060000-0000-0000-5301-000000000000"}&amp#27;[39m
&amp#27;[35m[W3C (fa22c5fe)]&amp#27;[39m Driver proxy active, passing request on via HTTP proxy
[debug] &amp#27;[35m[XCUITest]&amp#27;[39m Executing command 'proxyReqRes'
[debug] &amp#27;[35m[WD Proxy]&amp#27;[39m Matched '/wd/hub/session/fa22c5fe-5ae1-4114-abfe-4bea6798cb79/element/75060000-0000-0000-5301-000000000000/click' to command name 'click'
[debug] &amp#27;[35m[WD Proxy]&amp#27;[39m Proxying [POST /wd/hub/session/fa22c5fe-5ae1-4114-abfe-4bea6798cb79/element/75060000-0000-0000-5301-000000000000/click] to [POST http://127.0.0.1:8100/session/60DEF1F0-4A14-4727-943C-DB82535553CA/element/75060000-0000-0000-5301-000000000000/click] with body: {"id":"75060000-0000-0000-5301-000000000000"}
[debug] &amp#27;[35m[WD Proxy]&amp#27;[39m Got response with status 200: {"value":null,"sessionId":"60DEF1F0-4A14-4727-943C-DB82535553CA"}
&amp#27;[35m[WD Proxy]&amp#27;[39m Replacing sessionId 60DEF1F0-4A14-4727-943C-DB82535553CA with fa22c5fe-5ae1-4114-abfe-4bea6798cb79
&amp#27;[35m[HTTP]&amp#27;[39m &amp#27;[37m<-- POST /wd/hub/session/fa22c5fe-5ae1-4114-abfe-4bea6798cb79/element/75060000-0000-0000-5301-000000000000/click &amp#27;[39m&amp#27;[32m200&amp#27;[39m &amp#27;[90m254 ms - 65&amp#27;[39m
&amp#27;[35m[HTTP]&amp#27;[39m &amp#27;[90m&amp#27;[39m
&amp#27;[35m[HTTP]&amp#27;[39m &amp#27;[37m-->&amp#27;[39m &amp#27;[37mPOST&amp#27;[39m &amp#27;[37m/wd/hub/session/fa22c5fe-5ae1-4114-abfe-4bea6798cb79/element&amp#27;[39m
&amp#27;[35m[HTTP]&amp#27;[39m &amp#27;[90m{"using":"xpath","value":"//XCUIElementTypeButton[@label='Take Picture']"}&amp#27;[39m
[debug] &amp#27;[35m[W3C (fa22c5fe)]&amp#27;[39m Calling AppiumDriver.findElement() with args: ["xpath","//XCUIElementTypeButton[@label='Take Picture']","fa22c5fe-5ae1-4114-abfe-4bea6798cb79"]
[debug] &amp#27;[35m[XCUITest]&amp#27;[39m Executing command 'findElement'
[debug] &amp#27;[35m[BaseDriver]&amp#27;[39m Valid locator strategies for this request: xpath, id, name, class name, -ios predicate string, -ios class chain, accessibility id, css selector
[debug] &amp#27;[35m[BaseDriver]&amp#27;[39m Waiting up to 25000 ms for condition
[debug] &amp#27;[35m[XCUITest]&amp#27;[39m Setting custom timeout to 750000 ms for 'findElement' command
[debug] &amp#27;[35m[WD Proxy]&amp#27;[39m Matched '/element' to command name 'findElement'
[debug] &amp#27;[35m[WD Proxy]&amp#27;[39m Proxying [POST /element] to [POST http://127.0.0.1:8100/session/60DEF1F0-4A14-4727-943C-DB82535553CA/element] with body: {"using":"xpath","value":"//XCUIElementTypeButton[@label='Take Picture']"}
[debug] &amp#27;[35m[WD Proxy]&amp#27;[39m Got response with status 200: {"value":{"ELEMENT":"8B060000-0000-0000-5301-000000000000","element-6066-11e4-a52e-4f735466cecf":"8B060000-0000-0000-5301-000000000000"},"sessionId":"60DEF1F0-4A14-4727-943C-DB82535553CA"}
[debug] &amp#27;[35m[W3C (fa22c5fe)]&amp#27;[39m Responding to client with driver.findElement() result: {"element-6066-11e4-a52e-4f735466cecf":"8B060000-0000-0000-5301-000000000000","ELEMENT":"8B060000-0000-0000-5301-000000000000"}
&amp#27;[35m[HTTP]&amp#27;[39m &amp#27;[37m<-- POST /wd/hub/session/fa22c5fe-5ae1-4114-abfe-4bea6798cb79/element &amp#27;[39m&amp#27;[32m200&amp#27;[39m &amp#27;[90m243 ms - 137&amp#27;[39m
&amp#27;[35m[HTTP]&amp#27;[39m &amp#27;[90m&amp#27;[39m
&amp#27;[35m[HTTP]&amp#27;[39m &amp#27;[37m-->&amp#27;[39m &amp#27;[37mPOST&amp#27;[39m &amp#27;[37m/wd/hub/session/fa22c5fe-5ae1-4114-abfe-4bea6798cb79/element/8B060000-0000-0000-5301-000000000000/click&amp#27;[39m
&amp#27;[35m[HTTP]&amp#27;[39m &amp#27;[90m{"id":"8B060000-0000-0000-5301-000000000000"}&amp#27;[39m
&amp#27;[35m[W3C (fa22c5fe)]&amp#27;[39m Driver proxy active, passing request on via HTTP proxy
[debug] &amp#27;[35m[XCUITest]&amp#27;[39m Executing command 'proxyReqRes'
[debug] &amp#27;[35m[WD Proxy]&amp#27;[39m Matched '/wd/hub/session/fa22c5fe-5ae1-4114-abfe-4bea6798cb79/element/8B060000-0000-0000-5301-000000000000/click' to command name 'click'
[debug] &amp#27;[35m[WD Proxy]&amp#27;[39m Proxying [POST /wd/hub/session/fa22c5fe-5ae1-4114-abfe-4bea6798cb79/element/8B060000-0000-0000-5301-000000000000/click] to [POST http://127.0.0.1:8100/session/60DEF1F0-4A14-4727-943C-DB82535553CA/element/8B060000-0000-0000-5301-000000000000/click] with body: {"id":"8B060000-0000-0000-5301-000000000000"}
[debug] &amp#27;[35m[WD Proxy]&amp#27;[39m Got response with status 200: {"value":null,"sessionId":"60DEF1F0-4A14-4727-943C-DB82535553CA"}
&amp#27;[35m[WD Proxy]&amp#27;[39m Replacing sessionId 60DEF1F0-4A14-4727-943C-DB82535553CA with fa22c5fe-5ae1-4114-abfe-4bea6798cb79
&amp#27;[35m[HTTP]&amp#27;[39m &amp#27;[37m<-- POST /wd/hub/session/fa22c5fe-5ae1-4114-abfe-4bea6798cb79/element/8B060000-0000-0000-5301-000000000000/click &amp#27;[39m&amp#27;[32m200&amp#27;[39m &amp#27;[90m189 ms - 65&amp#27;[39m
&amp#27;[35m[HTTP]&amp#27;[39m &amp#27;[90m&amp#27;[39m
&amp#27;[35m[HTTP]&amp#27;[39m &amp#27;[37m-->&amp#27;[39m &amp#27;[37mPOST&amp#27;[39m &amp#27;[37m/wd/hub/session/fa22c5fe-5ae1-4114-abfe-4bea6798cb79/element&amp#27;[39m
&amp#27;[35m[HTTP]&amp#27;[39m &amp#27;[90m{"using":"xpath","value":"//XCUIElementTypeButton[@label='Use Photo']"}&amp#27;[39m
[debug] &amp#27;[35m[W3C (fa22c5fe)]&amp#27;[39m Calling AppiumDriver.findElement() with args: ["xpath","//XCUIElementTypeButton[@label='Use Photo']","fa22c5fe-5ae1-4114-abfe-4bea6798cb79"]
[debug] &amp#27;[35m[XCUITest]&amp#27;[39m Executing command 'findElement'
[debug] &amp#27;[35m[BaseDriver]&amp#27;[39m Valid locator strategies for this request: xpath, id, name, class name, -ios predicate string, -ios class chain, accessibility id, css selector
[debug] &amp#27;[35m[BaseDriver]&amp#27;[39m Waiting up to 25000 ms for condition
[debug] &amp#27;[35m[XCUITest]&amp#27;[39m Setting custom timeout to 750000 ms for 'findElement' command
[debug] &amp#27;[35m[WD Proxy]&amp#27;[39m Matched '/element' to command name 'findElement'
[debug] &amp#27;[35m[WD Proxy]&amp#27;[39m Proxying [POST /element] to [POST http://127.0.0.1:8100/session/60DEF1F0-4A14-4727-943C-DB82535553CA/element] with body: {"using":"xpath","value":"//XCUIElementTypeButton[@label='Use Photo']"}
[debug] &amp#27;[35m[WD Proxy]&amp#27;[39m Got response with status 200: {"value":{"ELEMENT":"95060000-0000-0000-5301-000000000000","element-6066-11e4-a52e-4f735466cecf":"95060000-0000-0000-5301-000000000000"},"sessionId":"60DEF1F0-4A14-4727-943C-DB82535553CA"}
[debug] &amp#27;[35m[W3C (fa22c5fe)]&amp#27;[39m Responding to client with driver.findElement() result: {"element-6066-11e4-a52e-4f735466cecf":"95060000-0000-0000-5301-000000000000","ELEMENT":"95060000-0000-0000-5301-000000000000"}
&amp#27;[35m[HTTP]&amp#27;[39m &amp#27;[37m<-- POST /wd/hub/session/fa22c5fe-5ae1-4114-abfe-4bea6798cb79/element &amp#27;[39m&amp#27;[32m200&amp#27;[39m &amp#27;[90m215 ms - 137&amp#27;[39m
&amp#27;[35m[HTTP]&amp#27;[39m &amp#27;[90m&amp#27;[39m
&amp#27;[35m[HTTP]&amp#27;[39m &amp#27;[37m-->&amp#27;[39m &amp#27;[37mPOST&amp#27;[39m &amp#27;[37m/wd/hub/session/fa22c5fe-5ae1-4114-abfe-4bea6798cb79/element/95060000-0000-0000-5301-000000000000/click&amp#27;[39m
&amp#27;[35m[HTTP]&amp#27;[39m &amp#27;[90m{"id":"95060000-0000-0000-5301-000000000000"}&amp#27;[39m
&amp#27;[35m[W3C (fa22c5fe)]&amp#27;[39m Driver proxy active, passing request on via HTTP proxy
[debug] &amp#27;[35m[XCUITest]&amp#27;[39m Executing command 'proxyReqRes'
[debug] &amp#27;[35m[WD Proxy]&amp#27;[39m Matched '/wd/hub/session/fa22c5fe-5ae1-4114-abfe-4bea6798cb79/element/95060000-0000-0000-5301-000000000000/click' to command name 'click'
[debug] &amp#27;[35m[WD Proxy]&amp#27;[39m Proxying [POST /wd/hub/session/fa22c5fe-5ae1-4114-abfe-4bea6798cb79/element/95060000-0000-0000-5301-000000000000/click] to [POST http://127.0.0.1:8100/session/60DEF1F0-4A14-4727-943C-DB82535553CA/element/95060000-0000-0000-5301-000000000000/click] with body: {"id":"95060000-0000-0000-5301-000000000000"}
[debug] &amp#27;[35m[WD Proxy]&amp#27;[39m Got response with status 200: {"value":null,"sessionId":"60DEF1F0-4A14-4727-943C-DB82535553CA"}
&amp#27;[35m[WD Proxy]&amp#27;[39m Replacing sessionId 60DEF1F0-4A14-4727-943C-DB82535553CA with fa22c5fe-5ae1-4114-abfe-4bea6798cb79
&amp#27;[35m[HTTP]&amp#27;[39m &amp#27;[37m<-- POST /wd/hub/session/fa22c5fe-5ae1-4114-abfe-4bea6798cb79/element/95060000-0000-0000-5301-000000000000/click &amp#27;[39m&amp#27;[32m200&amp#27;[39m &amp#27;[90m355 ms - 65&amp#27;[39m
&amp#27;[35m[HTTP]&amp#27;[39m &amp#27;[90m&amp#27;[39m
&amp#27;[35m[HTTP]&amp#27;[39m &amp#27;[37m-->&amp#27;[39m &amp#27;[37mPOST&amp#27;[39m &amp#27;[37m/wd/hub/session/fa22c5fe-5ae1-4114-abfe-4bea6798cb79/element&amp#27;[39m
&amp#27;[35m[HTTP]&amp#27;[39m &amp#27;[90m{"using":"xpath","value":"//XCUIElementTypeApplication[@name=\"Rental+ (ZG)\"]/XCUIElementTypeWindow[1]/XCUIElementTypeOther/XCUIElementTypeOther/XCUIElementTypeOther/XCUIElementTypeOther/XCUIElementTypeOther/XCUIElementTypeOther/XCUIElementTypeOther[2]/XCUIElementTypeOther/XCUIElementTypeScrollView/XCUIElementTypeOther/XCUIElementTypeOther/XCUIElementTypeScrollView/XCUIElementTypeOther[1]/XCUIElementTypeOther[3]/XCUIElementTypeButton[2]\n"}&amp#27;[39m
[debug] &amp#27;[35m[W3C (fa22c5fe)]&amp#27;[39m Calling AppiumDriver.findElement() with args: ["xpath","//XCUIElementTypeApplication[@name=\"Rental+ (ZG)\"]/XCUIElementTypeWindow[1]/XCUIElementTypeOther/XCUIElementTypeOther/XCUIElementTypeOther/XCUIElementTypeOther/XCUIElementTypeOther/XCUIElementTypeOther/XCUIElementTypeOther[2]/XCUIElementTypeOther/XCUIElementTypeScrollView/XCUIElementTypeOther/XCUIElementTypeOther/XCUIElementTypeScrollView/XCUIElementTypeOther[1]/XCUIElementTypeOther[3]/XCUIElementTypeButton[2]\n","fa22c5fe-5ae1-4114-abfe-4bea6798cb79"]
[debug] &amp#27;[35m[XCUITest]&amp#27;[39m Executing command 'findElement'
[debug] &amp#27;[35m[BaseDriver]&amp#27;[39m Valid locator strategies for this request: xpath, id, name, class name, -ios predicate string, -ios class chain, accessibility id, css selector
[debug] &amp#27;[35m[BaseDriver]&amp#27;[39m Waiting up to 25000 ms for condition
[debug] &amp#27;[35m[XCUITest]&amp#27;[39m Setting custom timeout to 750000 ms for 'findElement' command
[debug] &amp#27;[35m[WD Proxy]&amp#27;[39m Matched '/element' to command name 'findElement'
[debug] &amp#27;[35m[WD Proxy]&amp#27;[39m Proxying [POST /element] to [POST http://127.0.0.1:8100/session/60DEF1F0-4A14-4727-943C-DB82535553CA/element] with body: {"using":"xpath","value":"//XCUIElementTypeApplication[@name=\"Rental+ (ZG)\"]/XCUIElementTypeWindow[1]/XCUIElementTypeOther/XCUIElementTypeOther/XCUIElementTypeOther/XCUIElementTypeOther/XCUIElementTypeOther/XCUIElementTypeOther/XCUIElementTypeOther[2]/XCUIElementTypeOther/XCUIElementTypeScrollView/XCUIElementTypeOther/XCUIElementTypeOther/XCUIElementTypeScrollView/XCUIElementTypeOther[1]/XCUIElementTypeOther[3]/XCUIElementTypeButton[2]\n"}
[debug] &amp#27;[35m[WD Proxy]&amp#27;[39m Got response with status 200: {"value":{"ELEMENT":"78060000-0000-0000-5301-000000000000","element-6066-11e4-a52e-4f735466cecf":"78060000-0000-0000-5301-000000000000"},"sessionId":"60DEF1F0-4A14-4727-943C-DB82535553CA"}
[debug] &amp#27;[35m[W3C (fa22c5fe)]&amp#27;[39m Responding to client with driver.findElement() result: {"element-6066-11e4-a52e-4f735466cecf":"78060000-0000-0000-5301-000000000000","ELEMENT":"78060000-0000-0000-5301-000000000000"}
&amp#27;[35m[HTTP]&amp#27;[39m &amp#27;[37m<-- POST /wd/hub/session/fa22c5fe-5ae1-4114-abfe-4bea6798cb79/element &amp#27;[39m&amp#27;[32m200&amp#27;[39m &amp#27;[90m415 ms - 137&amp#27;[39m
&amp#27;[35m[HTTP]&amp#27;[39m &amp#27;[90m&amp#27;[39m
&amp#27;[35m[HTTP]&amp#27;[39m &amp#27;[37m-->&amp#27;[39m &amp#27;[37mPOST&amp#27;[39m &amp#27;[37m/wd/hub/session/fa22c5fe-5ae1-4114-abfe-4bea6798cb79/element/78060000-0000-0000-5301-000000000000/click&amp#27;[39m
&amp#27;[35m[HTTP]&amp#27;[39m &amp#27;[90m{"id":"78060000-0000-0000-5301-000000000000"}&amp#27;[39m
&amp#27;[35m[W3C (fa22c5fe)]&amp#27;[39m Driver proxy active, passing request on via HTTP proxy
[debug] &amp#27;[35m[XCUITest]&amp#27;[39m Executing command 'proxyReqRes'
[debug] &amp#27;[35m[WD Proxy]&amp#27;[39m Matched '/wd/hub/session/fa22c5fe-5ae1-4114-abfe-4bea6798cb79/element/78060000-0000-0000-5301-000000000000/click' to command name 'click'
[debug] &amp#27;[35m[WD Proxy]&amp#27;[39m Proxying [POST /wd/hub/session/fa22c5fe-5ae1-4114-abfe-4bea6798cb79/element/78060000-0000-0000-5301-000000000000/click] to [POST http://127.0.0.1:8100/session/60DEF1F0-4A14-4727-943C-DB82535553CA/element/78060000-0000-0000-5301-000000000000/click] with body: {"id":"78060000-0000-0000-5301-000000000000"}
[debug] &amp#27;[35m[WD Proxy]&amp#27;[39m Got response with status 200: {"value":null,"sessionId":"60DEF1F0-4A14-4727-943C-DB82535553CA"}
&amp#27;[35m[WD Proxy]&amp#27;[39m Replacing sessionId 60DEF1F0-4A14-4727-943C-DB82535553CA with fa22c5fe-5ae1-4114-abfe-4bea6798cb79
&amp#27;[35m[HTTP]&amp#27;[39m &amp#27;[37m<-- POST /wd/hub/session/fa22c5fe-5ae1-4114-abfe-4bea6798cb79/element/78060000-0000-0000-5301-000000000000/click &amp#27;[39m&amp#27;[32m200&amp#27;[39m &amp#27;[90m238 ms - 65&amp#27;[39m
&amp#27;[35m[HTTP]&amp#27;[39m &amp#27;[90m&amp#27;[39m
&amp#27;[35m[HTTP]&amp#27;[39m &amp#27;[37m-->&amp#27;[39m &amp#27;[37mPOST&amp#27;[39m &amp#27;[37m/wd/hub/session/fa22c5fe-5ae1-4114-abfe-4bea6798cb79/element&amp#27;[39m
&amp#27;[35m[HTTP]&amp#27;[39m &amp#27;[90m{"using":"xpath","value":"//XCUIElementTypeApplication[@name=\"Rental+ (ZG)\"]/XCUIElementTypeWindow[1]/XCUIElementTypeOther/XCUIElementTypeOther/XCUIElementTypeOther/XCUIElementTypeOther/XCUIElementTypeOther/XCUIElementTypeOther/XCUIElementTypeOther[2]/XCUIElementTypeOther/XCUIElementTypeScrollView/XCUIElementTypeOther/XCUIElementTypeOther/XCUIElementTypeScrollView/XCUIElementTypeOther[1]/XCUIElementTypeOther[1]/XCUIElementTypeButton"}&amp#27;[39m
[debug] &amp#27;[35m[W3C (fa22c5fe)]&amp#27;[39m Calling AppiumDriver.findElement() with args: ["xpath","//XCUIElementTypeApplication[@name=\"Rental+ (ZG)\"]/XCUIElementTypeWindow[1]/XCUIElementTypeOther/XCUIElementTypeOther/XCUIElementTypeOther/XCUIElementTypeOther/XCUIElementTypeOther/XCUIElementTypeOther/XCUIElementTypeOther[2]/XCUIElementTypeOther/XCUIElementTypeScrollView/XCUIElementTypeOther/XCUIElementTypeOther/XCUIElementTypeScrollView/XCUIElementTypeOther[1]/XCUIElementTypeOther[1]/XCUIElementTypeButton","fa22c5fe-5ae1-4114-abfe-4bea6798cb79"]
[debug] &amp#27;[35m[XCUITest]&amp#27;[39m Executing command 'findElement'
[debug] &amp#27;[35m[BaseDriver]&amp#27;[39m Valid locator strategies for this request: xpath, id, name, class name, -ios predicate string, -ios class chain, accessibility id, css selector
[debug] &amp#27;[35m[BaseDriver]&amp#27;[39m Waiting up to 25000 ms for condition
[debug] &amp#27;[35m[XCUITest]&amp#27;[39m Setting custom timeout to 750000 ms for 'findElement' command
[debug] &amp#27;[35m[WD Proxy]&amp#27;[39m Matched '/element' to command name 'findElement'
[debug] &amp#27;[35m[WD Proxy]&amp#27;[39m Proxying [POST /element] to [POST http://127.0.0.1:8100/session/60DEF1F0-4A14-4727-943C-DB82535553CA/element] with body: {"using":"xpath","value":"//XCUIElementTypeApplication[@name=\"Rental+ (ZG)\"]/XCUIElementTypeWindow[1]/XCUIElementTypeOther/XCUIElementTypeOther/XCUIElementTypeOther/XCUIElementTypeOther/XCUIElementTypeOther/XCUIElementTypeOther/XCUIElementTypeOther[2]/XCUIElementTypeOther/XCUIElementTypeScrollView/XCUIElementTypeOther/XCUIElementTypeOther/XCUIElementTypeScrollView/XCUIElementTypeOther[1]/XCUIElementTypeOther[1]/XCUIElementTypeButton"}
[debug] &amp#27;[35m[WD Proxy]&amp#27;[39m Got response with status 200: {"value":{"ELEMENT":"A1060000-0000-0000-5301-000000000000","element-6066-11e4-a52e-4f735466cecf":"A1060000-0000-0000-5301-000000000000"},"sessionId":"60DEF1F0-4A14-4727-943C-DB82535553CA"}
[debug] &amp#27;[35m[W3C (fa22c5fe)]&amp#27;[39m Responding to client with driver.findElement() result: {"element-6066-11e4-a52e-4f735466cecf":"A1060000-0000-0000-5301-000000000000","ELEMENT":"A1060000-0000-0000-5301-000000000000"}
&amp#27;[35m[HTTP]&amp#27;[39m &amp#27;[37m<-- POST /wd/hub/session/fa22c5fe-5ae1-4114-abfe-4bea6798cb79/element &amp#27;[39m&amp#27;[32m200&amp#27;[39m &amp#27;[90m419 ms - 137&amp#27;[39m
&amp#27;[35m[HTTP]&amp#27;[39m &amp#27;[90m&amp#27;[39m
&amp#27;[35m[HTTP]&amp#27;[39m &amp#27;[37m-->&amp#27;[39m &amp#27;[37mPOST&amp#27;[39m &amp#27;[37m/wd/hub/session/fa22c5fe-5ae1-4114-abfe-4bea6798cb79/element/A1060000-0000-0000-5301-000000000000/click&amp#27;[39m
&amp#27;[35m[HTTP]&amp#27;[39m &amp#27;[90m{"id":"A1060000-0000-0000-5301-000000000000"}&amp#27;[39m
&amp#27;[35m[W3C (fa22c5fe)]&amp#27;[39m Driver proxy active, passing request on via HTTP proxy
[debug] &amp#27;[35m[XCUITest]&amp#27;[39m Executing command 'proxyReqRes'
[debug] &amp#27;[35m[WD Proxy]&amp#27;[39m Matched '/wd/hub/session/fa22c5fe-5ae1-4114-abfe-4bea6798cb79/element/A1060000-0000-0000-5301-000000000000/click' to command name 'click'
[debug] &amp#27;[35m[WD Proxy]&amp#27;[39m Proxying [POST /wd/hub/session/fa22c5fe-5ae1-4114-abfe-4bea6798cb79/element/A1060000-0000-0000-5301-000000000000/click] to [POST http://127.0.0.1:8100/session/60DEF1F0-4A14-4727-943C-DB82535553CA/element/A1060000-0000-0000-5301-000000000000/click] with body: {"id":"A1060000-0000-0000-5301-000000000000"}
[debug] &amp#27;[35m[WD Proxy]&amp#27;[39m Got response with status 200: {"value":null,"sessionId":"60DEF1F0-4A14-4727-943C-DB82535553CA"}
&amp#27;[35m[WD Proxy]&amp#27;[39m Replacing sessionId 60DEF1F0-4A14-4727-943C-DB82535553CA with fa22c5fe-5ae1-4114-abfe-4bea6798cb79
&amp#27;[35m[HTTP]&amp#27;[39m &amp#27;[37m<-- POST /wd/hub/session/fa22c5fe-5ae1-4114-abfe-4bea6798cb79/element/A1060000-0000-0000-5301-000000000000/click &amp#27;[39m&amp#27;[32m200&amp#27;[39m &amp#27;[90m233 ms - 65&amp#27;[39m
&amp#27;[35m[HTTP]&amp#27;[39m &amp#27;[90m&amp#27;[39m
&amp#27;[35m[HTTP]&amp#27;[39m &amp#27;[37m-->&amp#27;[39m &amp#27;[37mPOST&amp#27;[39m &amp#27;[37m/wd/hub/session/fa22c5fe-5ae1-4114-abfe-4bea6798cb79/element&amp#27;[39m
&amp#27;[35m[HTTP]&amp#27;[39m &amp#27;[90m{"using":"xpath","value":"//XCUIElementTypeButton[@label='Take Picture']"}&amp#27;[39m
[debug] &amp#27;[35m[W3C (fa22c5fe)]&amp#27;[39m Calling AppiumDriver.findElement() with args: ["xpath","//XCUIElementTypeButton[@label='Take Picture']","fa22c5fe-5ae1-4114-abfe-4bea6798cb79"]
[debug] &amp#27;[35m[XCUITest]&amp#27;[39m Executing command 'findElement'
[debug] &amp#27;[35m[BaseDriver]&amp#27;[39m Valid locator strategies for this request: xpath, id, name, class name, -ios predicate string, -ios class chain, accessibility id, css selector
[debug] &amp#27;[35m[BaseDriver]&amp#27;[39m Waiting up to 25000 ms for condition
[debug] &amp#27;[35m[XCUITest]&amp#27;[39m Setting custom timeout to 750000 ms for 'findElement' command
[debug] &amp#27;[35m[WD Proxy]&amp#27;[39m Matched '/element' to command name 'findElement'
[debug] &amp#27;[35m[WD Proxy]&amp#27;[39m Proxying [POST /element] to [POST http://127.0.0.1:8100/session/60DEF1F0-4A14-4727-943C-DB82535553CA/element] with body: {"using":"xpath","value":"//XCUIElementTypeButton[@label='Take Picture']"}
[debug] &amp#27;[35m[WD Proxy]&amp#27;[39m Got response with status 200: {"value":{"ELEMENT":"B7060000-0000-0000-5301-000000000000","element-6066-11e4-a52e-4f735466cecf":"B7060000-0000-0000-5301-000000000000"},"sessionId":"60DEF1F0-4A14-4727-943C-DB82535553CA"}
[debug] &amp#27;[35m[W3C (fa22c5fe)]&amp#27;[39m Responding to client with driver.findElement() result: {"element-6066-11e4-a52e-4f735466cecf":"B7060000-0000-0000-5301-000000000000","ELEMENT":"B7060000-0000-0000-5301-000000000000"}
&amp#27;[35m[HTTP]&amp#27;[39m &amp#27;[37m<-- POST /wd/hub/session/fa22c5fe-5ae1-4114-abfe-4bea6798cb79/element &amp#27;[39m&amp#27;[32m200&amp#27;[39m &amp#27;[90m267 ms - 137&amp#27;[39m
&amp#27;[35m[HTTP]&amp#27;[39m &amp#27;[90m&amp#27;[39m
&amp#27;[35m[HTTP]&amp#27;[39m &amp#27;[37m-->&amp#27;[39m &amp#27;[37mPOST&amp#27;[39m &amp#27;[37m/wd/hub/session/fa22c5fe-5ae1-4114-abfe-4bea6798cb79/element/B7060000-0000-0000-5301-000000000000/click&amp#27;[39m
&amp#27;[35m[HTTP]&amp#27;[39m &amp#27;[90m{"id":"B7060000-0000-0000-5301-000000000000"}&amp#27;[39m
&amp#27;[35m[W3C (fa22c5fe)]&amp#27;[39m Driver proxy active, passing request on via HTTP proxy
[debug] &amp#27;[35m[XCUITest]&amp#27;[39m Executing command 'proxyReqRes'
[debug] &amp#27;[35m[WD Proxy]&amp#27;[39m Matched '/wd/hub/session/fa22c5fe-5ae1-4114-abfe-4bea6798cb79/element/B7060000-0000-0000-5301-000000000000/click' to command name 'click'
[debug] &amp#27;[35m[WD Proxy]&amp#27;[39m Proxying [POST /wd/hub/session/fa22c5fe-5ae1-4114-abfe-4bea6798cb79/element/B7060000-0000-0000-5301-000000000000/click] to [POST http://127.0.0.1:8100/session/60DEF1F0-4A14-4727-943C-DB82535553CA/element/B7060000-0000-0000-5301-000000000000/click] with body: {"id":"B7060000-0000-0000-5301-000000000000"}
[debug] &amp#27;[35m[WD Proxy]&amp#27;[39m Got response with status 200: {"value":null,"sessionId":"60DEF1F0-4A14-4727-943C-DB82535553CA"}
&amp#27;[35m[WD Proxy]&amp#27;[39m Replacing sessionId 60DEF1F0-4A14-4727-943C-DB82535553CA with fa22c5fe-5ae1-4114-abfe-4bea6798cb79
&amp#27;[35m[HTTP]&amp#27;[39m &amp#27;[37m<-- POST /wd/hub/session/fa22c5fe-5ae1-4114-abfe-4bea6798cb79/element/B7060000-0000-0000-5301-000000000000/click &amp#27;[39m&amp#27;[32m200&amp#27;[39m &amp#27;[90m197 ms - 65&amp#27;[39m
&amp#27;[35m[HTTP]&amp#27;[39m &amp#27;[90m&amp#27;[39m
&amp#27;[35m[HTTP]&amp#27;[39m &amp#27;[37m-->&amp#27;[39m &amp#27;[37mPOST&amp#27;[39m &amp#27;[37m/wd/hub/session/fa22c5fe-5ae1-4114-abfe-4bea6798cb79/element&amp#27;[39m
&amp#27;[35m[HTTP]&amp#27;[39m &amp#27;[90m{"using":"xpath","value":"//XCUIElementTypeButton[@label='Use Photo']"}&amp#27;[39m
[debug] &amp#27;[35m[W3C (fa22c5fe)]&amp#27;[39m Calling AppiumDriver.findElement() with args: ["xpath","//XCUIElementTypeButton[@label='Use Photo']","fa22c5fe-5ae1-4114-abfe-4bea6798cb79"]
[debug] &amp#27;[35m[XCUITest]&amp#27;[39m Executing command 'findElement'
[debug] &amp#27;[35m[BaseDriver]&amp#27;[39m Valid locator strategies for this request: xpath, id, name, class name, -ios predicate string, -ios class chain, accessibility id, css selector
[debug] &amp#27;[35m[BaseDriver]&amp#27;[39m Waiting up to 25000 ms for condition
[debug] &amp#27;[35m[XCUITest]&amp#27;[39m Setting custom timeout to 750000 ms for 'findElement' command
[debug] &amp#27;[35m[WD Proxy]&amp#27;[39m Matched '/element' to command name 'findElement'
[debug] &amp#27;[35m[WD Proxy]&amp#27;[39m Proxying [POST /element] to [POST http://127.0.0.1:8100/session/60DEF1F0-4A14-4727-943C-DB82535553CA/element] with body: {"using":"xpath","value":"//XCUIElementTypeButton[@label='Use Photo']"}
[debug] &amp#27;[35m[WD Proxy]&amp#27;[39m Got response with status 200: {"value":{"ELEMENT":"C1060000-0000-0000-5301-000000000000","element-6066-11e4-a52e-4f735466cecf":"C1060000-0000-0000-5301-000000000000"},"sessionId":"60DEF1F0-4A14-4727-943C-DB82535553CA"}
[debug] &amp#27;[35m[W3C (fa22c5fe)]&amp#27;[39m Responding to client with driver.findElement() result: {"element-6066-11e4-a52e-4f735466cecf":"C1060000-0000-0000-5301-000000000000","ELEMENT":"C1060000-0000-0000-5301-000000000000"}
&amp#27;[35m[HTTP]&amp#27;[39m &amp#27;[37m<-- POST /wd/hub/session/fa22c5fe-5ae1-4114-abfe-4bea6798cb79/element &amp#27;[39m&amp#27;[32m200&amp#27;[39m &amp#27;[90m221 ms - 137&amp#27;[39m
&amp#27;[35m[HTTP]&amp#27;[39m &amp#27;[90m&amp#27;[39m
&amp#27;[35m[HTTP]&amp#27;[39m &amp#27;[37m-->&amp#27;[39m &amp#27;[37mPOST&amp#27;[39m &amp#27;[37m/wd/hub/session/fa22c5fe-5ae1-4114-abfe-4bea6798cb79/element/C1060000-0000-0000-5301-000000000000/click&amp#27;[39m
&amp#27;[35m[HTTP]&amp#27;[39m &amp#27;[90m{"id":"C1060000-0000-0000-5301-000000000000"}&amp#27;[39m
&amp#27;[35m[W3C (fa22c5fe)]&amp#27;[39m Driver proxy active, passing request on via HTTP proxy
[debug] &amp#27;[35m[XCUITest]&amp#27;[39m Executing command 'proxyReqRes'
[debug] &amp#27;[35m[WD Proxy]&amp#27;[39m Matched '/wd/hub/session/fa22c5fe-5ae1-4114-abfe-4bea6798cb79/element/C1060000-0000-0000-5301-000000000000/click' to command name 'click'
[debug] &amp#27;[35m[WD Proxy]&amp#27;[39m Proxying [POST /wd/hub/session/fa22c5fe-5ae1-4114-abfe-4bea6798cb79/element/C1060000-0000-0000-5301-000000000000/click] to [POST http://127.0.0.1:8100/session/60DEF1F0-4A14-4727-943C-DB82535553CA/element/C1060000-0000-0000-5301-000000000000/click] with body: {"id":"C1060000-0000-0000-5301-000000000000"}
[debug] &amp#27;[35m[WD Proxy]&amp#27;[39m Got response with status 200: {"value":null,"sessionId":"60DEF1F0-4A14-4727-943C-DB82535553CA"}
&amp#27;[35m[WD Proxy]&amp#27;[39m Replacing sessionId 60DEF1F0-4A14-4727-943C-DB82535553CA with fa22c5fe-5ae1-4114-abfe-4bea6798cb79
&amp#27;[35m[HTTP]&amp#27;[39m &amp#27;[37m<-- POST /wd/hub/session/fa22c5fe-5ae1-4114-abfe-4bea6798cb79/element/C1060000-0000-0000-5301-000000000000/click &amp#27;[39m&amp#27;[32m200&amp#27;[39m &amp#27;[90m338 ms - 65&amp#27;[39m
&amp#27;[35m[HTTP]&amp#27;[39m &amp#27;[90m&amp#27;[39m
&amp#27;[35m[HTTP]&amp#27;[39m &amp#27;[37m-->&amp#27;[39m &amp#27;[37mPOST&amp#27;[39m &amp#27;[37m/wd/hub/session/fa22c5fe-5ae1-4114-abfe-4bea6798cb79/element&amp#27;[39m
&amp#27;[35m[HTTP]&amp#27;[39m &amp#27;[90m{"using":"xpath","value":"//XCUIElementTypeApplication[@name=\"Rental+ (ZG)\"]/XCUIElementTypeWindow[1]/XCUIElementTypeOther/XCUIElementTypeOther/XCUIElementTypeOther/XCUIElementTypeOther/XCUIElementTypeOther/XCUIElementTypeOther/XCUIElementTypeOther[2]/XCUIElementTypeOther/XCUIElementTypeScrollView/XCUIElementTypeOther/XCUIElementTypeOther/XCUIElementTypeScrollView/XCUIElementTypeOther[1]/XCUIElementTypeOther[3]/XCUIElementTypeButton[2]\n"}&amp#27;[39m
[debug] &amp#27;[35m[W3C (fa22c5fe)]&amp#27;[39m Calling AppiumDriver.findElement() with args: ["xpath","//XCUIElementTypeApplication[@name=\"Rental+ (ZG)\"]/XCUIElementTypeWindow[1]/XCUIElementTypeOther/XCUIElementTypeOther/XCUIElementTypeOther/XCUIElementTypeOther/XCUIElementTypeOther/XCUIElementTypeOther/XCUIElementTypeOther[2]/XCUIElementTypeOther/XCUIElementTypeScrollView/XCUIElementTypeOther/XCUIElementTypeOther/XCUIElementTypeScrollView/XCUIElementTypeOther[1]/XCUIElementTypeOther[3]/XCUIElementTypeButton[2]\n","fa22c5fe-5ae1-4114-abfe-4bea6798cb79"]
[debug] &amp#27;[35m[XCUITest]&amp#27;[39m Executing command 'findElement'
[debug] &amp#27;[35m[BaseDriver]&amp#27;[39m Valid locator strategies for this request: xpath, id, name, class name, -ios predicate string, -ios class chain, accessibility id, css selector
[debug] &amp#27;[35m[BaseDriver]&amp#27;[39m Waiting up to 25000 ms for condition
[debug] &amp#27;[35m[XCUITest]&amp#27;[39m Setting custom timeout to 750000 ms for 'findElement' command
[debug] &amp#27;[35m[WD Proxy]&amp#27;[39m Matched '/element' to command name 'findElement'
[debug] &amp#27;[35m[WD Proxy]&amp#27;[39m Proxying [POST /element] to [POST http://127.0.0.1:8100/session/60DEF1F0-4A14-4727-943C-DB82535553CA/element] with body: {"using":"xpath","value":"//XCUIElementTypeApplication[@name=\"Rental+ (ZG)\"]/XCUIElementTypeWindow[1]/XCUIElementTypeOther/XCUIElementTypeOther/XCUIElementTypeOther/XCUIElementTypeOther/XCUIElementTypeOther/XCUIElementTypeOther/XCUIElementTypeOther[2]/XCUIElementTypeOther/XCUIElementTypeScrollView/XCUIElementTypeOther/XCUIElementTypeOther/XCUIElementTypeScrollView/XCUIElementTypeOther[1]/XCUIElementTypeOther[3]/XCUIElementTypeButton[2]\n"}
[debug] &amp#27;[35m[WD Proxy]&amp#27;[39m Got response with status 200: {"value":{"ELEMENT":"A4060000-0000-0000-5301-000000000000","element-6066-11e4-a52e-4f735466cecf":"A4060000-0000-0000-5301-000000000000"},"sessionId":"60DEF1F0-4A14-4727-943C-DB82535553CA"}
[debug] &amp#27;[35m[W3C (fa22c5fe)]&amp#27;[39m Responding to client with driver.findElement() result: {"element-6066-11e4-a52e-4f735466cecf":"A4060000-0000-0000-5301-000000000000","ELEMENT":"A4060000-0000-0000-5301-000000000000"}
&amp#27;[35m[HTTP]&amp#27;[39m &amp#27;[37m<-- POST /wd/hub/session/fa22c5fe-5ae1-4114-abfe-4bea6798cb79/element &amp#27;[39m&amp#27;[32m200&amp#27;[39m &amp#27;[90m415 ms - 137&amp#27;[39m
&amp#27;[35m[HTTP]&amp#27;[39m &amp#27;[90m&amp#27;[39m
&amp#27;[35m[HTTP]&amp#27;[39m &amp#27;[37m-->&amp#27;[39m &amp#27;[37mPOST&amp#27;[39m &amp#27;[37m/wd/hub/session/fa22c5fe-5ae1-4114-abfe-4bea6798cb79/element/A4060000-0000-0000-5301-000000000000/click&amp#27;[39m
&amp#27;[35m[HTTP]&amp#27;[39m &amp#27;[90m{"id":"A4060000-0000-0000-5301-000000000000"}&amp#27;[39m
&amp#27;[35m[W3C (fa22c5fe)]&amp#27;[39m Driver proxy active, passing request on via HTTP proxy
[debug] &amp#27;[35m[XCUITest]&amp#27;[39m Executing command 'proxyReqRes'
[debug] &amp#27;[35m[WD Proxy]&amp#27;[39m Matched '/wd/hub/session/fa22c5fe-5ae1-4114-abfe-4bea6798cb79/element/A4060000-0000-0000-5301-000000000000/click' to command name 'click'
[debug] &amp#27;[35m[WD Proxy]&amp#27;[39m Proxying [POST /wd/hub/session/fa22c5fe-5ae1-4114-abfe-4bea6798cb79/element/A4060000-0000-0000-5301-000000000000/click] to [POST http://127.0.0.1:8100/session/60DEF1F0-4A14-4727-943C-DB82535553CA/element/A4060000-0000-0000-5301-000000000000/click] with body: {"id":"A4060000-0000-0000-5301-000000000000"}
[debug] &amp#27;[35m[WD Proxy]&amp#27;[39m Got response with status 200: {"value":null,"sessionId":"60DEF1F0-4A14-4727-943C-DB82535553CA"}
&amp#27;[35m[WD Proxy]&amp#27;[39m Replacing sessionId 60DEF1F0-4A14-4727-943C-DB82535553CA with fa22c5fe-5ae1-4114-abfe-4bea6798cb79
&amp#27;[35m[HTTP]&amp#27;[39m &amp#27;[37m<-- POST /wd/hub/session/fa22c5fe-5ae1-4114-abfe-4bea6798cb79/element/A4060000-0000-0000-5301-000000000000/click &amp#27;[39m&amp#27;[32m200&amp#27;[39m &amp#27;[90m248 ms - 65&amp#27;[39m
&amp#27;[35m[HTTP]&amp#27;[39m &amp#27;[90m&amp#27;[39m
&amp#27;[35m[HTTP]&amp#27;[39m &amp#27;[37m-->&amp#27;[39m &amp#27;[37mPOST&amp#27;[39m &amp#27;[37m/wd/hub/session/fa22c5fe-5ae1-4114-abfe-4bea6798cb79/element&amp#27;[39m
&amp#27;[35m[HTTP]&amp#27;[39m &amp#27;[90m{"using":"xpath","value":"//XCUIElementTypeApplication[@name=\"Rental+ (ZG)\"]/XCUIElementTypeWindow[1]/XCUIElementTypeOther/XCUIElementTypeOther/XCUIElementTypeOther/XCUIElementTypeOther/XCUIElementTypeOther/XCUIElementTypeOther/XCUIElementTypeOther[2]/XCUIElementTypeOther/XCUIElementTypeScrollView/XCUIElementTypeOther/XCUIElementTypeOther/XCUIElementTypeScrollView/XCUIElementTypeOther[1]/XCUIElementTypeOther[1]/XCUIElementTypeButton"}&amp#27;[39m
[debug] &amp#27;[35m[W3C (fa22c5fe)]&amp#27;[39m Calling AppiumDriver.findElement() with args: ["xpath","//XCUIElementTypeApplication[@name=\"Rental+ (ZG)\"]/XCUIElementTypeWindow[1]/XCUIElementTypeOther/XCUIElementTypeOther/XCUIElementTypeOther/XCUIElementTypeOther/XCUIElementTypeOther/XCUIElementTypeOther/XCUIElementTypeOther[2]/XCUIElementTypeOther/XCUIElementTypeScrollView/XCUIElementTypeOther/XCUIElementTypeOther/XCUIElementTypeScrollView/XCUIElementTypeOther[1]/XCUIElementTypeOther[1]/XCUIElementTypeButton","fa22c5fe-5ae1-4114-abfe-4bea6798cb79"]
[debug] &amp#27;[35m[XCUITest]&amp#27;[39m Executing command 'findElement'
[debug] &amp#27;[35m[BaseDriver]&amp#27;[39m Valid locator strategies for this request: xpath, id, name, class name, -ios predicate string, -ios class chain, accessibility id, css selector
[debug] &amp#27;[35m[BaseDriver]&amp#27;[39m Waiting up to 25000 ms for condition
[debug] &amp#27;[35m[XCUITest]&amp#27;[39m Setting custom timeout to 750000 ms for 'findElement' command
[debug] &amp#27;[35m[WD Proxy]&amp#27;[39m Matched '/element' to command name 'findElement'
[debug] &amp#27;[35m[WD Proxy]&amp#27;[39m Proxying [POST /element] to [POST http://127.0.0.1:8100/session/60DEF1F0-4A14-4727-943C-DB82535553CA/element] with body: {"using":"xpath","value":"//XCUIElementTypeApplication[@name=\"Rental+ (ZG)\"]/XCUIElementTypeWindow[1]/XCUIElementTypeOther/XCUIElementTypeOther/XCUIElementTypeOther/XCUIElementTypeOther/XCUIElementTypeOther/XCUIElementTypeOther/XCUIElementTypeOther[2]/XCUIElementTypeOther/XCUIElementTypeScrollView/XCUIElementTypeOther/XCUIElementTypeOther/XCUIElementTypeScrollView/XCUIElementTypeOther[1]/XCUIElementTypeOther[1]/XCUIElementTypeButton"}
[debug] &amp#27;[35m[WD Proxy]&amp#27;[39m Got response with status 200: {"value":{"ELEMENT":"CD060000-0000-0000-5301-000000000000","element-6066-11e4-a52e-4f735466cecf":"CD060000-0000-0000-5301-000000000000"},"sessionId":"60DEF1F0-4A14-4727-943C-DB82535553CA"}
[debug] &amp#27;[35m[W3C (fa22c5fe)]&amp#27;[39m Responding to client with driver.findElement() result: {"element-6066-11e4-a52e-4f735466cecf":"CD060000-0000-0000-5301-000000000000","ELEMENT":"CD060000-0000-0000-5301-000000000000"}
&amp#27;[35m[HTTP]&amp#27;[39m &amp#27;[37m<-- POST /wd/hub/session/fa22c5fe-5ae1-4114-abfe-4bea6798cb79/element &amp#27;[39m&amp#27;[32m200&amp#27;[39m &amp#27;[90m470 ms - 137&amp#27;[39m
&amp#27;[35m[HTTP]&amp#27;[39m &amp#27;[90m&amp#27;[39m
&amp#27;[35m[HTTP]&amp#27;[39m &amp#27;[37m-->&amp#27;[39m &amp#27;[37mPOST&amp#27;[39m &amp#27;[37m/wd/hub/session/fa22c5fe-5ae1-4114-abfe-4bea6798cb79/element/CD060000-0000-0000-5301-000000000000/click&amp#27;[39m
&amp#27;[35m[HTTP]&amp#27;[39m &amp#27;[90m{"id":"CD060000-0000-0000-5301-000000000000"}&amp#27;[39m
&amp#27;[35m[W3C (fa22c5fe)]&amp#27;[39m Driver proxy active, passing request on via HTTP proxy
[debug] &amp#27;[35m[XCUITest]&amp#27;[39m Executing command 'proxyReqRes'
[debug] &amp#27;[35m[WD Proxy]&amp#27;[39m Matched '/wd/hub/session/fa22c5fe-5ae1-4114-abfe-4bea6798cb79/element/CD060000-0000-0000-5301-000000000000/click' to command name 'click'
[debug] &amp#27;[35m[WD Proxy]&amp#27;[39m Proxying [POST /wd/hub/session/fa22c5fe-5ae1-4114-abfe-4bea6798cb79/element/CD060000-0000-0000-5301-000000000000/click] to [POST http://127.0.0.1:8100/session/60DEF1F0-4A14-4727-943C-DB82535553CA/element/CD060000-0000-0000-5301-000000000000/click] with body: {"id":"CD060000-0000-0000-5301-000000000000"}
[debug] &amp#27;[35m[WD Proxy]&amp#27;[39m Got response with status 200: {"value":null,"sessionId":"60DEF1F0-4A14-4727-943C-DB82535553CA"}
&amp#27;[35m[WD Proxy]&amp#27;[39m Replacing sessionId 60DEF1F0-4A14-4727-943C-DB82535553CA with fa22c5fe-5ae1-4114-abfe-4bea6798cb79
&amp#27;[35m[HTTP]&amp#27;[39m &amp#27;[37m<-- POST /wd/hub/session/fa22c5fe-5ae1-4114-abfe-4bea6798cb79/element/CD060000-0000-0000-5301-000000000000/click &amp#27;[39m&amp#27;[32m200&amp#27;[39m &amp#27;[90m248 ms - 65&amp#27;[39m
&amp#27;[35m[HTTP]&amp#27;[39m &amp#27;[90m&amp#27;[39m
&amp#27;[35m[HTTP]&amp#27;[39m &amp#27;[37m-->&amp#27;[39m &amp#27;[37mPOST&amp#27;[39m &amp#27;[37m/wd/hub/session/fa22c5fe-5ae1-4114-abfe-4bea6798cb79/element&amp#27;[39m
&amp#27;[35m[HTTP]&amp#27;[39m &amp#27;[90m{"using":"xpath","value":"//XCUIElementTypeButton[@label='Take Picture']"}&amp#27;[39m
[debug] &amp#27;[35m[W3C (fa22c5fe)]&amp#27;[39m Calling AppiumDriver.findElement() with args: ["xpath","//XCUIElementTypeButton[@label='Take Picture']","fa22c5fe-5ae1-4114-abfe-4bea6798cb79"]
[debug] &amp#27;[35m[XCUITest]&amp#27;[39m Executing command 'findElement'
[debug] &amp#27;[35m[BaseDriver]&amp#27;[39m Valid locator strategies for this request: xpath, id, name, class name, -ios predicate string, -ios class chain, accessibility id, css selector
[debug] &amp#27;[35m[BaseDriver]&amp#27;[39m Waiting up to 25000 ms for condition
[debug] &amp#27;[35m[XCUITest]&amp#27;[39m Setting custom timeout to 750000 ms for 'findElement' command
[debug] &amp#27;[35m[WD Proxy]&amp#27;[39m Matched '/element' to command name 'findElement'
[debug] &amp#27;[35m[WD Proxy]&amp#27;[39m Proxying [POST /element] to [POST http://127.0.0.1:8100/session/60DEF1F0-4A14-4727-943C-DB82535553CA/element] with body: {"using":"xpath","value":"//XCUIElementTypeButton[@label='Take Picture']"}
[debug] &amp#27;[35m[WD Proxy]&amp#27;[39m Got response with status 200: {"value":{"ELEMENT":"E3060000-0000-0000-5301-000000000000","element-6066-11e4-a52e-4f735466cecf":"E3060000-0000-0000-5301-000000000000"},"sessionId":"60DEF1F0-4A14-4727-943C-DB82535553CA"}
[debug] &amp#27;[35m[W3C (fa22c5fe)]&amp#27;[39m Responding to client with driver.findElement() result: {"element-6066-11e4-a52e-4f735466cecf":"E3060000-0000-0000-5301-000000000000","ELEMENT":"E3060000-0000-0000-5301-000000000000"}
&amp#27;[35m[HTTP]&amp#27;[39m &amp#27;[37m<-- POST /wd/hub/session/fa22c5fe-5ae1-4114-abfe-4bea6798cb79/element &amp#27;[39m&amp#27;[32m200&amp#27;[39m &amp#27;[90m260 ms - 137&amp#27;[39m
&amp#27;[35m[HTTP]&amp#27;[39m &amp#27;[90m&amp#27;[39m
&amp#27;[35m[HTTP]&amp#27;[39m &amp#27;[37m-->&amp#27;[39m &amp#27;[37mPOST&amp#27;[39m &amp#27;[37m/wd/hub/session/fa22c5fe-5ae1-4114-abfe-4bea6798cb79/element/E3060000-0000-0000-5301-000000000000/click&amp#27;[39m
&amp#27;[35m[HTTP]&amp#27;[39m &amp#27;[90m{"id":"E3060000-0000-0000-5301-000000000000"}&amp#27;[39m
&amp#27;[35m[W3C (fa22c5fe)]&amp#27;[39m Driver proxy active, passing request on via HTTP proxy
[debug] &amp#27;[35m[XCUITest]&amp#27;[39m Executing command 'proxyReqRes'
[debug] &amp#27;[35m[WD Proxy]&amp#27;[39m Matched '/wd/hub/session/fa22c5fe-5ae1-4114-abfe-4bea6798cb79/element/E3060000-0000-0000-5301-000000000000/click' to command name 'click'
[debug] &amp#27;[35m[WD Proxy]&amp#27;[39m Proxying [POST /wd/hub/session/fa22c5fe-5ae1-4114-abfe-4bea6798cb79/element/E3060000-0000-0000-5301-000000000000/click] to [POST http://127.0.0.1:8100/session/60DEF1F0-4A14-4727-943C-DB82535553CA/element/E3060000-0000-0000-5301-000000000000/click] with body: {"id":"E3060000-0000-0000-5301-000000000000"}
[debug] &amp#27;[35m[WD Proxy]&amp#27;[39m Got response with status 200: {"value":null,"sessionId":"60DEF1F0-4A14-4727-943C-DB82535553CA"}
&amp#27;[35m[WD Proxy]&amp#27;[39m Replacing sessionId 60DEF1F0-4A14-4727-943C-DB82535553CA with fa22c5fe-5ae1-4114-abfe-4bea6798cb79
&amp#27;[35m[HTTP]&amp#27;[39m &amp#27;[37m<-- POST /wd/hub/session/fa22c5fe-5ae1-4114-abfe-4bea6798cb79/element/E3060000-0000-0000-5301-000000000000/click &amp#27;[39m&amp#27;[32m200&amp#27;[39m &amp#27;[90m205 ms - 65&amp#27;[39m
&amp#27;[35m[HTTP]&amp#27;[39m &amp#27;[90m&amp#27;[39m
&amp#27;[35m[HTTP]&amp#27;[39m &amp#27;[37m-->&amp#27;[39m &amp#27;[37mPOST&amp#27;[39m &amp#27;[37m/wd/hub/session/fa22c5fe-5ae1-4114-abfe-4bea6798cb79/element&amp#27;[39m
&amp#27;[35m[HTTP]&amp#27;[39m &amp#27;[90m{"using":"xpath","value":"//XCUIElementTypeButton[@label='Use Photo']"}&amp#27;[39m
[debug] &amp#27;[35m[W3C (fa22c5fe)]&amp#27;[39m Calling AppiumDriver.findElement() with args: ["xpath","//XCUIElementTypeButton[@label='Use Photo']","fa22c5fe-5ae1-4114-abfe-4bea6798cb79"]
[debug] &amp#27;[35m[XCUITest]&amp#27;[39m Executing command 'findElement'
[debug] &amp#27;[35m[BaseDriver]&amp#27;[39m Valid locator strategies for this request: xpath, id, name, class name, -ios predicate string, -ios class chain, accessibility id, css selector
[debug] &amp#27;[35m[BaseDriver]&amp#27;[39m Waiting up to 25000 ms for condition
[debug] &amp#27;[35m[XCUITest]&amp#27;[39m Setting custom timeout to 750000 ms for 'findElement' command
[debug] &amp#27;[35m[WD Proxy]&amp#27;[39m Matched '/element' to command name 'findElement'
[debug] &amp#27;[35m[WD Proxy]&amp#27;[39m Proxying [POST /element] to [POST http://127.0.0.1:8100/session/60DEF1F0-4A14-4727-943C-DB82535553CA/element] with body: {"using":"xpath","value":"//XCUIElementTypeButton[@label='Use Photo']"}
[debug] &amp#27;[35m[WD Proxy]&amp#27;[39m Got response with status 200: {"value":{"ELEMENT":"ED060000-0000-0000-5301-000000000000","element-6066-11e4-a52e-4f735466cecf":"ED060000-0000-0000-5301-000000000000"},"sessionId":"60DEF1F0-4A14-4727-943C-DB82535553CA"}
[debug] &amp#27;[35m[W3C (fa22c5fe)]&amp#27;[39m Responding to client with driver.findElement() result: {"element-6066-11e4-a52e-4f735466cecf":"ED060000-0000-0000-5301-000000000000","ELEMENT":"ED060000-0000-0000-5301-000000000000"}
&amp#27;[35m[HTTP]&amp#27;[39m &amp#27;[37m<-- POST /wd/hub/session/fa22c5fe-5ae1-4114-abfe-4bea6798cb79/element &amp#27;[39m&amp#27;[32m200&amp#27;[39m &amp#27;[90m216 ms - 137&amp#27;[39m
&amp#27;[35m[HTTP]&amp#27;[39m &amp#27;[90m&amp#27;[39m
&amp#27;[35m[HTTP]&amp#27;[39m &amp#27;[37m-->&amp#27;[39m &amp#27;[37mPOST&amp#27;[39m &amp#27;[37m/wd/hub/session/fa22c5fe-5ae1-4114-abfe-4bea6798cb79/element/ED060000-0000-0000-5301-000000000000/click&amp#27;[39m
&amp#27;[35m[HTTP]&amp#27;[39m &amp#27;[90m{"id":"ED060000-0000-0000-5301-000000000000"}&amp#27;[39m
&amp#27;[35m[W3C (fa22c5fe)]&amp#27;[39m Driver proxy active, passing request on via HTTP proxy
[debug] &amp#27;[35m[XCUITest]&amp#27;[39m Executing command 'proxyReqRes'
[debug] &amp#27;[35m[WD Proxy]&amp#27;[39m Matched '/wd/hub/session/fa22c5fe-5ae1-4114-abfe-4bea6798cb79/element/ED060000-0000-0000-5301-000000000000/click' to command name 'click'
[debug] &amp#27;[35m[WD Proxy]&amp#27;[39m Proxying [POST /wd/hub/session/fa22c5fe-5ae1-4114-abfe-4bea6798cb79/element/ED060000-0000-0000-5301-000000000000/click] to [POST http://127.0.0.1:8100/session/60DEF1F0-4A14-4727-943C-DB82535553CA/element/ED060000-0000-0000-5301-000000000000/click] with body: {"id":"ED060000-0000-0000-5301-000000000000"}
[debug] &amp#27;[35m[WD Proxy]&amp#27;[39m Got response with status 200: {"value":null,"sessionId":"60DEF1F0-4A14-4727-943C-DB82535553CA"}
&amp#27;[35m[WD Proxy]&amp#27;[39m Replacing sessionId 60DEF1F0-4A14-4727-943C-DB82535553CA with fa22c5fe-5ae1-4114-abfe-4bea6798cb79
&amp#27;[35m[HTTP]&amp#27;[39m &amp#27;[37m<-- POST /wd/hub/session/fa22c5fe-5ae1-4114-abfe-4bea6798cb79/element/ED060000-0000-0000-5301-000000000000/click &amp#27;[39m&amp#27;[32m200&amp#27;[39m &amp#27;[90m350 ms - 65&amp#27;[39m
&amp#27;[35m[HTTP]&amp#27;[39m &amp#27;[90m&amp#27;[39m
&amp#27;[35m[HTTP]&amp#27;[39m &amp#27;[37m-->&amp#27;[39m &amp#27;[37mPOST&amp#27;[39m &amp#27;[37m/wd/hub/session/fa22c5fe-5ae1-4114-abfe-4bea6798cb79/element&amp#27;[39m
&amp#27;[35m[HTTP]&amp#27;[39m &amp#27;[90m{"using":"xpath","value":"//XCUIElementTypeApplication[@name=\"Rental+ (ZG)\"]/XCUIElementTypeWindow[1]/XCUIElementTypeOther/XCUIElementTypeOther/XCUIElementTypeOther/XCUIElementTypeOther/XCUIElementTypeOther/XCUIElementTypeOther/XCUIElementTypeOther[2]/XCUIElementTypeOther/XCUIElementTypeScrollView/XCUIElementTypeOther/XCUIElementTypeOther/XCUIElementTypeScrollView/XCUIElementTypeOther[1]/XCUIElementTypeOther[3]/XCUIElementTypeButton[2]\n"}&amp#27;[39m
[debug] &amp#27;[35m[W3C (fa22c5fe)]&amp#27;[39m Calling AppiumDriver.findElement() with args: ["xpath","//XCUIElementTypeApplication[@name=\"Rental+ (ZG)\"]/XCUIElementTypeWindow[1]/XCUIElementTypeOther/XCUIElementTypeOther/XCUIElementTypeOther/XCUIElementTypeOther/XCUIElementTypeOther/XCUIElementTypeOther/XCUIElementTypeOther[2]/XCUIElementTypeOther/XCUIElementTypeScrollView/XCUIElementTypeOther/XCUIElementTypeOther/XCUIElementTypeScrollView/XCUIElementTypeOther[1]/XCUIElementTypeOther[3]/XCUIElementTypeButton[2]\n","fa22c5fe-5ae1-4114-abfe-4bea6798cb79"]
[debug] &amp#27;[35m[XCUITest]&amp#27;[39m Executing command 'findElement'
[debug] &amp#27;[35m[BaseDriver]&amp#27;[39m Valid locator strategies for this request: xpath, id, name, class name, -ios predicate string, -ios class chain, accessibility id, css selector
[debug] &amp#27;[35m[BaseDriver]&amp#27;[39m Waiting up to 25000 ms for condition
[debug] &amp#27;[35m[XCUITest]&amp#27;[39m Setting custom timeout to 750000 ms for 'findElement' command
[debug] &amp#27;[35m[WD Proxy]&amp#27;[39m Matched '/element' to command name 'findElement'
[debug] &amp#27;[35m[WD Proxy]&amp#27;[39m Proxying [POST /element] to [POST http://127.0.0.1:8100/session/60DEF1F0-4A14-4727-943C-DB82535553CA/element] with body: {"using":"xpath","value":"//XCUIElementTypeApplication[@name=\"Rental+ (ZG)\"]/XCUIElementTypeWindow[1]/XCUIElementTypeOther/XCUIElementTypeOther/XCUIElementTypeOther/XCUIElementTypeOther/XCUIElementTypeOther/XCUIElementTypeOther/XCUIElementTypeOther[2]/XCUIElementTypeOther/XCUIElementTypeScrollView/XCUIElementTypeOther/XCUIElementTypeOther/XCUIElementTypeScrollView/XCUIElementTypeOther[1]/XCUIElementTypeOther[3]/XCUIElementTypeButton[2]\n"}
[debug] &amp#27;[35m[WD Proxy]&amp#27;[39m Got response with status 200: {"value":{"ELEMENT":"D0060000-0000-0000-5301-000000000000","element-6066-11e4-a52e-4f735466cecf":"D0060000-0000-0000-5301-000000000000"},"sessionId":"60DEF1F0-4A14-4727-943C-DB82535553CA"}
[debug] &amp#27;[35m[W3C (fa22c5fe)]&amp#27;[39m Responding to client with driver.findElement() result: {"element-6066-11e4-a52e-4f735466cecf":"D0060000-0000-0000-5301-000000000000","ELEMENT":"D0060000-0000-0000-5301-000000000000"}
&amp#27;[35m[HTTP]&amp#27;[39m &amp#27;[37m<-- POST /wd/hub/session/fa22c5fe-5ae1-4114-abfe-4bea6798cb79/element &amp#27;[39m&amp#27;[32m200&amp#27;[39m &amp#27;[90m386 ms - 137&amp#27;[39m
&amp#27;[35m[HTTP]&amp#27;[39m &amp#27;[90m&amp#27;[39m
&amp#27;[35m[HTTP]&amp#27;[39m &amp#27;[37m-->&amp#27;[39m &amp#27;[37mPOST&amp#27;[39m &amp#27;[37m/wd/hub/session/fa22c5fe-5ae1-4114-abfe-4bea6798cb79/element/D0060000-0000-0000-5301-000000000000/click&amp#27;[39m
&amp#27;[35m[HTTP]&amp#27;[39m &amp#27;[90m{"id":"D0060000-0000-0000-5301-000000000000"}&amp#27;[39m
&amp#27;[35m[W3C (fa22c5fe)]&amp#27;[39m Driver proxy active, passing request on via HTTP proxy
[debug] &amp#27;[35m[XCUITest]&amp#27;[39m Executing command 'proxyReqRes'
[debug] &amp#27;[35m[WD Proxy]&amp#27;[39m Matched '/wd/hub/session/fa22c5fe-5ae1-4114-abfe-4bea6798cb79/element/D0060000-0000-0000-5301-000000000000/click' to command name 'click'
[debug] &amp#27;[35m[WD Proxy]&amp#27;[39m Proxying [POST /wd/hub/session/fa22c5fe-5ae1-4114-abfe-4bea6798cb79/element/D0060000-0000-0000-5301-000000000000/click] to [POST http://127.0.0.1:8100/session/60DEF1F0-4A14-4727-943C-DB82535553CA/element/D0060000-0000-0000-5301-000000000000/click] with body: {"id":"D0060000-0000-0000-5301-000000000000"}
[debug] &amp#27;[35m[WD Proxy]&amp#27;[39m Got response with status 200: {"value":null,"sessionId":"60DEF1F0-4A14-4727-943C-DB82535553CA"}
&amp#27;[35m[WD Proxy]&amp#27;[39m Replacing sessionId 60DEF1F0-4A14-4727-943C-DB82535553CA with fa22c5fe-5ae1-4114-abfe-4bea6798cb79
&amp#27;[35m[HTTP]&amp#27;[39m &amp#27;[37m<-- POST /wd/hub/session/fa22c5fe-5ae1-4114-abfe-4bea6798cb79/element/D0060000-0000-0000-5301-000000000000/click &amp#27;[39m&amp#27;[32m200&amp#27;[39m &amp#27;[90m237 ms - 65&amp#27;[39m
&amp#27;[35m[HTTP]&amp#27;[39m &amp#27;[90m&amp#27;[39m
&amp#27;[35m[HTTP]&amp#27;[39m &amp#27;[37m-->&amp#27;[39m &amp#27;[37mPOST&amp#27;[39m &amp#27;[37m/wd/hub/session/fa22c5fe-5ae1-4114-abfe-4bea6798cb79/element&amp#27;[39m
&amp#27;[35m[HTTP]&amp#27;[39m &amp#27;[90m{"using":"xpath","value":"//XCUIElementTypeApplication[@name=\"Rental+ (ZG)\"]/XCUIElementTypeWindow[1]/XCUIElementTypeOther/XCUIElementTypeOther/XCUIElementTypeOther/XCUIElementTypeOther/XCUIElementTypeOther/XCUIElementTypeOther/XCUIElementTypeOther[2]/XCUIElementTypeOther/XCUIElementTypeScrollView/XCUIElementTypeOther/XCUIElementTypeOther/XCUIElementTypeScrollView/XCUIElementTypeOther[1]/XCUIElementTypeOther[1]/XCUIElementTypeButton"}&amp#27;[39m
[debug] &amp#27;[35m[W3C (fa22c5fe)]&amp#27;[39m Calling AppiumDriver.findElement() with args: ["xpath","//XCUIElementTypeApplication[@name=\"Rental+ (ZG)\"]/XCUIElementTypeWindow[1]/XCUIElementTypeOther/XCUIElementTypeOther/XCUIElementTypeOther/XCUIElementTypeOther/XCUIElementTypeOther/XCUIElementTypeOther/XCUIElementTypeOther[2]/XCUIElementTypeOther/XCUIElementTypeScrollView/XCUIElementTypeOther/XCUIElementTypeOther/XCUIElementTypeScrollView/XCUIElementTypeOther[1]/XCUIElementTypeOther[1]/XCUIElementTypeButton","fa22c5fe-5ae1-4114-abfe-4bea6798cb79"]
[debug] &amp#27;[35m[XCUITest]&amp#27;[39m Executing command 'findElement'
[debug] &amp#27;[35m[BaseDriver]&amp#27;[39m Valid locator strategies for this request: xpath, id, name, class name, -ios predicate string, -ios class chain, accessibility id, css selector
[debug] &amp#27;[35m[BaseDriver]&amp#27;[39m Waiting up to 25000 ms for condition
[debug] &amp#27;[35m[XCUITest]&amp#27;[39m Setting custom timeout to 750000 ms for 'findElement' command
[debug] &amp#27;[35m[WD Proxy]&amp#27;[39m Matched '/element' to command name 'findElement'
[debug] &amp#27;[35m[WD Proxy]&amp#27;[39m Proxying [POST /element] to [POST http://127.0.0.1:8100/session/60DEF1F0-4A14-4727-943C-DB82535553CA/element] with body: {"using":"xpath","value":"//XCUIElementTypeApplication[@name=\"Rental+ (ZG)\"]/XCUIElementTypeWindow[1]/XCUIElementTypeOther/XCUIElementTypeOther/XCUIElementTypeOther/XCUIElementTypeOther/XCUIElementTypeOther/XCUIElementTypeOther/XCUIElementTypeOther[2]/XCUIElementTypeOther/XCUIElementTypeScrollView/XCUIElementTypeOther/XCUIElementTypeOther/XCUIElementTypeScrollView/XCUIElementTypeOther[1]/XCUIElementTypeOther[1]/XCUIElementTypeButton"}
[debug] &amp#27;[35m[WD Proxy]&amp#27;[39m Got response with status 200: {"value":{"ELEMENT":"F9060000-0000-0000-5301-000000000000","element-6066-11e4-a52e-4f735466cecf":"F9060000-0000-0000-5301-000000000000"},"sessionId":"60DEF1F0-4A14-4727-943C-DB82535553CA"}
[debug] &amp#27;[35m[W3C (fa22c5fe)]&amp#27;[39m Responding to client with driver.findElement() result: {"element-6066-11e4-a52e-4f735466cecf":"F9060000-0000-0000-5301-000000000000","ELEMENT":"F9060000-0000-0000-5301-000000000000"}
&amp#27;[35m[HTTP]&amp#27;[39m &amp#27;[37m<-- POST /wd/hub/session/fa22c5fe-5ae1-4114-abfe-4bea6798cb79/element &amp#27;[39m&amp#27;[32m200&amp#27;[39m &amp#27;[90m394 ms - 137&amp#27;[39m
&amp#27;[35m[HTTP]&amp#27;[39m &amp#27;[90m&amp#27;[39m
&amp#27;[35m[HTTP]&amp#27;[39m &amp#27;[37m-->&amp#27;[39m &amp#27;[37mPOST&amp#27;[39m &amp#27;[37m/wd/hub/session/fa22c5fe-5ae1-4114-abfe-4bea6798cb79/element/F9060000-0000-0000-5301-000000000000/click&amp#27;[39m
&amp#27;[35m[HTTP]&amp#27;[39m &amp#27;[90m{"id":"F9060000-0000-0000-5301-000000000000"}&amp#27;[39m
&amp#27;[35m[W3C (fa22c5fe)]&amp#27;[39m Driver proxy active, passing request on via HTTP proxy
[debug] &amp#27;[35m[XCUITest]&amp#27;[39m Executing command 'proxyReqRes'
[debug] &amp#27;[35m[WD Proxy]&amp#27;[39m Matched '/wd/hub/session/fa22c5fe-5ae1-4114-abfe-4bea6798cb79/element/F9060000-0000-0000-5301-000000000000/click' to command name 'click'
[debug] &amp#27;[35m[WD Proxy]&amp#27;[39m Proxying [POST /wd/hub/session/fa22c5fe-5ae1-4114-abfe-4bea6798cb79/element/F9060000-0000-0000-5301-000000000000/click] to [POST http://127.0.0.1:8100/session/60DEF1F0-4A14-4727-943C-DB82535553CA/element/F9060000-0000-0000-5301-000000000000/click] with body: {"id":"F9060000-0000-0000-5301-000000000000"}
[debug] &amp#27;[35m[WD Proxy]&amp#27;[39m Got response with status 200: {"value":null,"sessionId":"60DEF1F0-4A14-4727-943C-DB82535553CA"}
&amp#27;[35m[WD Proxy]&amp#27;[39m Replacing sessionId 60DEF1F0-4A14-4727-943C-DB82535553CA with fa22c5fe-5ae1-4114-abfe-4bea6798cb79
&amp#27;[35m[HTTP]&amp#27;[39m &amp#27;[37m<-- POST /wd/hub/session/fa22c5fe-5ae1-4114-abfe-4bea6798cb79/element/F9060000-0000-0000-5301-000000000000/click &amp#27;[39m&amp#27;[32m200&amp#27;[39m &amp#27;[90m255 ms - 65&amp#27;[39m
&amp#27;[35m[HTTP]&amp#27;[39m &amp#27;[90m&amp#27;[39m
&amp#27;[35m[HTTP]&amp#27;[39m &amp#27;[37m-->&amp#27;[39m &amp#27;[37mPOST&amp#27;[39m &amp#27;[37m/wd/hub/session/fa22c5fe-5ae1-4114-abfe-4bea6798cb79/element&amp#27;[39m
&amp#27;[35m[HTTP]&amp#27;[39m &amp#27;[90m{"using":"xpath","value":"//XCUIElementTypeButton[@label='Take Picture']"}&amp#27;[39m
[debug] &amp#27;[35m[W3C (fa22c5fe)]&amp#27;[39m Calling AppiumDriver.findElement() with args: ["xpath","//XCUIElementTypeButton[@label='Take Picture']","fa22c5fe-5ae1-4114-abfe-4bea6798cb79"]
[debug] &amp#27;[35m[XCUITest]&amp#27;[39m Executing command 'findElement'
[debug] &amp#27;[35m[BaseDriver]&amp#27;[39m Valid locator strategies for this request: xpath, id, name, class name, -ios predicate string, -ios class chain, accessibility id, css selector
[debug] &amp#27;[35m[BaseDriver]&amp#27;[39m Waiting up to 25000 ms for condition
[debug] &amp#27;[35m[XCUITest]&amp#27;[39m Setting custom timeout to 750000 ms for 'findElement' command
[debug] &amp#27;[35m[WD Proxy]&amp#27;[39m Matched '/element' to command name 'findElement'
[debug] &amp#27;[35m[WD Proxy]&amp#27;[39m Proxying [POST /element] to [POST http://127.0.0.1:8100/session/60DEF1F0-4A14-4727-943C-DB82535553CA/element] with body: {"using":"xpath","value":"//XCUIElementTypeButton[@label='Take Picture']"}
[debug] &amp#27;[35m[WD Proxy]&amp#27;[39m Got response with status 200: {"value":{"ELEMENT":"0F070000-0000-0000-5301-000000000000","element-6066-11e4-a52e-4f735466cecf":"0F070000-0000-0000-5301-000000000000"},"sessionId":"60DEF1F0-4A14-4727-943C-DB82535553CA"}
[debug] &amp#27;[35m[W3C (fa22c5fe)]&amp#27;[39m Responding to client with driver.findElement() result: {"element-6066-11e4-a52e-4f735466cecf":"0F070000-0000-0000-5301-000000000000","ELEMENT":"0F070000-0000-0000-5301-000000000000"}
&amp#27;[35m[HTTP]&amp#27;[39m &amp#27;[37m<-- POST /wd/hub/session/fa22c5fe-5ae1-4114-abfe-4bea6798cb79/element &amp#27;[39m&amp#27;[32m200&amp#27;[39m &amp#27;[90m270 ms - 137&amp#27;[39m
&amp#27;[35m[HTTP]&amp#27;[39m &amp#27;[90m&amp#27;[39m
&amp#27;[35m[HTTP]&amp#27;[39m &amp#27;[37m-->&amp#27;[39m &amp#27;[37mPOST&amp#27;[39m &amp#27;[37m/wd/hub/session/fa22c5fe-5ae1-4114-abfe-4bea6798cb79/element/0F070000-0000-0000-5301-000000000000/click&amp#27;[39m
&amp#27;[35m[HTTP]&amp#27;[39m &amp#27;[90m{"id":"0F070000-0000-0000-5301-000000000000"}&amp#27;[39m
&amp#27;[35m[W3C (fa22c5fe)]&amp#27;[39m Driver proxy active, passing request on via HTTP proxy
[debug] &amp#27;[35m[XCUITest]&amp#27;[39m Executing command 'proxyReqRes'
[debug] &amp#27;[35m[WD Proxy]&amp#27;[39m Matched '/wd/hub/session/fa22c5fe-5ae1-4114-abfe-4bea6798cb79/element/0F070000-0000-0000-5301-000000000000/click' to command name 'click'
[debug] &amp#27;[35m[WD Proxy]&amp#27;[39m Proxying [POST /wd/hub/session/fa22c5fe-5ae1-4114-abfe-4bea6798cb79/element/0F070000-0000-0000-5301-000000000000/click] to [POST http://127.0.0.1:8100/session/60DEF1F0-4A14-4727-943C-DB82535553CA/element/0F070000-0000-0000-5301-000000000000/click] with body: {"id":"0F070000-0000-0000-5301-000000000000"}
[debug] &amp#27;[35m[WD Proxy]&amp#27;[39m Got response with status 200: {"value":null,"sessionId":"60DEF1F0-4A14-4727-943C-DB82535553CA"}
&amp#27;[35m[WD Proxy]&amp#27;[39m Replacing sessionId 60DEF1F0-4A14-4727-943C-DB82535553CA with fa22c5fe-5ae1-4114-abfe-4bea6798cb79
&amp#27;[35m[HTTP]&amp#27;[39m &amp#27;[37m<-- POST /wd/hub/session/fa22c5fe-5ae1-4114-abfe-4bea6798cb79/element/0F070000-0000-0000-5301-000000000000/click &amp#27;[39m&amp#27;[32m200&amp#27;[39m &amp#27;[90m199 ms - 65&amp#27;[39m
&amp#27;[35m[HTTP]&amp#27;[39m &amp#27;[90m&amp#27;[39m
&amp#27;[35m[HTTP]&amp#27;[39m &amp#27;[37m-->&amp#27;[39m &amp#27;[37mPOST&amp#27;[39m &amp#27;[37m/wd/hub/session/fa22c5fe-5ae1-4114-abfe-4bea6798cb79/element&amp#27;[39m
&amp#27;[35m[HTTP]&amp#27;[39m &amp#27;[90m{"using":"xpath","value":"//XCUIElementTypeButton[@label='Use Photo']"}&amp#27;[39m
[debug] &amp#27;[35m[W3C (fa22c5fe)]&amp#27;[39m Calling AppiumDriver.findElement() with args: ["xpath","//XCUIElementTypeButton[@label='Use Photo']","fa22c5fe-5ae1-4114-abfe-4bea6798cb79"]
[debug] &amp#27;[35m[XCUITest]&amp#27;[39m Executing command 'findElement'
[debug] &amp#27;[35m[BaseDriver]&amp#27;[39m Valid locator strategies for this request: xpath, id, name, class name, -ios predicate string, -ios class chain, accessibility id, css selector
[debug] &amp#27;[35m[BaseDriver]&amp#27;[39m Waiting up to 25000 ms for condition
[debug] &amp#27;[35m[XCUITest]&amp#27;[39m Setting custom timeout to 750000 ms for 'findElement' command
[debug] &amp#27;[35m[WD Proxy]&amp#27;[39m Matched '/element' to command name 'findElement'
[debug] &amp#27;[35m[WD Proxy]&amp#27;[39m Proxying [POST /element] to [POST http://127.0.0.1:8100/session/60DEF1F0-4A14-4727-943C-DB82535553CA/element] with body: {"using":"xpath","value":"//XCUIElementTypeButton[@label='Use Photo']"}
[debug] &amp#27;[35m[WD Proxy]&amp#27;[39m Got response with status 200: {"value":{"ELEMENT":"19070000-0000-0000-5301-000000000000","element-6066-11e4-a52e-4f735466cecf":"19070000-0000-0000-5301-000000000000"},"sessionId":"60DEF1F0-4A14-4727-943C-DB82535553CA"}
[debug] &amp#27;[35m[W3C (fa22c5fe)]&amp#27;[39m Responding to client with driver.findElement() result: {"element-6066-11e4-a52e-4f735466cecf":"19070000-0000-0000-5301-000000000000","ELEMENT":"19070000-0000-0000-5301-000000000000"}
&amp#27;[35m[HTTP]&amp#27;[39m &amp#27;[37m<-- POST /wd/hub/session/fa22c5fe-5ae1-4114-abfe-4bea6798cb79/element &amp#27;[39m&amp#27;[32m200&amp#27;[39m &amp#27;[90m213 ms - 137&amp#27;[39m
&amp#27;[35m[HTTP]&amp#27;[39m &amp#27;[90m&amp#27;[39m
&amp#27;[35m[HTTP]&amp#27;[39m &amp#27;[37m-->&amp#27;[39m &amp#27;[37mPOST&amp#27;[39m &amp#27;[37m/wd/hub/session/fa22c5fe-5ae1-4114-abfe-4bea6798cb79/element/19070000-0000-0000-5301-000000000000/click&amp#27;[39m
&amp#27;[35m[HTTP]&amp#27;[39m &amp#27;[90m{"id":"19070000-0000-0000-5301-000000000000"}&amp#27;[39m
&amp#27;[35m[W3C (fa22c5fe)]&amp#27;[39m Driver proxy active, passing request on via HTTP proxy
[debug] &amp#27;[35m[XCUITest]&amp#27;[39m Executing command 'proxyReqRes'
[debug] &amp#27;[35m[WD Proxy]&amp#27;[39m Matched '/wd/hub/session/fa22c5fe-5ae1-4114-abfe-4bea6798cb79/element/19070000-0000-0000-5301-000000000000/click' to command name 'click'
[debug] &amp#27;[35m[WD Proxy]&amp#27;[39m Proxying [POST /wd/hub/session/fa22c5fe-5ae1-4114-abfe-4bea6798cb79/element/19070000-0000-0000-5301-000000000000/click] to [POST http://127.0.0.1:8100/session/60DEF1F0-4A14-4727-943C-DB82535553CA/element/19070000-0000-0000-5301-000000000000/click] with body: {"id":"19070000-0000-0000-5301-000000000000"}
[debug] &amp#27;[35m[WD Proxy]&amp#27;[39m Got response with status 200: {"value":null,"sessionId":"60DEF1F0-4A14-4727-943C-DB82535553CA"}
&amp#27;[35m[WD Proxy]&amp#27;[39m Replacing sessionId 60DEF1F0-4A14-4727-943C-DB82535553CA with fa22c5fe-5ae1-4114-abfe-4bea6798cb79
&amp#27;[35m[HTTP]&amp#27;[39m &amp#27;[37m<-- POST /wd/hub/session/fa22c5fe-5ae1-4114-abfe-4bea6798cb79/element/19070000-0000-0000-5301-000000000000/click &amp#27;[39m&amp#27;[32m200&amp#27;[39m &amp#27;[90m345 ms - 65&amp#27;[39m
&amp#27;[35m[HTTP]&amp#27;[39m &amp#27;[90m&amp#27;[39m
&amp#27;[35m[HTTP]&amp#27;[39m &amp#27;[37m-->&amp#27;[39m &amp#27;[37mPOST&amp#27;[39m &amp#27;[37m/wd/hub/session/fa22c5fe-5ae1-4114-abfe-4bea6798cb79/element&amp#27;[39m
&amp#27;[35m[HTTP]&amp#27;[39m &amp#27;[90m{"using":"xpath","value":"//XCUIElementTypeApplication[@name=\"Rental+ (ZG)\"]/XCUIElementTypeWindow[1]/XCUIElementTypeOther/XCUIElementTypeOther/XCUIElementTypeOther/XCUIElementTypeOther/XCUIElementTypeOther/XCUIElementTypeOther/XCUIElementTypeOther[2]/XCUIElementTypeOther/XCUIElementTypeScrollView/XCUIElementTypeOther/XCUIElementTypeOther/XCUIElementTypeScrollView/XCUIElementTypeOther[1]/XCUIElementTypeOther[3]/XCUIElementTypeButton[2]\n"}&amp#27;[39m
[debug] &amp#27;[35m[W3C (fa22c5fe)]&amp#27;[39m Calling AppiumDriver.findElement() with args: ["xpath","//XCUIElementTypeApplication[@name=\"Rental+ (ZG)\"]/XCUIElementTypeWindow[1]/XCUIElementTypeOther/XCUIElementTypeOther/XCUIElementTypeOther/XCUIElementTypeOther/XCUIElementTypeOther/XCUIElementTypeOther/XCUIElementTypeOther[2]/XCUIElementTypeOther/XCUIElementTypeScrollView/XCUIElementTypeOther/XCUIElementTypeOther/XCUIElementTypeScrollView/XCUIElementTypeOther[1]/XCUIElementTypeOther[3]/XCUIElementTypeButton[2]\n","fa22c5fe-5ae1-4114-abfe-4bea6798cb79"]
[debug] &amp#27;[35m[XCUITest]&amp#27;[39m Executing command 'findElement'
[debug] &amp#27;[35m[BaseDriver]&amp#27;[39m Valid locator strategies for this request: xpath, id, name, class name, -ios predicate string, -ios class chain, accessibility id, css selector
[debug] &amp#27;[35m[BaseDriver]&amp#27;[39m Waiting up to 25000 ms for condition
[debug] &amp#27;[35m[XCUITest]&amp#27;[39m Setting custom timeout to 750000 ms for 'findElement' command
[debug] &amp#27;[35m[WD Proxy]&amp#27;[39m Matched '/element' to command name 'findElement'
[debug] &amp#27;[35m[WD Proxy]&amp#27;[39m Proxying [POST /element] to [POST http://127.0.0.1:8100/session/60DEF1F0-4A14-4727-943C-DB82535553CA/element] with body: {"using":"xpath","value":"//XCUIElementTypeApplication[@name=\"Rental+ (ZG)\"]/XCUIElementTypeWindow[1]/XCUIElementTypeOther/XCUIElementTypeOther/XCUIElementTypeOther/XCUIElementTypeOther/XCUIElementTypeOther/XCUIElementTypeOther/XCUIElementTypeOther[2]/XCUIElementTypeOther/XCUIElementTypeScrollView/XCUIElementTypeOther/XCUIElementTypeOther/XCUIElementTypeScrollView/XCUIElementTypeOther[1]/XCUIElementTypeOther[3]/XCUIElementTypeButton[2]\n"}
[debug] &amp#27;[35m[WD Proxy]&amp#27;[39m Got response with status 200: {"value":{"ELEMENT":"FC060000-0000-0000-5301-000000000000","element-6066-11e4-a52e-4f735466cecf":"FC060000-0000-0000-5301-000000000000"},"sessionId":"60DEF1F0-4A14-4727-943C-DB82535553CA"}
[debug] &amp#27;[35m[W3C (fa22c5fe)]&amp#27;[39m Responding to client with driver.findElement() result: {"element-6066-11e4-a52e-4f735466cecf":"FC060000-0000-0000-5301-000000000000","ELEMENT":"FC060000-0000-0000-5301-000000000000"}
&amp#27;[35m[HTTP]&amp#27;[39m &amp#27;[37m<-- POST /wd/hub/session/fa22c5fe-5ae1-4114-abfe-4bea6798cb79/element &amp#27;[39m&amp#27;[32m200&amp#27;[39m &amp#27;[90m367 ms - 137&amp#27;[39m
&amp#27;[35m[HTTP]&amp#27;[39m &amp#27;[90m&amp#27;[39m
&amp#27;[35m[HTTP]&amp#27;[39m &amp#27;[37m-->&amp#27;[39m &amp#27;[37mPOST&amp#27;[39m &amp#27;[37m/wd/hub/session/fa22c5fe-5ae1-4114-abfe-4bea6798cb79/element/FC060000-0000-0000-5301-000000000000/click&amp#27;[39m
&amp#27;[35m[HTTP]&amp#27;[39m &amp#27;[90m{"id":"FC060000-0000-0000-5301-000000000000"}&amp#27;[39m
&amp#27;[35m[W3C (fa22c5fe)]&amp#27;[39m Driver proxy active, passing request on via HTTP proxy
[debug] &amp#27;[35m[XCUITest]&amp#27;[39m Executing command 'proxyReqRes'
[debug] &amp#27;[35m[WD Proxy]&amp#27;[39m Matched '/wd/hub/session/fa22c5fe-5ae1-4114-abfe-4bea6798cb79/element/FC060000-0000-0000-5301-000000000000/click' to command name 'click'
[debug] &amp#27;[35m[WD Proxy]&amp#27;[39m Proxying [POST /wd/hub/session/fa22c5fe-5ae1-4114-abfe-4bea6798cb79/element/FC060000-0000-0000-5301-000000000000/click] to [POST http://127.0.0.1:8100/session/60DEF1F0-4A14-4727-943C-DB82535553CA/element/FC060000-0000-0000-5301-000000000000/click] with body: {"id":"FC060000-0000-0000-5301-000000000000"}
[debug] &amp#27;[35m[WD Proxy]&amp#27;[39m Got response with status 200: {"value":null,"sessionId":"60DEF1F0-4A14-4727-943C-DB82535553CA"}
&amp#27;[35m[WD Proxy]&amp#27;[39m Replacing sessionId 60DEF1F0-4A14-4727-943C-DB82535553CA with fa22c5fe-5ae1-4114-abfe-4bea6798cb79
&amp#27;[35m[HTTP]&amp#27;[39m &amp#27;[37m<-- POST /wd/hub/session/fa22c5fe-5ae1-4114-abfe-4bea6798cb79/element/FC060000-0000-0000-5301-000000000000/click &amp#27;[39m&amp#27;[32m200&amp#27;[39m &amp#27;[90m237 ms - 65&amp#27;[39m
&amp#27;[35m[HTTP]&amp#27;[39m &amp#27;[90m&amp#27;[39m
&amp#27;[35m[HTTP]&amp#27;[39m &amp#27;[37m-->&amp#27;[39m &amp#27;[37mPOST&amp#27;[39m &amp#27;[37m/wd/hub/session/fa22c5fe-5ae1-4114-abfe-4bea6798cb79/element&amp#27;[39m
&amp#27;[35m[HTTP]&amp#27;[39m &amp#27;[90m{"using":"xpath","value":"//XCUIElementTypeApplication[@name=\"Rental+ (ZG)\"]/XCUIElementTypeWindow[1]/XCUIElementTypeOther/XCUIElementTypeOther/XCUIElementTypeOther/XCUIElementTypeOther/XCUIElementTypeOther/XCUIElementTypeOther/XCUIElementTypeOther[2]/XCUIElementTypeOther/XCUIElementTypeScrollView/XCUIElementTypeOther/XCUIElementTypeOther/XCUIElementTypeScrollView/XCUIElementTypeOther[1]/XCUIElementTypeOther[1]/XCUIElementTypeButton"}&amp#27;[39m
[debug] &amp#27;[35m[W3C (fa22c5fe)]&amp#27;[39m Calling AppiumDriver.findElement() with args: ["xpath","//XCUIElementTypeApplication[@name=\"Rental+ (ZG)\"]/XCUIElementTypeWindow[1]/XCUIElementTypeOther/XCUIElementTypeOther/XCUIElementTypeOther/XCUIElementTypeOther/XCUIElementTypeOther/XCUIElementTypeOther/XCUIElementTypeOther[2]/XCUIElementTypeOther/XCUIElementTypeScrollView/XCUIElementTypeOther/XCUIElementTypeOther/XCUIElementTypeScrollView/XCUIElementTypeOther[1]/XCUIElementTypeOther[1]/XCUIElementTypeButton","fa22c5fe-5ae1-4114-abfe-4bea6798cb79"]
[debug] &amp#27;[35m[XCUITest]&amp#27;[39m Executing command 'findElement'
[debug] &amp#27;[35m[BaseDriver]&amp#27;[39m Valid locator strategies for this request: xpath, id, name, class name, -ios predicate string, -ios class chain, accessibility id, css selector
[debug] &amp#27;[35m[BaseDriver]&amp#27;[39m Waiting up to 25000 ms for condition
[debug] &amp#27;[35m[XCUITest]&amp#27;[39m Setting custom timeout to 750000 ms for 'findElement' command
[debug] &amp#27;[35m[WD Proxy]&amp#27;[39m Matched '/element' to command name 'findElement'
[debug] &amp#27;[35m[WD Proxy]&amp#27;[39m Proxying [POST /element] to [POST http://127.0.0.1:8100/session/60DEF1F0-4A14-4727-943C-DB82535553CA/element] with body: {"using":"xpath","value":"//XCUIElementTypeApplication[@name=\"Rental+ (ZG)\"]/XCUIElementTypeWindow[1]/XCUIElementTypeOther/XCUIElementTypeOther/XCUIElementTypeOther/XCUIElementTypeOther/XCUIElementTypeOther/XCUIElementTypeOther/XCUIElementTypeOther[2]/XCUIElementTypeOther/XCUIElementTypeScrollView/XCUIElementTypeOther/XCUIElementTypeOther/XCUIElementTypeScrollView/XCUIElementTypeOther[1]/XCUIElementTypeOther[1]/XCUIElementTypeButton"}
[debug] &amp#27;[35m[WD Proxy]&amp#27;[39m Got response with status 200: {"value":{"ELEMENT":"25070000-0000-0000-5301-000000000000","element-6066-11e4-a52e-4f735466cecf":"25070000-0000-0000-5301-000000000000"},"sessionId":"60DEF1F0-4A14-4727-943C-DB82535553CA"}
[debug] &amp#27;[35m[W3C (fa22c5fe)]&amp#27;[39m Responding to client with driver.findElement() result: {"element-6066-11e4-a52e-4f735466cecf":"25070000-0000-0000-5301-000000000000","ELEMENT":"25070000-0000-0000-5301-000000000000"}
&amp#27;[35m[HTTP]&amp#27;[39m &amp#27;[37m<-- POST /wd/hub/session/fa22c5fe-5ae1-4114-abfe-4bea6798cb79/element &amp#27;[39m&amp#27;[32m200&amp#27;[39m &amp#27;[90m388 ms - 137&amp#27;[39m
&amp#27;[35m[HTTP]&amp#27;[39m &amp#27;[90m&amp#27;[39m
&amp#27;[35m[HTTP]&amp#27;[39m &amp#27;[37m-->&amp#27;[39m &amp#27;[37mPOST&amp#27;[39m &amp#27;[37m/wd/hub/session/fa22c5fe-5ae1-4114-abfe-4bea6798cb79/element/25070000-0000-0000-5301-000000000000/click&amp#27;[39m
&amp#27;[35m[HTTP]&amp#27;[39m &amp#27;[90m{"id":"25070000-0000-0000-5301-000000000000"}&amp#27;[39m
&amp#27;[35m[W3C (fa22c5fe)]&amp#27;[39m Driver proxy active, passing request on via HTTP proxy
[debug] &amp#27;[35m[XCUITest]&amp#27;[39m Executing command 'proxyReqRes'
[debug] &amp#27;[35m[WD Proxy]&amp#27;[39m Matched '/wd/hub/session/fa22c5fe-5ae1-4114-abfe-4bea6798cb79/element/25070000-0000-0000-5301-000000000000/click' to command name 'click'
[debug] &amp#27;[35m[WD Proxy]&amp#27;[39m Proxying [POST /wd/hub/session/fa22c5fe-5ae1-4114-abfe-4bea6798cb79/element/25070000-0000-0000-5301-000000000000/click] to [POST http://127.0.0.1:8100/session/60DEF1F0-4A14-4727-943C-DB82535553CA/element/25070000-0000-0000-5301-000000000000/click] with body: {"id":"25070000-0000-0000-5301-000000000000"}
[debug] &amp#27;[35m[WD Proxy]&amp#27;[39m Got response with status 200: {"value":null,"sessionId":"60DEF1F0-4A14-4727-943C-DB82535553CA"}
&amp#27;[35m[WD Proxy]&amp#27;[39m Replacing sessionId 60DEF1F0-4A14-4727-943C-DB82535553CA with fa22c5fe-5ae1-4114-abfe-4bea6798cb79
&amp#27;[35m[HTTP]&amp#27;[39m &amp#27;[37m<-- POST /wd/hub/session/fa22c5fe-5ae1-4114-abfe-4bea6798cb79/element/25070000-0000-0000-5301-000000000000/click &amp#27;[39m&amp#27;[32m200&amp#27;[39m &amp#27;[90m254 ms - 65&amp#27;[39m
&amp#27;[35m[HTTP]&amp#27;[39m &amp#27;[90m&amp#27;[39m
&amp#27;[35m[HTTP]&amp#27;[39m &amp#27;[37m-->&amp#27;[39m &amp#27;[37mPOST&amp#27;[39m &amp#27;[37m/wd/hub/session/fa22c5fe-5ae1-4114-abfe-4bea6798cb79/element&amp#27;[39m
&amp#27;[35m[HTTP]&amp#27;[39m &amp#27;[90m{"using":"xpath","value":"//XCUIElementTypeButton[@label='Take Picture']"}&amp#27;[39m
[debug] &amp#27;[35m[W3C (fa22c5fe)]&amp#27;[39m Calling AppiumDriver.findElement() with args: ["xpath","//XCUIElementTypeButton[@label='Take Picture']","fa22c5fe-5ae1-4114-abfe-4bea6798cb79"]
[debug] &amp#27;[35m[XCUITest]&amp#27;[39m Executing command 'findElement'
[debug] &amp#27;[35m[BaseDriver]&amp#27;[39m Valid locator strategies for this request: xpath, id, name, class name, -ios predicate string, -ios class chain, accessibility id, css selector
[debug] &amp#27;[35m[BaseDriver]&amp#27;[39m Waiting up to 25000 ms for condition
[debug] &amp#27;[35m[XCUITest]&amp#27;[39m Setting custom timeout to 750000 ms for 'findElement' command
[debug] &amp#27;[35m[WD Proxy]&amp#27;[39m Matched '/element' to command name 'findElement'
[debug] &amp#27;[35m[WD Proxy]&amp#27;[39m Proxying [POST /element] to [POST http://127.0.0.1:8100/session/60DEF1F0-4A14-4727-943C-DB82535553CA/element] with body: {"using":"xpath","value":"//XCUIElementTypeButton[@label='Take Picture']"}
[debug] &amp#27;[35m[WD Proxy]&amp#27;[39m Got response with status 200: {"value":{"ELEMENT":"3B070000-0000-0000-5301-000000000000","element-6066-11e4-a52e-4f735466cecf":"3B070000-0000-0000-5301-000000000000"},"sessionId":"60DEF1F0-4A14-4727-943C-DB82535553CA"}
[debug] &amp#27;[35m[W3C (fa22c5fe)]&amp#27;[39m Responding to client with driver.findElement() result: {"element-6066-11e4-a52e-4f735466cecf":"3B070000-0000-0000-5301-000000000000","ELEMENT":"3B070000-0000-0000-5301-000000000000"}
&amp#27;[35m[HTTP]&amp#27;[39m &amp#27;[37m<-- POST /wd/hub/session/fa22c5fe-5ae1-4114-abfe-4bea6798cb79/element &amp#27;[39m&amp#27;[32m200&amp#27;[39m &amp#27;[90m275 ms - 137&amp#27;[39m
&amp#27;[35m[HTTP]&amp#27;[39m &amp#27;[90m&amp#27;[39m
&amp#27;[35m[HTTP]&amp#27;[39m &amp#27;[37m-->&amp#27;[39m &amp#27;[37mPOST&amp#27;[39m &amp#27;[37m/wd/hub/session/fa22c5fe-5ae1-4114-abfe-4bea6798cb79/element/3B070000-0000-0000-5301-000000000000/click&amp#27;[39m
&amp#27;[35m[HTTP]&amp#27;[39m &amp#27;[90m{"id":"3B070000-0000-0000-5301-000000000000"}&amp#27;[39m
&amp#27;[35m[W3C (fa22c5fe)]&amp#27;[39m Driver proxy active, passing request on via HTTP proxy
[debug] &amp#27;[35m[XCUITest]&amp#27;[39m Executing command 'proxyReqRes'
[debug] &amp#27;[35m[WD Proxy]&amp#27;[39m Matched '/wd/hub/session/fa22c5fe-5ae1-4114-abfe-4bea6798cb79/element/3B070000-0000-0000-5301-000000000000/click' to command name 'click'
[debug] &amp#27;[35m[WD Proxy]&amp#27;[39m Proxying [POST /wd/hub/session/fa22c5fe-5ae1-4114-abfe-4bea6798cb79/element/3B070000-0000-0000-5301-000000000000/click] to [POST http://127.0.0.1:8100/session/60DEF1F0-4A14-4727-943C-DB82535553CA/element/3B070000-0000-0000-5301-000000000000/click] with body: {"id":"3B070000-0000-0000-5301-000000000000"}
[debug] &amp#27;[35m[WD Proxy]&amp#27;[39m Got response with status 200: {"value":null,"sessionId":"60DEF1F0-4A14-4727-943C-DB82535553CA"}
&amp#27;[35m[WD Proxy]&amp#27;[39m Replacing sessionId 60DEF1F0-4A14-4727-943C-DB82535553CA with fa22c5fe-5ae1-4114-abfe-4bea6798cb79
&amp#27;[35m[HTTP]&amp#27;[39m &amp#27;[37m<-- POST /wd/hub/session/fa22c5fe-5ae1-4114-abfe-4bea6798cb79/element/3B070000-0000-0000-5301-000000000000/click &amp#27;[39m&amp#27;[32m200&amp#27;[39m &amp#27;[90m201 ms - 65&amp#27;[39m
&amp#27;[35m[HTTP]&amp#27;[39m &amp#27;[90m&amp#27;[39m
&amp#27;[35m[HTTP]&amp#27;[39m &amp#27;[37m-->&amp#27;[39m &amp#27;[37mPOST&amp#27;[39m &amp#27;[37m/wd/hub/session/fa22c5fe-5ae1-4114-abfe-4bea6798cb79/element&amp#27;[39m
&amp#27;[35m[HTTP]&amp#27;[39m &amp#27;[90m{"using":"xpath","value":"//XCUIElementTypeButton[@label='Use Photo']"}&amp#27;[39m
[debug] &amp#27;[35m[W3C (fa22c5fe)]&amp#27;[39m Calling AppiumDriver.findElement() with args: ["xpath","//XCUIElementTypeButton[@label='Use Photo']","fa22c5fe-5ae1-4114-abfe-4bea6798cb79"]
[debug] &amp#27;[35m[XCUITest]&amp#27;[39m Executing command 'findElement'
[debug] &amp#27;[35m[BaseDriver]&amp#27;[39m Valid locator strategies for this request: xpath, id, name, class name, -ios predicate string, -ios class chain, accessibility id, css selector
[debug] &amp#27;[35m[BaseDriver]&amp#27;[39m Waiting up to 25000 ms for condition
[debug] &amp#27;[35m[XCUITest]&amp#27;[39m Setting custom timeout to 750000 ms for 'findElement' command
[debug] &amp#27;[35m[WD Proxy]&amp#27;[39m Matched '/element' to command name 'findElement'
[debug] &amp#27;[35m[WD Proxy]&amp#27;[39m Proxying [POST /element] to [POST http://127.0.0.1:8100/session/60DEF1F0-4A14-4727-943C-DB82535553CA/element] with body: {"using":"xpath","value":"//XCUIElementTypeButton[@label='Use Photo']"}
[debug] &amp#27;[35m[WD Proxy]&amp#27;[39m Got response with status 200: {"value":{"ELEMENT":"45070000-0000-0000-5301-000000000000","element-6066-11e4-a52e-4f735466cecf":"45070000-0000-0000-5301-000000000000"},"sessionId":"60DEF1F0-4A14-4727-943C-DB82535553CA"}
[debug] &amp#27;[35m[W3C (fa22c5fe)]&amp#27;[39m Responding to client with driver.findElement() result: {"element-6066-11e4-a52e-4f735466cecf":"45070000-0000-0000-5301-000000000000","ELEMENT":"45070000-0000-0000-5301-000000000000"}
&amp#27;[35m[HTTP]&amp#27;[39m &amp#27;[37m<-- POST /wd/hub/session/fa22c5fe-5ae1-4114-abfe-4bea6798cb79/element &amp#27;[39m&amp#27;[32m200&amp#27;[39m &amp#27;[90m216 ms - 137&amp#27;[39m
&amp#27;[35m[HTTP]&amp#27;[39m &amp#27;[90m&amp#27;[39m
&amp#27;[35m[HTTP]&amp#27;[39m &amp#27;[37m-->&amp#27;[39m &amp#27;[37mPOST&amp#27;[39m &amp#27;[37m/wd/hub/session/fa22c5fe-5ae1-4114-abfe-4bea6798cb79/element/45070000-0000-0000-5301-000000000000/click&amp#27;[39m
&amp#27;[35m[HTTP]&amp#27;[39m &amp#27;[90m{"id":"45070000-0000-0000-5301-000000000000"}&amp#27;[39m
&amp#27;[35m[W3C (fa22c5fe)]&amp#27;[39m Driver proxy active, passing request on via HTTP proxy
[debug] &amp#27;[35m[XCUITest]&amp#27;[39m Executing command 'proxyReqRes'
[debug] &amp#27;[35m[WD Proxy]&amp#27;[39m Matched '/wd/hub/session/fa22c5fe-5ae1-4114-abfe-4bea6798cb79/element/45070000-0000-0000-5301-000000000000/click' to command name 'click'
[debug] &amp#27;[35m[WD Proxy]&amp#27;[39m Proxying [POST /wd/hub/session/fa22c5fe-5ae1-4114-abfe-4bea6798cb79/element/45070000-0000-0000-5301-000000000000/click] to [POST http://127.0.0.1:8100/session/60DEF1F0-4A14-4727-943C-DB82535553CA/element/45070000-0000-0000-5301-000000000000/click] with body: {"id":"45070000-0000-0000-5301-000000000000"}
[debug] &amp#27;[35m[WD Proxy]&amp#27;[39m Got response with status 200: {"value":null,"sessionId":"60DEF1F0-4A14-4727-943C-DB82535553CA"}
&amp#27;[35m[WD Proxy]&amp#27;[39m Replacing sessionId 60DEF1F0-4A14-4727-943C-DB82535553CA with fa22c5fe-5ae1-4114-abfe-4bea6798cb79
&amp#27;[35m[HTTP]&amp#27;[39m &amp#27;[37m<-- POST /wd/hub/session/fa22c5fe-5ae1-4114-abfe-4bea6798cb79/element/45070000-0000-0000-5301-000000000000/click &amp#27;[39m&amp#27;[32m200&amp#27;[39m &amp#27;[90m356 ms - 65&amp#27;[39m
&amp#27;[35m[HTTP]&amp#27;[39m &amp#27;[90m&amp#27;[39m
&amp#27;[35m[HTTP]&amp#27;[39m &amp#27;[37m-->&amp#27;[39m &amp#27;[37mPOST&amp#27;[39m &amp#27;[37m/wd/hub/session/fa22c5fe-5ae1-4114-abfe-4bea6798cb79/element&amp#27;[39m
&amp#27;[35m[HTTP]&amp#27;[39m &amp#27;[90m{"using":"xpath","value":"//XCUIElementTypeApplication[@name=\"Rental+ (ZG)\"]/XCUIElementTypeWindow[1]/XCUIElementTypeOther/XCUIElementTypeOther/XCUIElementTypeOther/XCUIElementTypeOther/XCUIElementTypeOther/XCUIElementTypeOther/XCUIElementTypeOther[2]/XCUIElementTypeOther/XCUIElementTypeScrollView/XCUIElementTypeOther/XCUIElementTypeOther/XCUIElementTypeScrollView/XCUIElementTypeOther[1]/XCUIElementTypeOther[3]/XCUIElementTypeButton[2]\n"}&amp#27;[39m
[debug] &amp#27;[35m[W3C (fa22c5fe)]&amp#27;[39m Calling AppiumDriver.findElement() with args: ["xpath","//XCUIElementTypeApplication[@name=\"Rental+ (ZG)\"]/XCUIElementTypeWindow[1]/XCUIElementTypeOther/XCUIElementTypeOther/XCUIElementTypeOther/XCUIElementTypeOther/XCUIElementTypeOther/XCUIElementTypeOther/XCUIElementTypeOther[2]/XCUIElementTypeOther/XCUIElementTypeScrollView/XCUIElementTypeOther/XCUIElementTypeOther/XCUIElementTypeScrollView/XCUIElementTypeOther[1]/XCUIElementTypeOther[3]/XCUIElementTypeButton[2]\n","fa22c5fe-5ae1-4114-abfe-4bea6798cb79"]
[debug] &amp#27;[35m[XCUITest]&amp#27;[39m Executing command 'findElement'
[debug] &amp#27;[35m[BaseDriver]&amp#27;[39m Valid locator strategies for this request: xpath, id, name, class name, -ios predicate string, -ios class chain, accessibility id, css selector
[debug] &amp#27;[35m[BaseDriver]&amp#27;[39m Waiting up to 25000 ms for condition
[debug] &amp#27;[35m[XCUITest]&amp#27;[39m Setting custom timeout to 750000 ms for 'findElement' command
[debug] &amp#27;[35m[WD Proxy]&amp#27;[39m Matched '/element' to command name 'findElement'
[debug] &amp#27;[35m[WD Proxy]&amp#27;[39m Proxying [POST /element] to [POST http://127.0.0.1:8100/session/60DEF1F0-4A14-4727-943C-DB82535553CA/element] with body: {"using":"xpath","value":"//XCUIElementTypeApplication[@name=\"Rental+ (ZG)\"]/XCUIElementTypeWindow[1]/XCUIElementTypeOther/XCUIElementTypeOther/XCUIElementTypeOther/XCUIElementTypeOther/XCUIElementTypeOther/XCUIElementTypeOther/XCUIElementTypeOther[2]/XCUIElementTypeOther/XCUIElementTypeScrollView/XCUIElementTypeOther/XCUIElementTypeOther/XCUIElementTypeScrollView/XCUIElementTypeOther[1]/XCUIElementTypeOther[3]/XCUIElementTypeButton[2]\n"}
[debug] &amp#27;[35m[WD Proxy]&amp#27;[39m Got response with status 200: {"value":{"ELEMENT":"28070000-0000-0000-5301-000000000000","element-6066-11e4-a52e-4f735466cecf":"28070000-0000-0000-5301-000000000000"},"sessionId":"60DEF1F0-4A14-4727-943C-DB82535553CA"}
[debug] &amp#27;[35m[W3C (fa22c5fe)]&amp#27;[39m Responding to client with driver.findElement() result: {"element-6066-11e4-a52e-4f735466cecf":"28070000-0000-0000-5301-000000000000","ELEMENT":"28070000-0000-0000-5301-000000000000"}
&amp#27;[35m[HTTP]&amp#27;[39m &amp#27;[37m<-- POST /wd/hub/session/fa22c5fe-5ae1-4114-abfe-4bea6798cb79/element &amp#27;[39m&amp#27;[32m200&amp#27;[39m &amp#27;[90m403 ms - 137&amp#27;[39m
&amp#27;[35m[HTTP]&amp#27;[39m &amp#27;[90m&amp#27;[39m
&amp#27;[35m[HTTP]&amp#27;[39m &amp#27;[37m-->&amp#27;[39m &amp#27;[37mPOST&amp#27;[39m &amp#27;[37m/wd/hub/session/fa22c5fe-5ae1-4114-abfe-4bea6798cb79/element/28070000-0000-0000-5301-000000000000/click&amp#27;[39m
&amp#27;[35m[HTTP]&amp#27;[39m &amp#27;[90m{"id":"28070000-0000-0000-5301-000000000000"}&amp#27;[39m
&amp#27;[35m[W3C (fa22c5fe)]&amp#27;[39m Driver proxy active, passing request on via HTTP proxy
[debug] &amp#27;[35m[XCUITest]&amp#27;[39m Executing command 'proxyReqRes'
[debug] &amp#27;[35m[WD Proxy]&amp#27;[39m Matched '/wd/hub/session/fa22c5fe-5ae1-4114-abfe-4bea6798cb79/element/28070000-0000-0000-5301-000000000000/click' to command name 'click'
[debug] &amp#27;[35m[WD Proxy]&amp#27;[39m Proxying [POST /wd/hub/session/fa22c5fe-5ae1-4114-abfe-4bea6798cb79/element/28070000-0000-0000-5301-000000000000/click] to [POST http://127.0.0.1:8100/session/60DEF1F0-4A14-4727-943C-DB82535553CA/element/28070000-0000-0000-5301-000000000000/click] with body: {"id":"28070000-0000-0000-5301-000000000000"}
[debug] &amp#27;[35m[WD Proxy]&amp#27;[39m Got response with status 200: {"value":null,"sessionId":"60DEF1F0-4A14-4727-943C-DB82535553CA"}
&amp#27;[35m[WD Proxy]&amp#27;[39m Replacing sessionId 60DEF1F0-4A14-4727-943C-DB82535553CA with fa22c5fe-5ae1-4114-abfe-4bea6798cb79
&amp#27;[35m[HTTP]&amp#27;[39m &amp#27;[37m<-- POST /wd/hub/session/fa22c5fe-5ae1-4114-abfe-4bea6798cb79/element/28070000-0000-0000-5301-000000000000/click &amp#27;[39m&amp#27;[32m200&amp#27;[39m &amp#27;[90m243 ms - 65&amp#27;[39m
&amp#27;[35m[HTTP]&amp#27;[39m &amp#27;[90m&amp#27;[39m
&amp#27;[35m[HTTP]&amp#27;[39m &amp#27;[37m-->&amp#27;[39m &amp#27;[37mPOST&amp#27;[39m &amp#27;[37m/wd/hub/session/fa22c5fe-5ae1-4114-abfe-4bea6798cb79/element&amp#27;[39m
&amp#27;[35m[HTTP]&amp#27;[39m &amp#27;[90m{"using":"xpath","value":"//XCUIElementTypeApplication[@name=\"Rental+ (ZG)\"]/XCUIElementTypeWindow[1]/XCUIElementTypeOther/XCUIElementTypeOther/XCUIElementTypeOther/XCUIElementTypeOther/XCUIElementTypeOther/XCUIElementTypeOther/XCUIElementTypeOther[2]/XCUIElementTypeOther/XCUIElementTypeScrollView/XCUIElementTypeOther/XCUIElementTypeOther/XCUIElementTypeScrollView/XCUIElementTypeOther[1]/XCUIElementTypeOther[1]/XCUIElementTypeButton"}&amp#27;[39m
[debug] &amp#27;[35m[W3C (fa22c5fe)]&amp#27;[39m Calling AppiumDriver.findElement() with args: ["xpath","//XCUIElementTypeApplication[@name=\"Rental+ (ZG)\"]/XCUIElementTypeWindow[1]/XCUIElementTypeOther/XCUIElementTypeOther/XCUIElementTypeOther/XCUIElementTypeOther/XCUIElementTypeOther/XCUIElementTypeOther/XCUIElementTypeOther[2]/XCUIElementTypeOther/XCUIElementTypeScrollView/XCUIElementTypeOther/XCUIElementTypeOther/XCUIElementTypeScrollView/XCUIElementTypeOther[1]/XCUIElementTypeOther[1]/XCUIElementTypeButton","fa22c5fe-5ae1-4114-abfe-4bea6798cb79"]
[debug] &amp#27;[35m[XCUITest]&amp#27;[39m Executing command 'findElement'
[debug] &amp#27;[35m[BaseDriver]&amp#27;[39m Valid locator strategies for this request: xpath, id, name, class name, -ios predicate string, -ios class chain, accessibility id, css selector
[debug] &amp#27;[35m[BaseDriver]&amp#27;[39m Waiting up to 25000 ms for condition
[debug] &amp#27;[35m[XCUITest]&amp#27;[39m Setting custom timeout to 750000 ms for 'findElement' command
[debug] &amp#27;[35m[WD Proxy]&amp#27;[39m Matched '/element' to command name 'findElement'
[debug] &amp#27;[35m[WD Proxy]&amp#27;[39m Proxying [POST /element] to [POST http://127.0.0.1:8100/session/60DEF1F0-4A14-4727-943C-DB82535553CA/element] with body: {"using":"xpath","value":"//XCUIElementTypeApplication[@name=\"Rental+ (ZG)\"]/XCUIElementTypeWindow[1]/XCUIElementTypeOther/XCUIElementTypeOther/XCUIElementTypeOther/XCUIElementTypeOther/XCUIElementTypeOther/XCUIElementTypeOther/XCUIElementTypeOther[2]/XCUIElementTypeOther/XCUIElementTypeScrollView/XCUIElementTypeOther/XCUIElementTypeOther/XCUIElementTypeScrollView/XCUIElementTypeOther[1]/XCUIElementTypeOther[1]/XCUIElementTypeButton"}
[debug] &amp#27;[35m[WD Proxy]&amp#27;[39m Got response with status 200: {"value":{"ELEMENT":"51070000-0000-0000-5301-000000000000","element-6066-11e4-a52e-4f735466cecf":"51070000-0000-0000-5301-000000000000"},"sessionId":"60DEF1F0-4A14-4727-943C-DB82535553CA"}
[debug] &amp#27;[35m[W3C (fa22c5fe)]&amp#27;[39m Responding to client with driver.findElement() result: {"element-6066-11e4-a52e-4f735466cecf":"51070000-0000-0000-5301-000000000000","ELEMENT":"51070000-0000-0000-5301-000000000000"}
&amp#27;[35m[HTTP]&amp#27;[39m &amp#27;[37m<-- POST /wd/hub/session/fa22c5fe-5ae1-4114-abfe-4bea6798cb79/element &amp#27;[39m&amp#27;[32m200&amp#27;[39m &amp#27;[90m460 ms - 137&amp#27;[39m
&amp#27;[35m[HTTP]&amp#27;[39m &amp#27;[90m&amp#27;[39m
&amp#27;[35m[HTTP]&amp#27;[39m &amp#27;[37m-->&amp#27;[39m &amp#27;[37mPOST&amp#27;[39m &amp#27;[37m/wd/hub/session/fa22c5fe-5ae1-4114-abfe-4bea6798cb79/element/51070000-0000-0000-5301-000000000000/click&amp#27;[39m
&amp#27;[35m[HTTP]&amp#27;[39m &amp#27;[90m{"id":"51070000-0000-0000-5301-000000000000"}&amp#27;[39m
&amp#27;[35m[W3C (fa22c5fe)]&amp#27;[39m Driver proxy active, passing request on via HTTP proxy
[debug] &amp#27;[35m[XCUITest]&amp#27;[39m Executing command 'proxyReqRes'
[debug] &amp#27;[35m[WD Proxy]&amp#27;[39m Matched '/wd/hub/session/fa22c5fe-5ae1-4114-abfe-4bea6798cb79/element/51070000-0000-0000-5301-000000000000/click' to command name 'click'
[debug] &amp#27;[35m[WD Proxy]&amp#27;[39m Proxying [POST /wd/hub/session/fa22c5fe-5ae1-4114-abfe-4bea6798cb79/element/51070000-0000-0000-5301-000000000000/click] to [POST http://127.0.0.1:8100/session/60DEF1F0-4A14-4727-943C-DB82535553CA/element/51070000-0000-0000-5301-000000000000/click] with body: {"id":"51070000-0000-0000-5301-000000000000"}
[debug] &amp#27;[35m[WD Proxy]&amp#27;[39m Got response with status 200: {"value":null,"sessionId":"60DEF1F0-4A14-4727-943C-DB82535553CA"}
&amp#27;[35m[WD Proxy]&amp#27;[39m Replacing sessionId 60DEF1F0-4A14-4727-943C-DB82535553CA with fa22c5fe-5ae1-4114-abfe-4bea6798cb79
&amp#27;[35m[HTTP]&amp#27;[39m &amp#27;[37m<-- POST /wd/hub/session/fa22c5fe-5ae1-4114-abfe-4bea6798cb79/element/51070000-0000-0000-5301-000000000000/click &amp#27;[39m&amp#27;[32m200&amp#27;[39m &amp#27;[90m261 ms - 65&amp#27;[39m
&amp#27;[35m[HTTP]&amp#27;[39m &amp#27;[90m&amp#27;[39m
&amp#27;[35m[HTTP]&amp#27;[39m &amp#27;[37m-->&amp#27;[39m &amp#27;[37mPOST&amp#27;[39m &amp#27;[37m/wd/hub/session/fa22c5fe-5ae1-4114-abfe-4bea6798cb79/element&amp#27;[39m
&amp#27;[35m[HTTP]&amp#27;[39m &amp#27;[90m{"using":"xpath","value":"//XCUIElementTypeButton[@label='Take Picture']"}&amp#27;[39m
[debug] &amp#27;[35m[W3C (fa22c5fe)]&amp#27;[39m Calling AppiumDriver.findElement() with args: ["xpath","//XCUIElementTypeButton[@label='Take Picture']","fa22c5fe-5ae1-4114-abfe-4bea6798cb79"]
[debug] &amp#27;[35m[XCUITest]&amp#27;[39m Executing command 'findElement'
[debug] &amp#27;[35m[BaseDriver]&amp#27;[39m Valid locator strategies for this request: xpath, id, name, class name, -ios predicate string, -ios class chain, accessibility id, css selector
[debug] &amp#27;[35m[BaseDriver]&amp#27;[39m Waiting up to 25000 ms for condition
[debug] &amp#27;[35m[XCUITest]&amp#27;[39m Setting custom timeout to 750000 ms for 'findElement' command
[debug] &amp#27;[35m[WD Proxy]&amp#27;[39m Matched '/element' to command name 'findElement'
[debug] &amp#27;[35m[WD Proxy]&amp#27;[39m Proxying [POST /element] to [POST http://127.0.0.1:8100/session/60DEF1F0-4A14-4727-943C-DB82535553CA/element] with body: {"using":"xpath","value":"//XCUIElementTypeButton[@label='Take Picture']"}
[debug] &amp#27;[35m[WD Proxy]&amp#27;[39m Got response with status 200: {"value":{"ELEMENT":"67070000-0000-0000-5301-000000000000","element-6066-11e4-a52e-4f735466cecf":"67070000-0000-0000-5301-000000000000"},"sessionId":"60DEF1F0-4A14-4727-943C-DB82535553CA"}
[debug] &amp#27;[35m[W3C (fa22c5fe)]&amp#27;[39m Responding to client with driver.findElement() result: {"element-6066-11e4-a52e-4f735466cecf":"67070000-0000-0000-5301-000000000000","ELEMENT":"67070000-0000-0000-5301-000000000000"}
&amp#27;[35m[HTTP]&amp#27;[39m &amp#27;[37m<-- POST /wd/hub/session/fa22c5fe-5ae1-4114-abfe-4bea6798cb79/element &amp#27;[39m&amp#27;[32m200&amp#27;[39m &amp#27;[90m241 ms - 137&amp#27;[39m
&amp#27;[35m[HTTP]&amp#27;[39m &amp#27;[90m&amp#27;[39m
&amp#27;[35m[HTTP]&amp#27;[39m &amp#27;[37m-->&amp#27;[39m &amp#27;[37mPOST&amp#27;[39m &amp#27;[37m/wd/hub/session/fa22c5fe-5ae1-4114-abfe-4bea6798cb79/element/67070000-0000-0000-5301-000000000000/click&amp#27;[39m
&amp#27;[35m[HTTP]&amp#27;[39m &amp#27;[90m{"id":"67070000-0000-0000-5301-000000000000"}&amp#27;[39m
&amp#27;[35m[W3C (fa22c5fe)]&amp#27;[39m Driver proxy active, passing request on via HTTP proxy
[debug] &amp#27;[35m[XCUITest]&amp#27;[39m Executing command 'proxyReqRes'
[debug] &amp#27;[35m[WD Proxy]&amp#27;[39m Matched '/wd/hub/session/fa22c5fe-5ae1-4114-abfe-4bea6798cb79/element/67070000-0000-0000-5301-000000000000/click' to command name 'click'
[debug] &amp#27;[35m[WD Proxy]&amp#27;[39m Proxying [POST /wd/hub/session/fa22c5fe-5ae1-4114-abfe-4bea6798cb79/element/67070000-0000-0000-5301-000000000000/click] to [POST http://127.0.0.1:8100/session/60DEF1F0-4A14-4727-943C-DB82535553CA/element/67070000-0000-0000-5301-000000000000/click] with body: {"id":"67070000-0000-0000-5301-000000000000"}
[debug] &amp#27;[35m[WD Proxy]&amp#27;[39m Got response with status 200: {"value":null,"sessionId":"60DEF1F0-4A14-4727-943C-DB82535553CA"}
&amp#27;[35m[WD Proxy]&amp#27;[39m Replacing sessionId 60DEF1F0-4A14-4727-943C-DB82535553CA with fa22c5fe-5ae1-4114-abfe-4bea6798cb79
&amp#27;[35m[HTTP]&amp#27;[39m &amp#27;[37m<-- POST /wd/hub/session/fa22c5fe-5ae1-4114-abfe-4bea6798cb79/element/67070000-0000-0000-5301-000000000000/click &amp#27;[39m&amp#27;[32m200&amp#27;[39m &amp#27;[90m203 ms - 65&amp#27;[39m
&amp#27;[35m[HTTP]&amp#27;[39m &amp#27;[90m&amp#27;[39m
&amp#27;[35m[HTTP]&amp#27;[39m &amp#27;[37m-->&amp#27;[39m &amp#27;[37mPOST&amp#27;[39m &amp#27;[37m/wd/hub/session/fa22c5fe-5ae1-4114-abfe-4bea6798cb79/element&amp#27;[39m
&amp#27;[35m[HTTP]&amp#27;[39m &amp#27;[90m{"using":"xpath","value":"//XCUIElementTypeButton[@label='Use Photo']"}&amp#27;[39m
[debug] &amp#27;[35m[W3C (fa22c5fe)]&amp#27;[39m Calling AppiumDriver.findElement() with args: ["xpath","//XCUIElementTypeButton[@label='Use Photo']","fa22c5fe-5ae1-4114-abfe-4bea6798cb79"]
[debug] &amp#27;[35m[XCUITest]&amp#27;[39m Executing command 'findElement'
[debug] &amp#27;[35m[BaseDriver]&amp#27;[39m Valid locator strategies for this request: xpath, id, name, class name, -ios predicate string, -ios class chain, accessibility id, css selector
[debug] &amp#27;[35m[BaseDriver]&amp#27;[39m Waiting up to 25000 ms for condition
[debug] &amp#27;[35m[XCUITest]&amp#27;[39m Setting custom timeout to 750000 ms for 'findElement' command
[debug] &amp#27;[35m[WD Proxy]&amp#27;[39m Matched '/element' to command name 'findElement'
[debug] &amp#27;[35m[WD Proxy]&amp#27;[39m Proxying [POST /element] to [POST http://127.0.0.1:8100/session/60DEF1F0-4A14-4727-943C-DB82535553CA/element] with body: {"using":"xpath","value":"//XCUIElementTypeButton[@label='Use Photo']"}
[debug] &amp#27;[35m[WD Proxy]&amp#27;[39m Got response with status 200: {"value":{"ELEMENT":"71070000-0000-0000-5301-000000000000","element-6066-11e4-a52e-4f735466cecf":"71070000-0000-0000-5301-000000000000"},"sessionId":"60DEF1F0-4A14-4727-943C-DB82535553CA"}
[debug] &amp#27;[35m[W3C (fa22c5fe)]&amp#27;[39m Responding to client with driver.findElement() result: {"element-6066-11e4-a52e-4f735466cecf":"71070000-0000-0000-5301-000000000000","ELEMENT":"71070000-0000-0000-5301-000000000000"}
&amp#27;[35m[HTTP]&amp#27;[39m &amp#27;[37m<-- POST /wd/hub/session/fa22c5fe-5ae1-4114-abfe-4bea6798cb79/element &amp#27;[39m&amp#27;[32m200&amp#27;[39m &amp#27;[90m205 ms - 137&amp#27;[39m
&amp#27;[35m[HTTP]&amp#27;[39m &amp#27;[90m&amp#27;[39m
&amp#27;[35m[HTTP]&amp#27;[39m &amp#27;[37m-->&amp#27;[39m &amp#27;[37mPOST&amp#27;[39m &amp#27;[37m/wd/hub/session/fa22c5fe-5ae1-4114-abfe-4bea6798cb79/element/71070000-0000-0000-5301-000000000000/click&amp#27;[39m
&amp#27;[35m[HTTP]&amp#27;[39m &amp#27;[90m{"id":"71070000-0000-0000-5301-000000000000"}&amp#27;[39m
&amp#27;[35m[W3C (fa22c5fe)]&amp#27;[39m Driver proxy active, passing request on via HTTP proxy
[debug] &amp#27;[35m[XCUITest]&amp#27;[39m Executing command 'proxyReqRes'
[debug] &amp#27;[35m[WD Proxy]&amp#27;[39m Matched '/wd/hub/session/fa22c5fe-5ae1-4114-abfe-4bea6798cb79/element/71070000-0000-0000-5301-000000000000/click' to command name 'click'
[debug] &amp#27;[35m[WD Proxy]&amp#27;[39m Proxying [POST /wd/hub/session/fa22c5fe-5ae1-4114-abfe-4bea6798cb79/element/71070000-0000-0000-5301-000000000000/click] to [POST http://127.0.0.1:8100/session/60DEF1F0-4A14-4727-943C-DB82535553CA/element/71070000-0000-0000-5301-000000000000/click] with body: {"id":"71070000-0000-0000-5301-000000000000"}
[debug] &amp#27;[35m[WD Proxy]&amp#27;[39m Got response with status 200: {"value":null,"sessionId":"60DEF1F0-4A14-4727-943C-DB82535553CA"}
&amp#27;[35m[WD Proxy]&amp#27;[39m Replacing sessionId 60DEF1F0-4A14-4727-943C-DB82535553CA with fa22c5fe-5ae1-4114-abfe-4bea6798cb79
&amp#27;[35m[HTTP]&amp#27;[39m &amp#27;[37m<-- POST /wd/hub/session/fa22c5fe-5ae1-4114-abfe-4bea6798cb79/element/71070000-0000-0000-5301-000000000000/click &amp#27;[39m&amp#27;[32m200&amp#27;[39m &amp#27;[90m363 ms - 65&amp#27;[39m
&amp#27;[35m[HTTP]&amp#27;[39m &amp#27;[90m&amp#27;[39m
&amp#27;[35m[HTTP]&amp#27;[39m &amp#27;[37m-->&amp#27;[39m &amp#27;[37mPOST&amp#27;[39m &amp#27;[37m/wd/hub/session/fa22c5fe-5ae1-4114-abfe-4bea6798cb79/element&amp#27;[39m
&amp#27;[35m[HTTP]&amp#27;[39m &amp#27;[90m{"using":"xpath","value":"//XCUIElementTypeApplication[@name=\"Rental+ (ZG)\"]/XCUIElementTypeWindow[1]/XCUIElementTypeOther/XCUIElementTypeOther/XCUIElementTypeOther/XCUIElementTypeOther/XCUIElementTypeOther/XCUIElementTypeOther/XCUIElementTypeOther[2]/XCUIElementTypeOther/XCUIElementTypeScrollView/XCUIElementTypeOther/XCUIElementTypeOther/XCUIElementTypeScrollView/XCUIElementTypeOther[1]/XCUIElementTypeOther[3]/XCUIElementTypeButton[2]\n"}&amp#27;[39m
[debug] &amp#27;[35m[W3C (fa22c5fe)]&amp#27;[39m Calling AppiumDriver.findElement() with args: ["xpath","//XCUIElementTypeApplication[@name=\"Rental+ (ZG)\"]/XCUIElementTypeWindow[1]/XCUIElementTypeOther/XCUIElementTypeOther/XCUIElementTypeOther/XCUIElementTypeOther/XCUIElementTypeOther/XCUIElementTypeOther/XCUIElementTypeOther[2]/XCUIElementTypeOther/XCUIElementTypeScrollView/XCUIElementTypeOther/XCUIElementTypeOther/XCUIElementTypeScrollView/XCUIElementTypeOther[1]/XCUIElementTypeOther[3]/XCUIElementTypeButton[2]\n","fa22c5fe-5ae1-4114-abfe-4bea6798cb79"]
[debug] &amp#27;[35m[XCUITest]&amp#27;[39m Executing command 'findElement'
[debug] &amp#27;[35m[BaseDriver]&amp#27;[39m Valid locator strategies for this request: xpath, id, name, class name, -ios predicate string, -ios class chain, accessibility id, css selector
[debug] &amp#27;[35m[BaseDriver]&amp#27;[39m Waiting up to 25000 ms for condition
[debug] &amp#27;[35m[XCUITest]&amp#27;[39m Setting custom timeout to 750000 ms for 'findElement' command
[debug] &amp#27;[35m[WD Proxy]&amp#27;[39m Matched '/element' to command name 'findElement'
[debug] &amp#27;[35m[WD Proxy]&amp#27;[39m Proxying [POST /element] to [POST http://127.0.0.1:8100/session/60DEF1F0-4A14-4727-943C-DB82535553CA/element] with body: {"using":"xpath","value":"//XCUIElementTypeApplication[@name=\"Rental+ (ZG)\"]/XCUIElementTypeWindow[1]/XCUIElementTypeOther/XCUIElementTypeOther/XCUIElementTypeOther/XCUIElementTypeOther/XCUIElementTypeOther/XCUIElementTypeOther/XCUIElementTypeOther[2]/XCUIElementTypeOther/XCUIElementTypeScrollView/XCUIElementTypeOther/XCUIElementTypeOther/XCUIElementTypeScrollView/XCUIElementTypeOther[1]/XCUIElementTypeOther[3]/XCUIElementTypeButton[2]\n"}
[debug] &amp#27;[35m[WD Proxy]&amp#27;[39m Got response with status 200: {"value":{"ELEMENT":"54070000-0000-0000-5301-000000000000","element-6066-11e4-a52e-4f735466cecf":"54070000-0000-0000-5301-000000000000"},"sessionId":"60DEF1F0-4A14-4727-943C-DB82535553CA"}
[debug] &amp#27;[35m[W3C (fa22c5fe)]&amp#27;[39m Responding to client with driver.findElement() result: {"element-6066-11e4-a52e-4f735466cecf":"54070000-0000-0000-5301-000000000000","ELEMENT":"54070000-0000-0000-5301-000000000000"}
&amp#27;[35m[HTTP]&amp#27;[39m &amp#27;[37m<-- POST /wd/hub/session/fa22c5fe-5ae1-4114-abfe-4bea6798cb79/element &amp#27;[39m&amp#27;[32m200&amp#27;[39m &amp#27;[90m405 ms - 137&amp#27;[39m
&amp#27;[35m[HTTP]&amp#27;[39m &amp#27;[90m&amp#27;[39m
&amp#27;[35m[HTTP]&amp#27;[39m &amp#27;[37m-->&amp#27;[39m &amp#27;[37mPOST&amp#27;[39m &amp#27;[37m/wd/hub/session/fa22c5fe-5ae1-4114-abfe-4bea6798cb79/element/54070000-0000-0000-5301-000000000000/click&amp#27;[39m
&amp#27;[35m[HTTP]&amp#27;[39m &amp#27;[90m{"id":"54070000-0000-0000-5301-000000000000"}&amp#27;[39m
&amp#27;[35m[W3C (fa22c5fe)]&amp#27;[39m Driver proxy active, passing request on via HTTP proxy
[debug] &amp#27;[35m[XCUITest]&amp#27;[39m Executing command 'proxyReqRes'
[debug] &amp#27;[35m[WD Proxy]&amp#27;[39m Matched '/wd/hub/session/fa22c5fe-5ae1-4114-abfe-4bea6798cb79/element/54070000-0000-0000-5301-000000000000/click' to command name 'click'
[debug] &amp#27;[35m[WD Proxy]&amp#27;[39m Proxying [POST /wd/hub/session/fa22c5fe-5ae1-4114-abfe-4bea6798cb79/element/54070000-0000-0000-5301-000000000000/click] to [POST http://127.0.0.1:8100/session/60DEF1F0-4A14-4727-943C-DB82535553CA/element/54070000-0000-0000-5301-000000000000/click] with body: {"id":"54070000-0000-0000-5301-000000000000"}
[debug] &amp#27;[35m[WD Proxy]&amp#27;[39m Got response with status 200: {"value":null,"sessionId":"60DEF1F0-4A14-4727-943C-DB82535553CA"}
&amp#27;[35m[WD Proxy]&amp#27;[39m Replacing sessionId 60DEF1F0-4A14-4727-943C-DB82535553CA with fa22c5fe-5ae1-4114-abfe-4bea6798cb79
&amp#27;[35m[HTTP]&amp#27;[39m &amp#27;[37m<-- POST /wd/hub/session/fa22c5fe-5ae1-4114-abfe-4bea6798cb79/element/54070000-0000-0000-5301-000000000000/click &amp#27;[39m&amp#27;[32m200&amp#27;[39m &amp#27;[90m220 ms - 65&amp#27;[39m
&amp#27;[35m[HTTP]&amp#27;[39m &amp#27;[90m&amp#27;[39m
&amp#27;[35m[HTTP]&amp#27;[39m &amp#27;[37m-->&amp#27;[39m &amp#27;[37mPOST&amp#27;[39m &amp#27;[37m/wd/hub/session/fa22c5fe-5ae1-4114-abfe-4bea6798cb79/element&amp#27;[39m
&amp#27;[35m[HTTP]&amp#27;[39m &amp#27;[90m{"using":"xpath","value":"//XCUIElementTypeApplication[@name=\"Rental+ (ZG)\"]/XCUIElementTypeWindow[1]/XCUIElementTypeOther/XCUIElementTypeOther/XCUIElementTypeOther/XCUIElementTypeOther/XCUIElementTypeOther/XCUIElementTypeOther/XCUIElementTypeOther[2]/XCUIElementTypeOther/XCUIElementTypeScrollView/XCUIElementTypeOther/XCUIElementTypeOther/XCUIElementTypeScrollView/XCUIElementTypeOther[1]/XCUIElementTypeOther[1]/XCUIElementTypeButton"}&amp#27;[39m
[debug] &amp#27;[35m[W3C (fa22c5fe)]&amp#27;[39m Calling AppiumDriver.findElement() with args: ["xpath","//XCUIElementTypeApplication[@name=\"Rental+ (ZG)\"]/XCUIElementTypeWindow[1]/XCUIElementTypeOther/XCUIElementTypeOther/XCUIElementTypeOther/XCUIElementTypeOther/XCUIElementTypeOther/XCUIElementTypeOther/XCUIElementTypeOther[2]/XCUIElementTypeOther/XCUIElementTypeScrollView/XCUIElementTypeOther/XCUIElementTypeOther/XCUIElementTypeScrollView/XCUIElementTypeOther[1]/XCUIElementTypeOther[1]/XCUIElementTypeButton","fa22c5fe-5ae1-4114-abfe-4bea6798cb79"]
[debug] &amp#27;[35m[XCUITest]&amp#27;[39m Executing command 'findElement'
[debug] &amp#27;[35m[BaseDriver]&amp#27;[39m Valid locator strategies for this request: xpath, id, name, class name, -ios predicate string, -ios class chain, accessibility id, css selector
[debug] &amp#27;[35m[BaseDriver]&amp#27;[39m Waiting up to 25000 ms for condition
[debug] &amp#27;[35m[XCUITest]&amp#27;[39m Setting custom timeout to 750000 ms for 'findElement' command
[debug] &amp#27;[35m[WD Proxy]&amp#27;[39m Matched '/element' to command name 'findElement'
[debug] &amp#27;[35m[WD Proxy]&amp#27;[39m Proxying [POST /element] to [POST http://127.0.0.1:8100/session/60DEF1F0-4A14-4727-943C-DB82535553CA/element] with body: {"using":"xpath","value":"//XCUIElementTypeApplication[@name=\"Rental+ (ZG)\"]/XCUIElementTypeWindow[1]/XCUIElementTypeOther/XCUIElementTypeOther/XCUIElementTypeOther/XCUIElementTypeOther/XCUIElementTypeOther/XCUIElementTypeOther/XCUIElementTypeOther[2]/XCUIElementTypeOther/XCUIElementTypeScrollView/XCUIElementTypeOther/XCUIElementTypeOther/XCUIElementTypeScrollView/XCUIElementTypeOther[1]/XCUIElementTypeOther[1]/XCUIElementTypeButton"}
[debug] &amp#27;[35m[WD Proxy]&amp#27;[39m Got response with status 200: {"value":{"ELEMENT":"7D070000-0000-0000-5301-000000000000","element-6066-11e4-a52e-4f735466cecf":"7D070000-0000-0000-5301-000000000000"},"sessionId":"60DEF1F0-4A14-4727-943C-DB82535553CA"}
[debug] &amp#27;[35m[W3C (fa22c5fe)]&amp#27;[39m Responding to client with driver.findElement() result: {"element-6066-11e4-a52e-4f735466cecf":"7D070000-0000-0000-5301-000000000000","ELEMENT":"7D070000-0000-0000-5301-000000000000"}
&amp#27;[35m[HTTP]&amp#27;[39m &amp#27;[37m<-- POST /wd/hub/session/fa22c5fe-5ae1-4114-abfe-4bea6798cb79/element &amp#27;[39m&amp#27;[32m200&amp#27;[39m &amp#27;[90m431 ms - 137&amp#27;[39m
&amp#27;[35m[HTTP]&amp#27;[39m &amp#27;[90m&amp#27;[39m
&amp#27;[35m[HTTP]&amp#27;[39m &amp#27;[37m-->&amp#27;[39m &amp#27;[37mPOST&amp#27;[39m &amp#27;[37m/wd/hub/session/fa22c5fe-5ae1-4114-abfe-4bea6798cb79/element/7D070000-0000-0000-5301-000000000000/click&amp#27;[39m
&amp#27;[35m[HTTP]&amp#27;[39m &amp#27;[90m{"id":"7D070000-0000-0000-5301-000000000000"}&amp#27;[39m
&amp#27;[35m[W3C (fa22c5fe)]&amp#27;[39m Driver proxy active, passing request on via HTTP proxy
[debug] &amp#27;[35m[XCUITest]&amp#27;[39m Executing command 'proxyReqRes'
[debug] &amp#27;[35m[WD Proxy]&amp#27;[39m Matched '/wd/hub/session/fa22c5fe-5ae1-4114-abfe-4bea6798cb79/element/7D070000-0000-0000-5301-000000000000/click' to command name 'click'
[debug] &amp#27;[35m[WD Proxy]&amp#27;[39m Proxying [POST /wd/hub/session/fa22c5fe-5ae1-4114-abfe-4bea6798cb79/element/7D070000-0000-0000-5301-000000000000/click] to [POST http://127.0.0.1:8100/session/60DEF1F0-4A14-4727-943C-DB82535553CA/element/7D070000-0000-0000-5301-000000000000/click] with body: {"id":"7D070000-0000-0000-5301-000000000000"}
[debug] &amp#27;[35m[WD Proxy]&amp#27;[39m Got response with status 200: {"value":null,"sessionId":"60DEF1F0-4A14-4727-943C-DB82535553CA"}
&amp#27;[35m[WD Proxy]&amp#27;[39m Replacing sessionId 60DEF1F0-4A14-4727-943C-DB82535553CA with fa22c5fe-5ae1-4114-abfe-4bea6798cb79
&amp#27;[35m[HTTP]&amp#27;[39m &amp#27;[37m<-- POST /wd/hub/session/fa22c5fe-5ae1-4114-abfe-4bea6798cb79/element/7D070000-0000-0000-5301-000000000000/click &amp#27;[39m&amp#27;[32m200&amp#27;[39m &amp#27;[90m256 ms - 65&amp#27;[39m
&amp#27;[35m[HTTP]&amp#27;[39m &amp#27;[90m&amp#27;[39m
&amp#27;[35m[HTTP]&amp#27;[39m &amp#27;[37m-->&amp#27;[39m &amp#27;[37mPOST&amp#27;[39m &amp#27;[37m/wd/hub/session/fa22c5fe-5ae1-4114-abfe-4bea6798cb79/element&amp#27;[39m
&amp#27;[35m[HTTP]&amp#27;[39m &amp#27;[90m{"using":"xpath","value":"//XCUIElementTypeButton[@label='Take Picture']"}&amp#27;[39m
[debug] &amp#27;[35m[W3C (fa22c5fe)]&amp#27;[39m Calling AppiumDriver.findElement() with args: ["xpath","//XCUIElementTypeButton[@label='Take Picture']","fa22c5fe-5ae1-4114-abfe-4bea6798cb79"]
[debug] &amp#27;[35m[XCUITest]&amp#27;[39m Executing command 'findElement'
[debug] &amp#27;[35m[BaseDriver]&amp#27;[39m Valid locator strategies for this request: xpath, id, name, class name, -ios predicate string, -ios class chain, accessibility id, css selector
[debug] &amp#27;[35m[BaseDriver]&amp#27;[39m Waiting up to 25000 ms for condition
[debug] &amp#27;[35m[XCUITest]&amp#27;[39m Setting custom timeout to 750000 ms for 'findElement' command
[debug] &amp#27;[35m[WD Proxy]&amp#27;[39m Matched '/element' to command name 'findElement'
[debug] &amp#27;[35m[WD Proxy]&amp#27;[39m Proxying [POST /element] to [POST http://127.0.0.1:8100/session/60DEF1F0-4A14-4727-943C-DB82535553CA/element] with body: {"using":"xpath","value":"//XCUIElementTypeButton[@label='Take Picture']"}
[debug] &amp#27;[35m[WD Proxy]&amp#27;[39m Got response with status 200: {"value":{"ELEMENT":"93070000-0000-0000-5301-000000000000","element-6066-11e4-a52e-4f735466cecf":"93070000-0000-0000-5301-000000000000"},"sessionId":"60DEF1F0-4A14-4727-943C-DB82535553CA"}
[debug] &amp#27;[35m[W3C (fa22c5fe)]&amp#27;[39m Responding to client with driver.findElement() result: {"element-6066-11e4-a52e-4f735466cecf":"93070000-0000-0000-5301-000000000000","ELEMENT":"93070000-0000-0000-5301-000000000000"}
&amp#27;[35m[HTTP]&amp#27;[39m &amp#27;[37m<-- POST /wd/hub/session/fa22c5fe-5ae1-4114-abfe-4bea6798cb79/element &amp#27;[39m&amp#27;[32m200&amp#27;[39m &amp#27;[90m264 ms - 137&amp#27;[39m
&amp#27;[35m[HTTP]&amp#27;[39m &amp#27;[90m&amp#27;[39m
&amp#27;[35m[HTTP]&amp#27;[39m &amp#27;[37m-->&amp#27;[39m &amp#27;[37mPOST&amp#27;[39m &amp#27;[37m/wd/hub/session/fa22c5fe-5ae1-4114-abfe-4bea6798cb79/element/93070000-0000-0000-5301-000000000000/click&amp#27;[39m
&amp#27;[35m[HTTP]&amp#27;[39m &amp#27;[90m{"id":"93070000-0000-0000-5301-000000000000"}&amp#27;[39m
&amp#27;[35m[W3C (fa22c5fe)]&amp#27;[39m Driver proxy active, passing request on via HTTP proxy
[debug] &amp#27;[35m[XCUITest]&amp#27;[39m Executing command 'proxyReqRes'
[debug] &amp#27;[35m[WD Proxy]&amp#27;[39m Matched '/wd/hub/session/fa22c5fe-5ae1-4114-abfe-4bea6798cb79/element/93070000-0000-0000-5301-000000000000/click' to command name 'click'
[debug] &amp#27;[35m[WD Proxy]&amp#27;[39m Proxying [POST /wd/hub/session/fa22c5fe-5ae1-4114-abfe-4bea6798cb79/element/93070000-0000-0000-5301-000000000000/click] to [POST http://127.0.0.1:8100/session/60DEF1F0-4A14-4727-943C-DB82535553CA/element/93070000-0000-0000-5301-000000000000/click] with body: {"id":"93070000-0000-0000-5301-000000000000"}
[debug] &amp#27;[35m[WD Proxy]&amp#27;[39m Got response with status 200: {"value":null,"sessionId":"60DEF1F0-4A14-4727-943C-DB82535553CA"}
&amp#27;[35m[WD Proxy]&amp#27;[39m Replacing sessionId 60DEF1F0-4A14-4727-943C-DB82535553CA with fa22c5fe-5ae1-4114-abfe-4bea6798cb79
&amp#27;[35m[HTTP]&amp#27;[39m &amp#27;[37m<-- POST /wd/hub/session/fa22c5fe-5ae1-4114-abfe-4bea6798cb79/element/93070000-0000-0000-5301-000000000000/click &amp#27;[39m&amp#27;[32m200&amp#27;[39m &amp#27;[90m205 ms - 65&amp#27;[39m
&amp#27;[35m[HTTP]&amp#27;[39m &amp#27;[90m&amp#27;[39m
&amp#27;[35m[HTTP]&amp#27;[39m &amp#27;[37m-->&amp#27;[39m &amp#27;[37mPOST&amp#27;[39m &amp#27;[37m/wd/hub/session/fa22c5fe-5ae1-4114-abfe-4bea6798cb79/element&amp#27;[39m
&amp#27;[35m[HTTP]&amp#27;[39m &amp#27;[90m{"using":"xpath","value":"//XCUIElementTypeButton[@label='Use Photo']"}&amp#27;[39m
[debug] &amp#27;[35m[W3C (fa22c5fe)]&amp#27;[39m Calling AppiumDriver.findElement() with args: ["xpath","//XCUIElementTypeButton[@label='Use Photo']","fa22c5fe-5ae1-4114-abfe-4bea6798cb79"]
[debug] &amp#27;[35m[XCUITest]&amp#27;[39m Executing command 'findElement'
[debug] &amp#27;[35m[BaseDriver]&amp#27;[39m Valid locator strategies for this request: xpath, id, name, class name, -ios predicate string, -ios class chain, accessibility id, css selector
[debug] &amp#27;[35m[BaseDriver]&amp#27;[39m Waiting up to 25000 ms for condition
[debug] &amp#27;[35m[XCUITest]&amp#27;[39m Setting custom timeout to 750000 ms for 'findElement' command
[debug] &amp#27;[35m[WD Proxy]&amp#27;[39m Matched '/element' to command name 'findElement'
[debug] &amp#27;[35m[WD Proxy]&amp#27;[39m Proxying [POST /element] to [POST http://127.0.0.1:8100/session/60DEF1F0-4A14-4727-943C-DB82535553CA/element] with body: {"using":"xpath","value":"//XCUIElementTypeButton[@label='Use Photo']"}
[debug] &amp#27;[35m[WD Proxy]&amp#27;[39m Got response with status 200: {"value":{"ELEMENT":"9D070000-0000-0000-5301-000000000000","element-6066-11e4-a52e-4f735466cecf":"9D070000-0000-0000-5301-000000000000"},"sessionId":"60DEF1F0-4A14-4727-943C-DB82535553CA"}
[debug] &amp#27;[35m[W3C (fa22c5fe)]&amp#27;[39m Responding to client with driver.findElement() result: {"element-6066-11e4-a52e-4f735466cecf":"9D070000-0000-0000-5301-000000000000","ELEMENT":"9D070000-0000-0000-5301-000000000000"}
&amp#27;[35m[HTTP]&amp#27;[39m &amp#27;[37m<-- POST /wd/hub/session/fa22c5fe-5ae1-4114-abfe-4bea6798cb79/element &amp#27;[39m&amp#27;[32m200&amp#27;[39m &amp#27;[90m214 ms - 137&amp#27;[39m
&amp#27;[35m[HTTP]&amp#27;[39m &amp#27;[90m&amp#27;[39m
&amp#27;[35m[HTTP]&amp#27;[39m &amp#27;[37m-->&amp#27;[39m &amp#27;[37mPOST&amp#27;[39m &amp#27;[37m/wd/hub/session/fa22c5fe-5ae1-4114-abfe-4bea6798cb79/element/9D070000-0000-0000-5301-000000000000/click&amp#27;[39m
&amp#27;[35m[HTTP]&amp#27;[39m &amp#27;[90m{"id":"9D070000-0000-0000-5301-000000000000"}&amp#27;[39m
&amp#27;[35m[W3C (fa22c5fe)]&amp#27;[39m Driver proxy active, passing request on via HTTP proxy
[debug] &amp#27;[35m[XCUITest]&amp#27;[39m Executing command 'proxyReqRes'
[debug] &amp#27;[35m[WD Proxy]&amp#27;[39m Matched '/wd/hub/session/fa22c5fe-5ae1-4114-abfe-4bea6798cb79/element/9D070000-0000-0000-5301-000000000000/click' to command name 'click'
[debug] &amp#27;[35m[WD Proxy]&amp#27;[39m Proxying [POST /wd/hub/session/fa22c5fe-5ae1-4114-abfe-4bea6798cb79/element/9D070000-0000-0000-5301-000000000000/click] to [POST http://127.0.0.1:8100/session/60DEF1F0-4A14-4727-943C-DB82535553CA/element/9D070000-0000-0000-5301-000000000000/click] with body: {"id":"9D070000-0000-0000-5301-000000000000"}
[debug] &amp#27;[35m[WD Proxy]&amp#27;[39m Got response with status 200: {"value":null,"sessionId":"60DEF1F0-4A14-4727-943C-DB82535553CA"}
&amp#27;[35m[WD Proxy]&amp#27;[39m Replacing sessionId 60DEF1F0-4A14-4727-943C-DB82535553CA with fa22c5fe-5ae1-4114-abfe-4bea6798cb79
&amp#27;[35m[HTTP]&amp#27;[39m &amp#27;[37m<-- POST /wd/hub/session/fa22c5fe-5ae1-4114-abfe-4bea6798cb79/element/9D070000-0000-0000-5301-000000000000/click &amp#27;[39m&amp#27;[32m200&amp#27;[39m &amp#27;[90m353 ms - 65&amp#27;[39m
&amp#27;[35m[HTTP]&amp#27;[39m &amp#27;[90m&amp#27;[39m
&amp#27;[35m[HTTP]&amp#27;[39m &amp#27;[37m-->&amp#27;[39m &amp#27;[37mPOST&amp#27;[39m &amp#27;[37m/wd/hub/session/fa22c5fe-5ae1-4114-abfe-4bea6798cb79/element&amp#27;[39m
&amp#27;[35m[HTTP]&amp#27;[39m &amp#27;[90m{"using":"xpath","value":"//XCUIElementTypeApplication[@name=\"Rental+ (ZG)\"]/XCUIElementTypeWindow[1]/XCUIElementTypeOther/XCUIElementTypeOther/XCUIElementTypeOther/XCUIElementTypeOther/XCUIElementTypeOther/XCUIElementTypeOther/XCUIElementTypeOther[2]/XCUIElementTypeOther/XCUIElementTypeScrollView/XCUIElementTypeOther/XCUIElementTypeOther/XCUIElementTypeScrollView/XCUIElementTypeOther[1]/XCUIElementTypeOther[3]/XCUIElementTypeButton[2]\n"}&amp#27;[39m
[debug] &amp#27;[35m[W3C (fa22c5fe)]&amp#27;[39m Calling AppiumDriver.findElement() with args: ["xpath","//XCUIElementTypeApplication[@name=\"Rental+ (ZG)\"]/XCUIElementTypeWindow[1]/XCUIElementTypeOther/XCUIElementTypeOther/XCUIElementTypeOther/XCUIElementTypeOther/XCUIElementTypeOther/XCUIElementTypeOther/XCUIElementTypeOther[2]/XCUIElementTypeOther/XCUIElementTypeScrollView/XCUIElementTypeOther/XCUIElementTypeOther/XCUIElementTypeScrollView/XCUIElementTypeOther[1]/XCUIElementTypeOther[3]/XCUIElementTypeButton[2]\n","fa22c5fe-5ae1-4114-abfe-4bea6798cb79"]
[debug] &amp#27;[35m[XCUITest]&amp#27;[39m Executing command 'findElement'
[debug] &amp#27;[35m[BaseDriver]&amp#27;[39m Valid locator strategies for this request: xpath, id, name, class name, -ios predicate string, -ios class chain, accessibility id, css selector
[debug] &amp#27;[35m[BaseDriver]&amp#27;[39m Waiting up to 25000 ms for condition
[debug] &amp#27;[35m[XCUITest]&amp#27;[39m Setting custom timeout to 750000 ms for 'findElement' command
[debug] &amp#27;[35m[WD Proxy]&amp#27;[39m Matched '/element' to command name 'findElement'
[debug] &amp#27;[35m[WD Proxy]&amp#27;[39m Proxying [POST /element] to [POST http://127.0.0.1:8100/session/60DEF1F0-4A14-4727-943C-DB82535553CA/element] with body: {"using":"xpath","value":"//XCUIElementTypeApplication[@name=\"Rental+ (ZG)\"]/XCUIElementTypeWindow[1]/XCUIElementTypeOther/XCUIElementTypeOther/XCUIElementTypeOther/XCUIElementTypeOther/XCUIElementTypeOther/XCUIElementTypeOther/XCUIElementTypeOther[2]/XCUIElementTypeOther/XCUIElementTypeScrollView/XCUIElementTypeOther/XCUIElementTypeOther/XCUIElementTypeScrollView/XCUIElementTypeOther[1]/XCUIElementTypeOther[3]/XCUIElementTypeButton[2]\n"}
[debug] &amp#27;[35m[WD Proxy]&amp#27;[39m Got response with status 200: {"value":{"ELEMENT":"80070000-0000-0000-5301-000000000000","element-6066-11e4-a52e-4f735466cecf":"80070000-0000-0000-5301-000000000000"},"sessionId":"60DEF1F0-4A14-4727-943C-DB82535553CA"}
[debug] &amp#27;[35m[W3C (fa22c5fe)]&amp#27;[39m Responding to client with driver.findElement() result: {"element-6066-11e4-a52e-4f735466cecf":"80070000-0000-0000-5301-000000000000","ELEMENT":"80070000-0000-0000-5301-000000000000"}
&amp#27;[35m[HTTP]&amp#27;[39m &amp#27;[37m<-- POST /wd/hub/session/fa22c5fe-5ae1-4114-abfe-4bea6798cb79/element &amp#27;[39m&amp#27;[32m200&amp#27;[39m &amp#27;[90m379 ms - 137&amp#27;[39m
&amp#27;[35m[HTTP]&amp#27;[39m &amp#27;[90m&amp#27;[39m
&amp#27;[35m[HTTP]&amp#27;[39m &amp#27;[37m-->&amp#27;[39m &amp#27;[37mPOST&amp#27;[39m &amp#27;[37m/wd/hub/session/fa22c5fe-5ae1-4114-abfe-4bea6798cb79/element/80070000-0000-0000-5301-000000000000/click&amp#27;[39m
&amp#27;[35m[HTTP]&amp#27;[39m &amp#27;[90m{"id":"80070000-0000-0000-5301-000000000000"}&amp#27;[39m
&amp#27;[35m[W3C (fa22c5fe)]&amp#27;[39m Driver proxy active, passing request on via HTTP proxy
[debug] &amp#27;[35m[XCUITest]&amp#27;[39m Executing command 'proxyReqRes'
[debug] &amp#27;[35m[WD Proxy]&amp#27;[39m Matched '/wd/hub/session/fa22c5fe-5ae1-4114-abfe-4bea6798cb79/element/80070000-0000-0000-5301-000000000000/click' to command name 'click'
[debug] &amp#27;[35m[WD Proxy]&amp#27;[39m Proxying [POST /wd/hub/session/fa22c5fe-5ae1-4114-abfe-4bea6798cb79/element/80070000-0000-0000-5301-000000000000/click] to [POST http://127.0.0.1:8100/session/60DEF1F0-4A14-4727-943C-DB82535553CA/element/80070000-0000-0000-5301-000000000000/click] with body: {"id":"80070000-0000-0000-5301-000000000000"}
[debug] &amp#27;[35m[WD Proxy]&amp#27;[39m Got response with status 200: {"value":null,"sessionId":"60DEF1F0-4A14-4727-943C-DB82535553CA"}
&amp#27;[35m[WD Proxy]&amp#27;[39m Replacing sessionId 60DEF1F0-4A14-4727-943C-DB82535553CA with fa22c5fe-5ae1-4114-abfe-4bea6798cb79
&amp#27;[35m[HTTP]&amp#27;[39m &amp#27;[37m<-- POST /wd/hub/session/fa22c5fe-5ae1-4114-abfe-4bea6798cb79/element/80070000-0000-0000-5301-000000000000/click &amp#27;[39m&amp#27;[32m200&amp#27;[39m &amp#27;[90m229 ms - 65&amp#27;[39m
&amp#27;[35m[HTTP]&amp#27;[39m &amp#27;[90m&amp#27;[39m
&amp#27;[35m[HTTP]&amp#27;[39m &amp#27;[37m-->&amp#27;[39m &amp#27;[37mPOST&amp#27;[39m &amp#27;[37m/wd/hub/session/fa22c5fe-5ae1-4114-abfe-4bea6798cb79/element&amp#27;[39m
&amp#27;[35m[HTTP]&amp#27;[39m &amp#27;[90m{"using":"accessibility id","value":"CONTINUE"}&amp#27;[39m
[debug] &amp#27;[35m[W3C (fa22c5fe)]&amp#27;[39m Calling AppiumDriver.findElement() with args: ["accessibility id","CONTINUE","fa22c5fe-5ae1-4114-abfe-4bea6798cb79"]
[debug] &amp#27;[35m[XCUITest]&amp#27;[39m Executing command 'findElement'
[debug] &amp#27;[35m[BaseDriver]&amp#27;[39m Valid locator strategies for this request: xpath, id, name, class name, -ios predicate string, -ios class chain, accessibility id, css selector
[debug] &amp#27;[35m[BaseDriver]&amp#27;[39m Waiting up to 25000 ms for condition
[debug] &amp#27;[35m[XCUITest]&amp#27;[39m Setting custom timeout to 750000 ms for 'findElement' command
[debug] &amp#27;[35m[WD Proxy]&amp#27;[39m Matched '/element' to command name 'findElement'
[debug] &amp#27;[35m[WD Proxy]&amp#27;[39m Proxying [POST /element] to [POST http://127.0.0.1:8100/session/60DEF1F0-4A14-4727-943C-DB82535553CA/element] with body: {"using":"accessibility id","value":"CONTINUE"}
[debug] &amp#27;[35m[WD Proxy]&amp#27;[39m Got response with status 200: {"value":{"ELEMENT":"81070000-0000-0000-5301-000000000000","element-6066-11e4-a52e-4f735466cecf":"81070000-0000-0000-5301-000000000000"},"sessionId":"60DEF1F0-4A14-4727-943C-DB82535553CA"}
[debug] &amp#27;[35m[W3C (fa22c5fe)]&amp#27;[39m Responding to client with driver.findElement() result: {"element-6066-11e4-a52e-4f735466cecf":"81070000-0000-0000-5301-000000000000","ELEMENT":"81070000-0000-0000-5301-000000000000"}
&amp#27;[35m[HTTP]&amp#27;[39m &amp#27;[37m<-- POST /wd/hub/session/fa22c5fe-5ae1-4114-abfe-4bea6798cb79/element &amp#27;[39m&amp#27;[32m200&amp#27;[39m &amp#27;[90m116 ms - 137&amp#27;[39m
&amp#27;[35m[HTTP]&amp#27;[39m &amp#27;[90m&amp#27;[39m
&amp#27;[35m[HTTP]&amp#27;[39m &amp#27;[37m-->&amp#27;[39m &amp#27;[37mPOST&amp#27;[39m &amp#27;[37m/wd/hub/session/fa22c5fe-5ae1-4114-abfe-4bea6798cb79/element/81070000-0000-0000-5301-000000000000/click&amp#27;[39m
&amp#27;[35m[HTTP]&amp#27;[39m &amp#27;[90m{"id":"81070000-0000-0000-5301-000000000000"}&amp#27;[39m
&amp#27;[35m[W3C (fa22c5fe)]&amp#27;[39m Driver proxy active, passing request on via HTTP proxy
[debug] &amp#27;[35m[XCUITest]&amp#27;[39m Executing command 'proxyReqRes'
[debug] &amp#27;[35m[WD Proxy]&amp#27;[39m Matched '/wd/hub/session/fa22c5fe-5ae1-4114-abfe-4bea6798cb79/element/81070000-0000-0000-5301-000000000000/click' to command name 'click'
[debug] &amp#27;[35m[WD Proxy]&amp#27;[39m Proxying [POST /wd/hub/session/fa22c5fe-5ae1-4114-abfe-4bea6798cb79/element/81070000-0000-0000-5301-000000000000/click] to [POST http://127.0.0.1:8100/session/60DEF1F0-4A14-4727-943C-DB82535553CA/element/81070000-0000-0000-5301-000000000000/click] with body: {"id":"81070000-0000-0000-5301-000000000000"}
[debug] &amp#27;[35m[WD Proxy]&amp#27;[39m Got response with status 200: {"value":null,"sessionId":"60DEF1F0-4A14-4727-943C-DB82535553CA"}
&amp#27;[35m[WD Proxy]&amp#27;[39m Replacing sessionId 60DEF1F0-4A14-4727-943C-DB82535553CA with fa22c5fe-5ae1-4114-abfe-4bea6798cb79
&amp#27;[35m[HTTP]&amp#27;[39m &amp#27;[37m<-- POST /wd/hub/session/fa22c5fe-5ae1-4114-abfe-4bea6798cb79/element/81070000-0000-0000-5301-000000000000/click &amp#27;[39m&amp#27;[32m200&amp#27;[39m &amp#27;[90m212 ms - 65&amp#27;[39m
&amp#27;[35m[HTTP]&amp#27;[39m &amp#27;[90m&amp#27;[39m
&amp#27;[35m[HTTP]&amp#27;[39m &amp#27;[37m-->&amp#27;[39m &amp#27;[37mPOST&amp#27;[39m &amp#27;[37m/wd/hub/session/fa22c5fe-5ae1-4114-abfe-4bea6798cb79/elements&amp#27;[39m
&amp#27;[35m[HTTP]&amp#27;[39m &amp#27;[90m{"using":"xpath","value":"//XCUIElementTypeButton[@name='checkbox outline']"}&amp#27;[39m
[debug] &amp#27;[35m[W3C (fa22c5fe)]&amp#27;[39m Calling AppiumDriver.findElements() with args: ["xpath","//XCUIElementTypeButton[@name='checkbox outline']","fa22c5fe-5ae1-4114-abfe-4bea6798cb79"]
[debug] &amp#27;[35m[XCUITest]&amp#27;[39m Executing command 'findElements'
[debug] &amp#27;[35m[BaseDriver]&amp#27;[39m Valid locator strategies for this request: xpath, id, name, class name, -ios predicate string, -ios class chain, accessibility id, css selector
[debug] &amp#27;[35m[BaseDriver]&amp#27;[39m Waiting up to 25000 ms for condition
[debug] &amp#27;[35m[XCUITest]&amp#27;[39m Setting custom timeout to 750000 ms for 'findElements' command
[debug] &amp#27;[35m[WD Proxy]&amp#27;[39m Matched '/elements' to command name 'findElements'
[debug] &amp#27;[35m[WD Proxy]&amp#27;[39m Proxying [POST /elements] to [POST http://127.0.0.1:8100/session/60DEF1F0-4A14-4727-943C-DB82535553CA/elements] with body: {"using":"xpath","value":"//XCUIElementTypeButton[@name='checkbox outline']"}
[debug] &amp#27;[35m[WD Proxy]&amp#27;[39m Got response with status 200: {"value":[{"ELEMENT":"AA070000-0000-0000-5301-000000000000","element-6066-11e4-a52e-4f735466cecf":"AA070000-0000-0000-5301-000000000000"}],"sessionId":"60DEF1F0-4A14-4727-943C-DB82535553CA"}
[debug] &amp#27;[35m[W3C (fa22c5fe)]&amp#27;[39m Responding to client with driver.findElements() result: [{"element-6066-11e4-a52e-4f735466cecf":"AA070000-0000-0000-5301-000000000000","ELEMENT":"AA070000-0000-0000-5301-000000000000"}]
&amp#27;[35m[HTTP]&amp#27;[39m &amp#27;[37m<-- POST /wd/hub/session/fa22c5fe-5ae1-4114-abfe-4bea6798cb79/elements &amp#27;[39m&amp#27;[32m200&amp#27;[39m &amp#27;[90m648 ms - 139&amp#27;[39m
&amp#27;[35m[HTTP]&amp#27;[39m &amp#27;[90m&amp#27;[39m
&amp#27;[35m[HTTP]&amp#27;[39m &amp#27;[37m-->&amp#27;[39m &amp#27;[37mPOST&amp#27;[39m &amp#27;[37m/wd/hub/session/fa22c5fe-5ae1-4114-abfe-4bea6798cb79/elements&amp#27;[39m
&amp#27;[35m[HTTP]&amp#27;[39m &amp#27;[90m{"using":"xpath","value":"//XCUIElementTypeButton[@name='checkbox outline']"}&amp#27;[39m
[debug] &amp#27;[35m[W3C (fa22c5fe)]&amp#27;[39m Calling AppiumDriver.findElements() with args: ["xpath","//XCUIElementTypeButton[@name='checkbox outline']","fa22c5fe-5ae1-4114-abfe-4bea6798cb79"]
[debug] &amp#27;[35m[XCUITest]&amp#27;[39m Executing command 'findElements'
[debug] &amp#27;[35m[BaseDriver]&amp#27;[39m Valid locator strategies for this request: xpath, id, name, class name, -ios predicate string, -ios class chain, accessibility id, css selector
[debug] &amp#27;[35m[BaseDriver]&amp#27;[39m Waiting up to 25000 ms for condition
[debug] &amp#27;[35m[XCUITest]&amp#27;[39m Setting custom timeout to 750000 ms for 'findElements' command
[debug] &amp#27;[35m[WD Proxy]&amp#27;[39m Matched '/elements' to command name 'findElements'
[debug] &amp#27;[35m[WD Proxy]&amp#27;[39m Proxying [POST /elements] to [POST http://127.0.0.1:8100/session/60DEF1F0-4A14-4727-943C-DB82535553CA/elements] with body: {"using":"xpath","value":"//XCUIElementTypeButton[@name='checkbox outline']"}
[debug] &amp#27;[35m[WD Proxy]&amp#27;[39m Got response with status 200: {"value":[{"ELEMENT":"AA070000-0000-0000-5301-000000000000","element-6066-11e4-a52e-4f735466cecf":"AA070000-0000-0000-5301-000000000000"}],"sessionId":"60DEF1F0-4A14-4727-943C-DB82535553CA"}
[debug] &amp#27;[35m[W3C (fa22c5fe)]&amp#27;[39m Responding to client with driver.findElements() result: [{"element-6066-11e4-a52e-4f735466cecf":"AA070000-0000-0000-5301-000000000000","ELEMENT":"AA070000-0000-0000-5301-000000000000"}]
&amp#27;[35m[HTTP]&amp#27;[39m &amp#27;[37m<-- POST /wd/hub/session/fa22c5fe-5ae1-4114-abfe-4bea6798cb79/elements &amp#27;[39m&amp#27;[32m200&amp#27;[39m &amp#27;[90m482 ms - 139&amp#27;[39m
&amp#27;[35m[HTTP]&amp#27;[39m &amp#27;[90m&amp#27;[39m
&amp#27;[35m[HTTP]&amp#27;[39m &amp#27;[37m-->&amp#27;[39m &amp#27;[37mPOST&amp#27;[39m &amp#27;[37m/wd/hub/session/fa22c5fe-5ae1-4114-abfe-4bea6798cb79/element/AA070000-0000-0000-5301-000000000000/click&amp#27;[39m
&amp#27;[35m[HTTP]&amp#27;[39m &amp#27;[90m{"id":"AA070000-0000-0000-5301-000000000000"}&amp#27;[39m
&amp#27;[35m[W3C (fa22c5fe)]&amp#27;[39m Driver proxy active, passing request on via HTTP proxy
[debug] &amp#27;[35m[XCUITest]&amp#27;[39m Executing command 'proxyReqRes'
[debug] &amp#27;[35m[WD Proxy]&amp#27;[39m Matched '/wd/hub/session/fa22c5fe-5ae1-4114-abfe-4bea6798cb79/element/AA070000-0000-0000-5301-000000000000/click' to command name 'click'
[debug] &amp#27;[35m[WD Proxy]&amp#27;[39m Proxying [POST /wd/hub/session/fa22c5fe-5ae1-4114-abfe-4bea6798cb79/element/AA070000-0000-0000-5301-000000000000/click] to [POST http://127.0.0.1:8100/session/60DEF1F0-4A14-4727-943C-DB82535553CA/element/AA070000-0000-0000-5301-000000000000/click] with body: {"id":"AA070000-0000-0000-5301-000000000000"}
[debug] &amp#27;[35m[WD Proxy]&amp#27;[39m Got response with status 200: {"value":null,"sessionId":"60DEF1F0-4A14-4727-943C-DB82535553CA"}
&amp#27;[35m[WD Proxy]&amp#27;[39m Replacing sessionId 60DEF1F0-4A14-4727-943C-DB82535553CA with fa22c5fe-5ae1-4114-abfe-4bea6798cb79
&amp#27;[35m[HTTP]&amp#27;[39m &amp#27;[37m<-- POST /wd/hub/session/fa22c5fe-5ae1-4114-abfe-4bea6798cb79/element/AA070000-0000-0000-5301-000000000000/click &amp#27;[39m&amp#27;[32m200&amp#27;[39m &amp#27;[90m232 ms - 65&amp#27;[39m
&amp#27;[35m[HTTP]&amp#27;[39m &amp#27;[90m&amp#27;[39m
&amp#27;[35m[HTTP]&amp#27;[39m &amp#27;[37m-->&amp#27;[39m &amp#27;[37mPOST&amp#27;[39m &amp#27;[37m/wd/hub/session/fa22c5fe-5ae1-4114-abfe-4bea6798cb79/element&amp#27;[39m
&amp#27;[35m[HTTP]&amp#27;[39m &amp#27;[90m{"using":"xpath","value":"//XCUIElementTypeStaticText[@name='SUBMIT']"}&amp#27;[39m
[debug] &amp#27;[35m[W3C (fa22c5fe)]&amp#27;[39m Calling AppiumDriver.findElement() with args: ["xpath","//XCUIElementTypeStaticText[@name='SUBMIT']","fa22c5fe-5ae1-4114-abfe-4bea6798cb79"]
[debug] &amp#27;[35m[XCUITest]&amp#27;[39m Executing command 'findElement'
[debug] &amp#27;[35m[BaseDriver]&amp#27;[39m Valid locator strategies for this request: xpath, id, name, class name, -ios predicate string, -ios class chain, accessibility id, css selector
[debug] &amp#27;[35m[BaseDriver]&amp#27;[39m Waiting up to 25000 ms for condition
[debug] &amp#27;[35m[XCUITest]&amp#27;[39m Setting custom timeout to 750000 ms for 'findElement' command
[debug] &amp#27;[35m[WD Proxy]&amp#27;[39m Matched '/element' to command name 'findElement'
[debug] &amp#27;[35m[WD Proxy]&amp#27;[39m Proxying [POST /element] to [POST http://127.0.0.1:8100/session/60DEF1F0-4A14-4727-943C-DB82535553CA/element] with body: {"using":"xpath","value":"//XCUIElementTypeStaticText[@name='SUBMIT']"}
[debug] &amp#27;[35m[WD Proxy]&amp#27;[39m Got response with status 200: {"value":{"ELEMENT":"B6070000-0000-0000-5301-000000000000","element-6066-11e4-a52e-4f735466cecf":"B6070000-0000-0000-5301-000000000000"},"sessionId":"60DEF1F0-4A14-4727-943C-DB82535553CA"}
[debug] &amp#27;[35m[W3C (fa22c5fe)]&amp#27;[39m Responding to client with driver.findElement() result: {"element-6066-11e4-a52e-4f735466cecf":"B6070000-0000-0000-5301-000000000000","ELEMENT":"B6070000-0000-0000-5301-000000000000"}
&amp#27;[35m[HTTP]&amp#27;[39m &amp#27;[37m<-- POST /wd/hub/session/fa22c5fe-5ae1-4114-abfe-4bea6798cb79/element &amp#27;[39m&amp#27;[32m200&amp#27;[39m &amp#27;[90m448 ms - 137&amp#27;[39m
&amp#27;[35m[HTTP]&amp#27;[39m &amp#27;[90m&amp#27;[39m
&amp#27;[35m[HTTP]&amp#27;[39m &amp#27;[37m-->&amp#27;[39m &amp#27;[37mPOST&amp#27;[39m &amp#27;[37m/wd/hub/session/fa22c5fe-5ae1-4114-abfe-4bea6798cb79/element/B6070000-0000-0000-5301-000000000000/click&amp#27;[39m
&amp#27;[35m[HTTP]&amp#27;[39m &amp#27;[90m{"id":"B6070000-0000-0000-5301-000000000000"}&amp#27;[39m
&amp#27;[35m[W3C (fa22c5fe)]&amp#27;[39m Driver proxy active, passing request on via HTTP proxy
[debug] &amp#27;[35m[XCUITest]&amp#27;[39m Executing command 'proxyReqRes'
[debug] &amp#27;[35m[WD Proxy]&amp#27;[39m Matched '/wd/hub/session/fa22c5fe-5ae1-4114-abfe-4bea6798cb79/element/B6070000-0000-0000-5301-000000000000/click' to command name 'click'
[debug] &amp#27;[35m[WD Proxy]&amp#27;[39m Proxying [POST /wd/hub/session/fa22c5fe-5ae1-4114-abfe-4bea6798cb79/element/B6070000-0000-0000-5301-000000000000/click] to [POST http://127.0.0.1:8100/session/60DEF1F0-4A14-4727-943C-DB82535553CA/element/B6070000-0000-0000-5301-000000000000/click] with body: {"id":"B6070000-0000-0000-5301-000000000000"}
[debug] &amp#27;[35m[WD Proxy]&amp#27;[39m Got response with status 200: {"value":null,"sessionId":"60DEF1F0-4A14-4727-943C-DB82535553CA"}
&amp#27;[35m[WD Proxy]&amp#27;[39m Replacing sessionId 60DEF1F0-4A14-4727-943C-DB82535553CA with fa22c5fe-5ae1-4114-abfe-4bea6798cb79
&amp#27;[35m[HTTP]&amp#27;[39m &amp#27;[37m<-- POST /wd/hub/session/fa22c5fe-5ae1-4114-abfe-4bea6798cb79/element/B6070000-0000-0000-5301-000000000000/click &amp#27;[39m&amp#27;[32m200&amp#27;[39m &amp#27;[90m248 ms - 65&amp#27;[39m
&amp#27;[35m[HTTP]&amp#27;[39m &amp#27;[90m&amp#27;[39m
&amp#27;[35m[HTTP]&amp#27;[39m &amp#27;[37m-->&amp#27;[39m &amp#27;[37mPOST&amp#27;[39m &amp#27;[37m/wd/hub/session/fa22c5fe-5ae1-4114-abfe-4bea6798cb79/element&amp#27;[39m
&amp#27;[35m[HTTP]&amp#27;[39m &amp#27;[90m{"using":"xpath","value":"//XCUIElementTypeButton[@name='Agree']"}&amp#27;[39m
[debug] &amp#27;[35m[W3C (fa22c5fe)]&amp#27;[39m Calling AppiumDriver.findElement() with args: ["xpath","//XCUIElementTypeButton[@name='Agree']","fa22c5fe-5ae1-4114-abfe-4bea6798cb79"]
[debug] &amp#27;[35m[XCUITest]&amp#27;[39m Executing command 'findElement'
[debug] &amp#27;[35m[BaseDriver]&amp#27;[39m Valid locator strategies for this request: xpath, id, name, class name, -ios predicate string, -ios class chain, accessibility id, css selector
[debug] &amp#27;[35m[BaseDriver]&amp#27;[39m Waiting up to 25000 ms for condition
[debug] &amp#27;[35m[XCUITest]&amp#27;[39m Setting custom timeout to 750000 ms for 'findElement' command
[debug] &amp#27;[35m[WD Proxy]&amp#27;[39m Matched '/element' to command name 'findElement'
[debug] &amp#27;[35m[WD Proxy]&amp#27;[39m Proxying [POST /element] to [POST http://127.0.0.1:8100/session/60DEF1F0-4A14-4727-943C-DB82535553CA/element] with body: {"using":"xpath","value":"//XCUIElementTypeButton[@name='Agree']"}
&amp#27;[35m[WD Proxy]&amp#27;[39m Got response with status 404: {"value":{"error":"no such element","message":"unable to find an element using 'xpath', value '//XCUIElementTypeButton[@name='Agree']'","traceback":"(\n\t0   WebDriverAgentLib                   0x0000000107fadc70 FBNoSuchElementErrorResponseForRequest + 288\n\t1   WebDriverAgentLib                   0x0000000107fada74 +[FBFindElementCommands handleFindElement:] + 336\n\t2   WebDriverAgentLib                   0x0000000107f77c70 -[FBRoute_TargetAction mountRequest:intoResponse:] + 180\n\t3   WebDriverAgentLib                   0x0000000107f64a8c __37-[FBWebServer registerRouteHandlers:]_block_invoke + 420\n\t4   WebDriverAgentLib                   0x0000000107f971e0 -[RoutingHTTPServer handleRoute:withRequest:response:] + 164\n\t5   WebDriverAgentLib                   0x0000000107f97c64 __72-[RoutingHTTPServer routeMethod:withPath:parameters:request:connection:]_block_invoke + 64\n\t6   libdispatch.dylib                   0x00000001a0c3cac8 8E662F82-B1E4-3E7E-A376-18E9755A8F51 + 15048\n\t7   libdispatch.dyl...
[debug] &amp#27;[35m[W3C]&amp#27;[39m Matched W3C error code 'no such element' to NoSuchElementError
[debug] &amp#27;[35m[BaseDriver]&amp#27;[39m Waited for 426 ms so far
[debug] &amp#27;[35m[XCUITest]&amp#27;[39m Setting custom timeout to 750000 ms for 'findElement' command
[debug] &amp#27;[35m[WD Proxy]&amp#27;[39m Matched '/element' to command name 'findElement'
[debug] &amp#27;[35m[WD Proxy]&amp#27;[39m Proxying [POST /element] to [POST http://127.0.0.1:8100/session/60DEF1F0-4A14-4727-943C-DB82535553CA/element] with body: {"using":"xpath","value":"//XCUIElementTypeButton[@name='Agree']"}
[debug] &amp#27;[35m[WD Proxy]&amp#27;[39m Got response with status 200: {"value":{"ELEMENT":"D8070000-0000-0000-5301-000000000000","element-6066-11e4-a52e-4f735466cecf":"D8070000-0000-0000-5301-000000000000"},"sessionId":"60DEF1F0-4A14-4727-943C-DB82535553CA"}
[debug] &amp#27;[35m[W3C (fa22c5fe)]&amp#27;[39m Responding to client with driver.findElement() result: {"element-6066-11e4-a52e-4f735466cecf":"D8070000-0000-0000-5301-000000000000","ELEMENT":"D8070000-0000-0000-5301-000000000000"}
&amp#27;[35m[HTTP]&amp#27;[39m &amp#27;[37m<-- POST /wd/hub/session/fa22c5fe-5ae1-4114-abfe-4bea6798cb79/element &amp#27;[39m&amp#27;[32m200&amp#27;[39m &amp#27;[90m1822 ms - 137&amp#27;[39m
&amp#27;[35m[HTTP]&amp#27;[39m &amp#27;[90m&amp#27;[39m
&amp#27;[35m[HTTP]&amp#27;[39m &amp#27;[37m-->&amp#27;[39m &amp#27;[37mGET&amp#27;[39m &amp#27;[37m/wd/hub/session/fa22c5fe-5ae1-4114-abfe-4bea6798cb79/element/D8070000-0000-0000-5301-000000000000/text&amp#27;[39m
&amp#27;[35m[HTTP]&amp#27;[39m &amp#27;[90m{}&amp#27;[39m
&amp#27;[35m[W3C (fa22c5fe)]&amp#27;[39m Driver proxy active, passing request on via HTTP proxy
[debug] &amp#27;[35m[XCUITest]&amp#27;[39m Executing command 'proxyReqRes'
[debug] &amp#27;[35m[WD Proxy]&amp#27;[39m Matched '/wd/hub/session/fa22c5fe-5ae1-4114-abfe-4bea6798cb79/element/D8070000-0000-0000-5301-000000000000/text' to command name 'getText'
[debug] &amp#27;[35m[WD Proxy]&amp#27;[39m Proxying [GET /wd/hub/session/fa22c5fe-5ae1-4114-abfe-4bea6798cb79/element/D8070000-0000-0000-5301-000000000000/text] to [GET http://127.0.0.1:8100/session/60DEF1F0-4A14-4727-943C-DB82535553CA/element/D8070000-0000-0000-5301-000000000000/text] with no body
[debug] &amp#27;[35m[WD Proxy]&amp#27;[39m Got response with status 200: {"value":"Agree","sessionId":"60DEF1F0-4A14-4727-943C-DB82535553CA"}
&amp#27;[35m[WD Proxy]&amp#27;[39m Replacing sessionId 60DEF1F0-4A14-4727-943C-DB82535553CA with fa22c5fe-5ae1-4114-abfe-4bea6798cb79
&amp#27;[35m[HTTP]&amp#27;[39m &amp#27;[37m<-- GET /wd/hub/session/fa22c5fe-5ae1-4114-abfe-4bea6798cb79/element/D8070000-0000-0000-5301-000000000000/text &amp#27;[39m&amp#27;[32m200&amp#27;[39m &amp#27;[90m72 ms - 68&amp#27;[39m
&amp#27;[35m[HTTP]&amp#27;[39m &amp#27;[90m&amp#27;[39m
&amp#27;[35m[HTTP]&amp#27;[39m &amp#27;[37m-->&amp#27;[39m &amp#27;[37mPOST&amp#27;[39m &amp#27;[37m/wd/hub/session/fa22c5fe-5ae1-4114-abfe-4bea6798cb79/element&amp#27;[39m
&amp#27;[35m[HTTP]&amp#27;[39m &amp#27;[90m{"using":"accessibility id","value":"Agree"}&amp#27;[39m
[debug] &amp#27;[35m[W3C (fa22c5fe)]&amp#27;[39m Calling AppiumDriver.findElement() with args: ["accessibility id","Agree","fa22c5fe-5ae1-4114-abfe-4bea6798cb79"]
[debug] &amp#27;[35m[XCUITest]&amp#27;[39m Executing command 'findElement'
[debug] &amp#27;[35m[BaseDriver]&amp#27;[39m Valid locator strategies for this request: xpath, id, name, class name, -ios predicate string, -ios class chain, accessibility id, css selector
[debug] &amp#27;[35m[BaseDriver]&amp#27;[39m Waiting up to 25000 ms for condition
[debug] &amp#27;[35m[XCUITest]&amp#27;[39m Setting custom timeout to 750000 ms for 'findElement' command
[debug] &amp#27;[35m[WD Proxy]&amp#27;[39m Matched '/element' to command name 'findElement'
[debug] &amp#27;[35m[WD Proxy]&amp#27;[39m Proxying [POST /element] to [POST http://127.0.0.1:8100/session/60DEF1F0-4A14-4727-943C-DB82535553CA/element] with body: {"using":"accessibility id","value":"Agree"}
[debug] &amp#27;[35m[WD Proxy]&amp#27;[39m Got response with status 200: {"value":{"ELEMENT":"D8070000-0000-0000-5301-000000000000","element-6066-11e4-a52e-4f735466cecf":"D8070000-0000-0000-5301-000000000000"},"sessionId":"60DEF1F0-4A14-4727-943C-DB82535553CA"}
[debug] &amp#27;[35m[W3C (fa22c5fe)]&amp#27;[39m Responding to client with driver.findElement() result: {"element-6066-11e4-a52e-4f735466cecf":"D8070000-0000-0000-5301-000000000000","ELEMENT":"D8070000-0000-0000-5301-000000000000"}
&amp#27;[35m[HTTP]&amp#27;[39m &amp#27;[37m<-- POST /wd/hub/session/fa22c5fe-5ae1-4114-abfe-4bea6798cb79/element &amp#27;[39m&amp#27;[32m200&amp#27;[39m &amp#27;[90m176 ms - 137&amp#27;[39m
&amp#27;[35m[HTTP]&amp#27;[39m &amp#27;[90m&amp#27;[39m
&amp#27;[35m[HTTP]&amp#27;[39m &amp#27;[37m-->&amp#27;[39m &amp#27;[37mGET&amp#27;[39m &amp#27;[37m/wd/hub/session/fa22c5fe-5ae1-4114-abfe-4bea6798cb79/element/D8070000-0000-0000-5301-000000000000/location&amp#27;[39m
&amp#27;[35m[HTTP]&amp#27;[39m &amp#27;[90m{}&amp#27;[39m
[debug] &amp#27;[35m[W3C (fa22c5fe)]&amp#27;[39m Calling AppiumDriver.getLocation() with args: ["D8070000-0000-0000-5301-000000000000","fa22c5fe-5ae1-4114-abfe-4bea6798cb79"]
[debug] &amp#27;[35m[XCUITest]&amp#27;[39m Executing command 'getLocation'
[debug] &amp#27;[35m[XCUITest]&amp#27;[39m Setting custom timeout to 750000 ms for 'getElementRect' command
[debug] &amp#27;[35m[WD Proxy]&amp#27;[39m Matched '/element/D8070000-0000-0000-5301-000000000000/rect' to command name 'getElementRect'
[debug] &amp#27;[35m[WD Proxy]&amp#27;[39m Proxying [GET /element/D8070000-0000-0000-5301-000000000000/rect] to [GET http://127.0.0.1:8100/session/60DEF1F0-4A14-4727-943C-DB82535553CA/element/D8070000-0000-0000-5301-000000000000/rect] with no body
[debug] &amp#27;[35m[WD Proxy]&amp#27;[39m Got response with status 200: {"value":{"y":408,"x":188,"width":135,"height":44},"sessionId":"60DEF1F0-4A14-4727-943C-DB82535553CA"}
[debug] &amp#27;[35m[W3C (fa22c5fe)]&amp#27;[39m Responding to client with driver.getLocation() result: {"x":188,"y":408}
&amp#27;[35m[HTTP]&amp#27;[39m &amp#27;[37m<-- GET /wd/hub/session/fa22c5fe-5ae1-4114-abfe-4bea6798cb79/element/D8070000-0000-0000-5301-000000000000/location &amp#27;[39m&amp#27;[32m200&amp#27;[39m &amp#27;[90m99 ms - 27&amp#27;[39m
&amp#27;[35m[HTTP]&amp#27;[39m &amp#27;[90m&amp#27;[39m
&amp#27;[35m[HTTP]&amp#27;[39m &amp#27;[37m-->&amp#27;[39m &amp#27;[37mGET&amp#27;[39m &amp#27;[37m/wd/hub/session/fa22c5fe-5ae1-4114-abfe-4bea6798cb79/element/D8070000-0000-0000-5301-000000000000/location&amp#27;[39m
&amp#27;[35m[HTTP]&amp#27;[39m &amp#27;[90m{}&amp#27;[39m
[debug] &amp#27;[35m[W3C (fa22c5fe)]&amp#27;[39m Calling AppiumDriver.getLocation() with args: ["D8070000-0000-0000-5301-000000000000","fa22c5fe-5ae1-4114-abfe-4bea6798cb79"]
[debug] &amp#27;[35m[XCUITest]&amp#27;[39m Executing command 'getLocation'
[debug] &amp#27;[35m[XCUITest]&amp#27;[39m Setting custom timeout to 750000 ms for 'getElementRect' command
[debug] &amp#27;[35m[WD Proxy]&amp#27;[39m Matched '/element/D8070000-0000-0000-5301-000000000000/rect' to command name 'getElementRect'
[debug] &amp#27;[35m[WD Proxy]&amp#27;[39m Proxying [GET /element/D8070000-0000-0000-5301-000000000000/rect] to [GET http://127.0.0.1:8100/session/60DEF1F0-4A14-4727-943C-DB82535553CA/element/D8070000-0000-0000-5301-000000000000/rect] with no body
[debug] &amp#27;[35m[WD Proxy]&amp#27;[39m Got response with status 200: {"value":{"y":408,"x":188,"width":135,"height":44},"sessionId":"60DEF1F0-4A14-4727-943C-DB82535553CA"}
[debug] &amp#27;[35m[W3C (fa22c5fe)]&amp#27;[39m Responding to client with driver.getLocation() result: {"x":188,"y":408}
&amp#27;[35m[HTTP]&amp#27;[39m &amp#27;[37m<-- GET /wd/hub/session/fa22c5fe-5ae1-4114-abfe-4bea6798cb79/element/D8070000-0000-0000-5301-000000000000/location &amp#27;[39m&amp#27;[32m200&amp#27;[39m &amp#27;[90m84 ms - 27&amp#27;[39m
&amp#27;[35m[HTTP]&amp#27;[39m &amp#27;[90m&amp#27;[39m
&amp#27;[35m[HTTP]&amp#27;[39m &amp#27;[37m-->&amp#27;[39m &amp#27;[37mPOST&amp#27;[39m &amp#27;[37m/wd/hub/session/fa22c5fe-5ae1-4114-abfe-4bea6798cb79/touch/perform&amp#27;[39m
&amp#27;[35m[HTTP]&amp#27;[39m &amp#27;[90m{"actions":[{"action":"tap","options":{"x":258,"y":438}}]}&amp#27;[39m
[debug] &amp#27;[35m[W3C (fa22c5fe)]&amp#27;[39m Calling AppiumDriver.performTouch() with args: [[{"action":"tap","options":{"x":258,"y":438}}],"fa22c5fe-5ae1-4114-abfe-4bea6798cb79"]
[debug] &amp#27;[35m[XCUITest]&amp#27;[39m Executing command 'performTouch'
[debug] &amp#27;[35m[XCUITest]&amp#27;[39m Received the following touch action: tap(options={"x":258,"y":438})
[debug] &amp#27;[35m[XCUITest]&amp#27;[39m Setting custom timeout to 750000 ms for 'performTouch' command
[debug] &amp#27;[35m[WD Proxy]&amp#27;[39m Proxying [POST /wda/touch/perform] to [POST http://127.0.0.1:8100/session/60DEF1F0-4A14-4727-943C-DB82535553CA/wda/touch/perform] with body: {"actions":[{"action":"tap","options":{"x":258,"y":438}}]}
[debug] &amp#27;[35m[WD Proxy]&amp#27;[39m Got response with status 200: {"value":null,"sessionId":"60DEF1F0-4A14-4727-943C-DB82535553CA"}
[debug] &amp#27;[35m[W3C (fa22c5fe)]&amp#27;[39m Responding to client with driver.performTouch() result: null
&amp#27;[35m[HTTP]&amp#27;[39m &amp#27;[37m<-- POST /wd/hub/session/fa22c5fe-5ae1-4114-abfe-4bea6798cb79/touch/perform &amp#27;[39m&amp#27;[32m200&amp#27;[39m &amp#27;[90m1366 ms - 14&amp#27;[39m
&amp#27;[35m[HTTP]&amp#27;[39m &amp#27;[90m&amp#27;[39m
&amp#27;[35m[HTTP]&amp#27;[39m &amp#27;[37m-->&amp#27;[39m &amp#27;[37mPOST&amp#27;[39m &amp#27;[37m/wd/hub/session/fa22c5fe-5ae1-4114-abfe-4bea6798cb79/element&amp#27;[39m
&amp#27;[35m[HTTP]&amp#27;[39m &amp#27;[90m{"using":"xpath","value":"//XCUIElementTypeButton[@name='FINISH']"}&amp#27;[39m
[debug] &amp#27;[35m[W3C (fa22c5fe)]&amp#27;[39m Calling AppiumDriver.findElement() with args: ["xpath","//XCUIElementTypeButton[@name='FINISH']","fa22c5fe-5ae1-4114-abfe-4bea6798cb79"]
[debug] &amp#27;[35m[XCUITest]&amp#27;[39m Executing command 'findElement'
[debug] &amp#27;[35m[BaseDriver]&amp#27;[39m Valid locator strategies for this request: xpath, id, name, class name, -ios predicate string, -ios class chain, accessibility id, css selector
[debug] &amp#27;[35m[BaseDriver]&amp#27;[39m Waiting up to 25000 ms for condition
[debug] &amp#27;[35m[XCUITest]&amp#27;[39m Setting custom timeout to 750000 ms for 'findElement' command
[debug] &amp#27;[35m[WD Proxy]&amp#27;[39m Matched '/element' to command name 'findElement'
[debug] &amp#27;[35m[WD Proxy]&amp#27;[39m Proxying [POST /element] to [POST http://127.0.0.1:8100/session/60DEF1F0-4A14-4727-943C-DB82535553CA/element] with body: {"using":"xpath","value":"//XCUIElementTypeButton[@name='FINISH']"}
&amp#27;[35m[WD Proxy]&amp#27;[39m Got response with status 404: {"value":{"error":"no such element","message":"unable to find an element using 'xpath', value '//XCUIElementTypeButton[@name='FINISH']'","traceback":"(\n\t0   WebDriverAgentLib                   0x0000000107fadc70 FBNoSuchElementErrorResponseForRequest + 288\n\t1   WebDriverAgentLib                   0x0000000107fada74 +[FBFindElementCommands handleFindElement:] + 336\n\t2   WebDriverAgentLib                   0x0000000107f77c70 -[FBRoute_TargetAction mountRequest:intoResponse:] + 180\n\t3   WebDriverAgentLib                   0x0000000107f64a8c __37-[FBWebServer registerRouteHandlers:]_block_invoke + 420\n\t4   WebDriverAgentLib                   0x0000000107f971e0 -[RoutingHTTPServer handleRoute:withRequest:response:] + 164\n\t5   WebDriverAgentLib                   0x0000000107f97c64 __72-[RoutingHTTPServer routeMethod:withPath:parameters:request:connection:]_block_invoke + 64\n\t6   libdispatch.dylib                   0x00000001a0c3cac8 8E662F82-B1E4-3E7E-A376-18E9755A8F51 + 15048\n\t7   libdispatch.dy...
[debug] &amp#27;[35m[W3C]&amp#27;[39m Matched W3C error code 'no such element' to NoSuchElementError
[debug] &amp#27;[35m[BaseDriver]&amp#27;[39m Waited for 332 ms so far
[debug] &amp#27;[35m[XCUITest]&amp#27;[39m Setting custom timeout to 750000 ms for 'findElement' command
[debug] &amp#27;[35m[WD Proxy]&amp#27;[39m Matched '/element' to command name 'findElement'
[debug] &amp#27;[35m[WD Proxy]&amp#27;[39m Proxying [POST /element] to [POST http://127.0.0.1:8100/session/60DEF1F0-4A14-4727-943C-DB82535553CA/element] with body: {"using":"xpath","value":"//XCUIElementTypeButton[@name='FINISH']"}
&amp#27;[35m[WD Proxy]&amp#27;[39m Got response with status 404: {"value":{"error":"no such element","message":"unable to find an element using 'xpath', value '//XCUIElementTypeButton[@name='FINISH']'","traceback":"(\n\t0   WebDriverAgentLib                   0x0000000107fadc70 FBNoSuchElementErrorResponseForRequest + 288\n\t1   WebDriverAgentLib                   0x0000000107fada74 +[FBFindElementCommands handleFindElement:] + 336\n\t2   WebDriverAgentLib                   0x0000000107f77c70 -[FBRoute_TargetAction mountRequest:intoResponse:] + 180\n\t3   WebDriverAgentLib                   0x0000000107f64a8c __37-[FBWebServer registerRouteHandlers:]_block_invoke + 420\n\t4   WebDriverAgentLib                   0x0000000107f971e0 -[RoutingHTTPServer handleRoute:withRequest:response:] + 164\n\t5   WebDriverAgentLib                   0x0000000107f97c64 __72-[RoutingHTTPServer routeMethod:withPath:parameters:request:connection:]_block_invoke + 64\n\t6   libdispatch.dylib                   0x00000001a0c3cac8 8E662F82-B1E4-3E7E-A376-18E9755A8F51 + 15048\n\t7   libdispatch.dy...
[debug] &amp#27;[35m[W3C]&amp#27;[39m Matched W3C error code 'no such element' to NoSuchElementError
[debug] &amp#27;[35m[BaseDriver]&amp#27;[39m Waited for 1195 ms so far
[debug] &amp#27;[35m[XCUITest]&amp#27;[39m Setting custom timeout to 750000 ms for 'findElement' command
[debug] &amp#27;[35m[WD Proxy]&amp#27;[39m Matched '/element' to command name 'findElement'
[debug] &amp#27;[35m[WD Proxy]&amp#27;[39m Proxying [POST /element] to [POST http://127.0.0.1:8100/session/60DEF1F0-4A14-4727-943C-DB82535553CA/element] with body: {"using":"xpath","value":"//XCUIElementTypeButton[@name='FINISH']"}
&amp#27;[35m[WD Proxy]&amp#27;[39m Got response with status 404: {"value":{"error":"no such element","message":"unable to find an element using 'xpath', value '//XCUIElementTypeButton[@name='FINISH']'","traceback":"(\n\t0   WebDriverAgentLib                   0x0000000107fadc70 FBNoSuchElementErrorResponseForRequest + 288\n\t1   WebDriverAgentLib                   0x0000000107fada74 +[FBFindElementCommands handleFindElement:] + 336\n\t2   WebDriverAgentLib                   0x0000000107f77c70 -[FBRoute_TargetAction mountRequest:intoResponse:] + 180\n\t3   WebDriverAgentLib                   0x0000000107f64a8c __37-[FBWebServer registerRouteHandlers:]_block_invoke + 420\n\t4   WebDriverAgentLib                   0x0000000107f971e0 -[RoutingHTTPServer handleRoute:withRequest:response:] + 164\n\t5   WebDriverAgentLib                   0x0000000107f97c64 __72-[RoutingHTTPServer routeMethod:withPath:parameters:request:connection:]_block_invoke + 64\n\t6   libdispatch.dylib                   0x00000001a0c3cac8 8E662F82-B1E4-3E7E-A376-18E9755A8F51 + 15048\n\t7   libdispatch.dy...
[debug] &amp#27;[35m[W3C]&amp#27;[39m Matched W3C error code 'no such element' to NoSuchElementError
[debug] &amp#27;[35m[BaseDriver]&amp#27;[39m Waited for 2121 ms so far
[debug] &amp#27;[35m[XCUITest]&amp#27;[39m Setting custom timeout to 750000 ms for 'findElement' command
[debug] &amp#27;[35m[WD Proxy]&amp#27;[39m Matched '/element' to command name 'findElement'
[debug] &amp#27;[35m[WD Proxy]&amp#27;[39m Proxying [POST /element] to [POST http://127.0.0.1:8100/session/60DEF1F0-4A14-4727-943C-DB82535553CA/element] with body: {"using":"xpath","value":"//XCUIElementTypeButton[@name='FINISH']"}
&amp#27;[35m[WD Proxy]&amp#27;[39m Got response with status 404: {"value":{"error":"no such element","message":"unable to find an element using 'xpath', value '//XCUIElementTypeButton[@name='FINISH']'","traceback":"(\n\t0   WebDriverAgentLib                   0x0000000107fadc70 FBNoSuchElementErrorResponseForRequest + 288\n\t1   WebDriverAgentLib                   0x0000000107fada74 +[FBFindElementCommands handleFindElement:] + 336\n\t2   WebDriverAgentLib                   0x0000000107f77c70 -[FBRoute_TargetAction mountRequest:intoResponse:] + 180\n\t3   WebDriverAgentLib                   0x0000000107f64a8c __37-[FBWebServer registerRouteHandlers:]_block_invoke + 420\n\t4   WebDriverAgentLib                   0x0000000107f971e0 -[RoutingHTTPServer handleRoute:withRequest:response:] + 164\n\t5   WebDriverAgentLib                   0x0000000107f97c64 __72-[RoutingHTTPServer routeMethod:withPath:parameters:request:connection:]_block_invoke + 64\n\t6   libdispatch.dylib                   0x00000001a0c3cac8 8E662F82-B1E4-3E7E-A376-18E9755A8F51 + 15048\n\t7   libdispatch.dy...
[debug] &amp#27;[35m[W3C]&amp#27;[39m Matched W3C error code 'no such element' to NoSuchElementError
[debug] &amp#27;[35m[BaseDriver]&amp#27;[39m Waited for 2824 ms so far
[debug] &amp#27;[35m[XCUITest]&amp#27;[39m Setting custom timeout to 750000 ms for 'findElement' command
[debug] &amp#27;[35m[WD Proxy]&amp#27;[39m Matched '/element' to command name 'findElement'
[debug] &amp#27;[35m[WD Proxy]&amp#27;[39m Proxying [POST /element] to [POST http://127.0.0.1:8100/session/60DEF1F0-4A14-4727-943C-DB82535553CA/element] with body: {"using":"xpath","value":"//XCUIElementTypeButton[@name='FINISH']"}
&amp#27;[35m[WD Proxy]&amp#27;[39m Got response with status 404: {"value":{"error":"no such element","message":"unable to find an element using 'xpath', value '//XCUIElementTypeButton[@name='FINISH']'","traceback":"(\n\t0   WebDriverAgentLib                   0x0000000107fadc70 FBNoSuchElementErrorResponseForRequest + 288\n\t1   WebDriverAgentLib                   0x0000000107fada74 +[FBFindElementCommands handleFindElement:] + 336\n\t2   WebDriverAgentLib                   0x0000000107f77c70 -[FBRoute_TargetAction mountRequest:intoResponse:] + 180\n\t3   WebDriverAgentLib                   0x0000000107f64a8c __37-[FBWebServer registerRouteHandlers:]_block_invoke + 420\n\t4   WebDriverAgentLib                   0x0000000107f971e0 -[RoutingHTTPServer handleRoute:withRequest:response:] + 164\n\t5   WebDriverAgentLib                   0x0000000107f97c64 __72-[RoutingHTTPServer routeMethod:withPath:parameters:request:connection:]_block_invoke + 64\n\t6   libdispatch.dylib                   0x00000001a0c3cac8 8E662F82-B1E4-3E7E-A376-18E9755A8F51 + 15048\n\t7   libdispatch.dy...
[debug] &amp#27;[35m[W3C]&amp#27;[39m Matched W3C error code 'no such element' to NoSuchElementError
[debug] &amp#27;[35m[BaseDriver]&amp#27;[39m Waited for 3489 ms so far
[debug] &amp#27;[35m[XCUITest]&amp#27;[39m Setting custom timeout to 750000 ms for 'findElement' command
[debug] &amp#27;[35m[WD Proxy]&amp#27;[39m Matched '/element' to command name 'findElement'
[debug] &amp#27;[35m[WD Proxy]&amp#27;[39m Proxying [POST /element] to [POST http://127.0.0.1:8100/session/60DEF1F0-4A14-4727-943C-DB82535553CA/element] with body: {"using":"xpath","value":"//XCUIElementTypeButton[@name='FINISH']"}
&amp#27;[35m[WD Proxy]&amp#27;[39m Got response with status 404: {"value":{"error":"no such element","message":"unable to find an element using 'xpath', value '//XCUIElementTypeButton[@name='FINISH']'","traceback":"(\n\t0   WebDriverAgentLib                   0x0000000107fadc70 FBNoSuchElementErrorResponseForRequest + 288\n\t1   WebDriverAgentLib                   0x0000000107fada74 +[FBFindElementCommands handleFindElement:] + 336\n\t2   WebDriverAgentLib                   0x0000000107f77c70 -[FBRoute_TargetAction mountRequest:intoResponse:] + 180\n\t3   WebDriverAgentLib                   0x0000000107f64a8c __37-[FBWebServer registerRouteHandlers:]_block_invoke + 420\n\t4   WebDriverAgentLib                   0x0000000107f971e0 -[RoutingHTTPServer handleRoute:withRequest:response:] + 164\n\t5   WebDriverAgentLib                   0x0000000107f97c64 __72-[RoutingHTTPServer routeMethod:withPath:parameters:request:connection:]_block_invoke + 64\n\t6   libdispatch.dylib                   0x00000001a0c3cac8 8E662F82-B1E4-3E7E-A376-18E9755A8F51 + 15048\n\t7   libdispatch.dy...
[debug] &amp#27;[35m[W3C]&amp#27;[39m Matched W3C error code 'no such element' to NoSuchElementError
[debug] &amp#27;[35m[BaseDriver]&amp#27;[39m Waited for 4318 ms so far
[debug] &amp#27;[35m[XCUITest]&amp#27;[39m Setting custom timeout to 750000 ms for 'findElement' command
[debug] &amp#27;[35m[WD Proxy]&amp#27;[39m Matched '/element' to command name 'findElement'
[debug] &amp#27;[35m[WD Proxy]&amp#27;[39m Proxying [POST /element] to [POST http://127.0.0.1:8100/session/60DEF1F0-4A14-4727-943C-DB82535553CA/element] with body: {"using":"xpath","value":"//XCUIElementTypeButton[@name='FINISH']"}
&amp#27;[35m[WD Proxy]&amp#27;[39m Got response with status 404: {"value":{"error":"no such element","message":"unable to find an element using 'xpath', value '//XCUIElementTypeButton[@name='FINISH']'","traceback":"(\n\t0   WebDriverAgentLib                   0x0000000107fadc70 FBNoSuchElementErrorResponseForRequest + 288\n\t1   WebDriverAgentLib                   0x0000000107fada74 +[FBFindElementCommands handleFindElement:] + 336\n\t2   WebDriverAgentLib                   0x0000000107f77c70 -[FBRoute_TargetAction mountRequest:intoResponse:] + 180\n\t3   WebDriverAgentLib                   0x0000000107f64a8c __37-[FBWebServer registerRouteHandlers:]_block_invoke + 420\n\t4   WebDriverAgentLib                   0x0000000107f971e0 -[RoutingHTTPServer handleRoute:withRequest:response:] + 164\n\t5   WebDriverAgentLib                   0x0000000107f97c64 __72-[RoutingHTTPServer routeMethod:withPath:parameters:request:connection:]_block_invoke + 64\n\t6   libdispatch.dylib                   0x00000001a0c3cac8 8E662F82-B1E4-3E7E-A376-18E9755A8F51 + 15048\n\t7   libdispatch.dy...
[debug] &amp#27;[35m[W3C]&amp#27;[39m Matched W3C error code 'no such element' to NoSuchElementError
[debug] &amp#27;[35m[BaseDriver]&amp#27;[39m Waited for 5124 ms so far
[debug] &amp#27;[35m[XCUITest]&amp#27;[39m Setting custom timeout to 750000 ms for 'findElement' command
[debug] &amp#27;[35m[WD Proxy]&amp#27;[39m Matched '/element' to command name 'findElement'
[debug] &amp#27;[35m[WD Proxy]&amp#27;[39m Proxying [POST /element] to [POST http://127.0.0.1:8100/session/60DEF1F0-4A14-4727-943C-DB82535553CA/element] with body: {"using":"xpath","value":"//XCUIElementTypeButton[@name='FINISH']"}
&amp#27;[35m[WD Proxy]&amp#27;[39m Got response with status 404: {"value":{"error":"no such element","message":"unable to find an element using 'xpath', value '//XCUIElementTypeButton[@name='FINISH']'","traceback":"(\n\t0   WebDriverAgentLib                   0x0000000107fadc70 FBNoSuchElementErrorResponseForRequest + 288\n\t1   WebDriverAgentLib                   0x0000000107fada74 +[FBFindElementCommands handleFindElement:] + 336\n\t2   WebDriverAgentLib                   0x0000000107f77c70 -[FBRoute_TargetAction mountRequest:intoResponse:] + 180\n\t3   WebDriverAgentLib                   0x0000000107f64a8c __37-[FBWebServer registerRouteHandlers:]_block_invoke + 420\n\t4   WebDriverAgentLib                   0x0000000107f971e0 -[RoutingHTTPServer handleRoute:withRequest:response:] + 164\n\t5   WebDriverAgentLib                   0x0000000107f97c64 __72-[RoutingHTTPServer routeMethod:withPath:parameters:request:connection:]_block_invoke + 64\n\t6   libdispatch.dylib                   0x00000001a0c3cac8 8E662F82-B1E4-3E7E-A376-18E9755A8F51 + 15048\n\t7   libdispatch.dy...
[debug] &amp#27;[35m[W3C]&amp#27;[39m Matched W3C error code 'no such element' to NoSuchElementError
[debug] &amp#27;[35m[BaseDriver]&amp#27;[39m Waited for 6033 ms so far
[debug] &amp#27;[35m[XCUITest]&amp#27;[39m Setting custom timeout to 750000 ms for 'findElement' command
[debug] &amp#27;[35m[WD Proxy]&amp#27;[39m Matched '/element' to command name 'findElement'
[debug] &amp#27;[35m[WD Proxy]&amp#27;[39m Proxying [POST /element] to [POST http://127.0.0.1:8100/session/60DEF1F0-4A14-4727-943C-DB82535553CA/element] with body: {"using":"xpath","value":"//XCUIElementTypeButton[@name='FINISH']"}
&amp#27;[35m[WD Proxy]&amp#27;[39m Got response with status 404: {"value":{"error":"no such element","message":"unable to find an element using 'xpath', value '//XCUIElementTypeButton[@name='FINISH']'","traceback":"(\n\t0   WebDriverAgentLib                   0x0000000107fadc70 FBNoSuchElementErrorResponseForRequest + 288\n\t1   WebDriverAgentLib                   0x0000000107fada74 +[FBFindElementCommands handleFindElement:] + 336\n\t2   WebDriverAgentLib                   0x0000000107f77c70 -[FBRoute_TargetAction mountRequest:intoResponse:] + 180\n\t3   WebDriverAgentLib                   0x0000000107f64a8c __37-[FBWebServer registerRouteHandlers:]_block_invoke + 420\n\t4   WebDriverAgentLib                   0x0000000107f971e0 -[RoutingHTTPServer handleRoute:withRequest:response:] + 164\n\t5   WebDriverAgentLib                   0x0000000107f97c64 __72-[RoutingHTTPServer routeMethod:withPath:parameters:request:connection:]_block_invoke + 64\n\t6   libdispatch.dylib                   0x00000001a0c3cac8 8E662F82-B1E4-3E7E-A376-18E9755A8F51 + 15048\n\t7   libdispatch.dy...
[debug] &amp#27;[35m[W3C]&amp#27;[39m Matched W3C error code 'no such element' to NoSuchElementError
[debug] &amp#27;[35m[BaseDriver]&amp#27;[39m Waited for 6953 ms so far
[debug] &amp#27;[35m[XCUITest]&amp#27;[39m Setting custom timeout to 750000 ms for 'findElement' command
[debug] &amp#27;[35m[WD Proxy]&amp#27;[39m Matched '/element' to command name 'findElement'
[debug] &amp#27;[35m[WD Proxy]&amp#27;[39m Proxying [POST /element] to [POST http://127.0.0.1:8100/session/60DEF1F0-4A14-4727-943C-DB82535553CA/element] with body: {"using":"xpath","value":"//XCUIElementTypeButton[@name='FINISH']"}
&amp#27;[35m[WD Proxy]&amp#27;[39m Got response with status 404: {"value":{"error":"no such element","message":"unable to find an element using 'xpath', value '//XCUIElementTypeButton[@name='FINISH']'","traceback":"(\n\t0   WebDriverAgentLib                   0x0000000107fadc70 FBNoSuchElementErrorResponseForRequest + 288\n\t1   WebDriverAgentLib                   0x0000000107fada74 +[FBFindElementCommands handleFindElement:] + 336\n\t2   WebDriverAgentLib                   0x0000000107f77c70 -[FBRoute_TargetAction mountRequest:intoResponse:] + 180\n\t3   WebDriverAgentLib                   0x0000000107f64a8c __37-[FBWebServer registerRouteHandlers:]_block_invoke + 420\n\t4   WebDriverAgentLib                   0x0000000107f971e0 -[RoutingHTTPServer handleRoute:withRequest:response:] + 164\n\t5   WebDriverAgentLib                   0x0000000107f97c64 __72-[RoutingHTTPServer routeMethod:withPath:parameters:request:connection:]_block_invoke + 64\n\t6   libdispatch.dylib                   0x00000001a0c3cac8 8E662F82-B1E4-3E7E-A376-18E9755A8F51 + 15048\n\t7   libdispatch.dy...
[debug] &amp#27;[35m[W3C]&amp#27;[39m Matched W3C error code 'no such element' to NoSuchElementError
[debug] &amp#27;[35m[BaseDriver]&amp#27;[39m Waited for 7841 ms so far
[debug] &amp#27;[35m[XCUITest]&amp#27;[39m Setting custom timeout to 750000 ms for 'findElement' command
[debug] &amp#27;[35m[WD Proxy]&amp#27;[39m Matched '/element' to command name 'findElement'
[debug] &amp#27;[35m[WD Proxy]&amp#27;[39m Proxying [POST /element] to [POST http://127.0.0.1:8100/session/60DEF1F0-4A14-4727-943C-DB82535553CA/element] with body: {"using":"xpath","value":"//XCUIElementTypeButton[@name='FINISH']"}
&amp#27;[35m[WD Proxy]&amp#27;[39m Got response with status 404: {"value":{"error":"no such element","message":"unable to find an element using 'xpath', value '//XCUIElementTypeButton[@name='FINISH']'","traceback":"(\n\t0   WebDriverAgentLib                   0x0000000107fadc70 FBNoSuchElementErrorResponseForRequest + 288\n\t1   WebDriverAgentLib                   0x0000000107fada74 +[FBFindElementCommands handleFindElement:] + 336\n\t2   WebDriverAgentLib                   0x0000000107f77c70 -[FBRoute_TargetAction mountRequest:intoResponse:] + 180\n\t3   WebDriverAgentLib                   0x0000000107f64a8c __37-[FBWebServer registerRouteHandlers:]_block_invoke + 420\n\t4   WebDriverAgentLib                   0x0000000107f971e0 -[RoutingHTTPServer handleRoute:withRequest:response:] + 164\n\t5   WebDriverAgentLib                   0x0000000107f97c64 __72-[RoutingHTTPServer routeMethod:withPath:parameters:request:connection:]_block_invoke + 64\n\t6   libdispatch.dylib                   0x00000001a0c3cac8 8E662F82-B1E4-3E7E-A376-18E9755A8F51 + 15048\n\t7   libdispatch.dy...
[debug] &amp#27;[35m[W3C]&amp#27;[39m Matched W3C error code 'no such element' to NoSuchElementError
[debug] &amp#27;[35m[BaseDriver]&amp#27;[39m Waited for 8733 ms so far
[debug] &amp#27;[35m[XCUITest]&amp#27;[39m Setting custom timeout to 750000 ms for 'findElement' command
[debug] &amp#27;[35m[WD Proxy]&amp#27;[39m Matched '/element' to command name 'findElement'
[debug] &amp#27;[35m[WD Proxy]&amp#27;[39m Proxying [POST /element] to [POST http://127.0.0.1:8100/session/60DEF1F0-4A14-4727-943C-DB82535553CA/element] with body: {"using":"xpath","value":"//XCUIElementTypeButton[@name='FINISH']"}
&amp#27;[35m[WD Proxy]&amp#27;[39m Got response with status 404: {"value":{"error":"no such element","message":"unable to find an element using 'xpath', value '//XCUIElementTypeButton[@name='FINISH']'","traceback":"(\n\t0   WebDriverAgentLib                   0x0000000107fadc70 FBNoSuchElementErrorResponseForRequest + 288\n\t1   WebDriverAgentLib                   0x0000000107fada74 +[FBFindElementCommands handleFindElement:] + 336\n\t2   WebDriverAgentLib                   0x0000000107f77c70 -[FBRoute_TargetAction mountRequest:intoResponse:] + 180\n\t3   WebDriverAgentLib                   0x0000000107f64a8c __37-[FBWebServer registerRouteHandlers:]_block_invoke + 420\n\t4   WebDriverAgentLib                   0x0000000107f971e0 -[RoutingHTTPServer handleRoute:withRequest:response:] + 164\n\t5   WebDriverAgentLib                   0x0000000107f97c64 __72-[RoutingHTTPServer routeMethod:withPath:parameters:request:connection:]_block_invoke + 64\n\t6   libdispatch.dylib                   0x00000001a0c3cac8 8E662F82-B1E4-3E7E-A376-18E9755A8F51 + 15048\n\t7   libdispatch.dy...
[debug] &amp#27;[35m[W3C]&amp#27;[39m Matched W3C error code 'no such element' to NoSuchElementError
[debug] &amp#27;[35m[BaseDriver]&amp#27;[39m Waited for 9625 ms so far
[debug] &amp#27;[35m[XCUITest]&amp#27;[39m Setting custom timeout to 750000 ms for 'findElement' command
[debug] &amp#27;[35m[WD Proxy]&amp#27;[39m Matched '/element' to command name 'findElement'
[debug] &amp#27;[35m[WD Proxy]&amp#27;[39m Proxying [POST /element] to [POST http://127.0.0.1:8100/session/60DEF1F0-4A14-4727-943C-DB82535553CA/element] with body: {"using":"xpath","value":"//XCUIElementTypeButton[@name='FINISH']"}
[debug] &amp#27;[35m[WD Proxy]&amp#27;[39m Got response with status 200: {"value":{"ELEMENT":"E2070000-0000-0000-5301-000000000000","element-6066-11e4-a52e-4f735466cecf":"E2070000-0000-0000-5301-000000000000"},"sessionId":"60DEF1F0-4A14-4727-943C-DB82535553CA"}
[debug] &amp#27;[35m[W3C (fa22c5fe)]&amp#27;[39m Responding to client with driver.findElement() result: {"element-6066-11e4-a52e-4f735466cecf":"E2070000-0000-0000-5301-000000000000","ELEMENT":"E2070000-0000-0000-5301-000000000000"}
&amp#27;[35m[HTTP]&amp#27;[39m &amp#27;[37m<-- POST /wd/hub/session/fa22c5fe-5ae1-4114-abfe-4bea6798cb79/element &amp#27;[39m&amp#27;[32m200&amp#27;[39m &amp#27;[90m10457 ms - 137&amp#27;[39m
&amp#27;[35m[HTTP]&amp#27;[39m &amp#27;[90m&amp#27;[39m
&amp#27;[35m[HTTP]&amp#27;[39m &amp#27;[37m-->&amp#27;[39m &amp#27;[37mPOST&amp#27;[39m &amp#27;[37m/wd/hub/session/fa22c5fe-5ae1-4114-abfe-4bea6798cb79/element/E2070000-0000-0000-5301-000000000000/click&amp#27;[39m
&amp#27;[35m[HTTP]&amp#27;[39m &amp#27;[90m{"id":"E2070000-0000-0000-5301-000000000000"}&amp#27;[39m
&amp#27;[35m[W3C (fa22c5fe)]&amp#27;[39m Driver proxy active, passing request on via HTTP proxy
[debug] &amp#27;[35m[XCUITest]&amp#27;[39m Executing command 'proxyReqRes'
[debug] &amp#27;[35m[WD Proxy]&amp#27;[39m Matched '/wd/hub/session/fa22c5fe-5ae1-4114-abfe-4bea6798cb79/element/E2070000-0000-0000-5301-000000000000/click' to command name 'click'
[debug] &amp#27;[35m[WD Proxy]&amp#27;[39m Proxying [POST /wd/hub/session/fa22c5fe-5ae1-4114-abfe-4bea6798cb79/element/E2070000-0000-0000-5301-000000000000/click] to [POST http://127.0.0.1:8100/session/60DEF1F0-4A14-4727-943C-DB82535553CA/element/E2070000-0000-0000-5301-000000000000/click] with body: {"id":"E2070000-0000-0000-5301-000000000000"}
[debug] &amp#27;[35m[WD Proxy]&amp#27;[39m Got response with status 200: {"value":null,"sessionId":"60DEF1F0-4A14-4727-943C-DB82535553CA"}
&amp#27;[35m[WD Proxy]&amp#27;[39m Replacing sessionId 60DEF1F0-4A14-4727-943C-DB82535553CA with fa22c5fe-5ae1-4114-abfe-4bea6798cb79
&amp#27;[35m[HTTP]&amp#27;[39m &amp#27;[37m<-- POST /wd/hub/session/fa22c5fe-5ae1-4114-abfe-4bea6798cb79/element/E2070000-0000-0000-5301-000000000000/click &amp#27;[39m&amp#27;[32m200&amp#27;[39m &amp#27;[90m118 ms - 65&amp#27;[39m
&amp#27;[35m[HTTP]&amp#27;[39m &amp#27;[90m&amp#27;[39m
&amp#27;[35m[HTTP]&amp#27;[39m &amp#27;[37m-->&amp#27;[39m &amp#27;[37mPOST&amp#27;[39m &amp#27;[37m/wd/hub/session/fa22c5fe-5ae1-4114-abfe-4bea6798cb79/element&amp#27;[39m
&amp#27;[35m[HTTP]&amp#27;[39m &amp#27;[90m{"using":"xpath","value":"//XCUIElementTypeStaticText[@label='ACCOUNT']"}&amp#27;[39m
[debug] &amp#27;[35m[W3C (fa22c5fe)]&amp#27;[39m Calling AppiumDriver.findElement() with args: ["xpath","//XCUIElementTypeStaticText[@label='ACCOUNT']","fa22c5fe-5ae1-4114-abfe-4bea6798cb79"]
[debug] &amp#27;[35m[XCUITest]&amp#27;[39m Executing command 'findElement'
[debug] &amp#27;[35m[BaseDriver]&amp#27;[39m Valid locator strategies for this request: xpath, id, name, class name, -ios predicate string, -ios class chain, accessibility id, css selector
[debug] &amp#27;[35m[BaseDriver]&amp#27;[39m Waiting up to 25000 ms for condition
[debug] &amp#27;[35m[XCUITest]&amp#27;[39m Setting custom timeout to 750000 ms for 'findElement' command
[debug] &amp#27;[35m[WD Proxy]&amp#27;[39m Matched '/element' to command name 'findElement'
[debug] &amp#27;[35m[WD Proxy]&amp#27;[39m Proxying [POST /element] to [POST http://127.0.0.1:8100/session/60DEF1F0-4A14-4727-943C-DB82535553CA/element] with body: {"using":"xpath","value":"//XCUIElementTypeStaticText[@label='ACCOUNT']"}
&amp#27;[35m[WD Proxy]&amp#27;[39m Got response with status 404: {"value":{"error":"no such element","message":"unable to find an element using 'xpath', value '//XCUIElementTypeStaticText[@label='ACCOUNT']'","traceback":"(\n\t0   WebDriverAgentLib                   0x0000000107fadc70 FBNoSuchElementErrorResponseForRequest + 288\n\t1   WebDriverAgentLib                   0x0000000107fada74 +[FBFindElementCommands handleFindElement:] + 336\n\t2   WebDriverAgentLib                   0x0000000107f77c70 -[FBRoute_TargetAction mountRequest:intoResponse:] + 180\n\t3   WebDriverAgentLib                   0x0000000107f64a8c __37-[FBWebServer registerRouteHandlers:]_block_invoke + 420\n\t4   WebDriverAgentLib                   0x0000000107f971e0 -[RoutingHTTPServer handleRoute:withRequest:response:] + 164\n\t5   WebDriverAgentLib                   0x0000000107f97c64 __72-[RoutingHTTPServer routeMethod:withPath:parameters:request:connection:]_block_invoke + 64\n\t6   libdispatch.dylib                   0x00000001a0c3cac8 8E662F82-B1E4-3E7E-A376-18E9755A8F51 + 15048\n\t7   libdispa...
[debug] &amp#27;[35m[W3C]&amp#27;[39m Matched W3C error code 'no such element' to NoSuchElementError
[debug] &amp#27;[35m[BaseDriver]&amp#27;[39m Waited for 86 ms so far
[debug] &amp#27;[35m[XCUITest]&amp#27;[39m Setting custom timeout to 750000 ms for 'findElement' command
[debug] &amp#27;[35m[WD Proxy]&amp#27;[39m Matched '/element' to command name 'findElement'
[debug] &amp#27;[35m[WD Proxy]&amp#27;[39m Proxying [POST /element] to [POST http://127.0.0.1:8100/session/60DEF1F0-4A14-4727-943C-DB82535553CA/element] with body: {"using":"xpath","value":"//XCUIElementTypeStaticText[@label='ACCOUNT']"}
[debug] &amp#27;[35m[WD Proxy]&amp#27;[39m Got response with status 200: {"value":{"ELEMENT":"20010000-0000-0000-5301-000000000000","element-6066-11e4-a52e-4f735466cecf":"20010000-0000-0000-5301-000000000000"},"sessionId":"60DEF1F0-4A14-4727-943C-DB82535553CA"}
[debug] &amp#27;[35m[W3C (fa22c5fe)]&amp#27;[39m Responding to client with driver.findElement() result: {"element-6066-11e4-a52e-4f735466cecf":"20010000-0000-0000-5301-000000000000","ELEMENT":"20010000-0000-0000-5301-000000000000"}
&amp#27;[35m[HTTP]&amp#27;[39m &amp#27;[37m<-- POST /wd/hub/session/fa22c5fe-5ae1-4114-abfe-4bea6798cb79/element &amp#27;[39m&amp#27;[32m200&amp#27;[39m &amp#27;[90m1051 ms - 137&amp#27;[39m
&amp#27;[35m[HTTP]&amp#27;[39m &amp#27;[90m&amp#27;[39m
&amp#27;[35m[HTTP]&amp#27;[39m &amp#27;[37m-->&amp#27;[39m &amp#27;[37mPOST&amp#27;[39m &amp#27;[37m/wd/hub/session/fa22c5fe-5ae1-4114-abfe-4bea6798cb79/element/20010000-0000-0000-5301-000000000000/click&amp#27;[39m
&amp#27;[35m[HTTP]&amp#27;[39m &amp#27;[90m{"id":"20010000-0000-0000-5301-000000000000"}&amp#27;[39m
&amp#27;[35m[W3C (fa22c5fe)]&amp#27;[39m Driver proxy active, passing request on via HTTP proxy
[debug] &amp#27;[35m[XCUITest]&amp#27;[39m Executing command 'proxyReqRes'
[debug] &amp#27;[35m[WD Proxy]&amp#27;[39m Matched '/wd/hub/session/fa22c5fe-5ae1-4114-abfe-4bea6798cb79/element/20010000-0000-0000-5301-000000000000/click' to command name 'click'
[debug] &amp#27;[35m[WD Proxy]&amp#27;[39m Proxying [POST /wd/hub/session/fa22c5fe-5ae1-4114-abfe-4bea6798cb79/element/20010000-0000-0000-5301-000000000000/click] to [POST http://127.0.0.1:8100/session/60DEF1F0-4A14-4727-943C-DB82535553CA/element/20010000-0000-0000-5301-000000000000/click] with body: {"id":"20010000-0000-0000-5301-000000000000"}
[debug] &amp#27;[35m[WD Proxy]&amp#27;[39m Got response with status 200: {"value":null,"sessionId":"60DEF1F0-4A14-4727-943C-DB82535553CA"}
&amp#27;[35m[WD Proxy]&amp#27;[39m Replacing sessionId 60DEF1F0-4A14-4727-943C-DB82535553CA with fa22c5fe-5ae1-4114-abfe-4bea6798cb79
&amp#27;[35m[HTTP]&amp#27;[39m &amp#27;[37m<-- POST /wd/hub/session/fa22c5fe-5ae1-4114-abfe-4bea6798cb79/element/20010000-0000-0000-5301-000000000000/click &amp#27;[39m&amp#27;[32m200&amp#27;[39m &amp#27;[90m245 ms - 65&amp#27;[39m
&amp#27;[35m[HTTP]&amp#27;[39m &amp#27;[90m&amp#27;[39m
&amp#27;[35m[HTTP]&amp#27;[39m &amp#27;[37m-->&amp#27;[39m &amp#27;[37mPOST&amp#27;[39m &amp#27;[37m/wd/hub/session/fa22c5fe-5ae1-4114-abfe-4bea6798cb79/element&amp#27;[39m
&amp#27;[35m[HTTP]&amp#27;[39m &amp#27;[90m{"using":"xpath","value":"//XCUIElementTypeButton[@name='LOG OUT']"}&amp#27;[39m
[debug] &amp#27;[35m[W3C (fa22c5fe)]&amp#27;[39m Calling AppiumDriver.findElement() with args: ["xpath","//XCUIElementTypeButton[@name='LOG OUT']","fa22c5fe-5ae1-4114-abfe-4bea6798cb79"]
[debug] &amp#27;[35m[XCUITest]&amp#27;[39m Executing command 'findElement'
[debug] &amp#27;[35m[BaseDriver]&amp#27;[39m Valid locator strategies for this request: xpath, id, name, class name, -ios predicate string, -ios class chain, accessibility id, css selector
[debug] &amp#27;[35m[BaseDriver]&amp#27;[39m Waiting up to 25000 ms for condition
[debug] &amp#27;[35m[XCUITest]&amp#27;[39m Setting custom timeout to 750000 ms for 'findElement' command
[debug] &amp#27;[35m[WD Proxy]&amp#27;[39m Matched '/element' to command name 'findElement'
[debug] &amp#27;[35m[WD Proxy]&amp#27;[39m Proxying [POST /element] to [POST http://127.0.0.1:8100/session/60DEF1F0-4A14-4727-943C-DB82535553CA/element] with body: {"using":"xpath","value":"//XCUIElementTypeButton[@name='LOG OUT']"}
[debug] &amp#27;[35m[WD Proxy]&amp#27;[39m Got response with status 200: {"value":{"ELEMENT":"22080000-0000-0000-5301-000000000000","element-6066-11e4-a52e-4f735466cecf":"22080000-0000-0000-5301-000000000000"},"sessionId":"60DEF1F0-4A14-4727-943C-DB82535553CA"}
[debug] &amp#27;[35m[W3C (fa22c5fe)]&amp#27;[39m Responding to client with driver.findElement() result: {"element-6066-11e4-a52e-4f735466cecf":"22080000-0000-0000-5301-000000000000","ELEMENT":"22080000-0000-0000-5301-000000000000"}
&amp#27;[35m[HTTP]&amp#27;[39m &amp#27;[37m<-- POST /wd/hub/session/fa22c5fe-5ae1-4114-abfe-4bea6798cb79/element &amp#27;[39m&amp#27;[32m200&amp#27;[39m &amp#27;[90m211 ms - 137&amp#27;[39m
&amp#27;[35m[HTTP]&amp#27;[39m &amp#27;[90m&amp#27;[39m
&amp#27;[35m[HTTP]&amp#27;[39m &amp#27;[37m-->&amp#27;[39m &amp#27;[37mPOST&amp#27;[39m &amp#27;[37m/wd/hub/session/fa22c5fe-5ae1-4114-abfe-4bea6798cb79/element/22080000-0000-0000-5301-000000000000/click&amp#27;[39m
&amp#27;[35m[HTTP]&amp#27;[39m &amp#27;[90m{"id":"22080000-0000-0000-5301-000000000000"}&amp#27;[39m
&amp#27;[35m[W3C (fa22c5fe)]&amp#27;[39m Driver proxy active, passing request on via HTTP proxy
[debug] &amp#27;[35m[XCUITest]&amp#27;[39m Executing command 'proxyReqRes'
[debug] &amp#27;[35m[WD Proxy]&amp#27;[39m Matched '/wd/hub/session/fa22c5fe-5ae1-4114-abfe-4bea6798cb79/element/22080000-0000-0000-5301-000000000000/click' to command name 'click'
[debug] &amp#27;[35m[WD Proxy]&amp#27;[39m Proxying [POST /wd/hub/session/fa22c5fe-5ae1-4114-abfe-4bea6798cb79/element/22080000-0000-0000-5301-000000000000/click] to [POST http://127.0.0.1:8100/session/60DEF1F0-4A14-4727-943C-DB82535553CA/element/22080000-0000-0000-5301-000000000000/click] with body: {"id":"22080000-0000-0000-5301-000000000000"}
[debug] &amp#27;[35m[WD Proxy]&amp#27;[39m Got response with status 200: {"value":null,"sessionId":"60DEF1F0-4A14-4727-943C-DB82535553CA"}
&amp#27;[35m[WD Proxy]&amp#27;[39m Replacing sessionId 60DEF1F0-4A14-4727-943C-DB82535553CA with fa22c5fe-5ae1-4114-abfe-4bea6798cb79
&amp#27;[35m[HTTP]&amp#27;[39m &amp#27;[37m<-- POST /wd/hub/session/fa22c5fe-5ae1-4114-abfe-4bea6798cb79/element/22080000-0000-0000-5301-000000000000/click &amp#27;[39m&amp#27;[32m200&amp#27;[39m &amp#27;[90m538 ms - 65&amp#27;[39m
&amp#27;[35m[HTTP]&amp#27;[39m &amp#27;[90m&amp#27;[39m
&amp#27;[35m[HTTP]&amp#27;[39m &amp#27;[37m-->&amp#27;[39m &amp#27;[37mPOST&amp#27;[39m &amp#27;[37m/wd/hub/session/fa22c5fe-5ae1-4114-abfe-4bea6798cb79/element&amp#27;[39m
&amp#27;[35m[HTTP]&amp#27;[39m &amp#27;[90m{"using":"xpath","value":"//XCUIElementTypeButton[@name='Log out']"}&amp#27;[39m
[debug] &amp#27;[35m[W3C (fa22c5fe)]&amp#27;[39m Calling AppiumDriver.findElement() with args: ["xpath","//XCUIElementTypeButton[@name='Log out']","fa22c5fe-5ae1-4114-abfe-4bea6798cb79"]
[debug] &amp#27;[35m[XCUITest]&amp#27;[39m Executing command 'findElement'
[debug] &amp#27;[35m[BaseDriver]&amp#27;[39m Valid locator strategies for this request: xpath, id, name, class name, -ios predicate string, -ios class chain, accessibility id, css selector
[debug] &amp#27;[35m[BaseDriver]&amp#27;[39m Waiting up to 25000 ms for condition
[debug] &amp#27;[35m[XCUITest]&amp#27;[39m Setting custom timeout to 750000 ms for 'findElement' command
[debug] &amp#27;[35m[WD Proxy]&amp#27;[39m Matched '/element' to command name 'findElement'
[debug] &amp#27;[35m[WD Proxy]&amp#27;[39m Proxying [POST /element] to [POST http://127.0.0.1:8100/session/60DEF1F0-4A14-4727-943C-DB82535553CA/element] with body: {"using":"xpath","value":"//XCUIElementTypeButton[@name='Log out']"}
[debug] &amp#27;[35m[WD Proxy]&amp#27;[39m Got response with status 200: {"value":{"ELEMENT":"37080000-0000-0000-5301-000000000000","element-6066-11e4-a52e-4f735466cecf":"37080000-0000-0000-5301-000000000000"},"sessionId":"60DEF1F0-4A14-4727-943C-DB82535553CA"}
[debug] &amp#27;[35m[W3C (fa22c5fe)]&amp#27;[39m Responding to client with driver.findElement() result: {"element-6066-11e4-a52e-4f735466cecf":"37080000-0000-0000-5301-000000000000","ELEMENT":"37080000-0000-0000-5301-000000000000"}
&amp#27;[35m[HTTP]&amp#27;[39m &amp#27;[37m<-- POST /wd/hub/session/fa22c5fe-5ae1-4114-abfe-4bea6798cb79/element &amp#27;[39m&amp#27;[32m200&amp#27;[39m &amp#27;[90m542 ms - 137&amp#27;[39m
&amp#27;[35m[HTTP]&amp#27;[39m &amp#27;[90m&amp#27;[39m
&amp#27;[35m[HTTP]&amp#27;[39m &amp#27;[37m-->&amp#27;[39m &amp#27;[37mGET&amp#27;[39m &amp#27;[37m/wd/hub/session/fa22c5fe-5ae1-4114-abfe-4bea6798cb79/element/37080000-0000-0000-5301-000000000000/text&amp#27;[39m
&amp#27;[35m[HTTP]&amp#27;[39m &amp#27;[90m{}&amp#27;[39m
&amp#27;[35m[W3C (fa22c5fe)]&amp#27;[39m Driver proxy active, passing request on via HTTP proxy
[debug] &amp#27;[35m[XCUITest]&amp#27;[39m Executing command 'proxyReqRes'
[debug] &amp#27;[35m[WD Proxy]&amp#27;[39m Matched '/wd/hub/session/fa22c5fe-5ae1-4114-abfe-4bea6798cb79/element/37080000-0000-0000-5301-000000000000/text' to command name 'getText'
[debug] &amp#27;[35m[WD Proxy]&amp#27;[39m Proxying [GET /wd/hub/session/fa22c5fe-5ae1-4114-abfe-4bea6798cb79/element/37080000-0000-0000-5301-000000000000/text] to [GET http://127.0.0.1:8100/session/60DEF1F0-4A14-4727-943C-DB82535553CA/element/37080000-0000-0000-5301-000000000000/text] with no body
[debug] &amp#27;[35m[WD Proxy]&amp#27;[39m Got response with status 200: {"value":"Log out","sessionId":"60DEF1F0-4A14-4727-943C-DB82535553CA"}
&amp#27;[35m[WD Proxy]&amp#27;[39m Replacing sessionId 60DEF1F0-4A14-4727-943C-DB82535553CA with fa22c5fe-5ae1-4114-abfe-4bea6798cb79
&amp#27;[35m[HTTP]&amp#27;[39m &amp#27;[37m<-- GET /wd/hub/session/fa22c5fe-5ae1-4114-abfe-4bea6798cb79/element/37080000-0000-0000-5301-000000000000/text &amp#27;[39m&amp#27;[32m200&amp#27;[39m &amp#27;[90m35 ms - 70&amp#27;[39m
&amp#27;[35m[HTTP]&amp#27;[39m &amp#27;[90m&amp#27;[39m
&amp#27;[35m[HTTP]&amp#27;[39m &amp#27;[37m-->&amp#27;[39m &amp#27;[37mPOST&amp#27;[39m &amp#27;[37m/wd/hub/session/fa22c5fe-5ae1-4114-abfe-4bea6798cb79/element&amp#27;[39m
&amp#27;[35m[HTTP]&amp#27;[39m &amp#27;[90m{"using":"accessibility id","value":"Log out"}&amp#27;[39m
[debug] &amp#27;[35m[W3C (fa22c5fe)]&amp#27;[39m Calling AppiumDriver.findElement() with args: ["accessibility id","Log out","fa22c5fe-5ae1-4114-abfe-4bea6798cb79"]
[debug] &amp#27;[35m[XCUITest]&amp#27;[39m Executing command 'findElement'
[debug] &amp#27;[35m[BaseDriver]&amp#27;[39m Valid locator strategies for this request: xpath, id, name, class name, -ios predicate string, -ios class chain, accessibility id, css selector
[debug] &amp#27;[35m[BaseDriver]&amp#27;[39m Waiting up to 25000 ms for condition
[debug] &amp#27;[35m[XCUITest]&amp#27;[39m Setting custom timeout to 750000 ms for 'findElement' command
[debug] &amp#27;[35m[WD Proxy]&amp#27;[39m Matched '/element' to command name 'findElement'
[debug] &amp#27;[35m[WD Proxy]&amp#27;[39m Proxying [POST /element] to [POST http://127.0.0.1:8100/session/60DEF1F0-4A14-4727-943C-DB82535553CA/element] with body: {"using":"accessibility id","value":"Log out"}
[debug] &amp#27;[35m[WD Proxy]&amp#27;[39m Got response with status 200: {"value":{"ELEMENT":"37080000-0000-0000-5301-000000000000","element-6066-11e4-a52e-4f735466cecf":"37080000-0000-0000-5301-000000000000"},"sessionId":"60DEF1F0-4A14-4727-943C-DB82535553CA"}
[debug] &amp#27;[35m[W3C (fa22c5fe)]&amp#27;[39m Responding to client with driver.findElement() result: {"element-6066-11e4-a52e-4f735466cecf":"37080000-0000-0000-5301-000000000000","ELEMENT":"37080000-0000-0000-5301-000000000000"}
&amp#27;[35m[HTTP]&amp#27;[39m &amp#27;[37m<-- POST /wd/hub/session/fa22c5fe-5ae1-4114-abfe-4bea6798cb79/element &amp#27;[39m&amp#27;[32m200&amp#27;[39m &amp#27;[90m200 ms - 137&amp#27;[39m
&amp#27;[35m[HTTP]&amp#27;[39m &amp#27;[90m&amp#27;[39m
&amp#27;[35m[HTTP]&amp#27;[39m &amp#27;[37m-->&amp#27;[39m &amp#27;[37mGET&amp#27;[39m &amp#27;[37m/wd/hub/session/fa22c5fe-5ae1-4114-abfe-4bea6798cb79/element/37080000-0000-0000-5301-000000000000/location&amp#27;[39m
&amp#27;[35m[HTTP]&amp#27;[39m &amp#27;[90m{}&amp#27;[39m
[debug] &amp#27;[35m[W3C (fa22c5fe)]&amp#27;[39m Calling AppiumDriver.getLocation() with args: ["37080000-0000-0000-5301-000000000000","fa22c5fe-5ae1-4114-abfe-4bea6798cb79"]
[debug] &amp#27;[35m[XCUITest]&amp#27;[39m Executing command 'getLocation'
[debug] &amp#27;[35m[XCUITest]&amp#27;[39m Setting custom timeout to 750000 ms for 'getElementRect' command
[debug] &amp#27;[35m[WD Proxy]&amp#27;[39m Matched '/element/37080000-0000-0000-5301-000000000000/rect' to command name 'getElementRect'
[debug] &amp#27;[35m[WD Proxy]&amp#27;[39m Proxying [GET /element/37080000-0000-0000-5301-000000000000/rect] to [GET http://127.0.0.1:8100/session/60DEF1F0-4A14-4727-943C-DB82535553CA/element/37080000-0000-0000-5301-000000000000/rect] with no body
[debug] &amp#27;[35m[WD Proxy]&amp#27;[39m Got response with status 200: {"value":{"y":435,"x":65,"width":245,"height":41},"sessionId":"60DEF1F0-4A14-4727-943C-DB82535553CA"}
[debug] &amp#27;[35m[W3C (fa22c5fe)]&amp#27;[39m Responding to client with driver.getLocation() result: {"x":65,"y":435}
&amp#27;[35m[HTTP]&amp#27;[39m &amp#27;[37m<-- GET /wd/hub/session/fa22c5fe-5ae1-4114-abfe-4bea6798cb79/element/37080000-0000-0000-5301-000000000000/location &amp#27;[39m&amp#27;[32m200&amp#27;[39m &amp#27;[90m79 ms - 26&amp#27;[39m
&amp#27;[35m[HTTP]&amp#27;[39m &amp#27;[90m&amp#27;[39m
&amp#27;[35m[HTTP]&amp#27;[39m &amp#27;[37m-->&amp#27;[39m &amp#27;[37mGET&amp#27;[39m &amp#27;[37m/wd/hub/session/fa22c5fe-5ae1-4114-abfe-4bea6798cb79/element/37080000-0000-0000-5301-000000000000/location&amp#27;[39m
&amp#27;[35m[HTTP]&amp#27;[39m &amp#27;[90m{}&amp#27;[39m
[debug] &amp#27;[35m[W3C (fa22c5fe)]&amp#27;[39m Calling AppiumDriver.getLocation() with args: ["37080000-0000-0000-5301-000000000000","fa22c5fe-5ae1-4114-abfe-4bea6798cb79"]
[debug] &amp#27;[35m[XCUITest]&amp#27;[39m Executing command 'getLocation'
[debug] &amp#27;[35m[XCUITest]&amp#27;[39m Setting custom timeout to 750000 ms for 'getElementRect' command
[debug] &amp#27;[35m[WD Proxy]&amp#27;[39m Matched '/element/37080000-0000-0000-5301-000000000000/rect' to command name 'getElementRect'
[debug] &amp#27;[35m[WD Proxy]&amp#27;[39m Proxying [GET /element/37080000-0000-0000-5301-000000000000/rect] to [GET http://127.0.0.1:8100/session/60DEF1F0-4A14-4727-943C-DB82535553CA/element/37080000-0000-0000-5301-000000000000/rect] with no body
[debug] &amp#27;[35m[WD Proxy]&amp#27;[39m Got response with status 200: {"value":{"y":435,"x":65,"width":245,"height":41},"sessionId":"60DEF1F0-4A14-4727-943C-DB82535553CA"}
[debug] &amp#27;[35m[W3C (fa22c5fe)]&amp#27;[39m Responding to client with driver.getLocation() result: {"x":65,"y":435}
&amp#27;[35m[HTTP]&amp#27;[39m &amp#27;[37m<-- GET /wd/hub/session/fa22c5fe-5ae1-4114-abfe-4bea6798cb79/element/37080000-0000-0000-5301-000000000000/location &amp#27;[39m&amp#27;[32m200&amp#27;[39m &amp#27;[90m71 ms - 26&amp#27;[39m
&amp#27;[35m[HTTP]&amp#27;[39m &amp#27;[90m&amp#27;[39m
&amp#27;[35m[HTTP]&amp#27;[39m &amp#27;[37m-->&amp#27;[39m &amp#27;[37mPOST&amp#27;[39m &amp#27;[37m/wd/hub/session/fa22c5fe-5ae1-4114-abfe-4bea6798cb79/touch/perform&amp#27;[39m
&amp#27;[35m[HTTP]&amp#27;[39m &amp#27;[90m{"actions":[{"action":"tap","options":{"x":135,"y":465}}]}&amp#27;[39m
[debug] &amp#27;[35m[W3C (fa22c5fe)]&amp#27;[39m Calling AppiumDriver.performTouch() with args: [[{"action":"tap","options":{"x":135,"y":465}}],"fa22c5fe-5ae1-4114-abfe-4bea6798cb79"]
[debug] &amp#27;[35m[XCUITest]&amp#27;[39m Executing command 'performTouch'
[debug] &amp#27;[35m[XCUITest]&amp#27;[39m Received the following touch action: tap(options={"x":135,"y":465})
[debug] &amp#27;[35m[XCUITest]&amp#27;[39m Setting custom timeout to 750000 ms for 'performTouch' command
[debug] &amp#27;[35m[WD Proxy]&amp#27;[39m Proxying [POST /wda/touch/perform] to [POST http://127.0.0.1:8100/session/60DEF1F0-4A14-4727-943C-DB82535553CA/wda/touch/perform] with body: {"actions":[{"action":"tap","options":{"x":135,"y":465}}]}
[debug] &amp#27;[35m[WD Proxy]&amp#27;[39m Got response with status 200: {"value":null,"sessionId":"60DEF1F0-4A14-4727-943C-DB82535553CA"}
[debug] &amp#27;[35m[W3C (fa22c5fe)]&amp#27;[39m Responding to client with driver.performTouch() result: null
&amp#27;[35m[HTTP]&amp#27;[39m &amp#27;[37m<-- POST /wd/hub/session/fa22c5fe-5ae1-4114-abfe-4bea6798cb79/touch/perform &amp#27;[39m&amp#27;[32m200&amp#27;[39m &amp#27;[90m683 ms - 14&amp#27;[39m
&amp#27;[35m[HTTP]&amp#27;[39m &amp#27;[90m&amp#27;[39m
]]></system-out>
    <system-err><![CDATA[Feb 25, 2022 12:14:49 PM io.appium.java_client.remote.AppiumCommandExecutor$1 lambda$0
INFO: Detected dialect: W3C
]]></system-err>
  </testcase>
</testsuite>