<?xml version="1.0" encoding="UTF-8"?>
<!-- Generated by org.testng.reporters.JUnitReportReporter -->
<testsuite hostname="CAOTT-MB630.hitronhub.home" failures="0" tests="1" name="ZeppelinRental.BLE" time="64.049" errors="0" timestamp="2022-06-18T15:51:24 EDT" skipped="0">
  <testcase classname="ZeppelinRental.BLE" name="BluetoothEnable" time="64.049"/>
  <system-out/>
</testsuite> <!-- ZeppelinRental.BLE -->
