<?xml version="1.0" encoding="UTF-8"?>
<!-- Generated by org.testng.reporters.JUnitReportReporter -->
<testsuite hostname="CAOTT-MB630-283402.local" failures="0" tests="1" name="ZeppelinRental.TermsOfServiceLink" time="44.817" errors="0" timestamp="2023-05-29T23:21:12 EDT" skipped="0">
  <testcase classname="ZeppelinRental.TermsOfServiceLink" name="ServiceTermsLink" time="44.817"/>
  <system-out/>
</testsuite> <!-- ZeppelinRental.TermsOfServiceLink -->
