<?xml version="1.0" encoding="UTF-8"?>
<!-- Generated by org.testng.reporters.JUnitReportReporter -->
<testsuite hostname="CAOTT-MB630-292631.local" failures="0" tests="1" name="ZeppelinRental.AccountPageContactLink" time="71.026" errors="0" timestamp="2024-11-12T16:35:43 EST" skipped="0">
  <testcase classname="ZeppelinRental.AccountPageContactLink" name="AccounPagetContact" time="71.026"/>
  <system-out/>
</testsuite> <!-- ZeppelinRental.AccountPageContactLink -->
