<?xml version="1.0" encoding="UTF-8"?>
<!-- Generated by org.testng.reporters.JUnitReportReporter -->
<testsuite hostname="CAOTTMB30291214.hitronhub.home" failures="0" tests="1" name="ZeppelinRental.BLEDisruptionDuringDriveTab" time="658.031" errors="0" timestamp="2023-08-15T17:57:51 EDT" skipped="0">
  <testcase classname="ZeppelinRental.BLEDisruptionDuringDriveTab" name="BLEInterupt_DriveTab" time="658.031"/>
  <system-out/>
</testsuite> <!-- ZeppelinRental.BLEDisruptionDuringDriveTab -->
