<?xml version="1.0" encoding="UTF-8"?>
<!-- Generated by org.testng.reporters.JUnitReportReporter -->
<testsuite hostname="CAOTT-MB630.hitronhub.home" failures="0" tests="1" name="ZeppelinRental.ConnectionAtemptWithDisabledBLE" time="668.774" errors="0" timestamp="2022-05-06T13:38:11 EDT" skipped="0">
  <testcase classname="ZeppelinRental.ConnectionAtemptWithDisabledBLE" name="BluetoothEnable" time="668.774"/>
  <system-out/>
</testsuite> <!-- ZeppelinRental.ConnectionAtemptWithDisabledBLE -->
