<?xml version="1.0" encoding="UTF-8"?>
<!-- Generated by org.testng.reporters.JUnitReportReporter -->
<testsuite hostname="CAOTT-MB630.local" failures="0" tests="1" name="ZeppelinRental.CorrectUsernameAndWrongPasswordLogin" time="28.086" errors="0" timestamp="2022-04-26T15:31:54 EDT" skipped="0">
  <testcase classname="ZeppelinRental.CorrectUsernameAndWrongPasswordLogin" name="CorrectUsernameAndWrongPassword" time="28.086"/>
  <system-out/>
</testsuite> <!-- ZeppelinRental.CorrectUsernameAndWrongPasswordLogin -->
