<?xml version="1.0" encoding="UTF-8"?>
<!-- Generated by org.testng.reporters.JUnitReportReporter -->
<testsuite hostname="CAOTT-MB630-292659.local" failures="0" tests="1" name="impertoRental.GetHelpWithEquipment" time="83.622" errors="0" timestamp="2025-03-17T00:38:50 EDT" skipped="0">
  <testcase classname="impertoRental.GetHelpWithEquipment" name="HelpWithEquipment_Reset" time="83.622"/>
  <system-out/>
</testsuite> <!-- impertoRental.GetHelpWithEquipment -->
