<?xml version="1.0" encoding="UTF-8"?>
<!-- Generated by org.testng.reporters.JUnitReportReporter -->
<testsuite hostname="CAOTTMB30283402.hitronhub.home" failures="0" tests="1" name="ZeppelinRental.SetDateDetailView" time="100.046" errors="0" timestamp="2023-06-06T15:05:34 EDT" skipped="0">
  <testcase classname="ZeppelinRental.SetDateDetailView" name="SetDateDetailview" time="100.046"/>
  <system-out/>
</testsuite> <!-- ZeppelinRental.SetDateDetailView -->
