<?xml version="1.0" encoding="UTF-8"?>
<!-- Generated by org.testng.reporters.JUnitReportReporter -->
<testsuite hostname="CAOTTMB30289237.hitronhub.home" failures="0" tests="1" name="ZeppelinRental.InitialConnectionAtemptWithDisabledBLE" time="599.075" errors="0" timestamp="2023-06-25T16:18:09 EDT" skipped="0">
  <testcase classname="ZeppelinRental.InitialConnectionAtemptWithDisabledBLE" name="BLEInterupt_InitialConnection" time="599.075"/>
  <system-out/>
</testsuite> <!-- ZeppelinRental.InitialConnectionAtemptWithDisabledBLE -->
