<?xml version="1.0" encoding="UTF-8"?>
<!-- Generated by org.testng.reporters.JUnitReportReporter -->
<testsuite hostname="CAOTTMB30289237.hitronhub.home" failures="0" tests="1" name="ZeppelinRental.BookingAttemptWithAirplaneModeEnabled" time="687.925" errors="0" timestamp="2023-06-25T14:08:17 EDT" skipped="0">
  <testcase classname="ZeppelinRental.BookingAttemptWithAirplaneModeEnabled" name="bookingAttemptWithEnabledAirplaneMode" time="687.925"/>
  <system-out/>
</testsuite> <!-- ZeppelinRental.BookingAttemptWithAirplaneModeEnabled -->
