<?xml version="1.0" encoding="UTF-8"?>
<!-- Generated by org.testng.reporters.JUnitReportReporter -->
<testsuite hostname="CAOTTMB30291167.hitronhub.home" failures="0" tests="1" name="ZeppelinRental.ModifySetDateOnMainCalendarAndDetailView" time="112.670" errors="0" timestamp="2023-06-30T12:59:01 EDT" skipped="0">
  <testcase classname="ZeppelinRental.ModifySetDateOnMainCalendarAndDetailView" name="SetDateOnMainCalendarAndDetailview" time="112.670"/>
  <system-out/>
</testsuite> <!-- ZeppelinRental.ModifySetDateOnMainCalendarAndDetailView -->
