<?xml version="1.0" encoding="UTF-8"?>
<!-- Generated by org.testng.reporters.JUnitReportReporter -->
<testsuite hostname="CAOTTMB30291214.hitronhub.home" failures="0" tests="1" name="ZeppelinRental.LoginAtemptWithEnabledAirplaneMode" time="164.592" errors="0" timestamp="2023-08-16T19:52:11 EDT" skipped="0">
  <testcase classname="ZeppelinRental.LoginAtemptWithEnabledAirplaneMode" name="AttemptloginWithEnabledAirplaneMode" time="164.592"/>
  <system-out/>
</testsuite> <!-- ZeppelinRental.LoginAtemptWithEnabledAirplaneMode -->
