<?xml version="1.0" encoding="UTF-8"?>
<!-- Generated by org.testng.reporters.JUnitReportReporter -->
<testsuite hostname="CAOTTMB30283402.hitronhub.home" failures="0" tests="1" name="ZeppelinRental.ConnectionAndDisconnectionTime" time="552.879" errors="0" timestamp="2023-06-06T09:43:19 EDT" skipped="0">
  <testcase classname="ZeppelinRental.ConnectionAndDisconnectionTime" name="connectionAndDisconnectionTime" time="552.879"/>
  <system-out/>
</testsuite> <!-- ZeppelinRental.ConnectionAndDisconnectionTime -->
