<?xml version="1.0" encoding="UTF-8"?>
<!-- Generated by org.testng.reporters.JUnitReportReporter -->
<testsuite hostname="CAOTTMB30282921.hitronhub.home" failures="0" tests="1" name="ZeppelinRental.AvailableEquipmentLink" time="102.826" errors="0" timestamp="2023-05-27T10:24:50 EDT" skipped="0">
  <testcase classname="ZeppelinRental.AvailableEquipmentLink" name="availableEquipmentLink" time="102.826"/>
  <system-out/>
</testsuite> <!-- ZeppelinRental.AvailableEquipmentLink -->
