<?xml version="1.0" encoding="UTF-8"?>
<!-- Generated by org.testng.reporters.JUnitReportReporter -->
<testsuite hostname="CAOTTMB30282921.hitronhub.home" failures="0" tests="1" name="ZeppelinRental.IncorrectUsernameAndIncorrectPasswordLogin" time="40.421" errors="0" timestamp="2023-05-28T00:00:12 EDT" skipped="0">
  <testcase classname="ZeppelinRental.IncorrectUsernameAndIncorrectPasswordLogin" name="IncorrectUsernameAndIncorrectPassword" time="40.421"/>
  <system-out/>
</testsuite> <!-- ZeppelinRental.IncorrectUsernameAndIncorrectPasswordLogin -->
