<?xml version="1.0" encoding="UTF-8"?>
<!-- Generated by org.testng.reporters.JUnitReportReporter -->
<testsuite hostname="CAOTTMB30291214.hitronhub.home" failures="0" tests="1" name="ZeppelinRental.BLEDisruptionDuringPostcheck" time="616.806" errors="0" timestamp="2023-08-15T18:55:11 EDT" skipped="0">
  <testcase classname="ZeppelinRental.BLEDisruptionDuringPostcheck" name="BLEInterupt_Postcheck" time="616.806"/>
  <system-out/>
</testsuite> <!-- ZeppelinRental.BLEDisruptionDuringPostcheck -->
