<?xml version="1.0" encoding="UTF-8"?>
<!-- Generated by org.testng.reporters.JUnitReportReporter -->
<testsuite hostname="CAOTTMB30282921.hitronhub.home" failures="0" tests="1" name="ZeppelinRental.ForgotUserPassword" time="44.903" errors="0" timestamp="2023-05-28T00:00:12 EDT" skipped="0">
  <testcase classname="ZeppelinRental.ForgotUserPassword" name="ForgotUserPass" time="44.903"/>
  <system-out/>
</testsuite> <!-- ZeppelinRental.ForgotUserPassword -->
