<?xml version="1.0" encoding="UTF-8"?>
<!-- Generated by org.testng.reporters.JUnitReportReporter -->
<testsuite hostname="CAOTT-MB630-292659.local" failures="0" tests="1" name="impertoRental.LoginAtemptWithNoWiFi" time="407.858" errors="0" timestamp="2025-03-18T15:39:58 EDT" skipped="0">
  <testcase classname="impertoRental.LoginAtemptWithNoWiFi" name="AttemptloginWithNoWifi" time="407.858"/>
  <system-out/>
</testsuite> <!-- impertoRental.LoginAtemptWithNoWiFi -->
