<?xml version="1.0" encoding="UTF-8"?>
<!-- Generated by org.testng.reporters.JUnitReportReporter -->
<testsuite hostname="CAOTTMB30291214.hitronhub.home" failures="0" tests="1" name="ZeppelinRental.ChangeLanguageWhileAppClosed" time="1020.070" errors="0" timestamp="2023-08-15T19:29:45 EDT" skipped="0">
  <testcase classname="ZeppelinRental.ChangeLanguageWhileAppClosed" name="LanguageChangedWithClosedApp" time="1020.070"/>
  <system-out/>
</testsuite> <!-- ZeppelinRental.ChangeLanguageWhileAppClosed -->
