<?xml version="1.0" encoding="UTF-8"?>
<!-- Generated by org.testng.reporters.JUnitReportReporter -->
<testsuite hostname="CAOTT-MB630.local" failures="0" tests="1" name="ZeppelinRental.ModifySetDateOnMainCalendar" time="96.834" errors="0" timestamp="2022-03-08T15:23:07 EST" skipped="0">
  <testcase classname="ZeppelinRental.ModifySetDateOnMainCalendar" name="SetDateDetailiew" time="96.834"/>
  <system-out/>
</testsuite> <!-- ZeppelinRental.ModifySetDateOnMainCalendar -->
