<?xml version="1.0" encoding="UTF-8"?>
<!-- Generated by org.testng.reporters.JUnitReportReporter -->
<testsuite hostname="CAOTT-MB630-283402.local" failures="0" tests="1" name="ZeppelinRental.PullDownRefreshRentedEquipment" time="541.948" errors="0" timestamp="2023-06-09T07:47:39 EDT" skipped="0">
  <testcase classname="ZeppelinRental.PullDownRefreshRentedEquipment" name="RefreshRentedEquipmentPage" time="541.948"/>
  <system-out/>
</testsuite> <!-- ZeppelinRental.PullDownRefreshRentedEquipment -->
