<?xml version="1.0" encoding="UTF-8"?>
<!-- Generated by org.testng.reporters.JUnitReportReporter -->
<testsuite hostname="CAOTTMB30291214.hitronhub.home" failures="0" tests="1" name="ZeppelinRental.Post_checkSubmissionWithNoWiFi" time="656.312" errors="0" timestamp="2023-08-16T20:54:38 EDT" skipped="0">
  <testcase classname="ZeppelinRental.Post_checkSubmissionWithNoWiFi" name="post_checkSubmissionWithNoWiFI" time="656.312"/>
  <system-out/>
</testsuite> <!-- ZeppelinRental.Post_checkSubmissionWithNoWiFi -->
