<?xml version="1.0" encoding="UTF-8"?>
<!-- Generated by org.testng.reporters.JUnitReportReporter -->
<testsuite hostname="CAOTTMB30291214.hitronhub.home" failures="0" tests="1" name="ZeppelinRental.EquipmentStatusAfterActivation" time="555.719" errors="0" timestamp="2023-08-16T11:33:15 EDT" skipped="0">
  <testcase classname="ZeppelinRental.EquipmentStatusAfterActivation" name="statusAfterActivation" time="555.719"/>
  <system-out/>
</testsuite> <!-- ZeppelinRental.EquipmentStatusAfterActivation -->
