<?xml version="1.0" encoding="UTF-8"?>
<!-- Generated by org.testng.reporters.JUnitReportReporter -->
<testsuite hostname="CAOTTMB30291214.hitronhub.home" failures="0" tests="1" name="ZeppelinRental.RapidSwitchingDrive_Equipment" time="580.296" errors="0" timestamp="2023-08-17T10:12:17 EDT" skipped="0">
  <testcase classname="ZeppelinRental.RapidSwitchingDrive_Equipment" name="RapidSwitchingDriveToEquipment" time="580.296"/>
  <system-out/>
</testsuite> <!-- ZeppelinRental.RapidSwitchingDrive_Equipment -->
