<?xml version="1.0" encoding="UTF-8"?>
<!-- Generated by org.testng.reporters.JUnitReportReporter -->
<testsuite hostname="CAOTT-MB630-292659.local" failures="0" tests="1" name="impertoRental.IncorrectUsernameAndIncorrectPasswordLogin" time="49.724" errors="0" timestamp="2025-03-17T00:38:50 EDT" skipped="0">
  <testcase classname="impertoRental.IncorrectUsernameAndIncorrectPasswordLogin" name="IncorrectUsernameAndIncorrectPassword_Reset" time="49.724"/>
  <system-out/>
</testsuite> <!-- impertoRental.IncorrectUsernameAndIncorrectPasswordLogin -->
