<?xml version="1.0" encoding="UTF-8"?>
<!-- Generated by org.testng.reporters.JUnitReportReporter -->
<testsuite hostname="CAOTT-MB630-292659.local" failures="0" tests="1" name="impertoRental.ExtendedRental" time="324.184" errors="0" timestamp="2025-03-16T23:14:42 EDT" skipped="0">
  <testcase classname="impertoRental.ExtendedRental" name="ExtendedRent_Reset" time="324.184"/>
  <system-out/>
</testsuite> <!-- impertoRental.ExtendedRental -->
