<?xml version="1.0" encoding="UTF-8"?>
<!-- Generated by org.testng.reporters.JUnitReportReporter -->
<testsuite hostname="CAOTT-MB630-283402.local" failures="0" tests="1" name="ZeppelinRental.QuitAndLaunchApp" time="166.240" errors="0" timestamp="2023-06-09T09:28:45 EDT" skipped="0">
  <testcase classname="ZeppelinRental.QuitAndLaunchApp" name="QuitAndLaunch" time="166.240"/>
  <system-out/>
</testsuite> <!-- ZeppelinRental.QuitAndLaunchApp -->
