<?xml version="1.0" encoding="UTF-8"?>
<!-- Generated by org.testng.reporters.JUnitReportReporter -->
<testsuite hostname="CAOTT-MB630-292631.local" failures="0" tests="1" name="impertoRental.ActivationAttemptBeforePrecheckSubmission_NoReset" time="291.512" errors="0" timestamp="2025-01-24T18:26:21 EST" skipped="0">
  <testcase classname="impertoRental.ActivationAttemptBeforePrecheckSubmission_NoReset" name="ActivationBeforePrecheckSubmission_Noreset" time="291.512"/>
  <system-out/>
</testsuite> <!-- impertoRental.ActivationAttemptBeforePrecheckSubmission_NoReset -->
