<?xml version="1.0" encoding="UTF-8"?>
<!-- Generated by org.testng.reporters.JUnitReportReporter -->
<testsuite hostname="CAOTTMB30291214.hitronhub.home" failures="0" tests="1" name="ZeppelinRental.AssertRentalPeriodInDrive" time="551.897" errors="0" timestamp="2023-12-23T10:08:15 EST" skipped="0">
  <testcase classname="ZeppelinRental.AssertRentalPeriodInDrive" name="RentalPeriodAssertionInDrive" time="551.897"/>
  <system-out/>
</testsuite> <!-- ZeppelinRental.AssertRentalPeriodInDrive -->
