<?xml version="1.0" encoding="UTF-8"?>
<!-- Generated by org.testng.reporters.JUnitReportReporter -->
<testsuite hostname="CAOTT-MB630.hitronhub.home" failures="0" tests="1" name="ZeppelinRental.ChangeLanguageAndLogin" time="940.755" errors="0" timestamp="2022-10-06T22:13:20 EDT" skipped="0">
  <testcase classname="ZeppelinRental.ChangeLanguageAndLogin" name="LanguageChanged" time="940.755"/>
  <system-out/>
</testsuite> <!-- ZeppelinRental.ChangeLanguageAndLogin -->
