<?xml version="1.0" encoding="UTF-8"?>
<!-- Generated by org.testng.reporters.JUnitReportReporter -->
<testsuite hostname="CAOTT-MB630.local" failures="0" tests="1" name="ZeppelinRental.ScrollTest" time="26.938" errors="0" timestamp="2022-02-28T16:26:00 EST" skipped="0">
  <testcase classname="ZeppelinRental.ScrollTest" name="ForgotUserPassword" time="26.938"/>
  <system-out/>
</testsuite> <!-- ZeppelinRental.ScrollTest -->
