<?xml version="1.0" encoding="UTF-8"?>
<!-- Generated by org.testng.reporters.JUnitReportReporter -->
<testsuite hostname="CAOTT-MB630.local" failures="0" tests="1" name="ZeppelinRental.Rental" time="303.437" errors="0" timestamp="2022-01-07T12:58:36 EST" skipped="0">
  <testcase classname="ZeppelinRental.Rental" name="Rent" time="303.437"/>
  <system-out/>
</testsuite> <!-- ZeppelinRental.Rental -->
