<?xml version="1.0" encoding="UTF-8"?>
<!-- Generated by org.testng.reporters.JUnitReportReporter -->
<testsuite hostname="CAOTT-MB630-292659.local" failures="0" tests="1" name="impertoRental.ConnectAndDisconnectOnDriveAsOperator" time="327.914" errors="0" timestamp="2025-03-17T21:08:25 EDT" skipped="0">
  <testcase classname="impertoRental.ConnectAndDisconnectOnDriveAsOperator" name="ReconnectonDriveAsOperator_NoReset" time="327.914"/>
  <system-out/>
</testsuite> <!-- impertoRental.ConnectAndDisconnectOnDriveAsOperator -->
