<?xml version="1.0" encoding="UTF-8"?>
<!-- Generated by org.testng.reporters.JUnitReportReporter -->
<testsuite hostname="CAOTT-MB630-292659.local" failures="0" tests="1" name="impertoRental.ChangeLanguageWhileAppClosed" time="61.906" errors="0" timestamp="2025-03-16T22:45:23 EDT" skipped="0">
  <testcase classname="impertoRental.ChangeLanguageWhileAppClosed" name="LanguageChangedWithClosedApp_Reset" time="61.906"/>
  <system-out/>
</testsuite> <!-- impertoRental.ChangeLanguageWhileAppClosed -->
