<?xml version="1.0" encoding="UTF-8"?>
<!-- Generated by org.testng.reporters.JUnitReportReporter -->
<testsuite hostname="CAOTT-MB630.hitronhub.home" failures="0" tests="1" name="ZeppelinRental.ConnectAndReconnectWithNoWiFI" time="846.996" errors="0" timestamp="2022-10-07T15:09:15 EDT" skipped="0">
  <testcase classname="ZeppelinRental.ConnectAndReconnectWithNoWiFI" name="connectAndReconnectWithNoWifi" time="846.996"/>
  <system-out/>
</testsuite> <!-- ZeppelinRental.ConnectAndReconnectWithNoWiFI -->
