<?xml version="1.0" encoding="UTF-8"?>
<!-- Generated by org.testng.reporters.JUnitReportReporter -->
<testsuite hostname="CAOTT-MB630.hitronhub.home" failures="0" tests="1" name="ZeppelinRental.UsingPinWithenabledAirplaneMode" time="1039.888" errors="0" timestamp="2022-10-07T19:56:37 EDT" skipped="0">
  <testcase classname="ZeppelinRental.UsingPinWithenabledAirplaneMode" name="UsePinWithEnabledAirplaneMode" time="1039.888"/>
  <system-out/>
</testsuite> <!-- ZeppelinRental.UsingPinWithenabledAirplaneMode -->
