<?xml version="1.0" encoding="UTF-8"?>
<!-- Generated by org.testng.reporters.JUnitReportReporter -->
<testsuite hostname="CAOTTMB30291214.hitronhub.home" failures="0" tests="1" name="ZeppelinRental.Pre_checkSubmissionWithNoWiFi" time="689.577" errors="0" timestamp="2023-08-17T09:13:48 EDT" skipped="0">
  <testcase classname="ZeppelinRental.Pre_checkSubmissionWithNoWiFi" name="pre_checkSubmissionWithNoWiFI" time="689.577"/>
  <system-out/>
</testsuite> <!-- ZeppelinRental.Pre_checkSubmissionWithNoWiFi -->
