<?xml version="1.0" encoding="UTF-8"?>
<!-- Generated by org.testng.reporters.JUnitReportReporter -->
<testsuite hostname="CAOTT-MB630-292659.local" failures="0" tests="1" name="impertoRental.LoginandOut" time="77.281" errors="0" timestamp="2025-03-17T14:58:32 EDT" skipped="0">
  <testcase classname="impertoRental.LoginandOut" name="LoginLogout" time="77.281"/>
  <system-out/>
</testsuite> <!-- impertoRental.LoginandOut -->
