<?xml version="1.0" encoding="UTF-8"?>
<!-- Generated by org.testng.reporters.JUnitReportReporter -->
<testsuite hostname="CAOTT-MB630-292659.local" failures="0" tests="1" name="impertoRental.EquipmentStatusBeforeActivation" time="320.794" errors="0" timestamp="2025-03-16T23:14:42 EDT" skipped="0">
  <testcase classname="impertoRental.EquipmentStatusBeforeActivation" name="statusBeforeActivation_Reset" time="320.794"/>
  <system-out/>
</testsuite> <!-- impertoRental.EquipmentStatusBeforeActivation -->
