<?xml version="1.0" encoding="UTF-8"?>
<!-- Generated by org.testng.reporters.JUnitReportReporter -->
<testsuite hostname="CAOTTMB30291214.hitronhub.home" failures="0" tests="1" name="ZeppelinRental.CloseAndLaunchApp" time="553.792" errors="0" timestamp="2023-08-16T10:02:55 EDT" skipped="0">
  <testcase classname="ZeppelinRental.CloseAndLaunchApp" name="CloseAndLaunch" time="553.792"/>
  <system-out/>
</testsuite> <!-- ZeppelinRental.CloseAndLaunchApp -->
