<?xml version="1.0" encoding="UTF-8"?>
<!-- Generated by org.testng.reporters.JUnitReportReporter -->
<testsuite hostname="CAOTT-MB630-292659.local" failures="0" tests="1" name="impertoRental.AvailableEquipmentLink" time="92.055" errors="0" timestamp="2025-03-20T10:59:03 EDT" skipped="0">
  <testcase classname="impertoRental.AvailableEquipmentLink" name="availableEquipmentLink_Reset" time="92.055"/>
  <system-out/>
</testsuite> <!-- impertoRental.AvailableEquipmentLink -->
