<?xml version="1.0" encoding="UTF-8"?>
<!-- Generated by org.testng.reporters.JUnitReportReporter -->
<testsuite hostname="CAOTTMB30291214.hitronhub.home" failures="0" tests="1" name="ZeppelinRental.BLEDisruptionDuringPrecheck" time="708.454" errors="0" timestamp="2023-08-15T19:07:13 EDT" skipped="0">
  <testcase classname="ZeppelinRental.BLEDisruptionDuringPrecheck" name="BLEInterupt_Precheck" time="708.454"/>
  <system-out/>
</testsuite> <!-- ZeppelinRental.BLEDisruptionDuringPrecheck -->
