<?xml version="1.0" encoding="UTF-8"?>
<!-- Generated by org.testng.reporters.JUnitReportReporter -->
<testsuite hostname="CAOTT-MB630-292659.local" failures="0" tests="1" name="impertoRental.LandscapePhotoCapture" time="315.789" errors="0" timestamp="2025-03-17T00:38:50 EDT" skipped="0">
  <testcase classname="impertoRental.LandscapePhotoCapture" name="landScapePhotoCapture_Reset" time="315.789"/>
  <system-out/>
</testsuite> <!-- impertoRental.LandscapePhotoCapture -->
