<?xml version="1.0" encoding="UTF-8"?>
<!-- Generated by org.testng.reporters.JUnitReportReporter -->
<testsuite hostname="CAOTTMB30283402.hitronhub.home" failures="0" tests="1" name="ZeppelinRental.IncorrectUsernameAndCorrectPasswordLogin" time="47.394" errors="0" timestamp="2023-06-08T21:15:33 EDT" skipped="0">
  <testcase classname="ZeppelinRental.IncorrectUsernameAndCorrectPasswordLogin" name="IncorrectUsernameAndCorrectPassword" time="47.394"/>
  <system-out/>
</testsuite> <!-- ZeppelinRental.IncorrectUsernameAndCorrectPasswordLogin -->
