<?xml version="1.0" encoding="UTF-8"?>
<!-- Generated by org.testng.reporters.JUnitReportReporter -->
<testsuite hostname="CAOTT-MB630.hitronhub.home" failures="0" tests="1" name="ZeppelinRental.SwitchAppsOnDrive" time="603.176" errors="0" timestamp="2022-07-10T22:13:46 EDT" skipped="0">
  <testcase classname="ZeppelinRental.SwitchAppsOnDrive" name="DriveTabSwitch" time="603.176"/>
  <system-out/>
</testsuite> <!-- ZeppelinRental.SwitchAppsOnDrive -->
