<?xml version="1.0" encoding="UTF-8"?>
<!-- Generated by org.testng.reporters.JUnitReportReporter -->
<testsuite hostname="CAOTTMB30283402.hitronhub.home" failures="0" tests="1" name="ZeppelinRental.GetHelpWithEquipment" time="562.423" errors="0" timestamp="2023-06-08T21:11:44 EDT" skipped="0">
  <testcase classname="ZeppelinRental.GetHelpWithEquipment" name="HelpWithEquipment" time="562.423"/>
  <system-out/>
</testsuite> <!-- ZeppelinRental.GetHelpWithEquipment -->
