<?xml version="1.0" encoding="UTF-8"?>
<!-- Generated by org.testng.reporters.JUnitReportReporter -->
<testsuite hostname="CAOTT-MB630.hitronhub.home" failures="0" tests="1" name="ZeppelinRental.LandscapeAndPortraitPhotoCapture" time="148.462" errors="0" timestamp="2022-08-12T17:33:00 EDT" skipped="0">
  <testcase classname="ZeppelinRental.LandscapeAndPortraitPhotoCapture" name="GeneralRental" time="148.462"/>
  <system-out/>
</testsuite> <!-- ZeppelinRental.LandscapeAndPortraitPhotoCapture -->
