<?xml version="1.0" encoding="UTF-8"?>
<!-- Generated by org.testng.reporters.JUnitReportReporter -->
<testsuite hostname="CAOTT-MB630.local" failures="0" tests="1" name="ZeppelinRental.ModifySetDateOnMainCalendarAndDetail" time="102.492" errors="0" timestamp="2022-04-23T22:29:44 EDT" skipped="0">
  <testcase classname="ZeppelinRental.ModifySetDateOnMainCalendarAndDetail" name="SetDateOnMainCalendarAndDetailview" time="102.492"/>
  <system-out/>
</testsuite> <!-- ZeppelinRental.ModifySetDateOnMainCalendarAndDetail -->
