<?xml version="1.0" encoding="UTF-8"?>
<!-- Generated by org.testng.reporters.JUnitReportReporter -->
<testsuite hostname="CAOTTMB30283402.hitronhub.home" failures="0" tests="1" name="ZeppelinRental.NoUsernameAndPasswordLogin" time="40.453" errors="0" timestamp="2023-05-29T15:45:19 EDT" skipped="0">
  <testcase classname="ZeppelinRental.NoUsernameAndPasswordLogin" name="EmptyUsernameAndPassword" time="40.453"/>
  <system-out/>
</testsuite> <!-- ZeppelinRental.NoUsernameAndPasswordLogin -->
