<?xml version="1.0" encoding="UTF-8"?>
<!-- Generated by org.testng.reporters.JUnitReportReporter -->
<testsuite hostname="CAOTT-MB630.hitronhub.home" failures="0" tests="1" name="ZeppelinRental.ConnectionAttemptBeforePrecheckSubmission" time="632.396" errors="0" timestamp="2022-07-09T18:03:36 EDT" skipped="0">
  <testcase classname="ZeppelinRental.ConnectionAttemptBeforePrecheckSubmission" name="ConnectionBeforePrecheckSubmission" time="632.396"/>
  <system-out/>
</testsuite> <!-- ZeppelinRental.ConnectionAttemptBeforePrecheckSubmission -->
