<?xml version="1.0" encoding="UTF-8"?>
<!-- Generated by org.testng.reporters.JUnitReportReporter -->
<testsuite hostname="CAOTTMB30291214.hitronhub.home" failures="0" tests="1" name="ZeppelinRental.ConnectAndDisconnectOnDriveAsOperator" time="572.579" errors="0" timestamp="2023-08-16T10:21:11 EDT" skipped="0">
  <testcase classname="ZeppelinRental.ConnectAndDisconnectOnDriveAsOperator" name="ReconnectonDriveAsOperator" time="572.579"/>
  <system-out/>
</testsuite> <!-- ZeppelinRental.ConnectAndDisconnectOnDriveAsOperator -->
