<?xml version="1.0" encoding="UTF-8"?>
<!-- Generated by org.testng.reporters.JUnitReportReporter -->
<testsuite hostname="CAOTT-MB630.local" failures="0" tests="1" name="ZeppelinRental.FailledSubmissionIfEquipmentUnlocked" time="444.093" errors="0" timestamp="2022-04-26T10:22:13 EDT" skipped="0">
  <testcase classname="ZeppelinRental.FailledSubmissionIfEquipmentUnlocked" name="GeneralRental" time="444.093"/>
  <system-out/>
</testsuite> <!-- ZeppelinRental.FailledSubmissionIfEquipmentUnlocked -->
