<?xml version="1.0" encoding="UTF-8"?>
<!-- Generated by org.testng.reporters.JUnitReportReporter -->
<testsuite hostname="CAOTTMB30291214.hitronhub.home" failures="0" tests="1" name="ZeppelinRental.EquipmentUnlockedAfterConnection" time="542.191" errors="0" timestamp="2023-08-17T13:28:53 EDT" skipped="0">
  <testcase classname="ZeppelinRental.EquipmentUnlockedAfterConnection" name="equipmentUnlockedAfterConnection" time="542.191"/>
  <system-out/>
</testsuite> <!-- ZeppelinRental.EquipmentUnlockedAfterConnection -->
