<?xml version="1.0" encoding="UTF-8"?>
<!-- Generated by org.testng.reporters.JUnitReportReporter -->
<testsuite hostname="CAOTT-MB630-292659.local" failures="0" tests="1" name="impertoRental.LicensePlateTest" time="319.869" errors="0" timestamp="2025-03-17T13:55:50 EDT" skipped="0">
  <testcase classname="impertoRental.LicensePlateTest" name="LicensePlate" time="319.869"/>
  <system-out/>
</testsuite> <!-- impertoRental.LicensePlateTest -->
