<?xml version="1.0" encoding="UTF-8"?>
<!-- Generated by org.testng.reporters.JUnitReportReporter -->
<testsuite hostname="CAOTT-MB630.hitronhub.home" failures="0" tests="1" name="ZeppelinRental.CorrectUsernameAndIncorrectPasswordLogin" time="39.595" errors="0" timestamp="2022-09-28T20:09:41 EDT" skipped="0">
  <testcase classname="ZeppelinRental.CorrectUsernameAndIncorrectPasswordLogin" name="CorrectUsernameAndIncorrectPassword" time="39.595"/>
  <system-out/>
</testsuite> <!-- ZeppelinRental.CorrectUsernameAndIncorrectPasswordLogin -->
