<?xml version="1.0" encoding="UTF-8"?>
<!-- Generated by org.testng.reporters.JUnitReportReporter -->
<testsuite hostname="CAOTT-MB630-292659.local" failures="0" tests="2" name="impertoRental.AccountPageContactLink" time="15.930" errors="0" timestamp="2025-03-19T19:10:14 EDT" skipped="1">
  <testcase classname="impertoRental.AccountPageContactLink" name="InitializeChromeDriver" time="15.930"/>
  <system-out/>
  <testcase classname="impertoRental.AccountPageContactLink" name="AccounPagetContactLink_Reset">
    <skipped/>
  </testcase> <!-- AccounPagetContactLink_Reset -->
  <system-out/>
</testsuite> <!-- impertoRental.AccountPageContactLink -->
