<?xml version="1.0" encoding="UTF-8"?>
<!-- Generated by org.testng.reporters.JUnitReportReporter -->
<testsuite hostname="CAOTT-MB630-292659.local" failures="0" tests="1" name="impertoRental.ConnectionAndDisconnectionTime" time="313.514" errors="0" timestamp="2025-03-20T09:57:42 EDT" skipped="0">
  <testcase classname="impertoRental.ConnectionAndDisconnectionTime" name="connectionAndDisconnectionTime_Reset" time="313.514"/>
  <system-out/>
</testsuite> <!-- impertoRental.ConnectionAndDisconnectionTime -->
