<?xml version="1.0" encoding="UTF-8"?>
<!-- Generated by org.testng.reporters.JUnitReportReporter -->
<testsuite hostname="CAOTT-MB630-292659.local" failures="0" tests="1" name="impertoRental.CloseAndLaunchApp" time="318.752" errors="0" timestamp="2025-03-16T22:45:23 EDT" skipped="0">
  <testcase classname="impertoRental.CloseAndLaunchApp" name="CloseAndLaunch_NoReset" time="318.752"/>
  <system-out/>
</testsuite> <!-- impertoRental.CloseAndLaunchApp -->
