<?xml version="1.0" encoding="UTF-8"?>
<!-- Generated by org.testng.reporters.JUnitReportReporter -->
<testsuite hostname="CAOTT-MB630-292659.local" failures="0" tests="1" name="impertoRental.LeavingAndRelaunching" time="318.644" errors="0" timestamp="2025-03-17T00:38:50 EDT" skipped="0">
  <testcase classname="impertoRental.LeavingAndRelaunching" name="LeaveAndRelauch_Reset" time="318.644"/>
  <system-out/>
</testsuite> <!-- impertoRental.LeavingAndRelaunching -->
