<?xml version="1.0" encoding="UTF-8"?>
<!-- Generated by org.testng.reporters.JUnitReportReporter -->
<testsuite hostname="CAOTT-MB630-292659.local" failures="0" tests="1" name="impertoRental.AssertRentalPeriodInDrive" time="328.082" errors="0" timestamp="2025-03-20T10:48:07 EDT" skipped="0">
  <testcase classname="impertoRental.AssertRentalPeriodInDrive" name="AssertRentalPeriodInDrive_Reset" time="328.082"/>
  <system-out/>
</testsuite> <!-- impertoRental.AssertRentalPeriodInDrive -->
