<?xml version="1.0" encoding="UTF-8"?>
<!-- Generated by org.testng.reporters.JUnitReportReporter -->
<testsuite hostname="CAOTTMB30291214.hitronhub.home" failures="0" tests="1" name="ZeppelinRental.Pre_checkCommentAssertionAndUpdate" time="1092.084" errors="0" timestamp="2023-08-17T08:16:51 EDT" skipped="0">
  <testcase classname="ZeppelinRental.Pre_checkCommentAssertionAndUpdate" name="pre_checkCommentAssertionAndUpdate" time="1092.084"/>
  <system-out/>
</testsuite> <!-- ZeppelinRental.Pre_checkCommentAssertionAndUpdate -->
