<?xml version="1.0" encoding="UTF-8"?>
<!-- Generated by org.testng.reporters.JUnitReportReporter -->
<testsuite hostname="CAOTT-MB630-283402.local" failures="0" tests="1" name="ZeppelinRental.PullDownRefreshAssetPage" time="101.968" errors="0" timestamp="2023-05-29T20:21:53 EDT" skipped="0">
  <testcase classname="ZeppelinRental.PullDownRefreshAssetPage" name="RefreshAssetPage" time="101.968"/>
  <system-out/>
</testsuite> <!-- ZeppelinRental.PullDownRefreshAssetPage -->
