<?xml version="1.0" encoding="UTF-8"?>
<!-- Generated by org.testng.reporters.JUnitReportReporter -->
<testsuite hostname="CAOTT-MB630-292659.local" failures="0" tests="1" name="impertoRental.LoginAtemptWithEnabledAirplaneMode" time="412.097" errors="0" timestamp="2025-03-18T15:46:55 EDT" skipped="0">
  <testcase classname="impertoRental.LoginAtemptWithEnabledAirplaneMode" name="AttemptloginWithEnabledAirplaneMode_Reset" time="412.097"/>
  <system-out/>
</testsuite> <!-- impertoRental.LoginAtemptWithEnabledAirplaneMode -->
