<?xml version="1.0" encoding="UTF-8"?>
<!-- Generated by org.testng.reporters.JUnitReportReporter -->
<testsuite hostname="CAOTT-MB630-292659.local" failures="0" tests="1" name="impertoRental.BLEDisruptionDuringPostcheck" time="357.391" errors="0" timestamp="2025-03-17T19:41:19 EDT" skipped="0">
  <testcase classname="impertoRental.BLEDisruptionDuringPostcheck" name="BLEInteruptPostcheck_NoReset" time="357.391"/>
  <system-out/>
</testsuite> <!-- impertoRental.BLEDisruptionDuringPostcheck -->
