<?xml version="1.0" encoding="UTF-8"?>
<!-- Generated by org.testng.reporters.JUnitReportReporter -->
<testsuite hostname="CAOTTMB30291214.hitronhub.home" failures="0" tests="1" name="ZeppelinRental.LeavingAndRelaunching" time="607.770" errors="0" timestamp="2023-08-16T16:50:34 EDT" skipped="0">
  <testcase classname="ZeppelinRental.LeavingAndRelaunching" name="LeaveAndRelauch" time="607.770"/>
  <system-out/>
</testsuite> <!-- ZeppelinRental.LeavingAndRelaunching -->
