<?xml version="1.0" encoding="UTF-8"?>
<!-- Generated by org.testng.reporters.JUnitReportReporter -->
<testsuite hostname="CAOTTMB30291214.hitronhub.home" failures="0" tests="1" name="ZeppelinRental.WiFiDisruptionDuringDriveTab" time="694.101" errors="0" timestamp="2023-08-17T13:09:21 EDT" skipped="0">
  <testcase classname="ZeppelinRental.WiFiDisruptionDuringDriveTab" name="WiFiInterupt_DriveTab" time="694.101"/>
  <system-out/>
</testsuite> <!-- ZeppelinRental.WiFiDisruptionDuringDriveTab -->
