<?xml version="1.0" encoding="UTF-8"?>
<!-- Generated by org.testng.reporters.JUnitReportReporter -->
<testsuite hostname="CAOTT-MB630.local" failures="0" tests="1" name="ZeppelinRental.BLEInterruption" time="623.293" errors="0" timestamp="2022-04-21T16:25:40 EDT" skipped="0">
  <testcase classname="ZeppelinRental.BLEInterruption" name="BluetoothEnable" time="623.293"/>
  <system-out/>
</testsuite> <!-- ZeppelinRental.BLEInterruption -->
