<?xml version="1.0" encoding="UTF-8"?>
<!-- Generated by org.testng.reporters.JUnitReportReporter -->
<testsuite hostname="CAOTT-MB630.hitronhub.home" failures="0" tests="1" name="ZeppelinRental.LoginandOut" time="110.845" errors="0" timestamp="2022-10-07T17:10:37 EDT" skipped="0">
  <testcase classname="ZeppelinRental.LoginandOut" name="LoginLogout" time="110.845"/>
  <system-out/>
</testsuite> <!-- ZeppelinRental.LoginandOut -->
