<?xml version="1.0" encoding="UTF-8"?>
<!-- Generated by org.testng.reporters.JUnitReportReporter -->
<testsuite hostname="CAOTTMB30291214.hitronhub.home" failures="0" tests="1" name="ZeppelinRental.ExtendedRental" time="561.072" errors="0" timestamp="2023-08-16T13:06:19 EDT" skipped="0">
  <testcase classname="ZeppelinRental.ExtendedRental" name="ExtendedRent" time="561.072"/>
  <system-out/>
</testsuite> <!-- ZeppelinRental.ExtendedRental -->
