<?xml version="1.0" encoding="UTF-8"?>
<!-- Generated by org.testng.reporters.JUnitReportReporter -->
<testsuite hostname="CAOTT-MB630-291167.local" failures="0" tests="1" name="ZeppelinRental.BookingAttemptWithNoWiFi" time="708.541" errors="0" timestamp="2023-06-30T22:48:59 EDT" skipped="0">
  <testcase classname="ZeppelinRental.BookingAttemptWithNoWiFi" name="bookingAttemptWithNoWiFi" time="708.541"/>
  <system-out/>
</testsuite> <!-- ZeppelinRental.BookingAttemptWithNoWiFi -->
