<?xml version="1.0" encoding="UTF-8"?>
<!-- Generated by org.testng.reporters.JUnitReportReporter -->
<testsuite hostname="CAOTTMB30291214.hitronhub.home" failures="0" tests="1" name="ZeppelinRental.PostUseSubmissionIfKeyisOff" time="570.594" errors="0" timestamp="2023-08-17T07:57:39 EDT" skipped="0">
  <testcase classname="ZeppelinRental.PostUseSubmissionIfKeyisOff" name="PostSubmissuinIfKeyOff" time="570.594"/>
  <system-out/>
</testsuite> <!-- ZeppelinRental.PostUseSubmissionIfKeyisOff -->
