<?xml version="1.0" encoding="UTF-8"?>
<!-- Generated by org.testng.reporters.JUnitReportReporter -->
<testsuite hostname="CAOTTMB30291214.hitronhub.home" failures="0" tests="1" name="ZeppelinRental.UsingPinWithNoWiFi" time="791.149" errors="0" timestamp="2023-08-17T12:57:17 EDT" skipped="0">
  <testcase classname="ZeppelinRental.UsingPinWithNoWiFi" name="UsePinWithNoWifi" time="791.149"/>
  <system-out/>
</testsuite> <!-- ZeppelinRental.UsingPinWithNoWiFi -->
