<?xml version="1.0" encoding="UTF-8"?>
<!-- Generated by org.testng.reporters.JUnitReportReporter -->
<testsuite hostname="CAOTTMB30291214.hitronhub.home" failures="0" tests="1" name="ZeppelinRental.Pre_checkPhotoAccept" time="521.607" errors="0" timestamp="2023-08-17T08:48:11 EDT" skipped="0">
  <testcase classname="ZeppelinRental.Pre_checkPhotoAccept" name="pre_checkPhotoAccept" time="521.607"/>
  <system-out/>
</testsuite> <!-- ZeppelinRental.Pre_checkPhotoAccept -->
