<?xml version="1.0" encoding="UTF-8"?>
<!-- Generated by org.testng.reporters.JUnitReportReporter -->
<testsuite hostname="CAOTTMB30291214.hitronhub.home" failures="0" tests="1" name="ZeppelinRental.LandscapePhotoCapture" time="547.547" errors="0" timestamp="2023-08-16T15:48:51 EDT" skipped="0">
  <testcase classname="ZeppelinRental.LandscapePhotoCapture" name="landScapePhotoCapture" time="547.547"/>
  <system-out/>
</testsuite> <!-- ZeppelinRental.LandscapePhotoCapture -->
