<?xml version="1.0" encoding="UTF-8"?>
<!-- Generated by org.testng.reporters.JUnitReportReporter -->
<testsuite hostname="CAOTTMB30283402.hitronhub.home" failures="0" tests="1" name="ZeppelinRental.SetDateOnMainCalendar" time="85.960" errors="0" timestamp="2023-06-06T15:07:15 EDT" skipped="0">
  <testcase classname="ZeppelinRental.SetDateOnMainCalendar" name="SetDateOnMaincalendar" time="85.960"/>
  <system-out/>
</testsuite> <!-- ZeppelinRental.SetDateOnMainCalendar -->
