<?xml version="1.0" encoding="UTF-8"?>
<!-- Generated by org.testng.reporters.JUnitReportReporter -->
<testsuite hostname="CAOTT-MB630-292631.local" failures="0" tests="1" name="ZeppelinRental.ActivationAttemptBeforePrecheckSubmission" time="71.605" errors="0" timestamp="2024-11-12T21:23:41 EST" skipped="0">
  <testcase classname="ZeppelinRental.ActivationAttemptBeforePrecheckSubmission" name="ActivationBeforePrecheckSubmission" time="71.605"/>
  <system-out/>
</testsuite> <!-- ZeppelinRental.ActivationAttemptBeforePrecheckSubmission -->
