<?xml version="1.0" encoding="UTF-8"?>
<!-- Generated by org.testng.reporters.JUnitReportReporter -->
<testsuite hostname="CAOTT-MB630.hitronhub.home" failures="0" tests="1" name="ZeppelinRental.ExtendeRental" time="754.963" errors="0" timestamp="2022-09-28T20:53:47 EDT" skipped="0">
  <testcase classname="ZeppelinRental.ExtendeRental" name="ExtendedRent" time="754.963"/>
  <system-out/>
</testsuite> <!-- ZeppelinRental.ExtendeRental -->
