<?xml version="1.0" encoding="UTF-8"?>
<!-- Generated by org.testng.reporters.JUnitReportReporter -->
<testsuite hostname="CAOTT-MB630-291214.local" failures="0" tests="1" name="ZeppelinRental.ChangeLanguageWhileInApp" time="885.261" errors="0" timestamp="2024-01-26T13:07:15 EST" skipped="0">
  <testcase classname="ZeppelinRental.ChangeLanguageWhileInApp" name="LanguageChangeWhileInApp" time="885.261"/>
  <system-out/>
</testsuite> <!-- ZeppelinRental.ChangeLanguageWhileInApp -->
