<?xml version="1.0" encoding="UTF-8"?>
<!-- Generated by org.testng.reporters.JUnitReportReporter -->
<testsuite hostname="CAOTT-MB630-292659.local" failures="0" tests="1" name="impertoRental.ActivationAttemptBeforePrecheckSubmission" time="325.746" errors="0" timestamp="2025-03-16T22:09:52 EDT" skipped="0">
  <testcase classname="impertoRental.ActivationAttemptBeforePrecheckSubmission" name="ActivationBeforePrecheckSubmission_Reset" time="325.746"/>
  <system-out/>
</testsuite> <!-- impertoRental.ActivationAttemptBeforePrecheckSubmission -->
