<?xml version="1.0" encoding="UTF-8"?>
<!-- Generated by org.testng.reporters.JUnitReportReporter -->
<testsuite hostname="CAOTT-MB630.hitronhub.home" failures="0" tests="1" name="ZeppelinRental.LoginAtemptWithDisabledAirplaneMode" time="138.318" errors="0" timestamp="2022-08-16T11:11:53 EDT" skipped="0">
  <testcase classname="ZeppelinRental.LoginAtemptWithDisabledAirplaneMode" name="AttemptloginWithDisabldAirplaneMode" time="138.318"/>
  <system-out/>
</testsuite> <!-- ZeppelinRental.LoginAtemptWithDisabledAirplaneMode -->
