<?xml version="1.0" encoding="UTF-8"?>
<!-- Generated by org.testng.reporters.JUnitReportReporter -->
<testsuite hostname="CAOTTMB30291214.hitronhub.home" failures="0" tests="1" name="ZeppelinRental.GetHelpWithRental" time="121.169" errors="0" timestamp="2023-08-16T15:36:28 EDT" skipped="0">
  <testcase classname="ZeppelinRental.GetHelpWithRental" name="RentalHelpLink" time="121.169"/>
  <system-out/>
</testsuite> <!-- ZeppelinRental.GetHelpWithRental -->
