<?xml version="1.0" encoding="UTF-8"?>
<!-- Generated by org.testng.reporters.JUnitReportReporter -->
<testsuite hostname="CAOTT-MB630-292659.local" failures="0" tests="1" name="impertoRental.ChangeLanguageWhileInApp" time="328.139" errors="0" timestamp="2025-03-17T20:10:42 EDT" skipped="0">
  <testcase classname="impertoRental.ChangeLanguageWhileInApp" name="LanguageChangeWhileInApp_NoReset" time="328.139"/>
  <system-out/>
</testsuite> <!-- impertoRental.ChangeLanguageWhileInApp -->
