<?xml version="1.0" encoding="UTF-8"?>
<!-- Generated by org.testng.reporters.JUnitReportReporter -->
<testsuite hostname="CAOTTMB30291214.hitronhub.home" failures="0" tests="1" name="ZeppelinRental.LicensePlateTest" time="567.797" errors="0" timestamp="2023-08-16T17:00:02 EDT" skipped="0">
  <testcase classname="ZeppelinRental.LicensePlateTest" name="LicensePlate" time="567.797"/>
  <system-out/>
</testsuite> <!-- ZeppelinRental.LicensePlateTest -->
