<?xml version="1.0" encoding="UTF-8"?>
<!-- Generated by org.testng.reporters.JUnitReportReporter -->
<testsuite hostname="CAOTT-MB630-283402.local" failures="0" tests="1" name="ZeppelinRental.LoginAtemptWithNoWiFi" time="244.569" errors="0" timestamp="2023-05-29T20:21:53 EDT" skipped="0">
  <testcase classname="ZeppelinRental.LoginAtemptWithNoWiFi" name="AttemptloginWithNoWifi" time="244.569"/>
  <system-out/>
</testsuite> <!-- ZeppelinRental.LoginAtemptWithNoWiFi -->
