<?xml version="1.0" encoding="UTF-8"?>
<!-- Generated by org.testng.reporters.JUnitReportReporter -->
<testsuite hostname="CAOTT-MB630.local" failures="0" tests="1" name="ZeppelinRental.CallTabLinkVeificatin" time="87.967" errors="0" timestamp="2022-12-24T18:14:39 EST" skipped="0">
  <testcase classname="ZeppelinRental.CallTabLinkVeificatin" name="CallTabLink" time="87.967"/>
  <system-out/>
</testsuite> <!-- ZeppelinRental.CallTabLinkVeificatin -->
