<?xml version="1.0" encoding="UTF-8"?>
<!-- Generated by org.testng.reporters.JUnitReportReporter -->
<testsuite hostname="CAOTT-MB630.hitronhub.home" failures="0" tests="1" name="ZeppelinRental.MultipleAssetAccess" time="1461.933" errors="0" timestamp="2022-10-07T17:46:12 EDT" skipped="0">
  <testcase classname="ZeppelinRental.MultipleAssetAccess" name="multipleAssetAcccess" time="1461.933"/>
  <system-out/>
</testsuite> <!-- ZeppelinRental.MultipleAssetAccess -->
