<?xml version="1.0" encoding="UTF-8"?>
<!-- Generated by org.testng.reporters.JUnitReportReporter -->
<testsuite hostname="CAOTTMB30291214.hitronhub.home" failures="0" tests="1" name="ZeppelinRental.EquipmentStatusBeforeActivation" time="688.586" errors="0" timestamp="2023-08-16T12:56:33 EDT" skipped="0">
  <testcase classname="ZeppelinRental.EquipmentStatusBeforeActivation" name="statusBeforeActivation" time="688.586"/>
  <system-out/>
</testsuite> <!-- ZeppelinRental.EquipmentStatusBeforeActivation -->
