<?xml version="1.0" encoding="UTF-8"?>
<!-- Generated by org.testng.reporters.JUnitReportReporter -->
<testsuite hostname="CAOTTMB30291214.hitronhub.home" failures="0" tests="1" name="ZeppelinRental.TransitioningOfflineToOnlineOnAvailableforRent" time="716.459" errors="0" timestamp="2023-08-17T12:42:21 EDT" skipped="0">
  <testcase classname="ZeppelinRental.TransitioningOfflineToOnlineOnAvailableforRent" name="offlineOnlineTrasitionOnAvailableforRent" time="716.459"/>
  <system-out/>
</testsuite> <!-- ZeppelinRental.TransitioningOfflineToOnlineOnAvailableforRent -->
