<?xml version="1.0" encoding="UTF-8"?>
<!-- Generated by org.testng.reporters.JUnitReportReporter -->
<testsuite hostname="CAOTT-MB630.local" failures="0" tests="1" name="ZeppelinRental.ScrollUp" time="76.703" errors="0" timestamp="2022-03-11T10:01:30 EST" skipped="0">
  <testcase classname="ZeppelinRental.ScrollUp" name="SetDateDetailiew" time="76.703"/>
  <system-out/>
</testsuite> <!-- ZeppelinRental.ScrollUp -->
