<?xml version="1.0" encoding="UTF-8"?>
<!-- Generated by org.testng.reporters.JUnitReportReporter -->
<testsuite hostname="CAOTT-MB630-292659.local" failures="0" tests="1" name="impertoRental.CallTabLinkVerification" time="82.881" errors="0" timestamp="2025-03-16T22:45:23 EDT" skipped="0">
  <testcase classname="impertoRental.CallTabLinkVerification" name="CallTabLink_Reset" time="82.881"/>
  <system-out/>
</testsuite> <!-- impertoRental.CallTabLinkVerification -->
