<?xml version="1.0" encoding="UTF-8"?>
<!-- Generated by org.testng.reporters.JUnitReportReporter -->
<testsuite hostname="CAOTT-MB630-292659.local" failures="0" tests="1" name="impertoRental.BookingAttemptWithNoWiFi" time="428.751" errors="0" timestamp="2025-03-17T19:59:01 EDT" skipped="0">
  <testcase classname="impertoRental.BookingAttemptWithNoWiFi" name="bookingAttemptWithNoWiFi_NoReset" time="428.751"/>
  <system-out/>
</testsuite> <!-- impertoRental.BookingAttemptWithNoWiFi -->
