<?xml version="1.0" encoding="UTF-8"?>
<!-- Generated by org.testng.reporters.JUnitReportReporter -->
<testsuite hostname="CAOTT-MB630-292659.local" failures="0" tests="1" name="impertoRental.EquipmentNameAssertion" time="331.579" errors="0" timestamp="2025-03-16T23:41:54 EDT" skipped="0">
  <testcase classname="impertoRental.EquipmentNameAssertion" name="equipmentNameAssertion_Reset" time="331.579"/>
  <system-out/>
</testsuite> <!-- impertoRental.EquipmentNameAssertion -->
