<?xml version="1.0" encoding="UTF-8"?>
<!-- Generated by org.testng.reporters.JUnitReportReporter -->
<testsuite hostname="CAOTT-MB630-292659.local" failures="0" tests="1" name="impertoRental.ForgotUserPassword" time="48.277" errors="0" timestamp="2025-03-16T23:14:42 EDT" skipped="0">
  <testcase classname="impertoRental.ForgotUserPassword" name="ForgotUserPass_Reset" time="48.277"/>
  <system-out/>
</testsuite> <!-- impertoRental.ForgotUserPassword -->
