<?xml version="1.0" encoding="UTF-8"?>
<!-- Generated by org.testng.reporters.JUnitReportReporter -->
<testsuite hostname="CAOTT-MB630-283402.local" failures="0" tests="1" name="ZeppelinRental.ViewCatalougeLink" time="79.599" errors="0" timestamp="2023-05-29T23:21:12 EDT" skipped="0">
  <testcase classname="ZeppelinRental.ViewCatalougeLink" name="ViewCatalouge" time="79.599"/>
  <system-out/>
</testsuite> <!-- ZeppelinRental.ViewCatalougeLink -->
