<?xml version="1.0" encoding="UTF-8"?>
<!-- Generated by org.testng.reporters.JUnitReportReporter -->
<testsuite hostname="CAOTT-MB630.hitronhub.home" failures="0" tests="1" name="ZeppelinRental.ConnectionTime" time="604.538" errors="0" timestamp="2022-07-22T13:10:03 EDT" skipped="0">
  <testcase classname="ZeppelinRental.ConnectionTime" name="connectionTime" time="604.538"/>
  <system-out/>
</testsuite> <!-- ZeppelinRental.ConnectionTime -->
