<?xml version="1.0" encoding="UTF-8"?>
<!-- Generated by org.testng.reporters.JUnitReportReporter -->
<testsuite hostname="CAOTTMB30291214.hitronhub.home" failures="0" tests="1" name="ZeppelinRental.GeneralRentTest" time="545.650" errors="0" timestamp="2023-08-17T13:38:08 EDT" skipped="0">
  <testcase classname="ZeppelinRental.GeneralRentTest" name="GeneralRental" time="545.650"/>
  <system-out/>
</testsuite> <!-- ZeppelinRental.GeneralRentTest -->
