<?xml version="1.0" encoding="UTF-8"?>
<!-- Generated by org.testng.reporters.JUnitReportReporter -->
<testsuite hostname="CAOTT-MB630.local" failures="0" tests="1" name="ZeppelinRental.PullDownRefreshAsssetPage" time="104.047" errors="0" timestamp="2022-04-27T08:58:06 EDT" skipped="0">
  <testcase classname="ZeppelinRental.PullDownRefreshAsssetPage" name="RefreshAssetPage" time="104.047"/>
  <system-out/>
</testsuite> <!-- ZeppelinRental.PullDownRefreshAsssetPage -->
