<?xml version="1.0" encoding="UTF-8"?>
<!-- Generated by org.testng.reporters.JUnitReportReporter -->
<testsuite hostname="CAOTT-MB630-292659.local" failures="0" tests="1" name="impertoRental.BookingAttemptWithAirplaneModeEnabled" time="373.812" errors="0" timestamp="2025-03-18T10:38:11 EDT" skipped="0">
  <testcase classname="impertoRental.BookingAttemptWithAirplaneModeEnabled" name="bookingAttemptWithEnabledAirplaneMode_NoReset" time="373.812"/>
  <system-out/>
</testsuite> <!-- impertoRental.BookingAttemptWithAirplaneModeEnabled -->
