<?xml version="1.0" encoding="UTF-8"?>
<!-- Generated by org.testng.reporters.JUnitReportReporter -->
<testsuite hostname="CAOTT-MB630.local" failures="0" tests="1" name="ZeppelinRental.ForgotUsePass" time="41.942" errors="0" timestamp="2022-04-23T19:41:41 EDT" skipped="0">
  <testcase classname="ZeppelinRental.ForgotUsePass" name="ForgotUserPassword" time="41.942"/>
  <system-out/>
</testsuite> <!-- ZeppelinRental.ForgotUsePass -->
