<?xml version="1.0" encoding="UTF-8"?>
<!-- Generated by org.testng.reporters.JUnitReportReporter -->
<testsuite skipped="0" hostname="CAOTT-MB630.local" name="ZeppelinRental.GeneralRentTest" tests="1" failures="0" timestamp="2022-02-25T12:21:41 EST" time="430.729" errors="0">
  <testcase name="GeneralRental" time="430.729" classname="ZeppelinRental.GeneralRentTest"/>
  <system-out/>
</testsuite> <!-- ZeppelinRental.GeneralRentTest -->
